[Sun Dec 04 20:34:20 2005] [notice] jk2_init() Found child 2006 in scoreboard slot 9
[Sun Dec 04 20:34:21 2005] [notice] jk2_init() Found child 2008 in scoreboard slot 6
[Sun Dec 04 20:34:25 2005] [notice] workerEnv.init() ok /etc/httpd/conf/workers2.properties
[Sun Dec 04 20:34:25 2005] [error] mod_jk child workerEnv in error state 7
[Sun Dec 04 20:34:25 2005] [notice] workerEnv.init() ok /etc/httpd/conf/workers2.properties
[Sun Dec 04 20:34:25 2005] [error] mod_jk child workerEnv in error state 9
[Sun Dec 04 20:34:25 2005] [notice] workerEnv.init() ok /etc/httpd/conf/workers2.properties
[Sun Dec 04 20:34:25 2005] [error] mod_jk child workerEnv in error state 7
[Sun Dec 04 20:37:29 2005] [notice] jk2_init() Found child 2028 in scoreboard slot 9
[Sun Dec 04 20:37:29 2005] [notice] jk2_init() Found child 2027 in scoreboard slot 7
[Sun Dec 04 20:37:29 2005] [notice] jk2_init() Found child 2029 in scoreboard slot 8
[Sun Dec 04 20:37:46 2005] [notice] workerEnv.init() ok /etc/httpd/conf/workers2.properties
[Sun Dec 04 20:37:46 2005] [notice] workerEnv.init() ok /etc/httpd/conf/workers2.properties
[Sun Dec 04 20:37:49 2005] [error] mod_jk child workerEnv in error state 6
[Sun Dec 04 20:37:49 2005] [error] mod_jk child workerEnv in error state 6
[Sun Dec 04 20:38:10 2005] [notice] jk2_init() Found child 2030 in scoreboard slot 6
[Sun Dec 04 20:38:10 2005] [notice] jk2_init() Found child 2031 in scoreboard slot 7
[Sun Dec 04 20:38:11 2005] [notice] jk2_init() Found child 2032 in scoreboard slot 9
[Sun Dec 04 20:38:14 2005] [notice] workerEnv.init() ok /etc/httpd/conf/workers2.properties
[Sun Dec 04 20:38:14 2005] [notice] workerEnv.init() ok /etc/httpd/conf/workers2.properties
[Sun Dec 04 20:38:14 2005] [notice] workerEnv.init() ok /etc/httpd/conf/workers2.properties
[Sun Dec 04 20:38:14 2005] [error] mod_jk child workerEnv in error state 6
[Sun Dec 04 20:38:14 2005] [error] mod_jk child workerEnv in error state 6
[Sun Dec 04 20:38:14 2005] [error] mod_jk child workerEnv in error state 7
[Sun Dec 04 20:41:12 2005] [notice] jk2_init() Found child 2042 in scoreboard slot 8
[Sun Dec 04 20:41:47 2005] [notice] jk2_init() Found child 2045 in scoreboard slot 9
[Sun Dec 04 20:42:42 2005] [notice] jk2_init() Found child 2051 in scoreboard slot 8
[Sun Dec 04 20:44:29 2005] [notice] jk2_init() Found child 2059 in scoreboard slot 7
[Sun Dec 04 20:44:29 2005] [notice] jk2_init() Found child 2060 in scoreboard slot 9
[Sun Dec 04 20:44:30 2005] [notice] jk2_init() Found child 2061 in scoreboard slot 8
[Sun Dec 04 20:47:16 2005] [notice] jk2_init() Found child 2081 in scoreboard slot 6
[Sun Dec 04 20:47:16 2005] [error] jk2_init() Can't find child 2082 in scoreboard
[Sun Dec 04 20:47:16 2005] [notice] jk2_init() Found child 2083 in scoreboard slot 8
[Sun Dec 04 20:47:16 2005] [notice] workerEnv.init() ok /etc/httpd/conf/workers2.properties
[Sun Dec 04 20:47:16 2005] [error] mod_jk child workerEnv in error state 6
[Sun Dec 04 20:47:16 2005] [notice] workerEnv.init() ok /etc/httpd/conf/workers2.properties
[Sun Dec 04 20:47:16 2005] [error] mod_jk child init 1 -2
[Sun Dec 04 20:47:16 2005] [notice] workerEnv.init() ok /etc/httpd/conf/workers2.properties
[Sun Dec 04 20:47:16 2005] [error] mod_jk child workerEnv in error state 9
[Sun Dec 04 20:47:17 2005] [error] jk2_init() Can't find child 2085 in scoreboard
[Sun Dec 04 20:47:17 2005] [notice] workerEnv.init() ok /etc/httpd/conf/workers2.properties
[Sun Dec 04 20:47:17 2005] [error] mod_jk child init 1 -2
[Sun Dec 04 20:47:17 2005] [error] jk2_init() Can't find child 2086 in scoreboard
[Sun Dec 04 20:47:17 2005] [notice] workerEnv.init() ok /etc/httpd/conf/workers2.properties
[Sun Dec 04 20:47:17 2005] [error] mod_jk child init 1 -2
[Sun Dec 04 20:47:17 2005] [error] jk2_init() Can't find child 2087 in scoreboard
[Sun Dec 04 20:47:17 2005] [notice] jk2_init() Found child 2084 in scoreboard slot 9
[Sun Dec 04 20:47:17 2005] [notice] workerEnv.init() ok /etc/httpd/conf/workers2.properties
[Sun Dec 04 20:47:17 2005] [error] mod_jk child workerEnv in error state 7
[Sun Dec 04 20:47:17 2005] [notice] workerEnv.init() ok /etc/httpd/conf/workers2.properties
[Sun Dec 04 20:47:17 2005] [error] mod_jk child init 1 -2
[Mon Dec 05 01:04:31 2005] [error] [client 218.62.18.218] Directory index forbidden by rule: /var/www/html/
[Mon Dec 05 01:30:32 2005] [error] [client 211.62.201.48] Directory index forbidden by rule: /var/www/html/
[Mon Dec 05 03:21:00 2005] [notice] jk2_init() Found child 2760 in scoreboard slot 6
[Mon Dec 05 03:21:02 2005] [notice] workerEnv.init() ok /etc/httpd/conf/workers2.properties
[Mon Dec 05 03:21:02 2005] [error] mod_jk child workerEnv in error state 6
[Mon Dec 05 03:23:21 2005] [notice] jk2_init() Found child 2763 in scoreboard slot 7
[Mon Dec 05 03:23:24 2005] [notice] workerEnv.init() ok /etc/httpd/conf/workers2.properties
[Mon Dec 05 03:23:24 2005] [error] mod_jk child workerEnv in error state 6
[Mon Dec 05 03:23:24 2005] [error] [client 218.207.61.7] Directory index forbidden by rule: /var/www/html/
[Mon Dec 05 03:25:44 2005] [notice] jk2_init() Found child 2773 in scoreboard slot 6
[Mon Dec 05 03:25:46 2005] [notice] workerEnv.init() ok /etc/httpd/conf/workers2.properties
[Mon Dec 05 03:25:46 2005] [error] mod_jk child workerEnv in error state 6
[Mon Dec 05 03:36:51 2005] [notice] jk2_init() Found child 2813 in scoreboard slot 7
[Mon Dec 05 03:36:51 2005] [notice] jk2_init() Found child 2815 in scoreboard slot 8
[Mon Dec 05 03:36:51 2005] [notice] jk2_init() Found child 2812 in scoreboard slot 6
[Mon Dec 05 03:36:51 2005] [notice] jk2_init() Found child 2811 in scoreboard slot 9
[Mon Dec 05 03:36:57 2005] [notice] workerEnv.init() ok /etc/httpd/conf/workers2.properties
[Mon Dec 05 03:36:57 2005] [notice] workerEnv.init() ok /etc/httpd/conf/workers2.properties
[Mon Dec 05 03:36:57 2005] [notice] workerEnv.init() ok /etc/httpd/conf/workers2.properties
[Mon Dec 05 03:36:57 2005] [notice] workerEnv.init() ok /etc/httpd/conf/workers2.properties
[Mon Dec 05 03:36:57 2005] [error] mod_jk child workerEnv in error state 6
[Mon Dec 05 03:36:57 2005] [error] mod_jk child workerEnv in error state 6
[Mon Dec 05 03:36:57 2005] [error] mod_jk child workerEnv in error state 6
[Mon Dec 05 03:36:57 2005] [error] mod_jk child workerEnv in error state 6
[Mon Dec 05 03:40:46 2005] [notice] jk2_init() Found child 2823 in scoreboard slot 9
[Mon Dec 05 03:40:55 2005] [notice] workerEnv.init() ok /etc/httpd/conf/workers2.properties
[Mon Dec 05 03:40:55 2005] [error] mod_jk child workerEnv in error state 6
[Mon Dec 05 03:44:50 2005] [notice] jk2_init() Found child 2824 in scoreboard slot 10
[Mon Dec 05 03:44:50 2005] [error] [client 168.20.198.21] Directory index forbidden by rule: /var/www/html/
[Mon Dec 05 03:44:50 2005] [notice] workerEnv.init() ok /etc/httpd/conf/workers2.properties
[Mon Dec 05 03:44:50 2005] [error] mod_jk child workerEnv in error state 6
[Mon Dec 05 03:46:38 2005] [notice] jk2_init() Found child 2838 in scoreboard slot 10
[Mon Dec 05 03:46:38 2005] [notice] jk2_init() Found child 2836 in scoreboard slot 9
[Mon Dec 05 03:46:38 2005] [notice] jk2_init() Found child 2837 in scoreboard slot 6
[Mon Dec 05 03:46:50 2005] [notice] workerEnv.init() ok /etc/httpd/conf/workers2.properties
[Mon Dec 05 03:47:02 2005] [notice] workerEnv.init() ok /etc/httpd/conf/workers2.properties
[Mon Dec 05 03:47:19 2005] [notice] jk2_init() Found child 2840 in scoreboard slot 8
[Mon Dec 05 03:47:19 2005] [notice] jk2_init() Found child 2841 in scoreboard slot 6
[Mon Dec 05 03:47:19 2005] [notice] jk2_init() Found child 2842 in scoreboard slot 9
[Mon Dec 05 03:47:53 2005] [notice] jk2_init() Found child 2846 in scoreboard slot 9
[Mon Dec 05 03:47:53 2005] [notice] jk2_init() Found child 2843 in scoreboard slot 7
[Mon Dec 05 03:47:53 2005] [notice] jk2_init() Found child 2844 in scoreboard slot 8
[Mon Dec 05 03:47:53 2005] [notice] jk2_init() Found child 2845 in scoreboard slot 6
[Mon Dec 05 03:47:54 2005] [notice] workerEnv.init() ok /etc/httpd/conf/workers2.properties
[Mon Dec 05 03:47:54 2005] [error] mod_jk child workerEnv in error state 8
[Mon Dec 05 03:47:54 2005] [notice] workerEnv.init() ok /etc/httpd/conf/workers2.properties
[Mon Dec 05 03:47:54 2005] [error] mod_jk child workerEnv in error state 8
[Mon Dec 05 03:47:54 2005] [notice] workerEnv.init() ok /etc/httpd/conf/workers2.properties
[Mon Dec 05 03:47:54 2005] [error] mod_jk child workerEnv in error state 7
[Mon Dec 05 03:47:54 2005] [notice] workerEnv.init() ok /etc/httpd/conf/workers2.properties
[Mon Dec 05 03:47:54 2005] [error] mod_jk child workerEnv in error state 6
[Mon Dec 05 03:50:49 2005] [notice] jk2_init() Found child 2857 in scoreboard slot 9
[Mon Dec 05 03:50:50 2005] [notice] jk2_init() Found child 2854 in scoreboard slot 7
[Mon Dec 05 03:50:49 2005] [notice] jk2_init() Found child 2855 in scoreboard slot 8
[Mon Dec 05 03:50:49 2005] [notice] jk2_init() Found child 2856 in scoreboard slot 6
[Mon Dec 05 03:50:59 2005] [notice] workerEnv.init() ok /etc/httpd/conf/workers2.properties
[Mon Dec 05 03:50:59 2005] [notice] workerEnv.init() ok /etc/httpd/conf/workers2.properties
[Mon Dec 05 03:50:59 2005] [notice] workerEnv.init() ok /etc/httpd/conf/workers2.properties
[Mon Dec 05 03:50:59 2005] [notice] workerEnv.init() ok /etc/httpd/conf/workers2.properties
[Mon Dec 05 03:50:59 2005] [error] mod_jk child workerEnv in error state 6
[Mon Dec 05 03:50:59 2005] [error] mod_jk child workerEnv in error state 6
[Mon Dec 05 03:50:59 2005] [error] mod_jk child workerEnv in error state 6
[Mon Dec 05 03:50:59 2005] [error] mod_jk child workerEnv in error state 6
[Mon Dec 05 03:56:12 2005] [notice] jk2_init() Found child 2866 in scoreboard slot 7
[Mon Dec 05 03:56:12 2005] [notice] jk2_init() Found child 2867 in scoreboard slot 8
[Mon Dec 05 03:56:12 2005] [notice] jk2_init() Found child 2865 in scoreboard slot 9
[Mon Dec 05 03:56:12 2005] [notice] jk2_init() Found child 2864 in scoreboard slot 6
[Mon Dec 05 03:56:15 2005] [notice] workerEnv.init() ok /etc/httpd/conf/workers2.properties
[Mon Dec 05 03:56:15 2005] [error] mod_jk child workerEnv in error state 6
[Mon Dec 05 03:56:15 2005] [notice] workerEnv.init() ok /etc/httpd/conf/workers2.properties
[Mon Dec 05 03:56:15 2005] [error] mod_jk child workerEnv in error state 6
[Mon Dec 05 03:56:15 2005] [notice] workerEnv.init() ok /etc/httpd/conf/workers2.properties
[Mon Dec 05 03:56:15 2005] [error] mod_jk child workerEnv in error state 6
[Mon Dec 05 03:56:15 2005] [notice] workerEnv.init() ok /etc/httpd/conf/workers2.properties
[Mon Dec 05 03:56:15 2005] [error] mod_jk child workerEnv in error state 6
[Mon Dec 05 04:00:55 2005] [notice] jk2_init() Found child 2877 in scoreboard slot 10
[Mon Dec 05 04:01:18 2005] [notice] jk2_init() Found child 2883 in scoreboard slot 9
[Mon Dec 05 04:01:18 2005] [notice] jk2_init() Found child 2878 in scoreboard slot 7
[Mon Dec 05 04:01:18 2005] [notice] jk2_init() Found child 2880 in scoreboard slot 8
[Mon Dec 05 04:01:18 2005] [notice] jk2_init() Found child 2879 in scoreboard slot 6
[Mon Dec 05 04:01:23 2005] [notice] workerEnv.init() ok /etc/httpd/conf/workers2.properties
[Mon Dec 05 04:01:23 2005] [error] mod_jk child workerEnv in error state 6
[Mon Dec 05 04:01:23 2005] [notice] workerEnv.init() ok /etc/httpd/conf/workers2.properties
[Mon Dec 05 04:01:23 2005] [error] mod_jk child workerEnv in error state 6
[Mon Dec 05 04:01:23 2005] [notice] workerEnv.init() ok /etc/httpd/conf/workers2.properties
[Mon Dec 05 04:01:23 2005] [error] mod_jk child workerEnv in error state 6
[Mon Dec 05 04:01:23 2005] [notice] workerEnv.init() ok /etc/httpd/conf/workers2.properties
[Mon Dec 05 04:01:23 2005] [error] mod_jk child workerEnv in error state 6
[Mon Dec 05 04:06:19 2005] [notice] jk2_init() Found child 3667 in scoreboard slot 7
[Mon Dec 05 04:06:19 2005] [notice] jk2_init() Found child 3669 in scoreboard slot 6
[Mon Dec 05 04:06:27 2005] [notice] jk2_init() Found child 3670 in scoreboard slot 8
[Mon Dec 05 04:06:43 2005] [notice] workerEnv.init() ok /etc/httpd/conf/workers2.properties
[Mon Dec 05 04:06:43 2005] [notice] workerEnv.init() ok /etc/httpd/conf/workers2.properties
[Mon Dec 05 04:06:45 2005] [error] mod_jk child workerEnv in error state 6
[Mon Dec 05 04:06:45 2005] [error] mod_jk child workerEnv in error state 6
[Mon Dec 05 04:07:23 2005] [notice] jk2_init() Found child 3672 in scoreboard slot 7
[Mon Dec 05 04:07:37 2005] [notice] jk2_init() Found child 3673 in scoreboard slot 6
[Mon Dec 05 04:07:48 2005] [notice] jk2_init() Found child 3675 in scoreboard slot 9
[Mon Dec 05 04:07:48 2005] [notice] jk2_init() Found child 3674 in scoreboard slot 8
[Mon Dec 05 04:08:37 2005] [notice] jk2_init() Found child 3678 in scoreboard slot 8
[Mon Dec 05 04:08:37 2005] [notice] jk2_init() Found child 3681 in scoreboard slot 6
[Mon Dec 05 04:08:37 2005] [notice] jk2_init() Found child 3679 in scoreboard slot 9
[Mon Dec 05 04:08:37 2005] [notice] jk2_init() Found child 3680 in scoreboard slot 7
[Mon Dec 05 04:08:57 2005] [notice] workerEnv.init() ok /etc/httpd/conf/workers2.properties
[Mon Dec 05 04:09:32 2005] [notice] jk2_init() Found child 3685 in scoreboard slot 6
[Mon Dec 05 04:10:47 2005] [notice] jk2_init() Found child 3698 in scoreboard slot 9
[Mon Dec 05 04:10:47 2005] [notice] jk2_init() Found child 3690 in scoreboard slot 6
[Mon Dec 05 04:10:47 2005] [notice] jk2_init() Found child 3691 in scoreboard slot 8
[Mon Dec 05 04:13:54 2005] [notice] jk2_init() Found child 3744 in scoreboard slot 6
[Mon Dec 05 04:13:54 2005] [notice] jk2_init() Found child 3747 in scoreboard slot 8
[Mon Dec 05 04:13:54 2005] [notice] jk2_init() Found child 3754 in scoreboard slot 12
[Mon Dec 05 04:13:54 2005] [notice] jk2_init() Found child 3755 in scoreboard slot 13
[Mon Dec 05 04:13:54 2005] [notice] jk2_init() Found child 3753 in scoreboard slot 10
[Mon Dec 05 04:13:54 2005] [notice] jk2_init() Found child 3752 in scoreboard slot 9
[Mon Dec 05 04:13:54 2005] [notice] jk2_init() Found child 3746 in scoreboard slot 7
[Mon Dec 05 04:14:00 2005] [notice] workerEnv.init() ok /etc/httpd/conf/workers2.properties
[Mon Dec 05 04:14:00 2005] [notice] workerEnv.init() ok /etc/httpd/conf/workers2.properties
[Mon Dec 05 04:14:00 2005] [error] mod_jk child workerEnv in error state 9
[Mon Dec 05 04:14:00 2005] [notice] workerEnv.init() ok /etc/httpd/conf/workers2.properties
[Mon Dec 05 04:14:00 2005] [error] mod_jk child workerEnv in error state 8
[Mon Dec 05 04:14:00 2005] [notice] workerEnv.init() ok /etc/httpd/conf/workers2.properties
[Mon Dec 05 04:14:00 2005] [error] mod_jk child workerEnv in error state 6
[Mon Dec 05 04:14:00 2005] [notice] workerEnv.init() ok /etc/httpd/conf/workers2.properties
[Mon Dec 05 04:14:00 2005] [error] mod_jk child workerEnv in error state 9
[Mon Dec 05 04:14:00 2005] [notice] workerEnv.init() ok /etc/httpd/conf/workers2.properties
[Mon Dec 05 04:14:00 2005] [error] mod_jk child workerEnv in error state 6
[Mon Dec 05 04:14:00 2005] [notice] workerEnv.init() ok /etc/httpd/conf/workers2.properties
[Mon Dec 05 04:14:00 2005] [error] mod_jk child workerEnv in error state 10
[Mon Dec 05 04:14:00 2005] [error] mod_jk child workerEnv in error state 9
[Mon Dec 05 05:06:42 2005] [notice] jk2_init() Found child 4596 in scoreboard slot 8
[Mon Dec 05 05:06:42 2005] [notice] jk2_init() Found child 4595 in scoreboard slot 7
[Mon Dec 05 05:06:42 2005] [notice] jk2_init() Found child 4594 in scoreboard slot 6
[Mon Dec 05 05:06:47 2005] [notice] workerEnv.init() ok /etc/httpd/conf/workers2.properties
[Mon Dec 05 05:06:47 2005] [notice] workerEnv.init() ok /etc/httpd/conf/workers2.properties
[Mon Dec 05 05:06:47 2005] [notice] workerEnv.init() ok /etc/httpd/conf/workers2.properties
[Mon Dec 05 05:06:47 2005] [error] mod_jk child workerEnv in error state 6
[Mon Dec 05 05:06:47 2005] [error] mod_jk child workerEnv in error state 6
[Mon Dec 05 05:06:47 2005] [error] mod_jk child workerEnv in error state 6
[Mon Dec 05 05:11:04 2005] [notice] jk2_init() Found child 4609 in scoreboard slot 7
[Mon Dec 05 05:11:04 2005] [notice] jk2_init() Found child 4608 in scoreboard slot 6
[Mon Dec 05 05:11:34 2005] [notice] jk2_init() Found child 4611 in scoreboard slot 9
[Mon Dec 05 05:11:54 2005] [notice] jk2_init() Found child 4613 in scoreboard slot 7
[Mon Dec 05 05:11:54 2005] [notice] jk2_init() Found child 4612 in scoreboard slot 6
[Mon Dec 05 05:12:32 2005] [notice] jk2_init() Found child 4615 in scoreboard slot 9
[Mon Dec 05 05:12:56 2005] [notice] jk2_init() Found child 4616 in scoreboard slot 6
[Mon Dec 05 05:12:56 2005] [notice] jk2_init() Found child 4617 in scoreboard slot 7
[Mon Dec 05 05:12:56 2005] [notice] jk2_init() Found child 4618 in scoreboard slot 8
[Mon Dec 05 05:15:29 2005] [notice] jk2_init() Found child 4634 in scoreboard slot 6
[Mon Dec 05 05:15:29 2005] [notice] jk2_init() Found child 4637 in scoreboard slot 7
[Mon Dec 05 05:15:29 2005] [notice] jk2_init() Found child 4631 in scoreboard slot 9
[Mon Dec 05 05:15:29 2005] [notice] jk2_init() Found child 4630 in scoreboard slot 8
[Mon Dec 05 05:15:33 2005] [notice] workerEnv.init() ok /etc/httpd/conf/workers2.properties
[Mon Dec 05 05:15:33 2005] [error] mod_jk child workerEnv in error state 9
[Mon Dec 05 05:15:33 2005] [notice] workerEnv.init() ok /etc/httpd/conf/workers2.properties
[Mon Dec 05 05:15:33 2005] [error] mod_jk child workerEnv in error state 9
[Mon Dec 05 05:15:33 2005] [notice] workerEnv.init() ok /etc/httpd/conf/workers2.properties
[Mon Dec 05 05:15:33 2005] [error] mod_jk child workerEnv in error state 7
[Mon Dec 05 05:15:33 2005] [notice] workerEnv.init() ok /etc/httpd/conf/workers2.properties
[Mon Dec 05 05:15:33 2005] [error] mod_jk child workerEnv in error state 8
[Mon Dec 05 06:35:27 2005] [notice] jk2_init() Found child 4820 in scoreboard slot 8
[Mon Dec 05 06:35:27 2005] [notice] workerEnv.init() ok /etc/httpd/conf/workers2.properties
[Mon Dec 05 06:35:27 2005] [error] mod_jk child workerEnv in error state 6
[Mon Dec 05 06:36:58 2005] [notice] jk2_init() Found child 4821 in scoreboard slot 10
[Mon Dec 05 06:36:58 2005] [notice] workerEnv.init() ok /etc/httpd/conf/workers2.properties
[Mon Dec 05 06:36:58 2005] [error] mod_jk child workerEnv in error state 6
[Mon Dec 05 06:36:59 2005] [error] [client 221.232.178.24] Directory index forbidden by rule: /var/www/html/
[Mon Dec 05 07:16:00 2005] [notice] jk2_init() Found child 4893 in scoreboard slot 7
[Mon Dec 05 07:16:00 2005] [notice] jk2_init() Found child 4892 in scoreboard slot 6
[Mon Dec 05 07:16:03 2005] [notice] workerEnv.init() ok /etc/httpd/conf/workers2.properties
[Mon Dec 05 07:16:03 2005] [error] mod_jk child workerEnv in error state 6
[Mon Dec 05 07:16:03 2005] [notice] workerEnv.init() ok /etc/httpd/conf/workers2.properties
[Mon Dec 05 07:16:03 2005] [error] mod_jk child workerEnv in error state 6
[Mon Dec 05 07:21:03 2005] [notice] jk2_init() Found child 4907 in scoreboard slot 6
[Mon Dec 05 07:21:02 2005] [notice] jk2_init() Found child 4906 in scoreboard slot 9
[Mon Dec 05 07:21:02 2005] [notice] jk2_init() Found child 4905 in scoreboard slot 8
[Mon Dec 05 07:21:09 2005] [notice] workerEnv.init() ok /etc/httpd/conf/workers2.properties
[Mon Dec 05 07:21:09 2005] [notice] workerEnv.init() ok /etc/httpd/conf/workers2.properties
[Mon Dec 05 07:21:09 2005] [error] mod_jk child workerEnv in error state 6
[Mon Dec 05 07:21:09 2005] [error] mod_jk child workerEnv in error state 6
[Mon Dec 05 07:21:09 2005] [notice] workerEnv.init() ok /etc/httpd/conf/workers2.properties
[Mon Dec 05 07:21:09 2005] [error] mod_jk child workerEnv in error state 6
[Mon Dec 05 07:25:55 2005] [notice] jk2_init() Found child 4916 in scoreboard slot 8
[Mon Dec 05 07:25:55 2005] [notice] jk2_init() Found child 4917 in scoreboard slot 9
[Mon Dec 05 07:25:55 2005] [notice] jk2_init() Found child 4915 in scoreboard slot 7
[Mon Dec 05 07:25:59 2005] [notice] workerEnv.init() ok /etc/httpd/conf/workers2.properties
[Mon Dec 05 07:25:59 2005] [notice] workerEnv.init() ok /etc/httpd/conf/workers2.properties
[Mon Dec 05 07:25:59 2005] [notice] workerEnv.init() ok /etc/httpd/conf/workers2.properties
[Mon Dec 05 07:26:00 2005] [error] mod_jk child workerEnv in error state 6
[Mon Dec 05 07:26:00 2005] [error] mod_jk child workerEnv in error state 6
[Mon Dec 05 07:26:00 2005] [error] mod_jk child workerEnv in error state 6
[Mon Dec 05 07:31:22 2005] [notice] jk2_init() Found child 4932 in scoreboard slot 6
[Mon Dec 05 07:32:03 2005] [notice] jk2_init() Found child 4938 in scoreboard slot 8
[Mon Dec 05 07:32:03 2005] [notice] jk2_init() Found child 4935 in scoreboard slot 9
[Mon Dec 05 07:32:03 2005] [notice] jk2_init() Found child 4936 in scoreboard slot 6
[Mon Dec 05 07:32:03 2005] [notice] jk2_init() Found child 4937 in scoreboard slot 7
[Mon Dec 05 07:32:06 2005] [notice] workerEnv.init() ok /etc/httpd/conf/workers2.properties
[Mon Dec 05 07:32:06 2005] [error] mod_jk child workerEnv in error state 6
[Mon Dec 05 07:32:06 2005] [notice] workerEnv.init() ok /etc/httpd/conf/workers2.properties
[Mon Dec 05 07:32:06 2005] [error] mod_jk child workerEnv in error state 6
[Mon Dec 05 07:32:06 2005] [notice] workerEnv.init() ok /etc/httpd/conf/workers2.properties
[Mon Dec 05 07:32:06 2005] [error] mod_jk child workerEnv in error state 6
[Mon Dec 05 07:32:06 2005] [notice] workerEnv.init() ok /etc/httpd/conf/workers2.properties
[Mon Dec 05 07:32:06 2005] [error] mod_jk child workerEnv in error state 6
[Mon Dec 05 07:36:19 2005] [notice] jk2_init() Found child 4950 in scoreboard slot 7
[Mon Dec 05 07:37:47 2005] [notice] jk2_init() Found child 4961 in scoreboard slot 6
[Mon Dec 05 07:37:48 2005] [notice] jk2_init() Found child 4962 in scoreboard slot 7
[Mon Dec 05 07:37:48 2005] [notice] jk2_init() Found child 4960 in scoreboard slot 9
[Mon Dec 05 07:37:48 2005] [notice] jk2_init() Found child 4959 in scoreboard slot 8
[Mon Dec 05 07:37:58 2005] [notice] workerEnv.init() ok /etc/httpd/conf/workers2.properties
[Mon Dec 05 07:37:58 2005] [notice] workerEnv.init() ok /etc/httpd/conf/workers2.properties
[Mon Dec 05 07:37:58 2005] [notice] workerEnv.init() ok /etc/httpd/conf/workers2.properties
[Mon Dec 05 07:37:58 2005] [notice] workerEnv.init() ok /etc/httpd/conf/workers2.properties
[Mon Dec 05 07:37:58 2005] [error] mod_jk child workerEnv in error state 6
[Mon Dec 05 07:37:58 2005] [error] mod_jk child workerEnv in error state 6
[Mon Dec 05 07:37:58 2005] [error] mod_jk child workerEnv in error state 6
[Mon Dec 05 07:37:58 2005] [error] mod_jk child workerEnv in error state 6
[Mon Dec 05 07:41:07 2005] [notice] jk2_init() Found child 4974 in scoreboard slot 9
[Mon Dec 05 07:41:35 2005] [notice] jk2_init() Found child 4975 in scoreboard slot 6
[Mon Dec 05 07:41:50 2005] [notice] jk2_init() Found child 4977 in scoreboard slot 8
[Mon Dec 05 07:41:50 2005] [notice] jk2_init() Found child 4976 in scoreboard slot 7
[Mon Dec 05 07:43:07 2005] [notice] jk2_init() Found child 4984 in scoreboard slot 7
[Mon Dec 05 07:43:08 2005] [notice] jk2_init() Found child 4985 in scoreboard slot 10
[Mon Dec 05 07:43:07 2005] [notice] jk2_init() Found child 4983 in scoreboard slot 6
[Mon Dec 05 07:43:15 2005] [notice] workerEnv.init() ok /etc/httpd/conf/workers2.properties
[Mon Dec 05 07:43:16 2005] [error] mod_jk child workerEnv in error state 7
[Mon Dec 05 07:43:15 2005] [notice] workerEnv.init() ok /etc/httpd/conf/workers2.properties
[Mon Dec 05 07:43:16 2005] [error] mod_jk child workerEnv in error state 7
[Mon Dec 05 07:43:15 2005] [notice] workerEnv.init() ok /etc/httpd/conf/workers2.properties
[Mon Dec 05 07:43:16 2005] [error] mod_jk child workerEnv in error state 6
[Mon Dec 05 07:43:19 2005] [notice] jk2_init() Found child 4986 in scoreboard slot 8
[Mon Dec 05 07:43:19 2005] [notice] workerEnv.init() ok /etc/httpd/conf/workers2.properties
[Mon Dec 05 07:43:19 2005] [error] mod_jk child workerEnv in error state 7
[Mon Dec 05 07:46:01 2005] [notice] jk2_init() Found child 4991 in scoreboard slot 6
[Mon Dec 05 07:46:01 2005] [notice] jk2_init() Found child 4992 in scoreboard slot 7
[Mon Dec 05 07:46:46 2005] [notice] jk2_init() Found child 4996 in scoreboard slot 7
[Mon Dec 05 07:46:46 2005] [notice] jk2_init() Found child 4995 in scoreboard slot 6
[Mon Dec 05 07:47:13 2005] [notice] jk2_init() Found child 4998 in scoreboard slot 8
[Mon Dec 05 07:47:13 2005] [notice] jk2_init() Found child 4999 in scoreboard slot 6
[Mon Dec 05 07:47:21 2005] [notice] workerEnv.init() ok /etc/httpd/conf/workers2.properties
[Mon Dec 05 07:47:21 2005] [notice] workerEnv.init() ok /etc/httpd/conf/workers2.properties
[Mon Dec 05 07:47:21 2005] [notice] jk2_init() Found child 5000 in scoreboard slot 7
[Mon Dec 05 07:47:22 2005] [error] mod_jk child workerEnv in error state 8
[Mon Dec 05 07:47:21 2005] [notice] jk2_init() Found child 5001 in scoreboard slot 9
[Mon Dec 05 07:47:23 2005] [error] mod_jk child workerEnv in error state 6
[Mon Dec 05 07:47:36 2005] [notice] workerEnv.init() ok /etc/httpd/conf/workers2.properties
[Mon Dec 05 07:47:36 2005] [notice] workerEnv.init() ok /etc/httpd/conf/workers2.properties
[Mon Dec 05 07:47:40 2005] [error] mod_jk child workerEnv in error state 7
[Mon Dec 05 07:47:40 2005] [error] mod_jk child workerEnv in error state 8
[Mon Dec 05 07:48:04 2005] [notice] jk2_init() Found child 5002 in scoreboard slot 8
[Mon Dec 05 07:48:04 2005] [notice] jk2_init() Found child 5003 in scoreboard slot 6
[Mon Dec 05 07:48:46 2005] [notice] jk2_init() Found child 5005 in scoreboard slot 9
[Mon Dec 05 07:48:46 2005] [notice] jk2_init() Found child 5006 in scoreboard slot 8
[Mon Dec 05 07:48:55 2005] [notice] workerEnv.init() ok /etc/httpd/conf/workers2.properties
[Mon Dec 05 07:48:55 2005] [notice] workerEnv.init() ok /etc/httpd/conf/workers2.properties
[Mon Dec 05 07:48:55 2005] [error] mod_jk child workerEnv in error state 6
[Mon Dec 05 07:48:55 2005] [error] mod_jk child workerEnv in error state 7
[Mon Dec 05 07:48:56 2005] [notice] jk2_init() Found child 5007 in scoreboard slot 6
[Mon Dec 05 07:48:56 2005] [notice] jk2_init() Found child 5008 in scoreboard slot 7
[Mon Dec 05 07:48:56 2005] [notice] workerEnv.init() ok /etc/httpd/conf/workers2.properties
[Mon Dec 05 07:48:56 2005] [error] mod_jk child workerEnv in error state 6
[Mon Dec 05 07:48:56 2005] [notice] workerEnv.init() ok /etc/httpd/conf/workers2.properties
[Mon Dec 05 07:48:56 2005] [error] mod_jk child workerEnv in error state 7
[Mon Dec 05 07:50:54 2005] [notice] jk2_init() Found child 5017 in scoreboard slot 8
[Mon Dec 05 07:50:54 2005] [notice] jk2_init() Found child 5016 in scoreboard slot 9
[Mon Dec 05 07:51:22 2005] [notice] jk2_init() Found child 5018 in scoreboard slot 6
[Mon Dec 05 07:51:20 2005] [notice] workerEnv.init() ok /etc/httpd/conf/workers2.properties
[Mon Dec 05 07:51:23 2005] [error] mod_jk child workerEnv in error state 6
[Mon Dec 05 07:51:39 2005] [notice] jk2_init() Found child 5020 in scoreboard slot 9
[Mon Dec 05 07:51:39 2005] [notice] jk2_init() Found child 5019 in scoreboard slot 7
[Mon Dec 05 07:51:56 2005] [notice] workerEnv.init() ok /etc/httpd/conf/workers2.properties
[Mon Dec 05 07:51:56 2005] [notice] workerEnv.init() ok /etc/httpd/conf/workers2.properties
[Mon Dec 05 07:52:02 2005] [error] mod_jk child workerEnv in error state 6
[Mon Dec 05 07:52:02 2005] [error] mod_jk child workerEnv in error state 7
[Mon Dec 05 07:52:29 2005] [notice] jk2_init() Found child 5021 in scoreboard slot 8
[Mon Dec 05 07:52:29 2005] [notice] jk2_init() Found child 5022 in scoreboard slot 6
[Mon Dec 05 07:52:56 2005] [notice] jk2_init() Found child 5024 in scoreboard slot 9
[Mon Dec 05 07:52:56 2005] [notice] jk2_init() Found child 5023 in scoreboard slot 7
[Mon Dec 05 07:52:55 2005] [notice] workerEnv.init() ok /etc/httpd/conf/workers2.properties
[Mon Dec 05 07:53:01 2005] [error] mod_jk child workerEnv in error state 7
[Mon Dec 05 07:53:24 2005] [notice] workerEnv.init() ok /etc/httpd/conf/workers2.properties
[Mon Dec 05 07:54:01 2005] [notice] jk2_init() Found child 5029 in scoreboard slot 8
[Mon Dec 05 07:54:02 2005] [notice] jk2_init() Found child 5030 in scoreboard slot 6
[Mon Dec 05 07:54:48 2005] [notice] jk2_init() Found child 5033 in scoreboard slot 8
[Mon Dec 05 07:54:48 2005] [notice] jk2_init() Found child 5032 in scoreboard slot 9
[Mon Dec 05 07:55:00 2005] [notice] jk2_init() Found child 5035 in scoreboard slot 7
[Mon Dec 05 07:55:00 2005] [notice] jk2_init() Found child 5034 in scoreboard slot 6
[Mon Dec 05 07:55:07 2005] [notice] workerEnv.init() ok /etc/httpd/conf/workers2.properties
[Mon Dec 05 07:55:08 2005] [error] mod_jk child workerEnv in error state 8
[Mon Dec 05 07:55:07 2005] [notice] workerEnv.init() ok /etc/httpd/conf/workers2.properties
[Mon Dec 05 07:55:08 2005] [error] mod_jk child workerEnv in error state 7
[Mon Dec 05 07:55:07 2005] [notice] workerEnv.init() ok /etc/httpd/conf/workers2.properties
[Mon Dec 05 07:55:08 2005] [error] mod_jk child workerEnv in error state 7
[Mon Dec 05 07:55:13 2005] [notice] jk2_init() Found child 5036 in scoreboard slot 9
[Mon Dec 05 07:57:01 2005] [notice] jk2_init() Found child 5050 in scoreboard slot 8
[Mon Dec 05 07:57:01 2005] [notice] jk2_init() Found child 5049 in scoreboard slot 7
[Mon Dec 05 07:57:01 2005] [notice] jk2_init() Found child 5048 in scoreboard slot 6
[Mon Dec 05 07:57:02 2005] [notice] jk2_init() Found child 5051 in scoreboard slot 9
[Mon Dec 05 07:57:02 2005] [error] jk2_init() Can't find child 5053 in scoreboard
[Mon Dec 05 07:57:02 2005] [error] jk2_init() Can't find child 5054 in scoreboard
[Mon Dec 05 07:57:02 2005] [notice] jk2_init() Found child 5052 in scoreboard slot 10
[Mon Dec 05 07:57:02 2005] [notice] workerEnv.init() ok /etc/httpd/conf/workers2.properties
[Mon Dec 05 07:57:02 2005] [error] mod_jk child workerEnv in error state 6
[Mon Dec 05 07:57:02 2005] [notice] workerEnv.init() ok /etc/httpd/conf/workers2.properties
[Mon Dec 05 07:57:02 2005] [error] mod_jk child workerEnv in error state 6
[Mon Dec 05 07:57:02 2005] [notice] workerEnv.init() ok /etc/httpd/conf/workers2.properties
[Mon Dec 05 07:57:02 2005] [error] mod_jk child workerEnv in error state 6
[Mon Dec 05 07:57:02 2005] [notice] workerEnv.init() ok /etc/httpd/conf/workers2.properties
[Mon Dec 05 07:57:02 2005] [error] mod_jk child workerEnv in error state 8
[Mon Dec 05 07:57:02 2005] [notice] workerEnv.init() ok /etc/httpd/conf/workers2.properties
[Mon Dec 05 07:57:02 2005] [error] mod_jk child workerEnv in error state 6
[Mon Dec 05 07:57:02 2005] [notice] workerEnv.init() ok /etc/httpd/conf/workers2.properties
[Mon Dec 05 07:57:02 2005] [error] mod_jk child init 1 -2
[Mon Dec 05 07:57:02 2005] [notice] workerEnv.init() ok /etc/httpd/conf/workers2.properties
[Mon Dec 05 07:57:02 2005] [error] mod_jk child init 1 -2
[Mon Dec 05 09:09:48 2005] [error] [client 207.12.15.211] Directory index forbidden by rule: /var/www/html/
[Mon Dec 05 09:36:13 2005] [notice] jk2_init() Found child 5271 in scoreboard slot 7
[Mon Dec 05 09:36:13 2005] [notice] jk2_init() Found child 5270 in scoreboard slot 6
[Mon Dec 05 09:36:14 2005] [notice] workerEnv.init() ok /etc/httpd/conf/workers2.properties
[Mon Dec 05 09:36:14 2005] [error] mod_jk child workerEnv in error state 6
[Mon Dec 05 09:36:14 2005] [notice] workerEnv.init() ok /etc/httpd/conf/workers2.properties
[Mon Dec 05 09:36:14 2005] [error] mod_jk child workerEnv in error state 6
[Mon Dec 05 09:55:21 2005] [notice] jk2_init() Found child 5295 in scoreboard slot 8
[Mon Dec 05 09:55:21 2005] [notice] workerEnv.init() ok /etc/httpd/conf/workers2.properties
[Mon Dec 05 09:55:21 2005] [error] mod_jk child workerEnv in error state 6
[Mon Dec 05 10:10:32 2005] [notice] jk2_init() Found child 5330 in scoreboard slot 9
[Mon Dec 05 10:10:33 2005] [notice] workerEnv.init() ok /etc/httpd/conf/workers2.properties
[Mon Dec 05 10:10:33 2005] [error] mod_jk child workerEnv in error state 6
[Mon Dec 05 10:16:20 2005] [notice] jk2_init() Found child 5344 in scoreboard slot 7
[Mon Dec 05 10:16:52 2005] [notice] jk2_init() Found child 5347 in scoreboard slot 6
[Mon Dec 05 10:16:53 2005] [notice] jk2_init() Found child 5348 in scoreboard slot 7
[Mon Dec 05 10:17:45 2005] [notice] jk2_init() Found child 5350 in scoreboard slot 9
[Mon Dec 05 10:17:45 2005] [notice] jk2_init() Found child 5349 in scoreboard slot 8
[Mon Dec 05 10:17:49 2005] [notice] jk2_init() Found child 5352 in scoreboard slot 7
[Mon Dec 05 10:17:50 2005] [notice] jk2_init() Found child 5351 in scoreboard slot 6
[Mon Dec 05 10:17:51 2005] [notice] workerEnv.init() ok /etc/httpd/conf/workers2.properties
[Mon Dec 05 10:17:51 2005] [notice] workerEnv.init() ok /etc/httpd/conf/workers2.properties
[Mon Dec 05 10:17:51 2005] [notice] workerEnv.init() ok /etc/httpd/conf/workers2.properties
[Mon Dec 05 10:17:51 2005] [notice] workerEnv.init() ok /etc/httpd/conf/workers2.properties
[Mon Dec 05 10:17:51 2005] [error] mod_jk child workerEnv in error state 6
[Mon Dec 05 10:17:51 2005] [error] mod_jk child workerEnv in error state 6
[Mon Dec 05 10:17:51 2005] [error] mod_jk child workerEnv in error state 7
[Mon Dec 05 10:17:51 2005] [error] mod_jk child workerEnv in error state 7
[Mon Dec 05 10:21:05 2005] [notice] jk2_init() Found child 5366 in scoreboard slot 9
[Mon Dec 05 10:21:05 2005] [notice] jk2_init() Found child 5365 in scoreboard slot 8
[Mon Dec 05 10:21:05 2005] [notice] jk2_init() Found child 5367 in scoreboard slot 6
[Mon Dec 05 10:21:07 2005] [notice] jk2_init() Found child 5368 in scoreboard slot 7
[Mon Dec 05 10:21:13 2005] [notice] workerEnv.init() ok /etc/httpd/conf/workers2.properties
[Mon Dec 05 10:21:13 2005] [notice] workerEnv.init() ok /etc/httpd/conf/workers2.properties
[Mon Dec 05 10:21:13 2005] [notice] workerEnv.init() ok /etc/httpd/conf/workers2.properties
[Mon Dec 05 10:21:13 2005] [notice] workerEnv.init() ok /etc/httpd/conf/workers2.properties
[Mon Dec 05 10:21:13 2005] [error] mod_jk child workerEnv in error state 6
[Mon Dec 05 10:21:13 2005] [error] mod_jk child workerEnv in error state 6
[Mon Dec 05 10:21:13 2005] [error] mod_jk child workerEnv in error state 6
[Mon Dec 05 10:21:13 2005] [error] mod_jk child workerEnv in error state 6
[Mon Dec 05 10:26:26 2005] [notice] jk2_init() Found child 5384 in scoreboard slot 7
[Mon Dec 05 10:26:26 2005] [notice] jk2_init() Found child 5385 in scoreboard slot 8
[Mon Dec 05 10:26:25 2005] [notice] jk2_init() Found child 5386 in scoreboard slot 9
[Mon Dec 05 10:26:25 2005] [notice] jk2_init() Found child 5387 in scoreboard slot 6
[Mon Dec 05 10:26:31 2005] [notice] workerEnv.init() ok /etc/httpd/conf/workers2.properties
[Mon Dec 05 10:26:31 2005] [error] mod_jk child workerEnv in error state 6
[Mon Dec 05 10:26:31 2005] [notice] workerEnv.init() ok /etc/httpd/conf/workers2.properties
[Mon Dec 05 10:26:31 2005] [error] mod_jk child workerEnv in error state 6
[Mon Dec 05 10:26:31 2005] [notice] workerEnv.init() ok /etc/httpd/conf/workers2.properties
[Mon Dec 05 10:26:31 2005] [error] mod_jk child workerEnv in error state 6
[Mon Dec 05 10:26:31 2005] [notice] workerEnv.init() ok /etc/httpd/conf/workers2.properties
[Mon Dec 05 10:26:31 2005] [error] mod_jk child workerEnv in error state 6
[Mon Dec 05 10:26:36 2005] [notice] jk2_init() Found child 5388 in scoreboard slot 10
[Mon Dec 05 10:26:36 2005] [notice] workerEnv.init() ok /etc/httpd/conf/workers2.properties
[Mon Dec 05 10:26:36 2005] [error] mod_jk child workerEnv in error state 6
[Mon Dec 05 10:26:39 2005] [error] [client 141.153.150.164] Directory index forbidden by rule: /var/www/html/
[Mon Dec 05 10:28:44 2005] [error] [client 198.232.168.9] Directory index forbidden by rule: /var/www/html/
[Mon Dec 05 10:31:40 2005] [notice] jk2_init() Found child 5404 in scoreboard slot 8
[Mon Dec 05 10:31:40 2005] [notice] jk2_init() Found child 5405 in scoreboard slot 9
[Mon Dec 05 10:33:41 2005] [notice] jk2_init() Found child 5418 in scoreboard slot 6
[Mon Dec 05 10:33:41 2005] [notice] jk2_init() Found child 5419 in scoreboard slot 7
[Mon Dec 05 10:33:41 2005] [notice] jk2_init() Found child 5417 in scoreboard slot 9
[Mon Dec 05 10:33:41 2005] [notice] jk2_init() Found child 5416 in scoreboard slot 8
[Mon Dec 05 10:33:44 2005] [notice] workerEnv.init() ok /etc/httpd/conf/workers2.properties
[Mon Dec 05 10:33:44 2005] [error] mod_jk child workerEnv in error state 6
[Mon Dec 05 10:33:44 2005] [notice] workerEnv.init() ok /etc/httpd/conf/workers2.properties
[Mon Dec 05 10:33:44 2005] [error] mod_jk child workerEnv in error state 6
[Mon Dec 05 10:33:44 2005] [notice] workerEnv.init() ok /etc/httpd/conf/workers2.properties
[Mon Dec 05 10:33:44 2005] [error] mod_jk child workerEnv in error state 7
[Mon Dec 05 10:33:44 2005] [notice] workerEnv.init() ok /etc/httpd/conf/workers2.properties
[Mon Dec 05 10:33:44 2005] [error] mod_jk child workerEnv in error state 7
[Mon Dec 05 10:36:10 2005] [notice] jk2_init() Found child 5426 in scoreboard slot 6
[Mon Dec 05 10:36:10 2005] [notice] jk2_init() Found child 5425 in scoreboard slot 9
[Mon Dec 05 10:36:58 2005] [notice] jk2_init() Found child 5428 in scoreboard slot 8
[Mon Dec 05 10:37:27 2005] [notice] jk2_init() Found child 5429 in scoreboard slot 9
[Mon Dec 05 10:37:27 2005] [notice] jk2_init() Found child 5430 in scoreboard slot 6
[Mon Dec 05 10:38:00 2005] [notice] jk2_init() Found child 5434 in scoreboard slot 6
[Mon Dec 05 10:38:00 2005] [notice] jk2_init() Found child 5433 in scoreboard slot 9
[Mon Dec 05 10:38:00 2005] [notice] jk2_init() Found child 5435 in scoreboard slot 7
[Mon Dec 05 10:38:00 2005] [notice] jk2_init() Found child 5432 in scoreboard slot 8
[Mon Dec 05 10:38:04 2005] [notice] workerEnv.init() ok /etc/httpd/conf/workers2.properties
[Mon Dec 05 10:38:04 2005] [error] mod_jk child workerEnv in error state 8
[Mon Dec 05 10:38:04 2005] [notice] workerEnv.init() ok /etc/httpd/conf/workers2.properties
[Mon Dec 05 10:38:04 2005] [error] mod_jk child workerEnv in error state 7
[Mon Dec 05 10:38:04 2005] [notice] workerEnv.init() ok /etc/httpd/conf/workers2.properties
[Mon Dec 05 10:38:04 2005] [error] mod_jk child workerEnv in error state 6
[Mon Dec 05 10:38:04 2005] [notice] workerEnv.init() ok /etc/httpd/conf/workers2.properties
[Mon Dec 05 10:38:04 2005] [error] mod_jk child workerEnv in error state 7
[Mon Dec 05 10:41:14 2005] [notice] jk2_init() Found child 5470 in scoreboard slot 9
[Mon Dec 05 10:41:14 2005] [notice] jk2_init() Found child 5469 in scoreboard slot 8
[Mon Dec 05 10:42:23 2005] [notice] jk2_init() Found child 5474 in scoreboard slot 9
[Mon Dec 05 10:42:23 2005] [notice] jk2_init() Found child 5475 in scoreboard slot 6
[Mon Dec 05 10:43:19 2005] [notice] jk2_init() Found child 5482 in scoreboard slot 9
[Mon Dec 05 10:43:19 2005] [notice] jk2_init() Found child 5480 in scoreboard slot 7
[Mon Dec 05 10:43:19 2005] [notice] jk2_init() Found child 5479 in scoreboard slot 6
[Mon Dec 05 10:43:19 2005] [notice] jk2_init() Found child 5481 in scoreboard slot 8
[Mon Dec 05 10:43:34 2005] [notice] workerEnv.init() ok /etc/httpd/conf/workers2.properties
[Mon Dec 05 10:43:34 2005] [notice] workerEnv.init() ok /etc/httpd/conf/workers2.properties
[Mon Dec 05 10:43:39 2005] [error] mod_jk child workerEnv in error state 8
[Mon Dec 05 10:43:41 2005] [notice] workerEnv.init() ok /etc/httpd/conf/workers2.properties
[Mon Dec 05 10:43:41 2005] [error] mod_jk child workerEnv in error state 7
[Mon Dec 05 10:43:48 2005] [notice] jk2_init() Found child 5484 in scoreboard slot 7
[Mon Dec 05 10:43:48 2005] [notice] jk2_init() Found child 5483 in scoreboard slot 6
[Mon Dec 05 10:43:51 2005] [notice] workerEnv.init() ok /etc/httpd/conf/workers2.properties
[Mon Dec 05 10:43:51 2005] [error] mod_jk child workerEnv in error state 7
[Mon Dec 05 10:43:51 2005] [notice] workerEnv.init() ok /etc/httpd/conf/workers2.properties
[Mon Dec 05 10:43:51 2005] [error] mod_jk child workerEnv in error state 8
[Mon Dec 05 10:46:55 2005] [notice] jk2_init() Found child 5497 in scoreboard slot 7
[Mon Dec 05 10:46:55 2005] [notice] jk2_init() Found child 5495 in scoreboard slot 9
[Mon Dec 05 10:46:55 2005] [notice] jk2_init() Found child 5494 in scoreboard slot 8
[Mon Dec 05 10:46:55 2005] [notice] jk2_init() Found child 5496 in scoreboard slot 6
[Mon Dec 05 10:47:12 2005] [notice] workerEnv.init() ok /etc/httpd/conf/workers2.properties
[Mon Dec 05 10:47:12 2005] [notice] workerEnv.init() ok /etc/httpd/conf/workers2.properties
[Mon Dec 05 10:47:17 2005] [error] mod_jk child workerEnv in error state 6
[Mon Dec 05 10:47:17 2005] [error] mod_jk child workerEnv in error state 6
[Mon Dec 05 10:47:32 2005] [notice] jk2_init() Found child 5499 in scoreboard slot 9
[Mon Dec 05 10:47:33 2005] [notice] jk2_init() Found child 5498 in scoreboard slot 8
[Mon Dec 05 10:47:44 2005] [notice] workerEnv.init() ok /etc/httpd/conf/workers2.properties
[Mon Dec 05 10:47:44 2005] [notice] workerEnv.init() ok /etc/httpd/conf/workers2.properties
[Mon Dec 05 10:47:45 2005] [error] mod_jk child workerEnv in error state 7
[Mon Dec 05 10:47:45 2005] [error] mod_jk child workerEnv in error state 7
[Mon Dec 05 10:47:47 2005] [notice] jk2_init() Found child 5500 in scoreboard slot 6
[Mon Dec 05 10:47:47 2005] [notice] workerEnv.init() ok /etc/httpd/conf/workers2.properties
[Mon Dec 05 10:47:47 2005] [error] mod_jk child workerEnv in error state 6
[Mon Dec 05 10:48:43 2005] [notice] jk2_init() Found child 5503 in scoreboard slot 10
[Mon Dec 05 10:48:46 2005] [notice] workerEnv.init() ok /etc/httpd/conf/workers2.properties
[Mon Dec 05 10:48:46 2005] [error] mod_jk child workerEnv in error state 6
[Mon Dec 05 10:48:48 2005] [error] [client 67.166.248.235] Directory index forbidden by rule: /var/www/html/
[Mon Dec 05 10:51:12 2005] [notice] jk2_init() Found child 5515 in scoreboard slot 7
[Mon Dec 05 10:51:12 2005] [notice] jk2_init() Found child 5516 in scoreboard slot 8
[Mon Dec 05 10:51:33 2005] [notice] workerEnv.init() ok /etc/httpd/conf/workers2.properties
[Mon Dec 05 10:51:33 2005] [notice] workerEnv.init() ok /etc/httpd/conf/workers2.properties
[Mon Dec 05 10:51:35 2005] [error] mod_jk child workerEnv in error state 6
[Mon Dec 05 10:51:35 2005] [error] mod_jk child workerEnv in error state 6
[Mon Dec 05 10:51:59 2005] [notice] jk2_init() Found child 5517 in scoreboard slot 6
[Mon Dec 05 10:52:00 2005] [notice] jk2_init() Found child 5518 in scoreboard slot 9
[Mon Dec 05 10:52:15 2005] [notice] workerEnv.init() ok /etc/httpd/conf/workers2.properties
[Mon Dec 05 10:52:15 2005] [notice] workerEnv.init() ok /etc/httpd/conf/workers2.properties
[Mon Dec 05 10:52:21 2005] [error] mod_jk child workerEnv in error state 6
[Mon Dec 05 10:53:42 2005] [notice] jk2_init() Found child 5527 in scoreboard slot 7
[Mon Dec 05 10:53:42 2005] [notice] jk2_init() Found child 5526 in scoreboard slot 9
[Mon Dec 05 10:55:47 2005] [notice] jk2_init() Found child 5538 in scoreboard slot 9
[Mon Dec 05 10:59:25 2005] [notice] jk2_init() Found child 5565 in scoreboard slot 9
[Mon Dec 05 10:59:25 2005] [notice] jk2_init() Found child 5563 in scoreboard slot 7
[Mon Dec 05 10:59:25 2005] [notice] jk2_init() Found child 5562 in scoreboard slot 6
[Mon Dec 05 10:59:25 2005] [notice] jk2_init() Found child 5564 in scoreboard slot 8
[Mon Dec 05 10:59:25 2005] [notice] jk2_init() Found child 5567 in scoreboard slot 12
[Mon Dec 05 10:59:25 2005] [notice] jk2_init() Found child 5568 in scoreboard slot 13
[Mon Dec 05 10:59:25 2005] [notice] jk2_init() Found child 5566 in scoreboard slot 10
[Mon Dec 05 10:59:29 2005] [notice] workerEnv.init() ok /etc/httpd/conf/workers2.properties
[Mon Dec 05 10:59:29 2005] [notice] workerEnv.init() ok /etc/httpd/conf/workers2.properties
[Mon Dec 05 10:59:29 2005] [notice] workerEnv.init() ok /etc/httpd/conf/workers2.properties
[Mon Dec 05 10:59:29 2005] [notice] workerEnv.init() ok /etc/httpd/conf/workers2.properties
[Mon Dec 05 10:59:29 2005] [notice] workerEnv.init() ok /etc/httpd/conf/workers2.properties
[Mon Dec 05 10:59:29 2005] [notice] workerEnv.init() ok /etc/httpd/conf/workers2.properties
[Mon Dec 05 10:59:29 2005] [notice] workerEnv.init() ok /etc/httpd/conf/workers2.properties
[Mon Dec 05 10:59:29 2005] [error] mod_jk child workerEnv in error state 6
[Mon Dec 05 10:59:29 2005] [error] mod_jk child workerEnv in error state 7
[Mon Dec 05 10:59:29 2005] [error] mod_jk child workerEnv in error state 8
[Mon Dec 05 10:59:29 2005] [error] mod_jk child workerEnv in error state 6
[Mon Dec 05 10:59:29 2005] [error] mod_jk child workerEnv in error state 6
[Mon Dec 05 10:59:29 2005] [error] mod_jk child workerEnv in error state 6
[Mon Dec 05 10:59:29 2005] [error] mod_jk child workerEnv in error state 7
[Mon Dec 05 11:02:05 2005] [notice] jk2_init() Found child 5579 in scoreboard slot 6
[Mon Dec 05 11:04:16 2005] [notice] jk2_init() Found child 5592 in scoreboard slot 8
[Mon Dec 05 11:04:16 2005] [notice] jk2_init() Found child 5593 in scoreboard slot 9
[Mon Dec 05 11:06:50 2005] [notice] jk2_init() Found child 5616 in scoreboard slot 6
[Mon Dec 05 11:06:51 2005] [notice] jk2_init() Found child 5617 in scoreboard slot 7
[Mon Dec 05 11:06:51 2005] [notice] jk2_init() Found child 5618 in scoreboard slot 8
[Mon Dec 05 11:06:51 2005] [notice] workerEnv.init() ok /etc/httpd/conf/workers2.properties
[Mon Dec 05 11:06:51 2005] [error] mod_jk child workerEnv in error state 6
[Mon Dec 05 11:06:51 2005] [notice] workerEnv.init() ok /etc/httpd/conf/workers2.properties
[Mon Dec 05 11:06:51 2005] [error] mod_jk child workerEnv in error state 7
[Mon Dec 05 11:06:51 2005] [notice] workerEnv.init() ok /etc/httpd/conf/workers2.properties
[Mon Dec 05 11:06:51 2005] [error] mod_jk child workerEnv in error state 6
[Mon Dec 05 11:06:52 2005] [error] jk2_init() Can't find child 5619 in scoreboard
[Mon Dec 05 11:06:52 2005] [notice] workerEnv.init() ok /etc/httpd/conf/workers2.properties
[Mon Dec 05 11:06:52 2005] [error] mod_jk child init 1 -2
[Mon Dec 05 11:06:52 2005] [error] jk2_init() Can't find child 5620 in scoreboard
[Mon Dec 05 11:06:52 2005] [notice] workerEnv.init() ok /etc/httpd/conf/workers2.properties
[Mon Dec 05 11:06:52 2005] [error] mod_jk child init 1 -2
[Mon Dec 05 11:06:52 2005] [error] jk2_init() Can't find child 5621 in scoreboard
[Mon Dec 05 11:06:52 2005] [notice] workerEnv.init() ok /etc/httpd/conf/workers2.properties
[Mon Dec 05 11:06:52 2005] [error] mod_jk child init 1 -2
[Mon Dec 05 11:06:52 2005] [error] jk2_init() Can't find child 5622 in scoreboard
[Mon Dec 05 11:06:52 2005] [notice] workerEnv.init() ok /etc/httpd/conf/workers2.properties
[Mon Dec 05 11:06:52 2005] [error] mod_jk child init 1 -2
[Mon Dec 05 12:35:57 2005] [notice] jk2_init() Found child 5785 in scoreboard slot 6
[Mon Dec 05 12:35:57 2005] [notice] jk2_init() Found child 5786 in scoreboard slot 7
[Mon Dec 05 12:36:36 2005] [notice] jk2_init() Found child 5790 in scoreboard slot 7
[Mon Dec 05 12:36:36 2005] [notice] jk2_init() Found child 5788 in scoreboard slot 9
[Mon Dec 05 12:36:36 2005] [notice] jk2_init() Found child 5789 in scoreboard slot 6
[Mon Dec 05 12:36:36 2005] [notice] jk2_init() Found child 5787 in scoreboard slot 8
[Mon Dec 05 12:36:39 2005] [notice] workerEnv.init() ok /etc/httpd/conf/workers2.properties
[Mon Dec 05 12:36:39 2005] [error] mod_jk child workerEnv in error state 7
[Mon Dec 05 12:36:39 2005] [notice] workerEnv.init() ok /etc/httpd/conf/workers2.properties
[Mon Dec 05 12:36:39 2005] [error] mod_jk child workerEnv in error state 6
[Mon Dec 05 12:36:39 2005] [notice] workerEnv.init() ok /etc/httpd/conf/workers2.properties
[Mon Dec 05 12:36:39 2005] [error] mod_jk child workerEnv in error state 7
[Mon Dec 05 12:36:39 2005] [notice] workerEnv.init() ok /etc/httpd/conf/workers2.properties
[Mon Dec 05 12:36:39 2005] [error] mod_jk child workerEnv in error state 6
[Mon Dec 05 12:40:37 2005] [notice] jk2_init() Found child 5798 in scoreboard slot 8
[Mon Dec 05 12:40:38 2005] [notice] workerEnv.init() ok /etc/httpd/conf/workers2.properties
[Mon Dec 05 12:40:38 2005] [error] mod_jk child workerEnv in error state 6
[Mon Dec 05 12:50:42 2005] [notice] jk2_init() Found child 5811 in scoreboard slot 6
[Mon Dec 05 12:50:42 2005] [notice] jk2_init() Found child 5810 in scoreboard slot 9
[Mon Dec 05 12:50:43 2005] [notice] workerEnv.init() ok /etc/httpd/conf/workers2.properties
[Mon Dec 05 12:50:43 2005] [notice] workerEnv.init() ok /etc/httpd/conf/workers2.properties
[Mon Dec 05 12:50:43 2005] [error] mod_jk child workerEnv in error state 6
[Mon Dec 05 12:50:43 2005] [error] mod_jk child workerEnv in error state 6
[Mon Dec 05 12:55:48 2005] [notice] jk2_init() Found child 5817 in scoreboard slot 8
[Mon Dec 05 12:55:48 2005] [notice] jk2_init() Found child 5816 in scoreboard slot 7
[Mon Dec 05 12:55:49 2005] [notice] workerEnv.init() ok /etc/httpd/conf/workers2.properties
[Mon Dec 05 12:55:49 2005] [error] mod_jk child workerEnv in error state 6
[Mon Dec 05 12:55:49 2005] [notice] workerEnv.init() ok /etc/httpd/conf/workers2.properties
[Mon Dec 05 12:55:49 2005] [error] mod_jk child workerEnv in error state 6
[Mon Dec 05 13:00:33 2005] [notice] jk2_init() Found child 5825 in scoreboard slot 9
[Mon Dec 05 13:00:33 2005] [notice] jk2_init() Found child 5826 in scoreboard slot 6
[Mon Dec 05 13:00:34 2005] [notice] workerEnv.init() ok /etc/httpd/conf/workers2.properties
[Mon Dec 05 13:00:34 2005] [error] mod_jk child workerEnv in error state 6
[Mon Dec 05 13:00:34 2005] [notice] workerEnv.init() ok /etc/httpd/conf/workers2.properties
[Mon Dec 05 13:00:34 2005] [error] mod_jk child workerEnv in error state 6
[Mon Dec 05 13:05:24 2005] [notice] jk2_init() Found child 5845 in scoreboard slot 7
[Mon Dec 05 13:05:24 2005] [notice] workerEnv.init() ok /etc/httpd/conf/workers2.properties
[Mon Dec 05 13:05:24 2005] [error] mod_jk child workerEnv in error state 6
[Mon Dec 05 13:10:55 2005] [notice] jk2_init() Found child 5856 in scoreboard slot 8
[Mon Dec 05 13:10:59 2005] [notice] workerEnv.init() ok /etc/httpd/conf/workers2.properties
[Mon Dec 05 13:10:59 2005] [error] mod_jk child workerEnv in error state 6
[Mon Dec 05 13:16:27 2005] [notice] jk2_init() Found child 5877 in scoreboard slot 9
[Mon Dec 05 13:16:27 2005] [notice] jk2_init() Found child 5876 in scoreboard slot 8
[Mon Dec 05 13:16:27 2005] [notice] jk2_init() Found child 5878 in scoreboard slot 6
[Mon Dec 05 13:16:27 2005] [notice] jk2_init() Found child 5875 in scoreboard slot 7
[Mon Dec 05 13:16:29 2005] [notice] workerEnv.init() ok /etc/httpd/conf/workers2.properties
[Mon Dec 05 13:16:29 2005] [error] mod_jk child workerEnv in error state 6
[Mon Dec 05 13:16:29 2005] [notice] workerEnv.init() ok /etc/httpd/conf/workers2.properties
[Mon Dec 05 13:16:29 2005] [error] mod_jk child workerEnv in error state 6
[Mon Dec 05 13:16:29 2005] [notice] workerEnv.init() ok /etc/httpd/conf/workers2.properties
[Mon Dec 05 13:16:29 2005] [error] mod_jk child workerEnv in error state 6
[Mon Dec 05 13:16:29 2005] [notice] workerEnv.init() ok /etc/httpd/conf/workers2.properties
[Mon Dec 05 13:16:29 2005] [error] mod_jk child workerEnv in error state 6
[Mon Dec 05 13:21:35 2005] [notice] jk2_init() Found child 5893 in scoreboard slot 9
[Mon Dec 05 13:21:34 2005] [notice] jk2_init() Found child 5892 in scoreboard slot 8
[Mon Dec 05 13:22:45 2005] [notice] jk2_init() Found child 5901 in scoreboard slot 9
[Mon Dec 05 13:22:45 2005] [notice] jk2_init() Found child 5899 in scoreboard slot 7
[Mon Dec 05 13:22:45 2005] [notice] jk2_init() Found child 5900 in scoreboard slot 8
[Mon Dec 05 13:22:45 2005] [notice] jk2_init() Found child 5898 in scoreboard slot 6
[Mon Dec 05 13:22:48 2005] [notice] workerEnv.init() ok /etc/httpd/conf/workers2.properties
[Mon Dec 05 13:22:48 2005] [error] mod_jk child workerEnv in error state 7
[Mon Dec 05 13:22:48 2005] [notice] workerEnv.init() ok /etc/httpd/conf/workers2.properties
[Mon Dec 05 13:22:48 2005] [error] mod_jk child workerEnv in error state 7
[Mon Dec 05 13:22:48 2005] [notice] workerEnv.init() ok /etc/httpd/conf/workers2.properties
[Mon Dec 05 13:22:48 2005] [error] mod_jk child workerEnv in error state 6
[Mon Dec 05 13:22:48 2005] [notice] workerEnv.init() ok /etc/httpd/conf/workers2.properties
[Mon Dec 05 13:22:48 2005] [error] mod_jk child workerEnv in error state 6
[Mon Dec 05 13:26:03 2005] [notice] jk2_init() Found child 5912 in scoreboard slot 7
[Mon Dec 05 13:26:37 2005] [notice] jk2_init() Found child 5914 in scoreboard slot 9
[Mon Dec 05 13:26:37 2005] [notice] jk2_init() Found child 5915 in scoreboard slot 6
[Mon Dec 05 13:27:15 2005] [notice] jk2_init() Found child 5917 in scoreboard slot 8
[Mon Dec 05 13:27:14 2005] [notice] jk2_init() Found child 5916 in scoreboard slot 7
[Mon Dec 05 13:27:15 2005] [notice] jk2_init() Found child 5919 in scoreboard slot 6
[Mon Dec 05 13:27:15 2005] [notice] jk2_init() Found child 5918 in scoreboard slot 9
[Mon Dec 05 13:28:14 2005] [notice] jk2_init() Found child 5925 in scoreboard slot 8
[Mon Dec 05 13:28:14 2005] [notice] jk2_init() Found child 5923 in scoreboard slot 6
[Mon Dec 05 13:28:14 2005] [notice] jk2_init() Found child 5924 in scoreboard slot 7
[Mon Dec 05 13:28:14 2005] [notice] jk2_init() Found child 5922 in scoreboard slot 9
[Mon Dec 05 13:28:17 2005] [notice] workerEnv.init() ok /etc/httpd/conf/workers2.properties
[Mon Dec 05 13:28:17 2005] [error] mod_jk child workerEnv in error state 7
[Mon Dec 05 13:28:17 2005] [notice] workerEnv.init() ok /etc/httpd/conf/workers2.properties
[Mon Dec 05 13:28:17 2005] [error] mod_jk child workerEnv in error state 8
[Mon Dec 05 13:28:17 2005] [notice] workerEnv.init() ok /etc/httpd/conf/workers2.properties
[Mon Dec 05 13:28:17 2005] [error] mod_jk child workerEnv in error state 8
[Mon Dec 05 13:28:17 2005] [notice] workerEnv.init() ok /etc/httpd/conf/workers2.properties
[Mon Dec 05 13:28:17 2005] [error] mod_jk child workerEnv in error state 8
[Mon Dec 05 13:31:19 2005] [notice] jk2_init() Found child 5935 in scoreboard slot 9
[Mon Dec 05 13:31:19 2005] [notice] jk2_init() Found child 5936 in scoreboard slot 6
[Mon Dec 05 13:31:53 2005] [notice] jk2_init() Found child 5938 in scoreboard slot 8
[Mon Dec 05 13:31:53 2005] [notice] jk2_init() Found child 5937 in scoreboard slot 7
[Mon Dec 05 13:32:01 2005] [notice] jk2_init() Found child 5940 in scoreboard slot 6
[Mon Dec 05 13:32:01 2005] [notice] jk2_init() Found child 5939 in scoreboard slot 9
[Mon Dec 05 13:32:04 2005] [notice] workerEnv.init() ok /etc/httpd/conf/workers2.properties
[Mon Dec 05 13:32:04 2005] [notice] workerEnv.init() ok /etc/httpd/conf/workers2.properties
[Mon Dec 05 13:32:04 2005] [error] mod_jk child workerEnv in error state 6
[Mon Dec 05 13:32:04 2005] [error] mod_jk child workerEnv in error state 6
[Mon Dec 05 13:32:09 2005] [notice] workerEnv.init() ok /etc/httpd/conf/workers2.properties
[Mon Dec 05 13:32:09 2005] [notice] workerEnv.init() ok /etc/httpd/conf/workers2.properties
[Mon Dec 05 13:32:10 2005] [error] mod_jk child workerEnv in error state 7
[Mon Dec 05 13:32:10 2005] [error] mod_jk child workerEnv in error state 7
[Mon Dec 05 13:32:28 2005] [notice] jk2_init() Found child 5942 in scoreboard slot 8
[Mon Dec 05 13:32:28 2005] [notice] jk2_init() Found child 5941 in scoreboard slot 7
[Mon Dec 05 13:32:30 2005] [notice] workerEnv.init() ok /etc/httpd/conf/workers2.properties
[Mon Dec 05 13:32:30 2005] [notice] workerEnv.init() ok /etc/httpd/conf/workers2.properties
[Mon Dec 05 13:32:30 2005] [error] mod_jk child workerEnv in error state 6
[Mon Dec 05 13:32:30 2005] [error] mod_jk child workerEnv in error state 6
[Mon Dec 05 13:36:27 2005] [notice] jk2_init() Found child 5954 in scoreboard slot 7
[Mon Dec 05 13:36:27 2005] [notice] jk2_init() Found child 5953 in scoreboard slot 6
[Mon Dec 05 13:36:58 2005] [notice] jk2_init() Found child 5956 in scoreboard slot 9
[Mon Dec 05 13:36:58 2005] [notice] jk2_init() Found child 5957 in scoreboard slot 6
[Mon Dec 05 13:36:58 2005] [notice] jk2_init() Found child 5955 in scoreboard slot 8
[Mon Dec 05 13:37:47 2005] [notice] jk2_init() Found child 5961 in scoreboard slot 6
[Mon Dec 05 13:37:47 2005] [notice] jk2_init() Found child 5960 in scoreboard slot 9
[Mon Dec 05 13:38:52 2005] [notice] jk2_init() Found child 5968 in scoreboard slot 9
[Mon Dec 05 13:38:53 2005] [notice] jk2_init() Found child 5965 in scoreboard slot 6
[Mon Dec 05 13:38:52 2005] [notice] jk2_init() Found child 5967 in scoreboard slot 8
[Mon Dec 05 13:38:53 2005] [notice] jk2_init() Found child 5969 in scoreboard slot 10
[Mon Dec 05 13:38:52 2005] [notice] jk2_init() Found child 5966 in scoreboard slot 7
[Mon Dec 05 13:39:09 2005] [notice] workerEnv.init() ok /etc/httpd/conf/workers2.properties
[Mon Dec 05 13:39:09 2005] [notice] workerEnv.init() ok /etc/httpd/conf/workers2.properties
[Mon Dec 05 13:39:14 2005] [error] mod_jk child workerEnv in error state 6
[Mon Dec 05 13:39:13 2005] [error] mod_jk child workerEnv in error state 8
[Mon Dec 05 13:39:36 2005] [notice] jk2_init() Found child 5970 in scoreboard slot 6
[Mon Dec 05 13:39:36 2005] [notice] jk2_init() Found child 5971 in scoreboard slot 7
[Mon Dec 05 13:39:41 2005] [notice] jk2_init() Found child 5972 in scoreboard slot 8
[Mon Dec 05 13:39:41 2005] [notice] workerEnv.init() ok /etc/httpd/conf/workers2.properties
[Mon Dec 05 13:39:41 2005] [notice] workerEnv.init() ok /etc/httpd/conf/workers2.properties
[Mon Dec 05 13:39:41 2005] [notice] workerEnv.init() ok /etc/httpd/conf/workers2.properties
[Mon Dec 05 13:39:41 2005] [error] mod_jk child workerEnv in error state 8
[Mon Dec 05 13:39:41 2005] [error] mod_jk child workerEnv in error state 9
[Mon Dec 05 13:39:41 2005] [error] mod_jk child workerEnv in error state 8
[Mon Dec 05 13:41:11 2005] [notice] jk2_init() Found child 5981 in scoreboard slot 9
[Mon Dec 05 13:41:12 2005] [notice] jk2_init() Found child 5982 in scoreboard slot 6
[Mon Dec 05 13:41:58 2005] [notice] jk2_init() Found child 5984 in scoreboard slot 8
[Mon Dec 05 13:41:58 2005] [notice] jk2_init() Found child 5985 in scoreboard slot 9
[Mon Dec 05 13:43:27 2005] [notice] jk2_init() Found child 5992 in scoreboard slot 8
[Mon Dec 05 13:43:27 2005] [notice] jk2_init() Found child 5993 in scoreboard slot 9
[Mon Dec 05 13:43:27 2005] [notice] jk2_init() Found child 5990 in scoreboard slot 6
[Mon Dec 05 13:43:27 2005] [notice] jk2_init() Found child 5991 in scoreboard slot 7
[Mon Dec 05 13:43:43 2005] [notice] workerEnv.init() ok /etc/httpd/conf/workers2.properties
[Mon Dec 05 13:43:44 2005] [notice] workerEnv.init() ok /etc/httpd/conf/workers2.properties
[Mon Dec 05 13:43:43 2005] [notice] workerEnv.init() ok /etc/httpd/conf/workers2.properties
[Mon Dec 05 13:43:46 2005] [error] mod_jk child workerEnv in error state 6
[Mon Dec 05 13:43:46 2005] [error] mod_jk child workerEnv in error state 8
[Mon Dec 05 13:43:46 2005] [error] mod_jk child workerEnv in error state 7
[Mon Dec 05 13:44:18 2005] [notice] jk2_init() Found child 5995 in scoreboard slot 7
[Mon Dec 05 13:44:18 2005] [notice] jk2_init() Found child 5996 in scoreboard slot 8
[Mon Dec 05 13:44:32 2005] [notice] workerEnv.init() ok /etc/httpd/conf/workers2.properties
[Mon Dec 05 13:44:35 2005] [notice] workerEnv.init() ok /etc/httpd/conf/workers2.properties
[Mon Dec 05 13:44:38 2005] [error] mod_jk child workerEnv in error state 6
[Mon Dec 05 13:44:38 2005] [error] mod_jk child workerEnv in error state 6
[Mon Dec 05 13:44:53 2005] [notice] jk2_init() Found child 5997 in scoreboard slot 9
[Mon Dec 05 13:45:01 2005] [notice] jk2_init() Found child 5998 in scoreboard slot 6
[Mon Dec 05 13:45:01 2005] [notice] jk2_init() Found child 5999 in scoreboard slot 7
[Mon Dec 05 13:45:08 2005] [notice] workerEnv.init() ok /etc/httpd/conf/workers2.properties
[Mon Dec 05 13:45:08 2005] [notice] workerEnv.init() ok /etc/httpd/conf/workers2.properties
[Mon Dec 05 13:45:08 2005] [notice] workerEnv.init() ok /etc/httpd/conf/workers2.properties
[Mon Dec 05 13:45:08 2005] [error] mod_jk child workerEnv in error state 6
[Mon Dec 05 13:45:08 2005] [error] mod_jk child workerEnv in error state 8
[Mon Dec 05 13:45:08 2005] [error] mod_jk child workerEnv in error state 6
[Mon Dec 05 13:46:20 2005] [notice] jk2_init() Found child 6007 in scoreboard slot 7
[Mon Dec 05 13:46:20 2005] [notice] jk2_init() Found child 6006 in scoreboard slot 6
[Mon Dec 05 13:46:20 2005] [notice] jk2_init() Found child 6005 in scoreboard slot 9
[Mon Dec 05 13:46:50 2005] [notice] workerEnv.init() ok /etc/httpd/conf/workers2.properties
[Mon Dec 05 13:47:06 2005] [notice] jk2_init() Found child 6008 in scoreboard slot 8
[Mon Dec 05 13:47:06 2005] [notice] jk2_init() Found child 6009 in scoreboard slot 9
[Mon Dec 05 13:47:09 2005] [notice] jk2_init() Found child 6011 in scoreboard slot 7
[Mon Dec 05 13:47:09 2005] [notice] jk2_init() Found child 6010 in scoreboard slot 6
[Mon Dec 05 13:47:11 2005] [notice] workerEnv.init() ok /etc/httpd/conf/workers2.properties
[Mon Dec 05 13:47:11 2005] [notice] workerEnv.init() ok /etc/httpd/conf/workers2.properties
[Mon Dec 05 13:47:11 2005] [notice] workerEnv.init() ok /etc/httpd/conf/workers2.properties
[Mon Dec 05 13:47:11 2005] [notice] workerEnv.init() ok /etc/httpd/conf/workers2.properties
[Mon Dec 05 13:47:11 2005] [error] mod_jk child workerEnv in error state 7
[Mon Dec 05 13:47:11 2005] [error] mod_jk child workerEnv in error state 6
[Mon Dec 05 13:47:11 2005] [error] mod_jk child workerEnv in error state 7
[Mon Dec 05 13:47:11 2005] [error] mod_jk child workerEnv in error state 7
[Mon Dec 05 13:51:17 2005] [notice] jk2_init() Found child 6028 in scoreboard slot 9
[Mon Dec 05 13:52:19 2005] [notice] jk2_init() Found child 6036 in scoreboard slot 9
[Mon Dec 05 13:52:19 2005] [notice] jk2_init() Found child 6033 in scoreboard slot 6
[Mon Dec 05 13:52:19 2005] [notice] jk2_init() Found child 6035 in scoreboard slot 8
[Mon Dec 05 13:52:19 2005] [notice] jk2_init() Found child 6034 in scoreboard slot 7
[Mon Dec 05 13:52:33 2005] [notice] workerEnv.init() ok /etc/httpd/conf/workers2.properties
[Mon Dec 05 13:52:33 2005] [notice] workerEnv.init() ok /etc/httpd/conf/workers2.properties
[Mon Dec 05 13:52:36 2005] [error] mod_jk child workerEnv in error state 6
[Mon Dec 05 13:52:36 2005] [error] mod_jk child workerEnv in error state 6
[Mon Dec 05 13:53:00 2005] [notice] jk2_init() Found child 6038 in scoreboard slot 7
[Mon Dec 05 13:53:00 2005] [notice] jk2_init() Found child 6037 in scoreboard slot 6
[Mon Dec 05 13:53:00 2005] [notice] jk2_init() Found child 6039 in scoreboard slot 10
[Mon Dec 05 13:53:31 2005] [notice] jk2_init() Found child 6043 in scoreboard slot 9
[Mon Dec 05 13:53:31 2005] [notice] jk2_init() Found child 6042 in scoreboard slot 7
[Mon Dec 05 13:53:31 2005] [notice] jk2_init() Found child 6041 in scoreboard slot 6
[Mon Dec 05 13:53:34 2005] [notice] jk2_init() Found child 6044 in scoreboard slot 8
[Mon Dec 05 13:53:35 2005] [notice] workerEnv.init() ok /etc/httpd/conf/workers2.properties
[Mon Dec 05 13:53:35 2005] [notice] workerEnv.init() ok /etc/httpd/conf/workers2.properties
[Mon Dec 05 13:53:35 2005] [notice] workerEnv.init() ok /etc/httpd/conf/workers2.properties
[Mon Dec 05 13:53:35 2005] [notice] workerEnv.init() ok /etc/httpd/conf/workers2.properties
[Mon Dec 05 13:53:35 2005] [error] mod_jk child workerEnv in error state 6
[Mon Dec 05 13:53:35 2005] [error] mod_jk child workerEnv in error state 8
[Mon Dec 05 13:53:35 2005] [error] mod_jk child workerEnv in error state 6
[Mon Dec 05 13:53:35 2005] [error] mod_jk child workerEnv in error state 8
[Mon Dec 05 13:56:21 2005] [notice] jk2_init() Found child 6052 in scoreboard slot 6
[Mon Dec 05 13:56:38 2005] [notice] jk2_init() Found child 6053 in scoreboard slot 7
[Mon Dec 05 13:57:07 2005] [notice] jk2_init() Found child 6054 in scoreboard slot 9
[Mon Dec 05 13:57:07 2005] [notice] jk2_init() Found child 6055 in scoreboard slot 8
[Mon Dec 05 13:58:31 2005] [notice] jk2_init() Found child 6063 in scoreboard slot 8
[Mon Dec 05 13:58:31 2005] [notice] jk2_init() Found child 6062 in scoreboard slot 9
[Mon Dec 05 13:59:43 2005] [notice] jk2_init() Found child 6069 in scoreboard slot 7
[Mon Dec 05 13:59:43 2005] [notice] jk2_init() Found child 6070 in scoreboard slot 9
[Mon Dec 05 13:59:43 2005] [notice] jk2_init() Found child 6071 in scoreboard slot 8
[Mon Dec 05 14:01:47 2005] [notice] jk2_init() Found child 6100 in scoreboard slot 7
[Mon Dec 05 14:01:47 2005] [notice] jk2_init() Found child 6101 in scoreboard slot 8
[Mon Dec 05 14:01:47 2005] [notice] jk2_init() Found child 6099 in scoreboard slot 6
[Mon Dec 05 14:01:48 2005] [notice] workerEnv.init() ok /etc/httpd/conf/workers2.properties
[Mon Dec 05 14:01:48 2005] [error] mod_jk child workerEnv in error state 7
[Mon Dec 05 14:01:48 2005] [notice] workerEnv.init() ok /etc/httpd/conf/workers2.properties
[Mon Dec 05 14:01:48 2005] [error] mod_jk child workerEnv in error state 9
[Mon Dec 05 14:01:48 2005] [notice] workerEnv.init() ok /etc/httpd/conf/workers2.properties
[Mon Dec 05 14:01:48 2005] [error] mod_jk child workerEnv in error state 8
[Mon Dec 05 14:11:40 2005] [notice] jk2_init() Found child 6115 in scoreboard slot 10
[Mon Dec 05 14:11:43 2005] [error] [client 141.154.18.244] Directory index forbidden by rule: /var/www/html/
[Mon Dec 05 14:11:45 2005] [notice] workerEnv.init() ok /etc/httpd/conf/workers2.properties
[Mon Dec 05 14:11:45 2005] [error] mod_jk child workerEnv in error state 7
[Mon Dec 05 15:31:06 2005] [notice] jk2_init() Found child 6259 in scoreboard slot 6
[Mon Dec 05 15:31:06 2005] [notice] jk2_init() Found child 6260 in scoreboard slot 7
[Mon Dec 05 15:31:09 2005] [notice] jk2_init() Found child 6261 in scoreboard slot 8
[Mon Dec 05 15:31:10 2005] [notice] workerEnv.init() ok /etc/httpd/conf/workers2.properties
[Mon Dec 05 15:31:10 2005] [error] mod_jk child workerEnv in error state 6
[Mon Dec 05 15:31:10 2005] [notice] workerEnv.init() ok /etc/httpd/conf/workers2.properties
[Mon Dec 05 15:31:10 2005] [error] mod_jk child workerEnv in error state 6
[Mon Dec 05 15:31:10 2005] [notice] workerEnv.init() ok /etc/httpd/conf/workers2.properties
[Mon Dec 05 15:31:10 2005] [error] mod_jk child workerEnv in error state 6
[Mon Dec 05 15:40:59 2005] [notice] jk2_init() Found child 6277 in scoreboard slot 7
[Mon Dec 05 15:40:59 2005] [notice] jk2_init() Found child 6276 in scoreboard slot 6
[Mon Dec 05 15:41:32 2005] [notice] jk2_init() Found child 6280 in scoreboard slot 7
[Mon Dec 05 15:41:32 2005] [notice] jk2_init() Found child 6278 in scoreboard slot 8
[Mon Dec 05 15:41:32 2005] [notice] jk2_init() Found child 6279 in scoreboard slot 6
[Mon Dec 05 15:41:32 2005] [notice] workerEnv.init() ok /etc/httpd/conf/workers2.properties
[Mon Dec 05 15:41:32 2005] [error] mod_jk child workerEnv in error state 7
[Mon Dec 05 15:41:32 2005] [notice] workerEnv.init() ok /etc/httpd/conf/workers2.properties
[Mon Dec 05 15:41:32 2005] [error] mod_jk child workerEnv in error state 6
[Mon Dec 05 15:41:32 2005] [notice] workerEnv.init() ok /etc/httpd/conf/workers2.properties
[Mon Dec 05 15:41:32 2005] [error] mod_jk child workerEnv in error state 7
[Mon Dec 05 15:45:42 2005] [notice] jk2_init() Found child 6285 in scoreboard slot 8
[Mon Dec 05 15:45:44 2005] [notice] workerEnv.init() ok /etc/httpd/conf/workers2.properties
[Mon Dec 05 15:45:44 2005] [error] mod_jk child workerEnv in error state 6
[Mon Dec 05 15:50:53 2005] [notice] jk2_init() Found child 6293 in scoreboard slot 6
[Mon Dec 05 15:50:53 2005] [notice] jk2_init() Found child 6294 in scoreboard slot 7
[Mon Dec 05 15:51:18 2005] [notice] jk2_init() Found child 6297 in scoreboard slot 7
[Mon Dec 05 15:51:18 2005] [notice] jk2_init() Found child 6295 in scoreboard slot 8
[Mon Dec 05 15:51:18 2005] [notice] jk2_init() Found child 6296 in scoreboard slot 6
[Mon Dec 05 15:51:20 2005] [notice] workerEnv.init() ok /etc/httpd/conf/workers2.properties
[Mon Dec 05 15:51:20 2005] [error] mod_jk child workerEnv in error state 7
[Mon Dec 05 15:51:20 2005] [notice] workerEnv.init() ok /etc/httpd/conf/workers2.properties
[Mon Dec 05 15:51:20 2005] [error] mod_jk child workerEnv in error state 7
[Mon Dec 05 15:51:20 2005] [notice] workerEnv.init() ok /etc/httpd/conf/workers2.properties
[Mon Dec 05 15:51:20 2005] [error] mod_jk child workerEnv in error state 6
[Mon Dec 05 15:55:31 2005] [notice] jk2_init() Found child 6302 in scoreboard slot 8
[Mon Dec 05 15:55:32 2005] [notice] workerEnv.init() ok /etc/httpd/conf/workers2.properties
[Mon Dec 05 15:55:32 2005] [error] mod_jk child workerEnv in error state 6
[Mon Dec 05 16:01:17 2005] [notice] jk2_init() Found child 6310 in scoreboard slot 6
[Mon Dec 05 16:02:00 2005] [notice] jk2_init() Found child 6315 in scoreboard slot 6
[Mon Dec 05 16:02:00 2005] [notice] jk2_init() Found child 6316 in scoreboard slot 7
[Mon Dec 05 16:02:00 2005] [notice] jk2_init() Found child 6314 in scoreboard slot 8
[Mon Dec 05 16:02:02 2005] [notice] workerEnv.init() ok /etc/httpd/conf/workers2.properties
[Mon Dec 05 16:02:02 2005] [notice] workerEnv.init() ok /etc/httpd/conf/workers2.properties
[Mon Dec 05 16:02:02 2005] [notice] workerEnv.init() ok /etc/httpd/conf/workers2.properties
[Mon Dec 05 16:02:02 2005] [error] mod_jk child workerEnv in error state 6
[Mon Dec 05 16:02:02 2005] [error] mod_jk child workerEnv in error state 7
[Mon Dec 05 16:02:02 2005] [error] mod_jk child workerEnv in error state 6
[Mon Dec 05 16:06:07 2005] [notice] jk2_init() Found child 6333 in scoreboard slot 8
[Mon Dec 05 16:06:21 2005] [notice] jk2_init() Found child 6335 in scoreboard slot 7
[Mon Dec 05 16:07:08 2005] [notice] jk2_init() Found child 6339 in scoreboard slot 8
[Mon Dec 05 16:07:08 2005] [notice] jk2_init() Found child 6340 in scoreboard slot 6
[Mon Dec 05 16:07:08 2005] [notice] jk2_init() Found child 6338 in scoreboard slot 7
[Mon Dec 05 16:07:09 2005] [notice] workerEnv.init() ok /etc/httpd/conf/workers2.properties
[Mon Dec 05 16:07:09 2005] [error] mod_jk child workerEnv in error state 7
[Mon Dec 05 16:07:09 2005] [notice] workerEnv.init() ok /etc/httpd/conf/workers2.properties
[Mon Dec 05 16:07:09 2005] [error] mod_jk child workerEnv in error state 6
[Mon Dec 05 16:07:09 2005] [notice] workerEnv.init() ok /etc/httpd/conf/workers2.properties
[Mon Dec 05 16:07:09 2005] [error] mod_jk child workerEnv in error state 7
[Mon Dec 05 16:10:43 2005] [notice] jk2_init() Found child 6351 in scoreboard slot 8
[Mon Dec 05 16:10:43 2005] [notice] jk2_init() Found child 6350 in scoreboard slot 7
[Mon Dec 05 16:10:44 2005] [notice] workerEnv.init() ok /etc/httpd/conf/workers2.properties
[Mon Dec 05 16:10:44 2005] [error] mod_jk child workerEnv in error state 6
[Mon Dec 05 16:10:44 2005] [notice] workerEnv.init() ok /etc/httpd/conf/workers2.properties
[Mon Dec 05 16:10:44 2005] [error] mod_jk child workerEnv in error state 6
[Mon Dec 05 16:16:34 2005] [notice] jk2_init() Found child 6368 in scoreboard slot 8
[Mon Dec 05 16:16:34 2005] [notice] jk2_init() Found child 6367 in scoreboard slot 7
[Mon Dec 05 16:16:34 2005] [notice] jk2_init() Found child 6366 in scoreboard slot 6
[Mon Dec 05 16:16:36 2005] [notice] workerEnv.init() ok /etc/httpd/conf/workers2.properties
[Mon Dec 05 16:16:36 2005] [error] mod_jk child workerEnv in error state 6
[Mon Dec 05 16:16:36 2005] [notice] workerEnv.init() ok /etc/httpd/conf/workers2.properties
[Mon Dec 05 16:16:36 2005] [error] mod_jk child workerEnv in error state 6
[Mon Dec 05 16:16:36 2005] [notice] workerEnv.init() ok /etc/httpd/conf/workers2.properties
[Mon Dec 05 16:16:36 2005] [error] mod_jk child workerEnv in error state 6
[Mon Dec 05 16:21:25 2005] [notice] jk2_init() Found child 6387 in scoreboard slot 7
[Mon Dec 05 16:21:25 2005] [notice] jk2_init() Found child 6386 in scoreboard slot 6
[Mon Dec 05 16:21:25 2005] [notice] jk2_init() Found child 6385 in scoreboard slot 8
[Mon Dec 05 16:21:29 2005] [notice] workerEnv.init() ok /etc/httpd/conf/workers2.properties
[Mon Dec 05 16:21:29 2005] [error] mod_jk child workerEnv in error state 6
[Mon Dec 05 16:21:29 2005] [notice] workerEnv.init() ok /etc/httpd/conf/workers2.properties
[Mon Dec 05 16:21:29 2005] [error] mod_jk child workerEnv in error state 6
[Mon Dec 05 16:21:29 2005] [notice] workerEnv.init() ok /etc/httpd/conf/workers2.properties
[Mon Dec 05 16:21:29 2005] [error] mod_jk child workerEnv in error state 6
[Mon Dec 05 16:26:00 2005] [notice] jk2_init() Found child 6400 in scoreboard slot 7
[Mon Dec 05 16:26:00 2005] [notice] jk2_init() Found child 6399 in scoreboard slot 6
[Mon Dec 05 16:26:00 2005] [notice] jk2_init() Found child 6398 in scoreboard slot 8
[Mon Dec 05 16:26:05 2005] [notice] workerEnv.init() ok /etc/httpd/conf/workers2.properties
[Mon Dec 05 16:26:05 2005] [error] mod_jk child workerEnv in error state 6
[Mon Dec 05 16:26:05 2005] [notice] workerEnv.init() ok /etc/httpd/conf/workers2.properties
[Mon Dec 05 16:26:05 2005] [error] mod_jk child workerEnv in error state 6
[Mon Dec 05 16:26:05 2005] [notice] workerEnv.init() ok /etc/httpd/conf/workers2.properties
[Mon Dec 05 16:26:05 2005] [error] mod_jk child workerEnv in error state 6
[Mon Dec 05 16:31:48 2005] [notice] jk2_init() Found child 6420 in scoreboard slot 6
[Mon Dec 05 16:31:49 2005] [notice] jk2_init() Found child 6421 in scoreboard slot 7
[Mon Dec 05 16:31:49 2005] [notice] jk2_init() Found child 6422 in scoreboard slot 8
[Mon Dec 05 16:31:52 2005] [notice] workerEnv.init() ok /etc/httpd/conf/workers2.properties
[Mon Dec 05 16:31:52 2005] [notice] workerEnv.init() ok /etc/httpd/conf/workers2.properties
[Mon Dec 05 16:31:52 2005] [notice] workerEnv.init() ok /etc/httpd/conf/workers2.properties
[Mon Dec 05 16:31:52 2005] [error] mod_jk child workerEnv in error state 6
[Mon Dec 05 16:31:52 2005] [error] mod_jk child workerEnv in error state 6
[Mon Dec 05 16:31:52 2005] [error] mod_jk child workerEnv in error state 6
[Mon Dec 05 16:36:06 2005] [notice] jk2_init() Found child 6434 in scoreboard slot 7
[Mon Dec 05 16:36:06 2005] [notice] jk2_init() Found child 6433 in scoreboard slot 6
[Mon Dec 05 16:36:42 2005] [notice] jk2_init() Found child 6435 in scoreboard slot 8
[Mon Dec 05 16:37:03 2005] [notice] jk2_init() Found child 6437 in scoreboard slot 7
[Mon Dec 05 16:38:17 2005] [notice] jk2_init() Found child 6443 in scoreboard slot 7
[Mon Dec 05 16:38:17 2005] [notice] jk2_init() Found child 6442 in scoreboard slot 6
[Mon Dec 05 16:39:59 2005] [notice] jk2_init() Found child 6453 in scoreboard slot 10
[Mon Dec 05 16:39:59 2005] [notice] jk2_init() Found child 6451 in scoreboard slot 7
[Mon Dec 05 16:39:59 2005] [notice] jk2_init() Found child 6452 in scoreboard slot 8
[Mon Dec 05 16:40:06 2005] [notice] workerEnv.init() ok /etc/httpd/conf/workers2.properties
[Mon Dec 05 16:40:06 2005] [notice] workerEnv.init() ok /etc/httpd/conf/workers2.properties
[Mon Dec 05 16:40:06 2005] [notice] workerEnv.init() ok /etc/httpd/conf/workers2.properties
[Mon Dec 05 16:40:06 2005] [error] mod_jk child workerEnv in error state 9
[Mon Dec 05 16:40:06 2005] [error] mod_jk child workerEnv in error state 6
[Mon Dec 05 16:40:06 2005] [error] mod_jk child workerEnv in error state 6
[Mon Dec 05 16:45:04 2005] [error] [client 216.216.185.130] Directory index forbidden by rule: /var/www/html/
[Mon Dec 05 17:31:37 2005] [notice] jk2_init() Found child 6561 in scoreboard slot 10
[Mon Dec 05 17:31:39 2005] [error] [client 218.75.106.250] Directory index forbidden by rule: /var/www/html/
[Mon Dec 05 17:31:41 2005] [notice] workerEnv.init() ok /etc/httpd/conf/workers2.properties
[Mon Dec 05 17:31:41 2005] [error] mod_jk child workerEnv in error state 6
[Mon Dec 05 17:35:57 2005] [notice] jk2_init() Found child 6569 in scoreboard slot 8
[Mon Dec 05 17:35:57 2005] [notice] jk2_init() Found child 6568 in scoreboard slot 7
[Mon Dec 05 17:35:58 2005] [notice] workerEnv.init() ok /etc/httpd/conf/workers2.properties
[Mon Dec 05 17:35:58 2005] [error] mod_jk child workerEnv in error state 6
[Mon Dec 05 17:35:58 2005] [notice] workerEnv.init() ok /etc/httpd/conf/workers2.properties
[Mon Dec 05 17:35:58 2005] [error] mod_jk child workerEnv in error state 6
[Mon Dec 05 17:40:38 2005] [notice] jk2_init() Found child 6577 in scoreboard slot 7
[Mon Dec 05 17:40:38 2005] [notice] jk2_init() Found child 6578 in scoreboard slot 8
[Mon Dec 05 17:40:39 2005] [notice] workerEnv.init() ok /etc/httpd/conf/workers2.properties
[Mon Dec 05 17:40:39 2005] [error] mod_jk child workerEnv in error state 6
[Mon Dec 05 17:40:39 2005] [notice] workerEnv.init() ok /etc/httpd/conf/workers2.properties
[Mon Dec 05 17:40:39 2005] [error] mod_jk child workerEnv in error state 6
[Mon Dec 05 17:46:02 2005] [notice] jk2_init() Found child 6585 in scoreboard slot 7
[Mon Dec 05 17:46:02 2005] [notice] jk2_init() Found child 6586 in scoreboard slot 8
[Mon Dec 05 17:46:06 2005] [notice] workerEnv.init() ok /etc/httpd/conf/workers2.properties
[Mon Dec 05 17:46:06 2005] [notice] workerEnv.init() ok /etc/httpd/conf/workers2.properties
[Mon Dec 05 17:46:06 2005] [error] mod_jk child workerEnv in error state 6
[Mon Dec 05 17:46:06 2005] [error] mod_jk child workerEnv in error state 6
[Mon Dec 05 17:50:40 2005] [notice] jk2_init() Found child 6595 in scoreboard slot 8
[Mon Dec 05 17:50:40 2005] [notice] jk2_init() Found child 6594 in scoreboard slot 7
[Mon Dec 05 17:50:41 2005] [notice] workerEnv.init() ok /etc/httpd/conf/workers2.properties
[Mon Dec 05 17:50:41 2005] [error] mod_jk child workerEnv in error state 6
[Mon Dec 05 17:50:41 2005] [notice] workerEnv.init() ok /etc/httpd/conf/workers2.properties
[Mon Dec 05 17:50:41 2005] [error] mod_jk child workerEnv in error state 6
[Mon Dec 05 17:55:35 2005] [notice] jk2_init() Found child 6601 in scoreboard slot 8
[Mon Dec 05 17:55:35 2005] [notice] jk2_init() Found child 6600 in scoreboard slot 7
[Mon Dec 05 17:55:35 2005] [notice] workerEnv.init() ok /etc/httpd/conf/workers2.properties
[Mon Dec 05 17:55:35 2005] [notice] workerEnv.init() ok /etc/httpd/conf/workers2.properties
[Mon Dec 05 17:55:35 2005] [error] mod_jk child workerEnv in error state 6
[Mon Dec 05 17:55:35 2005] [error] mod_jk child workerEnv in error state 6
[Mon Dec 05 18:00:24 2005] [notice] jk2_init() Found child 6609 in scoreboard slot 7
[Mon Dec 05 18:00:26 2005] [notice] workerEnv.init() ok /etc/httpd/conf/workers2.properties
[Mon Dec 05 18:00:26 2005] [error] mod_jk child workerEnv in error state 6
[Mon Dec 05 18:10:56 2005] [notice] jk2_init() Found child 6639 in scoreboard slot 7
[Mon Dec 05 18:10:56 2005] [notice] jk2_init() Found child 6638 in scoreboard slot 8
[Mon Dec 05 18:10:58 2005] [notice] workerEnv.init() ok /etc/httpd/conf/workers2.properties
[Mon Dec 05 18:10:58 2005] [error] mod_jk child workerEnv in error state 6
[Mon Dec 05 18:10:58 2005] [notice] workerEnv.init() ok /etc/httpd/conf/workers2.properties
[Mon Dec 05 18:10:58 2005] [error] mod_jk child workerEnv in error state 6
[Mon Dec 05 18:15:45 2005] [notice] jk2_init() Found child 6652 in scoreboard slot 7
[Mon Dec 05 18:15:45 2005] [notice] jk2_init() Found child 6651 in scoreboard slot 8
[Mon Dec 05 18:15:47 2005] [notice] workerEnv.init() ok /etc/httpd/conf/workers2.properties
[Mon Dec 05 18:15:47 2005] [notice] workerEnv.init() ok /etc/httpd/conf/workers2.properties
[Mon Dec 05 18:15:47 2005] [error] mod_jk child workerEnv in error state 6
[Mon Dec 05 18:15:47 2005] [error] mod_jk child workerEnv in error state 6
[Mon Dec 05 18:20:51 2005] [notice] jk2_init() Found child 6670 in scoreboard slot 7
[Mon Dec 05 18:20:51 2005] [notice] jk2_init() Found child 6669 in scoreboard slot 8
[Mon Dec 05 18:20:53 2005] [notice] workerEnv.init() ok /etc/httpd/conf/workers2.properties
[Mon Dec 05 18:20:53 2005] [error] mod_jk child workerEnv in error state 6
[Mon Dec 05 18:20:53 2005] [notice] workerEnv.init() ok /etc/httpd/conf/workers2.properties
[Mon Dec 05 18:20:53 2005] [error] mod_jk child workerEnv in error state 6
[Mon Dec 05 18:26:06 2005] [notice] jk2_init() Found child 6684 in scoreboard slot 7
[Mon Dec 05 18:27:29 2005] [notice] jk2_init() Found child 6688 in scoreboard slot 8
[Mon Dec 05 18:27:33 2005] [notice] workerEnv.init() ok /etc/httpd/conf/workers2.properties
[Mon Dec 05 18:27:33 2005] [error] mod_jk child workerEnv in error state 6
[Mon Dec 05 18:27:37 2005] [notice] jk2_init() Found child 6689 in scoreboard slot 7
[Mon Dec 05 18:27:37 2005] [notice] workerEnv.init() ok /etc/httpd/conf/workers2.properties
[Mon Dec 05 18:27:37 2005] [error] mod_jk child workerEnv in error state 7
[Mon Dec 05 18:35:51 2005] [notice] jk2_init() Found child 6707 in scoreboard slot 8
[Mon Dec 05 18:35:51 2005] [notice] jk2_init() Found child 6708 in scoreboard slot 7
[Mon Dec 05 18:35:53 2005] [notice] workerEnv.init() ok /etc/httpd/conf/workers2.properties
[Mon Dec 05 18:35:53 2005] [error] mod_jk child workerEnv in error state 6
[Mon Dec 05 18:35:53 2005] [notice] workerEnv.init() ok /etc/httpd/conf/workers2.properties
[Mon Dec 05 18:35:53 2005] [error] mod_jk child workerEnv in error state 6
[Mon Dec 05 18:40:54 2005] [notice] jk2_init() Found child 6719 in scoreboard slot 7
[Mon Dec 05 18:40:54 2005] [notice] jk2_init() Found child 6718 in scoreboard slot 8
[Mon Dec 05 18:40:54 2005] [notice] workerEnv.init() ok /etc/httpd/conf/workers2.properties
[Mon Dec 05 18:40:54 2005] [error] mod_jk child workerEnv in error state 6
[Mon Dec 05 18:40:54 2005] [notice] workerEnv.init() ok /etc/httpd/conf/workers2.properties
[Mon Dec 05 18:40:54 2005] [error] mod_jk child workerEnv in error state 6
[Mon Dec 05 18:45:51 2005] [notice] jk2_init() Found child 6725 in scoreboard slot 7
[Mon Dec 05 18:45:51 2005] [notice] jk2_init() Found child 6724 in scoreboard slot 8
[Mon Dec 05 18:45:53 2005] [notice] workerEnv.init() ok /etc/httpd/conf/workers2.properties
[Mon Dec 05 18:45:53 2005] [error] mod_jk child workerEnv in error state 6
[Mon Dec 05 18:45:53 2005] [notice] workerEnv.init() ok /etc/httpd/conf/workers2.properties
[Mon Dec 05 18:45:53 2005] [error] mod_jk child workerEnv in error state 6
[Mon Dec 05 18:50:30 2005] [notice] jk2_init() Found child 6733 in scoreboard slot 8
[Mon Dec 05 18:50:31 2005] [notice] workerEnv.init() ok /etc/httpd/conf/workers2.properties
[Mon Dec 05 18:50:31 2005] [error] mod_jk child workerEnv in error state 6
[Mon Dec 05 18:56:03 2005] [notice] jk2_init() Found child 6740 in scoreboard slot 7
[Mon Dec 05 18:56:03 2005] [notice] jk2_init() Found child 6741 in scoreboard slot 8
[Mon Dec 05 18:56:04 2005] [notice] workerEnv.init() ok /etc/httpd/conf/workers2.properties
[Mon Dec 05 18:56:04 2005] [error] mod_jk child workerEnv in error state 6
[Mon Dec 05 18:56:04 2005] [notice] workerEnv.init() ok /etc/httpd/conf/workers2.properties
[Mon Dec 05 18:56:04 2005] [error] mod_jk child workerEnv in error state 6
[Mon Dec 05 19:00:43 2005] [notice] jk2_init() Found child 6750 in scoreboard slot 8
[Mon Dec 05 19:00:43 2005] [notice] jk2_init() Found child 6749 in scoreboard slot 7
[Mon Dec 05 19:00:44 2005] [notice] workerEnv.init() ok /etc/httpd/conf/workers2.properties
[Mon Dec 05 19:00:44 2005] [notice] workerEnv.init() ok /etc/httpd/conf/workers2.properties
[Mon Dec 05 19:00:44 2005] [error] mod_jk child workerEnv in error state 6
[Mon Dec 05 19:00:44 2005] [error] mod_jk child workerEnv in error state 6
[Mon Dec 05 19:00:54 2005] [notice] jk2_init() Found child 6751 in scoreboard slot 10
[Mon Dec 05 19:00:54 2005] [notice] workerEnv.init() ok /etc/httpd/conf/workers2.properties
[Mon Dec 05 19:00:54 2005] [error] mod_jk child workerEnv in error state 6
[Mon Dec 05 19:00:56 2005] [error] [client 68.228.3.15] Directory index forbidden by rule: /var/www/html/
[Mon Dec 05 19:11:00 2005] [notice] jk2_init() Found child 6780 in scoreboard slot 7
[Mon Dec 05 19:11:04 2005] [notice] workerEnv.init() ok /etc/httpd/conf/workers2.properties
[Mon Dec 05 19:11:04 2005] [error] mod_jk child workerEnv in error state 6
[Mon Dec 05 19:14:08 2005] [notice] jk2_init() Found child 6784 in scoreboard slot 8
[Mon Dec 05 19:14:09 2005] [error] [client 61.220.139.68] Directory index forbidden by rule: /var/www/html/
[Mon Dec 05 19:14:11 2005] [notice] workerEnv.init() ok /etc/httpd/conf/workers2.properties
[Mon Dec 05 19:14:11 2005] [error] mod_jk child workerEnv in error state 6
[Mon Dec 05 19:15:55 2005] [notice] jk2_init() Found child 6791 in scoreboard slot 8
[Mon Dec 05 19:15:55 2005] [notice] jk2_init() Found child 6790 in scoreboard slot 7
[Mon Dec 05 19:15:57 2005] [notice] workerEnv.init() ok /etc/httpd/conf/workers2.properties
[Mon Dec 05 19:15:57 2005] [error] mod_jk child workerEnv in error state 6