[Sun Dec 04 04:47:44 2005] [notice] workerEnv.init() ok /etc/httpd/conf/workers2.properties
[Sun Dec 04 04:47:44 2005] [error] mod_jk child workerEnv in error state 6
[Sun Dec 04 04:51:08 2005] [notice] jk2_init() Found child 6725 in scoreboard slot 10
[Sun Dec 04 04:51:09 2005] [notice] jk2_init() Found child 6726 in scoreboard slot 8
[Sun Dec 04 04:51:09 2005] [notice] jk2_init() Found child 6728 in scoreboard slot 6
[Sun Dec 04 04:51:14 2005] [notice] workerEnv.init() ok /etc/httpd/conf/workers2.properties
[Sun Dec 04 04:51:14 2005] [notice] workerEnv.init() ok /etc/httpd/conf/workers2.properties
[Sun Dec 04 04:51:14 2005] [notice] workerEnv.init() ok /etc/httpd/conf/workers2.properties
[Sun Dec 04 04:51:18 2005] [error] mod_jk child workerEnv in error state 6
[Sun Dec 04 04:51:18 2005] [error] mod_jk child workerEnv in error state 6
[Sun Dec 04 04:51:18 2005] [error] mod_jk child workerEnv in error state 6
[Sun Dec 04 04:51:37 2005] [notice] jk2_init() Found child 6736 in scoreboard slot 10
[Sun Dec 04 04:51:38 2005] [notice] jk2_init() Found child 6733 in scoreboard slot 7
[Sun Dec 04 04:51:38 2005] [notice] jk2_init() Found child 6734 in scoreboard slot 9
[Sun Dec 04 04:51:52 2005] [notice] workerEnv.init() ok /etc/httpd/conf/workers2.properties
[Sun Dec 04 04:51:52 2005] [notice] workerEnv.init() ok /etc/httpd/conf/workers2.properties
[Sun Dec 04 04:51:55 2005] [error] mod_jk child workerEnv in error state 6
[Sun Dec 04 04:52:04 2005] [notice] jk2_init() Found child 6738 in scoreboard slot 6
[Sun Dec 04 04:52:04 2005] [notice] jk2_init() Found child 6741 in scoreboard slot 9
[Sun Dec 04 04:52:05 2005] [notice] jk2_init() Found child 6740 in scoreboard slot 7
[Sun Dec 04 04:52:05 2005] [notice] jk2_init() Found child 6737 in scoreboard slot 8
[Sun Dec 04 04:52:12 2005] [notice] workerEnv.init() ok /etc/httpd/conf/workers2.properties
[Sun Dec 04 04:52:12 2005] [notice] workerEnv.init() ok /etc/httpd/conf/workers2.properties
[Sun Dec 04 04:52:12 2005] [notice] workerEnv.init() ok /etc/httpd/conf/workers2.properties
[Sun Dec 04 04:52:15 2005] [error] mod_jk child workerEnv in error state 6
[Sun Dec 04 04:52:15 2005] [error] mod_jk child workerEnv in error state 7
[Sun Dec 04 04:52:15 2005] [error] mod_jk child workerEnv in error state 7
[Sun Dec 04 04:52:36 2005] [notice] jk2_init() Found child 6748 in scoreboard slot 6
[Sun Dec 04 04:52:36 2005] [notice] jk2_init() Found child 6744 in scoreboard slot 10
[Sun Dec 04 04:52:36 2005] [notice] jk2_init() Found child 6745 in scoreboard slot 8
[Sun Dec 04 04:52:49 2005] [notice] workerEnv.init() ok /etc/httpd/conf/workers2.properties
[Sun Dec 04 04:52:49 2005] [notice] workerEnv.init() ok /etc/httpd/conf/workers2.properties
[Sun Dec 04 04:52:52 2005] [error] mod_jk child workerEnv in error state 7
[Sun Dec 04 04:52:52 2005] [error] mod_jk child workerEnv in error state 6
[Sun Dec 04 04:53:05 2005] [notice] jk2_init() Found child 6750 in scoreboard slot 7
[Sun Dec 04 04:53:05 2005] [notice] jk2_init() Found child 6751 in scoreboard slot 9
[Sun Dec 04 04:53:05 2005] [notice] jk2_init() Found child 6752 in scoreboard slot 10
[Sun Dec 04 04:53:15 2005] [notice] workerEnv.init() ok /etc/httpd/conf/workers2.properties
[Sun Dec 04 04:53:15 2005] [notice] workerEnv.init() ok /etc/httpd/conf/workers2.properties
[Sun Dec 04 04:53:16 2005] [error] mod_jk child workerEnv in error state 7
[Sun Dec 04 04:53:16 2005] [error] mod_jk child workerEnv in error state 6
[Sun Dec 04 04:53:29 2005] [notice] jk2_init() Found child 6754 in scoreboard slot 8
[Sun Dec 04 04:53:29 2005] [notice] jk2_init() Found child 6755 in scoreboard slot 6
[Sun Dec 04 04:53:40 2005] [notice] jk2_init() Found child 6756 in scoreboard slot 7
[Sun Dec 04 04:53:51 2005] [notice] workerEnv.init() ok /etc/httpd/conf/workers2.properties
[Sun Dec 04 04:53:54 2005] [error] mod_jk child workerEnv in error state 7
[Sun Dec 04 04:54:15 2005] [notice] jk2_init() Found child 6763 in scoreboard slot 10
[Sun Dec 04 04:54:15 2005] [notice] jk2_init() Found child 6766 in scoreboard slot 6
[Sun Dec 04 04:54:15 2005] [notice] jk2_init() Found child 6767 in scoreboard slot 7
[Sun Dec 04 04:54:15 2005] [notice] jk2_init() Found child 6765 in scoreboard slot 8
[Sun Dec 04 04:54:18 2005] [notice] workerEnv.init() ok /etc/httpd/conf/workers2.properties
[Sun Dec 04 04:54:18 2005] [notice] workerEnv.init() ok /etc/httpd/conf/workers2.properties
[Sun Dec 04 04:54:18 2005] [notice] workerEnv.init() ok /etc/httpd/conf/workers2.properties
[Sun Dec 04 04:54:18 2005] [notice] workerEnv.init() ok /etc/httpd/conf/workers2.properties
[Sun Dec 04 04:54:18 2005] [error] mod_jk child workerEnv in error state 6
[Sun Dec 04 04:54:18 2005] [error] mod_jk child workerEnv in error state 6
[Sun Dec 04 04:54:18 2005] [error] mod_jk child workerEnv in error state 7
[Sun Dec 04 04:54:18 2005] [error] mod_jk child workerEnv in error state 7
[Sun Dec 04 04:54:20 2005] [notice] jk2_init() Found child 6768 in scoreboard slot 9
[Sun Dec 04 04:54:20 2005] [notice] workerEnv.init() ok /etc/httpd/conf/workers2.properties
[Sun Dec 04 04:54:20 2005] [error] mod_jk child workerEnv in error state 6
[Sun Dec 04 04:56:52 2005] [notice] jk2_init() Found child 8527 in scoreboard slot 10
[Sun Dec 04 04:56:52 2005] [notice] jk2_init() Found child 8533 in scoreboard slot 8
[Sun Dec 04 04:56:57 2005] [notice] workerEnv.init() ok /etc/httpd/conf/workers2.properties
[Sun Dec 04 04:56:57 2005] [notice] workerEnv.init() ok /etc/httpd/conf/workers2.properties
[Sun Dec 04 04:56:59 2005] [error] mod_jk child workerEnv in error state 6
[Sun Dec 04 04:57:00 2005] [error] mod_jk child workerEnv in error state 6
[Sun Dec 04 04:57:20 2005] [notice] jk2_init() Found child 8536 in scoreboard slot 6
[Sun Dec 04 04:57:20 2005] [notice] jk2_init() Found child 8539 in scoreboard slot 7
[Sun Dec 04 04:57:24 2005] [notice] workerEnv.init() ok /etc/httpd/conf/workers2.properties
[Sun Dec 04 04:57:24 2005] [notice] workerEnv.init() ok /etc/httpd/conf/workers2.properties
[Sun Dec 04 04:57:24 2005] [error] mod_jk child workerEnv in error state 6
[Sun Dec 04 04:57:24 2005] [error] mod_jk child workerEnv in error state 6
[Sun Dec 04 04:57:49 2005] [notice] jk2_init() Found child 8541 in scoreboard slot 9
[Sun Dec 04 04:58:11 2005] [notice] workerEnv.init() ok /etc/httpd/conf/workers2.properties
[Sun Dec 04 04:58:18 2005] [error] mod_jk child workerEnv in error state 6
[Sun Dec 04 04:58:45 2005] [notice] jk2_init() Found child 8547 in scoreboard slot 10
[Sun Dec 04 04:58:57 2005] [notice] workerEnv.init() ok /etc/httpd/conf/workers2.properties
[Sun Dec 04 04:58:58 2005] [error] mod_jk child workerEnv in error state 6
[Sun Dec 04 04:59:28 2005] [notice] jk2_init() Found child 8554 in scoreboard slot 6
[Sun Dec 04 04:59:27 2005] [notice] jk2_init() Found child 8553 in scoreboard slot 8
[Sun Dec 04 04:59:35 2005] [notice] workerEnv.init() ok /etc/httpd/conf/workers2.properties
[Sun Dec 04 04:59:35 2005] [notice] workerEnv.init() ok /etc/httpd/conf/workers2.properties
[Sun Dec 04 04:59:38 2005] [error] mod_jk child workerEnv in error state 6
[Sun Dec 04 04:59:38 2005] [error] mod_jk child workerEnv in error state 6
[Sun Dec 04 05:00:03 2005] [notice] jk2_init() Found child 8560 in scoreboard slot 7
[Sun Dec 04 05:00:09 2005] [notice] workerEnv.init() ok /etc/httpd/conf/workers2.properties
[Sun Dec 04 05:00:09 2005] [error] mod_jk child workerEnv in error state 6
[Sun Dec 04 05:00:13 2005] [notice] jk2_init() Found child 8565 in scoreboard slot 9
[Sun Dec 04 05:00:13 2005] [notice] jk2_init() Found child 8573 in scoreboard slot 10
[Sun Dec 04 05:00:15 2005] [notice] workerEnv.init() ok /etc/httpd/conf/workers2.properties
[Sun Dec 04 05:00:15 2005] [error] mod_jk child workerEnv in error state 6
[Sun Dec 04 05:00:15 2005] [notice] workerEnv.init() ok /etc/httpd/conf/workers2.properties
[Sun Dec 04 05:00:15 2005] [error] mod_jk child workerEnv in error state 6
[Sun Dec 04 05:01:20 2005] [notice] jk2_init() Found child 8584 in scoreboard slot 7
[Sun Dec 04 05:01:20 2005] [notice] jk2_init() Found child 8587 in scoreboard slot 9
[Sun Dec 04 05:02:14 2005] [notice] jk2_init() Found child 8603 in scoreboard slot 10
[Sun Dec 04 05:02:14 2005] [notice] jk2_init() Found child 8605 in scoreboard slot 8
[Sun Dec 04 05:04:03 2005] [notice] jk2_init() Found child 8764 in scoreboard slot 10
[Sun Dec 04 05:04:03 2005] [notice] jk2_init() Found child 8765 in scoreboard slot 11
[Sun Dec 04 05:04:03 2005] [notice] jk2_init() Found child 8763 in scoreboard slot 9
[Sun Dec 04 05:04:03 2005] [notice] jk2_init() Found child 8744 in scoreboard slot 8
[Sun Dec 04 05:04:03 2005] [notice] jk2_init() Found child 8743 in scoreboard slot 7
[Sun Dec 04 05:04:03 2005] [notice] jk2_init() Found child 8738 in scoreboard slot 6
[Sun Dec 04 05:04:03 2005] [notice] jk2_init() Found child 8766 in scoreboard slot 12
[Sun Dec 04 05:04:04 2005] [notice] workerEnv.init() ok /etc/httpd/conf/workers2.properties
[Sun Dec 04 05:04:04 2005] [error] mod_jk child workerEnv in error state 7
[Sun Dec 04 05:04:04 2005] [notice] workerEnv.init() ok /etc/httpd/conf/workers2.properties
[Sun Dec 04 05:04:04 2005] [error] mod_jk child workerEnv in error state 6
[Sun Dec 04 05:04:04 2005] [notice] workerEnv.init() ok /etc/httpd/conf/workers2.properties
[Sun Dec 04 05:04:04 2005] [error] mod_jk child workerEnv in error state 7
[Sun Dec 04 05:04:04 2005] [notice] workerEnv.init() ok /etc/httpd/conf/workers2.properties
[Sun Dec 04 05:04:04 2005] [error] mod_jk child workerEnv in error state 7
[Sun Dec 04 05:04:04 2005] [notice] workerEnv.init() ok /etc/httpd/conf/workers2.properties
[Sun Dec 04 05:04:04 2005] [error] mod_jk child workerEnv in error state 7
[Sun Dec 04 05:04:04 2005] [notice] workerEnv.init() ok /etc/httpd/conf/workers2.properties
[Sun Dec 04 05:04:04 2005] [error] mod_jk child workerEnv in error state 6
[Sun Dec 04 05:04:04 2005] [notice] workerEnv.init() ok /etc/httpd/conf/workers2.properties
[Sun Dec 04 05:04:04 2005] [error] mod_jk child workerEnv in error state 6
[Sun Dec 04 05:11:51 2005] [notice] jk2_init() Found child 25792 in scoreboard slot 6
[Sun Dec 04 05:12:07 2005] [notice] workerEnv.init() ok /etc/httpd/conf/workers2.properties
[Sun Dec 04 05:12:10 2005] [error] mod_jk child workerEnv in error state 6
[Sun Dec 04 05:12:26 2005] [notice] jk2_init() Found child 25798 in scoreboard slot 7
[Sun Dec 04 05:12:26 2005] [notice] jk2_init() Found child 25803 in scoreboard slot 8
[Sun Dec 04 05:12:28 2005] [notice] workerEnv.init() ok /etc/httpd/conf/workers2.properties
[Sun Dec 04 05:12:28 2005] [error] mod_jk child workerEnv in error state 6
[Sun Dec 04 05:12:28 2005] [notice] workerEnv.init() ok /etc/httpd/conf/workers2.properties
[Sun Dec 04 05:12:28 2005] [error] mod_jk child workerEnv in error state 6
[Sun Dec 04 05:12:30 2005] [notice] jk2_init() Found child 25805 in scoreboard slot 9
[Sun Dec 04 05:12:30 2005] [notice] workerEnv.init() ok /etc/httpd/conf/workers2.properties
[Sun Dec 04 05:12:30 2005] [error] mod_jk child workerEnv in error state 6
[Sun Dec 04 05:15:09 2005] [error] [client 222.166.160.184] Directory index forbidden by rule: /var/www/html/
[Sun Dec 04 05:15:13 2005] [notice] jk2_init() Found child 1000 in scoreboard slot 10
[Sun Dec 04 05:15:16 2005] [notice] workerEnv.init() ok /etc/httpd/conf/workers2.properties
[Sun Dec 04 05:15:16 2005] [error] mod_jk child workerEnv in error state 6
[Sun Dec 04 06:01:00 2005] [notice] jk2_init() Found child 32347 in scoreboard slot 6
[Sun Dec 04 06:01:00 2005] [notice] jk2_init() Found child 32348 in scoreboard slot 7
[Sun Dec 04 06:01:21 2005] [notice] workerEnv.init() ok /etc/httpd/conf/workers2.properties
[Sun Dec 04 06:01:21 2005] [notice] workerEnv.init() ok /etc/httpd/conf/workers2.properties
[Sun Dec 04 06:01:30 2005] [error] mod_jk child workerEnv in error state 6
[Sun Dec 04 06:01:42 2005] [notice] jk2_init() Found child 32352 in scoreboard slot 9
[Sun Dec 04 06:01:42 2005] [notice] jk2_init() Found child 32353 in scoreboard slot 10
[Sun Dec 04 06:01:42 2005] [notice] jk2_init() Found child 32354 in scoreboard slot 6
[Sun Dec 04 06:02:01 2005] [notice] workerEnv.init() ok /etc/httpd/conf/workers2.properties
[Sun Dec 04 06:02:02 2005] [error] mod_jk child workerEnv in error state 7
[Sun Dec 04 06:02:05 2005] [notice] jk2_init() Found child 32359 in scoreboard slot 9
[Sun Dec 04 06:02:05 2005] [notice] jk2_init() Found child 32360 in scoreboard slot 11
[Sun Dec 04 06:02:05 2005] [notice] jk2_init() Found child 32358 in scoreboard slot 8
[Sun Dec 04 06:02:05 2005] [notice] jk2_init() Found child 32355 in scoreboard slot 7
[Sun Dec 04 06:02:07 2005] [notice] workerEnv.init() ok /etc/httpd/conf/workers2.properties
[Sun Dec 04 06:02:07 2005] [error] mod_jk child workerEnv in error state 7
[Sun Dec 04 06:02:07 2005] [notice] workerEnv.init() ok /etc/httpd/conf/workers2.properties
[Sun Dec 04 06:02:07 2005] [error] mod_jk child workerEnv in error state 6
[Sun Dec 04 06:02:07 2005] [notice] workerEnv.init() ok /etc/httpd/conf/workers2.properties
[Sun Dec 04 06:02:07 2005] [error] mod_jk child workerEnv in error state 6
[Sun Dec 04 06:02:07 2005] [notice] workerEnv.init() ok /etc/httpd/conf/workers2.properties
[Sun Dec 04 06:02:07 2005] [error] mod_jk child workerEnv in error state 6
[Sun Dec 04 06:06:00 2005] [notice] jk2_init() Found child 32388 in scoreboard slot 8
[Sun Dec 04 06:06:00 2005] [notice] jk2_init() Found child 32387 in scoreboard slot 7
[Sun Dec 04 06:06:00 2005] [notice] jk2_init() Found child 32386 in scoreboard slot 6
[Sun Dec 04 06:06:10 2005] [notice] workerEnv.init() ok /etc/httpd/conf/workers2.properties
[Sun Dec 04 06:06:11 2005] [notice] workerEnv.init() ok /etc/httpd/conf/workers2.properties
[Sun Dec 04 06:06:12 2005] [error] mod_jk child workerEnv in error state 6
[Sun Dec 04 06:06:12 2005] [error] mod_jk child workerEnv in error state 6
[Sun Dec 04 06:06:20 2005] [notice] jk2_init() Found child 32389 in scoreboard slot 9
[Sun Dec 04 06:06:24 2005] [notice] jk2_init() Found child 32391 in scoreboard slot 10
[Sun Dec 04 06:06:24 2005] [notice] jk2_init() Found child 32390 in scoreboard slot 8
[Sun Dec 04 06:06:24 2005] [notice] jk2_init() Found child 32392 in scoreboard slot 6
[Sun Dec 04 06:06:26 2005] [notice] workerEnv.init() ok /etc/httpd/conf/workers2.properties
[Sun Dec 04 06:06:26 2005] [error] mod_jk child workerEnv in error state 7
[Sun Dec 04 06:06:26 2005] [notice] workerEnv.init() ok /etc/httpd/conf/workers2.properties
[Sun Dec 04 06:06:26 2005] [error] mod_jk child workerEnv in error state 6
[Sun Dec 04 06:06:26 2005] [notice] workerEnv.init() ok /etc/httpd/conf/workers2.properties
[Sun Dec 04 06:06:26 2005] [error] mod_jk child workerEnv in error state 6
[Sun Dec 04 06:06:26 2005] [notice] workerEnv.init() ok /etc/httpd/conf/workers2.properties
[Sun Dec 04 06:06:26 2005] [error] mod_jk child workerEnv in error state 7
[Sun Dec 04 06:11:11 2005] [notice] jk2_init() Found child 32410 in scoreboard slot 7
[Sun Dec 04 06:11:11 2005] [notice] jk2_init() Found child 32411 in scoreboard slot 9
[Sun Dec 04 06:12:31 2005] [notice] jk2_init() Found child 32423 in scoreboard slot 9
[Sun Dec 04 06:12:31 2005] [notice] jk2_init() Found child 32422 in scoreboard slot 8
[Sun Dec 04 06:12:31 2005] [notice] jk2_init() Found child 32419 in scoreboard slot 6
[Sun Dec 04 06:12:31 2005] [notice] jk2_init() Found child 32421 in scoreboard slot 11
[Sun Dec 04 06:12:31 2005] [notice] jk2_init() Found child 32420 in scoreboard slot 7
[Sun Dec 04 06:12:31 2005] [notice] jk2_init() Found child 32424 in scoreboard slot 10
[Sun Dec 04 06:12:37 2005] [notice] workerEnv.init() ok /etc/httpd/conf/workers2.properties
[Sun Dec 04 06:12:37 2005] [notice] workerEnv.init() ok /etc/httpd/conf/workers2.properties
[Sun Dec 04 06:12:37 2005] [notice] workerEnv.init() ok /etc/httpd/conf/workers2.properties
[Sun Dec 04 06:12:37 2005] [notice] workerEnv.init() ok /etc/httpd/conf/workers2.properties
[Sun Dec 04 06:12:37 2005] [notice] workerEnv.init() ok /etc/httpd/conf/workers2.properties
[Sun Dec 04 06:12:40 2005] [error] mod_jk child workerEnv in error state 6
[Sun Dec 04 06:12:40 2005] [error] mod_jk child workerEnv in error state 6
[Sun Dec 04 06:12:40 2005] [error] mod_jk child workerEnv in error state 6
[Sun Dec 04 06:12:40 2005] [error] mod_jk child workerEnv in error state 7
[Sun Dec 04 06:12:40 2005] [error] mod_jk child workerEnv in error state 7
[Sun Dec 04 06:12:59 2005] [notice] jk2_init() Found child 32425 in scoreboard slot 6
[Sun Dec 04 06:13:01 2005] [notice] workerEnv.init() ok /etc/httpd/conf/workers2.properties
[Sun Dec 04 06:13:01 2005] [error] mod_jk child workerEnv in error state 6
[Sun Dec 04 06:16:10 2005] [notice] jk2_init() Found child 32432 in scoreboard slot 7
[Sun Dec 04 06:16:10 2005] [notice] jk2_init() Found child 32434 in scoreboard slot 9
[Sun Dec 04 06:16:10 2005] [notice] jk2_init() Found child 32433 in scoreboard slot 8
[Sun Dec 04 06:16:21 2005] [notice] workerEnv.init() ok /etc/httpd/conf/workers2.properties
[Sun Dec 04 06:16:21 2005] [notice] workerEnv.init() ok /etc/httpd/conf/workers2.properties
[Sun Dec 04 06:16:23 2005] [error] mod_jk child workerEnv in error state 6
[Sun Dec 04 06:16:23 2005] [error] mod_jk child workerEnv in error state 7
[Sun Dec 04 06:16:21 2005] [notice] jk2_init() Found child 32435 in scoreboard slot 10
[Sun Dec 04 06:16:21 2005] [notice] workerEnv.init() ok /etc/httpd/conf/workers2.properties
[Sun Dec 04 06:16:23 2005] [error] mod_jk child workerEnv in error state 6
[Sun Dec 04 06:16:37 2005] [notice] workerEnv.init() ok /etc/httpd/conf/workers2.properties
[Sun Dec 04 06:16:39 2005] [error] mod_jk child workerEnv in error state 6
[Sun Dec 04 06:16:51 2005] [notice] jk2_init() Found child 32436 in scoreboard slot 6
[Sun Dec 04 06:16:51 2005] [notice] jk2_init() Found child 32437 in scoreboard slot 7
[Sun Dec 04 06:17:02 2005] [notice] workerEnv.init() ok /etc/httpd/conf/workers2.properties
[Sun Dec 04 06:17:02 2005] [notice] workerEnv.init() ok /etc/httpd/conf/workers2.properties
[Sun Dec 04 06:17:05 2005] [error] mod_jk child workerEnv in error state 6
[Sun Dec 04 06:17:06 2005] [notice] jk2_init() Found child 32438 in scoreboard slot 8
[Sun Dec 04 06:17:18 2005] [notice] workerEnv.init() ok /etc/httpd/conf/workers2.properties
[Sun Dec 04 06:17:24 2005] [error] mod_jk child workerEnv in error state 6
[Sun Dec 04 06:17:23 2005] [notice] jk2_init() Found child 32440 in scoreboard slot 10
[Sun Dec 04 06:17:23 2005] [notice] jk2_init() Found child 32439 in scoreboard slot 9
[Sun Dec 04 06:17:23 2005] [notice] jk2_init() Found child 32441 in scoreboard slot 6
[Sun Dec 04 06:17:33 2005] [notice] workerEnv.init() ok /etc/httpd/conf/workers2.properties
[Sun Dec 04 06:17:33 2005] [notice] workerEnv.init() ok /etc/httpd/conf/workers2.properties
[Sun Dec 04 06:17:35 2005] [error] mod_jk child workerEnv in error state 6
[Sun Dec 04 06:17:35 2005] [error] mod_jk child workerEnv in error state 7
[Sun Dec 04 06:17:55 2005] [notice] jk2_init() Found child 32442 in scoreboard slot 7
[Sun Dec 04 06:17:55 2005] [notice] jk2_init() Found child 32443 in scoreboard slot 8
[Sun Dec 04 06:17:55 2005] [notice] jk2_init() Found child 32444 in scoreboard slot 9
[Sun Dec 04 06:18:08 2005] [notice] workerEnv.init() ok /etc/httpd/conf/workers2.properties
[Sun Dec 04 06:18:08 2005] [notice] workerEnv.init() ok /etc/httpd/conf/workers2.properties
[Sun Dec 04 06:18:11 2005] [error] mod_jk child workerEnv in error state 7
[Sun Dec 04 06:18:11 2005] [error] mod_jk child workerEnv in error state 6
[Sun Dec 04 06:18:12 2005] [notice] jk2_init() Found child 32445 in scoreboard slot 10
[Sun Dec 04 06:18:23 2005] [notice] workerEnv.init() ok /etc/httpd/conf/workers2.properties
[Sun Dec 04 06:18:31 2005] [error] mod_jk child workerEnv in error state 6
[Sun Dec 04 06:18:41 2005] [notice] jk2_init() Found child 32447 in scoreboard slot 7
[Sun Dec 04 06:18:39 2005] [notice] jk2_init() Found child 32446 in scoreboard slot 6
[Sun Dec 04 06:18:40 2005] [notice] jk2_init() Found child 32448 in scoreboard slot 8
[Sun Dec 04 06:18:53 2005] [notice] workerEnv.init() ok /etc/httpd/conf/workers2.properties
[Sun Dec 04 06:18:53 2005] [notice] workerEnv.init() ok /etc/httpd/conf/workers2.properties
[Sun Dec 04 06:18:55 2005] [error] mod_jk child workerEnv in error state 6
[Sun Dec 04 06:18:55 2005] [error] mod_jk child workerEnv in error state 7
[Sun Dec 04 06:19:05 2005] [notice] jk2_init() Found child 32449 in scoreboard slot 9
[Sun Dec 04 06:19:15 2005] [notice] workerEnv.init() ok /etc/httpd/conf/workers2.properties
[Sun Dec 04 06:19:19 2005] [notice] jk2_init() Found child 32450 in scoreboard slot 10
[Sun Dec 04 06:19:18 2005] [error] mod_jk child workerEnv in error state 6
[Sun Dec 04 06:19:19 2005] [notice] jk2_init() Found child 32452 in scoreboard slot 7
[Sun Dec 04 06:19:19 2005] [notice] jk2_init() Found child 32451 in scoreboard slot 6
[Sun Dec 04 06:19:31 2005] [notice] workerEnv.init() ok /etc/httpd/conf/workers2.properties
[Sun Dec 04 06:19:31 2005] [notice] workerEnv.init() ok /etc/httpd/conf/workers2.properties
[Sun Dec 04 06:19:34 2005] [error] mod_jk child workerEnv in error state 6
[Sun Dec 04 06:19:34 2005] [error] mod_jk child workerEnv in error state 7
[Sun Dec 04 06:19:56 2005] [notice] jk2_init() Found child 32454 in scoreboard slot 7
[Sun Dec 04 06:19:56 2005] [notice] jk2_init() Found child 32453 in scoreboard slot 8
[Sun Dec 04 06:19:56 2005] [notice] jk2_init() Found child 32455 in scoreboard slot 9
[Sun Dec 04 06:20:30 2005] [notice] jk2_init() Found child 32467 in scoreboard slot 9
[Sun Dec 04 06:20:30 2005] [notice] jk2_init() Found child 32464 in scoreboard slot 8
[Sun Dec 04 06:20:30 2005] [notice] jk2_init() Found child 32465 in scoreboard slot 7
[Sun Dec 04 06:20:30 2005] [notice] jk2_init() Found child 32466 in scoreboard slot 11
[Sun Dec 04 06:20:30 2005] [notice] jk2_init() Found child 32457 in scoreboard slot 6
[Sun Dec 04 06:20:44 2005] [notice] workerEnv.init() ok /etc/httpd/conf/workers2.properties
[Sun Dec 04 06:20:44 2005] [notice] workerEnv.init() ok /etc/httpd/conf/workers2.properties
[Sun Dec 04 06:20:44 2005] [notice] workerEnv.init() ok /etc/httpd/conf/workers2.properties
[Sun Dec 04 06:20:46 2005] [error] mod_jk child workerEnv in error state 6
[Sun Dec 04 06:20:46 2005] [error] mod_jk child workerEnv in error state 7
[Sun Dec 04 06:20:46 2005] [error] mod_jk child workerEnv in error state 8
[Sun Dec 04 06:22:18 2005] [notice] jk2_init() Found child 32475 in scoreboard slot 8
[Sun Dec 04 06:22:48 2005] [notice] jk2_init() Found child 32478 in scoreboard slot 11
[Sun Dec 04 06:22:48 2005] [notice] jk2_init() Found child 32477 in scoreboard slot 10
[Sun Dec 04 06:22:48 2005] [notice] jk2_init() Found child 32479 in scoreboard slot 6
[Sun Dec 04 06:22:48 2005] [notice] jk2_init() Found child 32480 in scoreboard slot 8
[Sun Dec 04 06:22:48 2005] [notice] jk2_init() Found child 32476 in scoreboard slot 7
[Sun Dec 04 06:22:53 2005] [notice] workerEnv.init() ok /etc/httpd/conf/workers2.properties
[Sun Dec 04 06:22:53 2005] [notice] workerEnv.init() ok /etc/httpd/conf/workers2.properties
[Sun Dec 04 06:22:53 2005] [notice] workerEnv.init() ok /etc/httpd/conf/workers2.properties
[Sun Dec 04 06:22:53 2005] [notice] workerEnv.init() ok /etc/httpd/conf/workers2.properties
[Sun Dec 04 06:22:53 2005] [notice] workerEnv.init() ok /etc/httpd/conf/workers2.properties
[Sun Dec 04 06:22:55 2005] [error] mod_jk child workerEnv in error state 6
[Sun Dec 04 06:22:55 2005] [error] mod_jk child workerEnv in error state 6
[Sun Dec 04 06:22:55 2005] [error] mod_jk child workerEnv in error state 6
[Sun Dec 04 06:22:55 2005] [error] mod_jk child workerEnv in error state 7
[Sun Dec 04 06:22:55 2005] [error] mod_jk child workerEnv in error state 8
[Sun Dec 04 06:23:12 2005] [notice] jk2_init() Found child 32483 in scoreboard slot 7
[Sun Dec 04 06:23:15 2005] [notice] workerEnv.init() ok /etc/httpd/conf/workers2.properties
[Sun Dec 04 06:23:15 2005] [error] mod_jk child workerEnv in error state 6
[Sun Dec 04 06:30:41 2005] [notice] jk2_init() Found child 32507 in scoreboard slot 9
[Sun Dec 04 06:30:43 2005] [notice] workerEnv.init() ok /etc/httpd/conf/workers2.properties
[Sun Dec 04 06:30:43 2005] [error] mod_jk child workerEnv in error state 6
[Sun Dec 04 06:36:07 2005] [notice] jk2_init() Found child 32529 in scoreboard slot 6
[Sun Dec 04 06:36:07 2005] [notice] jk2_init() Found child 32528 in scoreboard slot 10
[Sun Dec 04 06:36:10 2005] [notice] workerEnv.init() ok /etc/httpd/conf/workers2.properties
[Sun Dec 04 06:36:10 2005] [error] mod_jk child workerEnv in error state 6
[Sun Dec 04 06:36:10 2005] [notice] workerEnv.init() ok /etc/httpd/conf/workers2.properties
[Sun Dec 04 06:36:10 2005] [error] mod_jk child workerEnv in error state 6
[Sun Dec 04 06:40:54 2005] [notice] jk2_init() Found child 32548 in scoreboard slot 9
[Sun Dec 04 06:40:54 2005] [notice] jk2_init() Found child 32546 in scoreboard slot 8
[Sun Dec 04 06:40:55 2005] [notice] jk2_init() Found child 32547 in scoreboard slot 7
[Sun Dec 04 06:41:04 2005] [notice] workerEnv.init() ok /etc/httpd/conf/workers2.properties
[Sun Dec 04 06:41:04 2005] [notice] workerEnv.init() ok /etc/httpd/conf/workers2.properties
[Sun Dec 04 06:41:04 2005] [notice] workerEnv.init() ok /etc/httpd/conf/workers2.properties
[Sun Dec 04 06:41:07 2005] [error] mod_jk child workerEnv in error state 6
[Sun Dec 04 06:41:08 2005] [error] mod_jk child workerEnv in error state 6
[Sun Dec 04 06:41:08 2005] [error] mod_jk child workerEnv in error state 6
[Sun Dec 04 06:41:29 2005] [notice] jk2_init() Found child 32549 in scoreboard slot 10
[Sun Dec 04 06:41:29 2005] [notice] jk2_init() Found child 32550 in scoreboard slot 6
[Sun Dec 04 06:41:45 2005] [notice] workerEnv.init() ok /etc/httpd/conf/workers2.properties
[Sun Dec 04 06:41:45 2005] [notice] workerEnv.init() ok /etc/httpd/conf/workers2.properties
[Sun Dec 04 06:41:46 2005] [error] mod_jk child workerEnv in error state 6
[Sun Dec 04 06:41:46 2005] [error] mod_jk child workerEnv in error state 6
[Sun Dec 04 06:42:11 2005] [notice] jk2_init() Found child 32551 in scoreboard slot 8
[Sun Dec 04 06:42:11 2005] [notice] jk2_init() Found child 32552 in scoreboard slot 7
[Sun Dec 04 06:42:25 2005] [notice] workerEnv.init() ok /etc/httpd/conf/workers2.properties
[Sun Dec 04 06:42:23 2005] [notice] jk2_init() Found child 32554 in scoreboard slot 10
[Sun Dec 04 06:42:25 2005] [notice] workerEnv.init() ok /etc/httpd/conf/workers2.properties
[Sun Dec 04 06:42:23 2005] [notice] jk2_init() Found child 32553 in scoreboard slot 9
[Sun Dec 04 06:42:30 2005] [error] mod_jk child workerEnv in error state 6
[Sun Dec 04 06:42:30 2005] [error] mod_jk child workerEnv in error state 6
[Sun Dec 04 06:42:53 2005] [notice] workerEnv.init() ok /etc/httpd/conf/workers2.properties
[Sun Dec 04 06:42:53 2005] [notice] workerEnv.init() ok /etc/httpd/conf/workers2.properties
[Sun Dec 04 06:42:58 2005] [error] mod_jk child workerEnv in error state 6
[Sun Dec 04 06:42:58 2005] [error] mod_jk child workerEnv in error state 6
[Sun Dec 04 06:43:20 2005] [notice] jk2_init() Found child 32556 in scoreboard slot 8
[Sun Dec 04 06:43:20 2005] [notice] jk2_init() Found child 32555 in scoreboard slot 6
[Sun Dec 04 06:43:20 2005] [notice] jk2_init() Found child 32557 in scoreboard slot 7
[Sun Dec 04 06:43:34 2005] [notice] workerEnv.init() ok /etc/httpd/conf/workers2.properties
[Sun Dec 04 06:43:34 2005] [notice] workerEnv.init() ok /etc/httpd/conf/workers2.properties
[Sun Dec 04 06:43:34 2005] [notice] workerEnv.init() ok /etc/httpd/conf/workers2.properties
[Sun Dec 04 06:43:40 2005] [error] mod_jk child workerEnv in error state 6
[Sun Dec 04 06:43:40 2005] [error] mod_jk child workerEnv in error state 6
[Sun Dec 04 06:43:56 2005] [notice] jk2_init() Found child 32558 in scoreboard slot 9
[Sun Dec 04 06:44:18 2005] [notice] jk2_init() Found child 32560 in scoreboard slot 6
[Sun Dec 04 06:44:18 2005] [notice] jk2_init() Found child 32561 in scoreboard slot 8
[Sun Dec 04 06:44:39 2005] [notice] jk2_init() Found child 32563 in scoreboard slot 9
[Sun Dec 04 06:44:39 2005] [notice] jk2_init() Found child 32564 in scoreboard slot 10
[Sun Dec 04 06:44:39 2005] [notice] jk2_init() Found child 32565 in scoreboard slot 11
[Sun Dec 04 06:45:32 2005] [notice] jk2_init() Found child 32575 in scoreboard slot 6
[Sun Dec 04 06:45:32 2005] [notice] jk2_init() Found child 32576 in scoreboard slot 7
[Sun Dec 04 06:45:32 2005] [notice] jk2_init() Found child 32569 in scoreboard slot 9
[Sun Dec 04 06:45:32 2005] [notice] jk2_init() Found child 32572 in scoreboard slot 10
[Sun Dec 04 06:45:32 2005] [notice] jk2_init() Found child 32577 in scoreboard slot 11
[Sun Dec 04 06:45:50 2005] [notice] workerEnv.init() ok /etc/httpd/conf/workers2.properties
[Sun Dec 04 06:45:50 2005] [notice] workerEnv.init() ok /etc/httpd/conf/workers2.properties
[Sun Dec 04 06:45:57 2005] [error] mod_jk child workerEnv in error state 7
[Sun Dec 04 06:46:13 2005] [notice] jk2_init() Found child 32578 in scoreboard slot 8
[Sun Dec 04 06:46:13 2005] [notice] jk2_init() Found child 32580 in scoreboard slot 6
[Sun Dec 04 06:46:12 2005] [notice] jk2_init() Found child 32581 in scoreboard slot 7
[Sun Dec 04 06:46:13 2005] [notice] jk2_init() Found child 32579 in scoreboard slot 9
[Sun Dec 04 06:46:30 2005] [notice] workerEnv.init() ok /etc/httpd/conf/workers2.properties
[Sun Dec 04 06:46:30 2005] [notice] workerEnv.init() ok /etc/httpd/conf/workers2.properties
[Sun Dec 04 06:46:31 2005] [error] mod_jk child workerEnv in error state 8
[Sun Dec 04 06:46:31 2005] [error] mod_jk child workerEnv in error state 7
[Sun Dec 04 06:46:32 2005] [notice] jk2_init() Found child 32582 in scoreboard slot 10
[Sun Dec 04 06:46:32 2005] [notice] jk2_init() Found child 32584 in scoreboard slot 9
[Sun Dec 04 06:46:32 2005] [notice] jk2_init() Found child 32583 in scoreboard slot 8
[Sun Dec 04 06:46:33 2005] [notice] workerEnv.init() ok /etc/httpd/conf/workers2.properties
[Sun Dec 04 06:46:33 2005] [error] mod_jk child workerEnv in error state 8
[Sun Dec 04 06:46:34 2005] [notice] workerEnv.init() ok /etc/httpd/conf/workers2.properties
[Sun Dec 04 06:46:34 2005] [error] mod_jk child workerEnv in error state 10
[Sun Dec 04 06:46:34 2005] [notice] workerEnv.init() ok /etc/httpd/conf/workers2.properties
[Sun Dec 04 06:46:34 2005] [error] mod_jk child workerEnv in error state 8
[Sun Dec 04 06:47:19 2005] [notice] jk2_init() Found child 32585 in scoreboard slot 6
[Sun Dec 04 06:47:30 2005] [notice] jk2_init() Found child 32587 in scoreboard slot 10
[Sun Dec 04 06:47:30 2005] [notice] jk2_init() Found child 32586 in scoreboard slot 7
[Sun Dec 04 06:47:34 2005] [notice] jk2_init() Found child 32588 in scoreboard slot 8
[Sun Dec 04 06:47:38 2005] [notice] workerEnv.init() ok /etc/httpd/conf/workers2.properties
[Sun Dec 04 06:47:39 2005] [notice] workerEnv.init() ok /etc/httpd/conf/workers2.properties
[Sun Dec 04 06:47:39 2005] [notice] workerEnv.init() ok /etc/httpd/conf/workers2.properties
[Sun Dec 04 06:47:43 2005] [error] mod_jk child workerEnv in error state 6
[Sun Dec 04 06:48:09 2005] [notice] jk2_init() Found child 32592 in scoreboard slot 10
[Sun Dec 04 06:48:09 2005] [notice] jk2_init() Found child 32591 in scoreboard slot 7
[Sun Dec 04 06:48:22 2005] [notice] jk2_init() Found child 32594 in scoreboard slot 6
[Sun Dec 04 06:48:22 2005] [notice] jk2_init() Found child 32593 in scoreboard slot 8
[Sun Dec 04 06:48:48 2005] [notice] jk2_init() Found child 32597 in scoreboard slot 10
[Sun Dec 04 06:49:06 2005] [notice] jk2_init() Found child 32600 in scoreboard slot 9
[Sun Dec 04 06:49:06 2005] [notice] jk2_init() Found child 32601 in scoreboard slot 7
[Sun Dec 04 06:49:23 2005] [notice] workerEnv.init() ok /etc/httpd/conf/workers2.properties
[Sun Dec 04 06:49:24 2005] [error] mod_jk child workerEnv in error state 8
[Sun Dec 04 06:49:40 2005] [notice] jk2_init() Found child 32605 in scoreboard slot 9
[Sun Dec 04 06:49:40 2005] [notice] jk2_init() Found child 32604 in scoreboard slot 6
[Sun Dec 04 06:51:13 2005] [notice] jk2_init() Found child 32622 in scoreboard slot 7
[Sun Dec 04 06:51:14 2005] [notice] jk2_init() Found child 32623 in scoreboard slot 11
[Sun Dec 04 06:51:13 2005] [notice] jk2_init() Found child 32624 in scoreboard slot 8
[Sun Dec 04 06:51:13 2005] [notice] jk2_init() Found child 32621 in scoreboard slot 9
[Sun Dec 04 06:51:23 2005] [notice] workerEnv.init() ok /etc/httpd/conf/workers2.properties
[Sun Dec 04 06:51:23 2005] [error] mod_jk child workerEnv in error state 7
[Sun Dec 04 06:51:23 2005] [notice] workerEnv.init() ok /etc/httpd/conf/workers2.properties
[Sun Dec 04 06:51:23 2005] [error] mod_jk child workerEnv in error state 6
[Sun Dec 04 06:51:23 2005] [notice] workerEnv.init() ok /etc/httpd/conf/workers2.properties
[Sun Dec 04 06:51:23 2005] [error] mod_jk child workerEnv in error state 8
[Sun Dec 04 06:51:23 2005] [notice] workerEnv.init() ok /etc/httpd/conf/workers2.properties
[Sun Dec 04 06:51:23 2005] [error] mod_jk child workerEnv in error state 6
[Sun Dec 04 06:51:25 2005] [notice] jk2_init() Found child 32626 in scoreboard slot 6
[Sun Dec 04 06:51:26 2005] [notice] workerEnv.init() ok /etc/httpd/conf/workers2.properties
[Sun Dec 04 06:51:26 2005] [error] mod_jk child workerEnv in error state 9
[Sun Dec 04 06:52:07 2005] [notice] jk2_init() Found child 32627 in scoreboard slot 9
[Sun Dec 04 06:52:08 2005] [notice] jk2_init() Found child 32628 in scoreboard slot 7
[Sun Dec 04 06:52:13 2005] [notice] workerEnv.init() ok /etc/httpd/conf/workers2.properties
[Sun Dec 04 06:52:14 2005] [notice] workerEnv.init() ok /etc/httpd/conf/workers2.properties
[Sun Dec 04 06:52:15 2005] [error] mod_jk child workerEnv in error state 6
[Sun Dec 04 06:52:15 2005] [error] mod_jk child workerEnv in error state 6
[Sun Dec 04 06:52:27 2005] [notice] jk2_init() Found child 32630 in scoreboard slot 8
[Sun Dec 04 06:52:27 2005] [notice] jk2_init() Found child 32629 in scoreboard slot 10
[Sun Dec 04 06:52:39 2005] [notice] workerEnv.init() ok /etc/httpd/conf/workers2.properties
[Sun Dec 04 06:52:39 2005] [notice] workerEnv.init() ok /etc/httpd/conf/workers2.properties
[Sun Dec 04 06:52:41 2005] [error] mod_jk child workerEnv in error state 9
[Sun Dec 04 06:52:41 2005] [error] mod_jk child workerEnv in error state 6
[Sun Dec 04 06:53:04 2005] [notice] jk2_init() Found child 32633 in scoreboard slot 9
[Sun Dec 04 06:53:04 2005] [notice] jk2_init() Found child 32634 in scoreboard slot 11
[Sun Dec 04 06:53:04 2005] [notice] jk2_init() Found child 32632 in scoreboard slot 7
[Sun Dec 04 06:53:23 2005] [notice] workerEnv.init() ok /etc/httpd/conf/workers2.properties
[Sun Dec 04 06:53:26 2005] [error] mod_jk child workerEnv in error state 6
[Sun Dec 04 06:53:38 2005] [notice] jk2_init() Found child 32636 in scoreboard slot 6
[Sun Dec 04 06:53:37 2005] [notice] jk2_init() Found child 32637 in scoreboard slot 7
[Sun Dec 04 06:53:37 2005] [notice] jk2_init() Found child 32638 in scoreboard slot 9
[Sun Dec 04 06:54:04 2005] [notice] jk2_init() Found child 32640 in scoreboard slot 8
[Sun Dec 04 06:54:04 2005] [notice] jk2_init() Found child 32641 in scoreboard slot 6
[Sun Dec 04 06:54:04 2005] [notice] jk2_init() Found child 32642 in scoreboard slot 7
[Sun Dec 04 06:54:35 2005] [notice] jk2_init() Found child 32646 in scoreboard slot 6
[Sun Dec 04 06:55:00 2005] [notice] jk2_init() Found child 32648 in scoreboard slot 9
[Sun Dec 04 06:55:00 2005] [notice] jk2_init() Found child 32652 in scoreboard slot 7
[Sun Dec 04 06:55:00 2005] [notice] jk2_init() Found child 32649 in scoreboard slot 10
[Sun Dec 04 06:55:00 2005] [notice] jk2_init() Found child 32651 in scoreboard slot 6
[Sun Dec 04 06:55:00 2005] [notice] jk2_init() Found child 32650 in scoreboard slot 8
[Sun Dec 04 06:55:19 2005] [notice] workerEnv.init() ok /etc/httpd/conf/workers2.properties
[Sun Dec 04 06:55:19 2005] [notice] workerEnv.init() ok /etc/httpd/conf/workers2.properties
[Sun Dec 04 06:55:19 2005] [notice] workerEnv.init() ok /etc/httpd/conf/workers2.properties
[Sun Dec 04 06:55:23 2005] [error] mod_jk child workerEnv in error state 6
[Sun Dec 04 06:55:23 2005] [error] mod_jk child workerEnv in error state 8
[Sun Dec 04 06:55:23 2005] [error] mod_jk child workerEnv in error state 9
[Sun Dec 04 06:55:55 2005] [notice] jk2_init() Found child 32660 in scoreboard slot 6
[Sun Dec 04 06:55:54 2005] [notice] jk2_init() Found child 32658 in scoreboard slot 10
[Sun Dec 04 06:55:54 2005] [notice] jk2_init() Found child 32659 in scoreboard slot 8
[Sun Dec 04 06:55:54 2005] [notice] jk2_init() Found child 32657 in scoreboard slot 9
[Sun Dec 04 06:56:10 2005] [notice] workerEnv.init() ok /etc/httpd/conf/workers2.properties
[Sun Dec 04 06:56:17 2005] [error] mod_jk child workerEnv in error state 6
[Sun Dec 04 06:56:37 2005] [notice] jk2_init() Found child 32663 in scoreboard slot 10
[Sun Dec 04 06:56:37 2005] [notice] jk2_init() Found child 32664 in scoreboard slot 8
[Sun Dec 04 06:57:19 2005] [notice] jk2_init() Found child 32670 in scoreboard slot 6
[Sun Dec 04 06:57:19 2005] [notice] jk2_init() Found child 32667 in scoreboard slot 9
[Sun Dec 04 06:57:19 2005] [notice] jk2_init() Found child 32668 in scoreboard slot 10
[Sun Dec 04 06:57:19 2005] [notice] jk2_init() Found child 32669 in scoreboard slot 8
[Sun Dec 04 06:57:19 2005] [notice] jk2_init() Found child 32671 in scoreboard slot 7
[Sun Dec 04 06:57:23 2005] [notice] workerEnv.init() ok /etc/httpd/conf/workers2.properties
[Sun Dec 04 06:57:23 2005] [notice] workerEnv.init() ok /etc/httpd/conf/workers2.properties
[Sun Dec 04 06:57:23 2005] [error] mod_jk child workerEnv in error state 6
[Sun Dec 04 06:57:23 2005] [error] mod_jk child workerEnv in error state 6
[Sun Dec 04 06:57:23 2005] [notice] workerEnv.init() ok /etc/httpd/conf/workers2.properties
[Sun Dec 04 06:57:23 2005] [error] mod_jk child workerEnv in error state 9
[Sun Dec 04 06:57:23 2005] [notice] workerEnv.init() ok /etc/httpd/conf/workers2.properties
[Sun Dec 04 06:57:23 2005] [error] mod_jk child workerEnv in error state 8
[Sun Dec 04 06:57:24 2005] [notice] workerEnv.init() ok /etc/httpd/conf/workers2.properties
[Sun Dec 04 06:57:24 2005] [error] mod_jk child workerEnv in error state 9
[Sun Dec 04 06:58:12 2005] [notice] jk2_init() Found child 32674 in scoreboard slot 8
[Sun Dec 04 06:58:13 2005] [notice] jk2_init() Found child 32672 in scoreboard slot 9
[Sun Dec 04 06:58:13 2005] [notice] jk2_init() Found child 32673 in scoreboard slot 10
[Sun Dec 04 06:58:27 2005] [notice] jk2_init() Found child 32675 in scoreboard slot 6
[Sun Dec 04 06:58:28 2005] [notice] workerEnv.init() ok /etc/httpd/conf/workers2.properties
[Sun Dec 04 06:58:28 2005] [notice] workerEnv.init() ok /etc/httpd/conf/workers2.properties
[Sun Dec 04 06:58:29 2005] [error] mod_jk child workerEnv in error state 6
[Sun Dec 04 06:58:29 2005] [error] mod_jk child workerEnv in error state 6
[Sun Dec 04 06:58:51 2005] [notice] workerEnv.init() ok /etc/httpd/conf/workers2.properties
[Sun Dec 04 06:58:53 2005] [error] mod_jk child workerEnv in error state 6
[Sun Dec 04 06:58:54 2005] [notice] jk2_init() Found child 32677 in scoreboard slot 7
[Sun Dec 04 06:58:54 2005] [notice] jk2_init() Found child 32676 in scoreboard slot 9
[Sun Dec 04 06:58:54 2005] [notice] jk2_init() Found child 32678 in scoreboard slot 10
[Sun Dec 04 06:59:28 2005] [notice] jk2_init() Found child 32679 in scoreboard slot 8
[Sun Dec 04 06:59:28 2005] [notice] jk2_init() Found child 32680 in scoreboard slot 6
[Sun Dec 04 06:59:34 2005] [notice] jk2_init() Found child 32681 in scoreboard slot 9
[Sun Dec 04 06:59:34 2005] [notice] jk2_init() Found child 32682 in scoreboard slot 7
[Sun Dec 04 06:59:38 2005] [notice] workerEnv.init() ok /etc/httpd/conf/workers2.properties
[Sun Dec 04 06:59:40 2005] [error] mod_jk child workerEnv in error state 6
[Sun Dec 04 06:59:45 2005] [notice] workerEnv.init() ok /etc/httpd/conf/workers2.properties
[Sun Dec 04 06:59:45 2005] [notice] workerEnv.init() ok /etc/httpd/conf/workers2.properties
[Sun Dec 04 06:59:47 2005] [error] mod_jk child workerEnv in error state 8
[Sun Dec 04 06:59:47 2005] [error] mod_jk child workerEnv in error state 7
[Sun Dec 04 06:59:59 2005] [notice] jk2_init() Found child 32683 in scoreboard slot 10
[Sun Dec 04 07:00:06 2005] [notice] jk2_init() Found child 32685 in scoreboard slot 6
[Sun Dec 04 07:00:32 2005] [notice] jk2_init() Found child 32688 in scoreboard slot 11
[Sun Dec 04 07:00:32 2005] [notice] jk2_init() Found child 32695 in scoreboard slot 8
[Sun Dec 04 07:00:32 2005] [notice] jk2_init() Found child 32696 in scoreboard slot 6
[Sun Dec 04 07:01:25 2005] [notice] jk2_init() Found child 32701 in scoreboard slot 10
[Sun Dec 04 07:01:26 2005] [notice] jk2_init() Found child 32702 in scoreboard slot 11
[Sun Dec 04 07:01:55 2005] [notice] jk2_init() Found child 32711 in scoreboard slot 10
[Sun Dec 04 07:01:55 2005] [notice] jk2_init() Found child 32708 in scoreboard slot 7
[Sun Dec 04 07:01:55 2005] [notice] jk2_init() Found child 32710 in scoreboard slot 9
[Sun Dec 04 07:01:55 2005] [notice] jk2_init() Found child 32709 in scoreboard slot 8
[Sun Dec 04 07:01:57 2005] [notice] jk2_init() Found child 32712 in scoreboard slot 6
[Sun Dec 04 07:02:01 2005] [notice] workerEnv.init() ok /etc/httpd/conf/workers2.properties
[Sun Dec 04 07:02:01 2005] [notice] workerEnv.init() ok /etc/httpd/conf/workers2.properties
[Sun Dec 04 07:02:01 2005] [notice] workerEnv.init() ok /etc/httpd/conf/workers2.properties
[Sun Dec 04 07:02:01 2005] [notice] workerEnv.init() ok /etc/httpd/conf/workers2.properties
[Sun Dec 04 07:02:01 2005] [notice] workerEnv.init() ok /etc/httpd/conf/workers2.properties
[Sun Dec 04 07:02:03 2005] [error] mod_jk child workerEnv in error state 9
[Sun Dec 04 07:02:03 2005] [error] mod_jk child workerEnv in error state 8
[Sun Dec 04 07:02:03 2005] [error] mod_jk child workerEnv in error state 8
[Sun Dec 04 07:02:03 2005] [error] mod_jk child workerEnv in error state 6
[Sun Dec 04 07:02:03 2005] [error] mod_jk child workerEnv in error state 6
[Sun Dec 04 07:02:52 2005] [notice] jk2_init() Found child 32713 in scoreboard slot 7
[Sun Dec 04 07:03:23 2005] [notice] jk2_init() Found child 32717 in scoreboard slot 10
[Sun Dec 04 07:03:48 2005] [notice] jk2_init() Found child 32720 in scoreboard slot 8
[Sun Dec 04 07:04:27 2005] [notice] jk2_init() Found child 32726 in scoreboard slot 8
[Sun Dec 04 07:04:55 2005] [notice] jk2_init() Found child 32730 in scoreboard slot 7
[Sun Dec 04 07:04:55 2005] [notice] jk2_init() Found child 32729 in scoreboard slot 6
[Sun Dec 04 07:04:55 2005] [notice] jk2_init() Found child 32731 in scoreboard slot 8
[Sun Dec 04 07:05:44 2005] [notice] jk2_init() Found child 32739 in scoreboard slot 7
[Sun Dec 04 07:05:44 2005] [notice] jk2_init() Found child 32740 in scoreboard slot 8
[Sun Dec 04 07:06:11 2005] [notice] jk2_init() Found child 32742 in scoreboard slot 10
[Sun Dec 04 07:07:23 2005] [notice] jk2_init() Found child 32758 in scoreboard slot 7
[Sun Dec 04 07:07:23 2005] [notice] jk2_init() Found child 32755 in scoreboard slot 8
[Sun Dec 04 07:07:23 2005] [notice] jk2_init() Found child 32754 in scoreboard slot 11
[Sun Dec 04 07:07:30 2005] [notice] workerEnv.init() ok /etc/httpd/conf/workers2.properties
[Sun Dec 04 07:07:30 2005] [notice] workerEnv.init() ok /etc/httpd/conf/workers2.properties
[Sun Dec 04 07:07:30 2005] [notice] workerEnv.init() ok /etc/httpd/conf/workers2.properties
[Sun Dec 04 07:07:30 2005] [error] mod_jk child workerEnv in error state 9
[Sun Dec 04 07:07:30 2005] [error] mod_jk child workerEnv in error state 10
[Sun Dec 04 07:07:30 2005] [error] mod_jk child workerEnv in error state 8
[Sun Dec 04 07:08:02 2005] [notice] jk2_init() Found child 32761 in scoreboard slot 6
[Sun Dec 04 07:08:02 2005] [notice] jk2_init() Found child 32762 in scoreboard slot 9
[Sun Dec 04 07:08:02 2005] [notice] jk2_init() Found child 32763 in scoreboard slot 10
[Sun Dec 04 07:08:04 2005] [notice] workerEnv.init() ok /etc/httpd/conf/workers2.properties
[Sun Dec 04 07:08:04 2005] [error] mod_jk child workerEnv in error state 7
[Sun Dec 04 07:08:04 2005] [notice] workerEnv.init() ok /etc/httpd/conf/workers2.properties
[Sun Dec 04 07:08:04 2005] [error] mod_jk child workerEnv in error state 6
[Sun Dec 04 07:08:04 2005] [notice] workerEnv.init() ok /etc/httpd/conf/workers2.properties
[Sun Dec 04 07:08:04 2005] [error] mod_jk child workerEnv in error state 7
[Sun Dec 04 07:10:54 2005] [notice] jk2_init() Found child 308 in scoreboard slot 8
[Sun Dec 04 07:11:04 2005] [notice] jk2_init() Found child 310 in scoreboard slot 6
[Sun Dec 04 07:11:04 2005] [notice] jk2_init() Found child 309 in scoreboard slot 7
[Sun Dec 04 07:11:05 2005] [notice] workerEnv.init() ok /etc/httpd/conf/workers2.properties
[Sun Dec 04 07:11:05 2005] [error] mod_jk child workerEnv in error state 6
[Sun Dec 04 07:11:13 2005] [notice] workerEnv.init() ok /etc/httpd/conf/workers2.properties
[Sun Dec 04 07:11:13 2005] [notice] workerEnv.init() ok /etc/httpd/conf/workers2.properties
[Sun Dec 04 07:11:22 2005] [error] mod_jk child workerEnv in error state 6
[Sun Dec 04 07:11:22 2005] [error] mod_jk child workerEnv in error state 6
[Sun Dec 04 07:11:49 2005] [notice] jk2_init() Found child 311 in scoreboard slot 9
[Sun Dec 04 07:12:05 2005] [notice] workerEnv.init() ok /etc/httpd/conf/workers2.properties
[Sun Dec 04 07:12:08 2005] [error] mod_jk child workerEnv in error state 6
[Sun Dec 04 07:12:22 2005] [notice] jk2_init() Found child 312 in scoreboard slot 10
[Sun Dec 04 07:12:22 2005] [notice] jk2_init() Found child 313 in scoreboard slot 8
[Sun Dec 04 07:12:40 2005] [notice] workerEnv.init() ok /etc/httpd/conf/workers2.properties
[Sun Dec 04 07:12:40 2005] [notice] workerEnv.init() ok /etc/httpd/conf/workers2.properties
[Sun Dec 04 07:12:44 2005] [error] mod_jk child workerEnv in error state 6
[Sun Dec 04 07:12:44 2005] [error] mod_jk child workerEnv in error state 6
[Sun Dec 04 07:13:09 2005] [notice] jk2_init() Found child 314 in scoreboard slot 7
[Sun Dec 04 07:13:09 2005] [notice] jk2_init() Found child 315 in scoreboard slot 6
[Sun Dec 04 07:13:10 2005] [notice] jk2_init() Found child 316 in scoreboard slot 9
[Sun Dec 04 07:13:36 2005] [notice] workerEnv.init() ok /etc/httpd/conf/workers2.properties
[Sun Dec 04 07:13:36 2005] [notice] workerEnv.init() ok /etc/httpd/conf/workers2.properties
[Sun Dec 04 07:13:36 2005] [notice] workerEnv.init() ok /etc/httpd/conf/workers2.properties
[Sun Dec 04 07:13:41 2005] [error] mod_jk child workerEnv in error state 6
[Sun Dec 04 07:13:41 2005] [error] mod_jk child workerEnv in error state 6
[Sun Dec 04 07:14:07 2005] [notice] jk2_init() Found child 319 in scoreboard slot 7
[Sun Dec 04 07:14:07 2005] [notice] jk2_init() Found child 317 in scoreboard slot 10
[Sun Dec 04 07:14:08 2005] [notice] jk2_init() Found child 318 in scoreboard slot 8
[Sun Dec 04 07:14:21 2005] [notice] workerEnv.init() ok /etc/httpd/conf/workers2.properties
[Sun Dec 04 07:14:29 2005] [error] mod_jk child workerEnv in error state 7
[Sun Dec 04 07:14:47 2005] [notice] jk2_init() Found child 321 in scoreboard slot 9
[Sun Dec 04 07:15:09 2005] [notice] jk2_init() Found child 324 in scoreboard slot 11
[Sun Dec 04 07:15:09 2005] [notice] jk2_init() Found child 323 in scoreboard slot 8
[Sun Dec 04 07:17:56 2005] [notice] jk2_init() Found child 350 in scoreboard slot 9
[Sun Dec 04 07:17:56 2005] [notice] jk2_init() Found child 353 in scoreboard slot 12
[Sun Dec 04 07:17:56 2005] [notice] jk2_init() Found child 352 in scoreboard slot 11
[Sun Dec 04 07:17:56 2005] [notice] jk2_init() Found child 349 in scoreboard slot 8
[Sun Dec 04 07:17:56 2005] [notice] jk2_init() Found child 348 in scoreboard slot 7
[Sun Dec 04 07:17:56 2005] [notice] jk2_init() Found child 347 in scoreboard slot 6
[Sun Dec 04 07:17:56 2005] [notice] jk2_init() Found child 351 in scoreboard slot 10
[Sun Dec 04 07:18:00 2005] [notice] workerEnv.init() ok /etc/httpd/conf/workers2.properties
[Sun Dec 04 07:18:00 2005] [error] mod_jk child workerEnv in error state 7
[Sun Dec 04 07:18:00 2005] [notice] workerEnv.init() ok /etc/httpd/conf/workers2.properties
[Sun Dec 04 07:18:00 2005] [error] mod_jk child workerEnv in error state 6
[Sun Dec 04 07:18:00 2005] [notice] workerEnv.init() ok /etc/httpd/conf/workers2.properties
[Sun Dec 04 07:18:00 2005] [error] mod_jk child workerEnv in error state 7
[Sun Dec 04 07:18:00 2005] [notice] workerEnv.init() ok /etc/httpd/conf/workers2.properties
[Sun Dec 04 07:18:00 2005] [error] mod_jk child workerEnv in error state 8
[Sun Dec 04 07:18:00 2005] [notice] workerEnv.init() ok /etc/httpd/conf/workers2.properties
[Sun Dec 04 07:18:00 2005] [error] mod_jk child workerEnv in error state 7
[Sun Dec 04 07:18:00 2005] [notice] workerEnv.init() ok /etc/httpd/conf/workers2.properties
[Sun Dec 04 07:18:00 2005] [error] mod_jk child workerEnv in error state 6
[Sun Dec 04 07:18:00 2005] [notice] workerEnv.init() ok /etc/httpd/conf/workers2.properties
[Sun Dec 04 07:18:00 2005] [error] mod_jk child workerEnv in error state 7
[Sun Dec 04 07:45:45 2005] [error] [client 63.13.186.196] Directory index forbidden by rule: /var/www/html/
[Sun Dec 04 08:54:17 2005] [error] [client 147.31.138.75] Directory index forbidden by rule: /var/www/html/
[Sun Dec 04 09:35:12 2005] [error] [client 207.203.80.15] Directory index forbidden by rule: /var/www/html/
[Sun Dec 04 10:53:30 2005] [error] [client 218.76.139.20] Directory index forbidden by rule: /var/www/html/
[Sun Dec 04 11:11:07 2005] [error] [client 24.147.151.74] Directory index forbidden by rule: /var/www/html/
[Sun Dec 04 11:33:18 2005] [error] [client 211.141.93.88] Directory index forbidden by rule: /var/www/html/
[Sun Dec 04 11:42:43 2005] [error] [client 216.127.124.16] Directory index forbidden by rule: /var/www/html/
[Sun Dec 04 12:33:13 2005] [error] [client 208.51.151.210] Directory index forbidden by rule: /var/www/html/
[Sun Dec 04 13:32:32 2005] [error] [client 65.68.235.27] Directory index forbidden by rule: /var/www/html/
[Sun Dec 04 14:29:00 2005] [error] [client 4.245.93.87] Directory index forbidden by rule: /var/www/html/
[Sun Dec 04 15:18:36 2005] [error] [client 67.154.58.130] Directory index forbidden by rule: /var/www/html/
[Sun Dec 04 15:59:01 2005] [error] [client 24.83.37.136] Directory index forbidden by rule: /var/www/html/
[Sun Dec 04 16:24:03 2005] [notice] jk2_init() Found child 1219 in scoreboard slot 6
[Sun Dec 04 16:24:05 2005] [error] [client 58.225.62.140] Directory index forbidden by rule: /var/www/html/
[Sun Dec 04 16:24:06 2005] [notice] workerEnv.init() ok /etc/httpd/conf/workers2.properties
[Sun Dec 04 16:24:06 2005] [error] mod_jk child workerEnv in error state 6
[Sun Dec 04 16:31:07 2005] [notice] jk2_init() Found child 1248 in scoreboard slot 7
[Sun Dec 04 16:32:37 2005] [notice] jk2_init() Found child 1253 in scoreboard slot 9
[Sun Dec 04 16:32:56 2005] [notice] workerEnv.init() ok /etc/httpd/conf/workers2.properties
[Sun Dec 04 16:32:56 2005] [error] mod_jk child workerEnv in error state 6
[Sun Dec 04 16:32:58 2005] [notice] jk2_init() Found child 1254 in scoreboard slot 7
[Sun Dec 04 16:32:58 2005] [notice] jk2_init() Found child 1256 in scoreboard slot 6
[Sun Dec 04 16:32:58 2005] [notice] jk2_init() Found child 1255 in scoreboard slot 8
[Sun Dec 04 16:32:58 2005] [notice] workerEnv.init() ok /etc/httpd/conf/workers2.properties
[Sun Dec 04 16:32:58 2005] [error] mod_jk child workerEnv in error state 7
[Sun Dec 04 16:32:58 2005] [notice] workerEnv.init() ok /etc/httpd/conf/workers2.properties
[Sun Dec 04 16:32:58 2005] [error] mod_jk child workerEnv in error state 6
[Sun Dec 04 16:32:58 2005] [notice] workerEnv.init() ok /etc/httpd/conf/workers2.properties
[Sun Dec 04 16:32:58 2005] [error] mod_jk child workerEnv in error state 6
[Sun Dec 04 16:35:49 2005] [notice] jk2_init() Found child 1262 in scoreboard slot 9
[Sun Dec 04 16:35:52 2005] [notice] workerEnv.init() ok /etc/httpd/conf/workers2.properties
[Sun Dec 04 16:35:52 2005] [error] mod_jk child workerEnv in error state 6
[Sun Dec 04 16:41:15 2005] [notice] jk2_init() Found child 1275 in scoreboard slot 6
[Sun Dec 04 16:41:16 2005] [notice] jk2_init() Found child 1276 in scoreboard slot 9
[Sun Dec 04 16:41:22 2005] [notice] jk2_init() Found child 1277 in scoreboard slot 7
[Sun Dec 04 16:41:22 2005] [notice] jk2_init() Found child 1278 in scoreboard slot 8
[Sun Dec 04 16:41:22 2005] [notice] workerEnv.init() ok /etc/httpd/conf/workers2.properties
[Sun Dec 04 16:41:22 2005] [notice] workerEnv.init() ok /etc/httpd/conf/workers2.properties
[Sun Dec 04 16:41:22 2005] [notice] workerEnv.init() ok /etc/httpd/conf/workers2.properties
[Sun Dec 04 16:41:22 2005] [notice] workerEnv.init() ok /etc/httpd/conf/workers2.properties
[Sun Dec 04 16:41:22 2005] [error] mod_jk child workerEnv in error state 6
[Sun Dec 04 16:41:22 2005] [error] mod_jk child workerEnv in error state 6
[Sun Dec 04 16:41:22 2005] [error] mod_jk child workerEnv in error state 6
[Sun Dec 04 16:41:22 2005] [error] mod_jk child workerEnv in error state 6
[Sun Dec 04 16:45:52 2005] [notice] jk2_init() Found child 1283 in scoreboard slot 6
[Sun Dec 04 16:45:52 2005] [notice] jk2_init() Found child 1284 in scoreboard slot 9
[Sun Dec 04 16:46:09 2005] [notice] workerEnv.init() ok /etc/httpd/conf/workers2.properties
[Sun Dec 04 16:46:13 2005] [error] mod_jk child workerEnv in error state 6
[Sun Dec 04 16:46:45 2005] [notice] jk2_init() Found child 1288 in scoreboard slot 9
[Sun Dec 04 16:47:11 2005] [notice] jk2_init() Found child 1291 in scoreboard slot 6
[Sun Dec 04 16:47:59 2005] [notice] jk2_init() Found child 1296 in scoreboard slot 6
[Sun Dec 04 16:47:59 2005] [notice] jk2_init() Found child 1300 in scoreboard slot 10
[Sun Dec 04 16:47:59 2005] [notice] jk2_init() Found child 1298 in scoreboard slot 8
[Sun Dec 04 16:47:59 2005] [notice] jk2_init() Found child 1297 in scoreboard slot 7
[Sun Dec 04 16:47:59 2005] [notice] jk2_init() Found child 1299 in scoreboard slot 9
[Sun Dec 04 16:48:01 2005] [notice] workerEnv.init() ok /etc/httpd/conf/workers2.properties
[Sun Dec 04 16:48:01 2005] [error] mod_jk child workerEnv in error state 8
[Sun Dec 04 16:48:01 2005] [notice] workerEnv.init() ok /etc/httpd/conf/workers2.properties
[Sun Dec 04 16:48:01 2005] [error] mod_jk child workerEnv in error state 7
[Sun Dec 04 16:48:01 2005] [notice] workerEnv.init() ok /etc/httpd/conf/workers2.properties
[Sun Dec 04 16:48:01 2005] [error] mod_jk child workerEnv in error state 6
[Sun Dec 04 16:48:01 2005] [notice] workerEnv.init() ok /etc/httpd/conf/workers2.properties
[Sun Dec 04 16:48:01 2005] [error] mod_jk child workerEnv in error state 6
[Sun Dec 04 16:48:01 2005] [notice] workerEnv.init() ok /etc/httpd/conf/workers2.properties
[Sun Dec 04 16:48:01 2005] [error] mod_jk child workerEnv in error state 6
[Sun Dec 04 16:50:53 2005] [notice] jk2_init() Found child 1308 in scoreboard slot 6
[Sun Dec 04 16:50:53 2005] [notice] jk2_init() Found child 1309 in scoreboard slot 7
[Sun Dec 04 16:51:26 2005] [notice] jk2_init() Found child 1313 in scoreboard slot 6
[Sun Dec 04 16:51:26 2005] [notice] jk2_init() Found child 1312 in scoreboard slot 10
[Sun Dec 04 16:52:34 2005] [notice] jk2_init() Found child 1320 in scoreboard slot 8
[Sun Dec 04 16:52:45 2005] [notice] jk2_init() Found child 1321 in scoreboard slot 9
[Sun Dec 04 16:52:45 2005] [notice] jk2_init() Found child 1322 in scoreboard slot 10
[Sun Dec 04 16:52:45 2005] [notice] jk2_init() Found child 1323 in scoreboard slot 6
[Sun Dec 04 16:52:46 2005] [notice] jk2_init() Found child 1324 in scoreboard slot 7
[Sun Dec 04 16:52:46 2005] [notice] jk2_init() Found child 1325 in scoreboard slot 8
[Sun Dec 04 16:52:49 2005] [notice] workerEnv.init() ok /etc/httpd/conf/workers2.properties
[Sun Dec 04 16:52:49 2005] [notice] workerEnv.init() ok /etc/httpd/conf/workers2.properties
[Sun Dec 04 16:52:49 2005] [notice] workerEnv.init() ok /etc/httpd/conf/workers2.properties
[Sun Dec 04 16:52:49 2005] [notice] workerEnv.init() ok /etc/httpd/conf/workers2.properties
[Sun Dec 04 16:52:49 2005] [notice] workerEnv.init() ok /etc/httpd/conf/workers2.properties
[Sun Dec 04 16:52:49 2005] [error] mod_jk child workerEnv in error state 6
[Sun Dec 04 16:52:49 2005] [error] mod_jk child workerEnv in error state 7
[Sun Dec 04 16:52:49 2005] [error] mod_jk child workerEnv in error state 7
[Sun Dec 04 16:52:49 2005] [error] mod_jk child workerEnv in error state 8
[Sun Dec 04 16:52:49 2005] [error] mod_jk child workerEnv in error state 6
[Sun Dec 04 16:55:54 2005] [notice] jk2_init() Found child 1331 in scoreboard slot 10
[Sun Dec 04 16:56:25 2005] [notice] jk2_init() Found child 1338 in scoreboard slot 7
[Sun Dec 04 16:56:25 2005] [notice] jk2_init() Found child 1334 in scoreboard slot 8
[Sun Dec 04 16:56:25 2005] [notice] jk2_init() Found child 1336 in scoreboard slot 10
[Sun Dec 04 16:56:25 2005] [notice] jk2_init() Found child 1337 in scoreboard slot 6
[Sun Dec 04 16:56:25 2005] [notice] jk2_init() Found child 1335 in scoreboard slot 9
[Sun Dec 04 16:56:27 2005] [notice] workerEnv.init() ok /etc/httpd/conf/workers2.properties
[Sun Dec 04 16:56:27 2005] [error] mod_jk child workerEnv in error state 6
[Sun Dec 04 16:56:27 2005] [notice] workerEnv.init() ok /etc/httpd/conf/workers2.properties
[Sun Dec 04 16:56:27 2005] [error] mod_jk child workerEnv in error state 7
[Sun Dec 04 16:56:27 2005] [notice] workerEnv.init() ok /etc/httpd/conf/workers2.properties
[Sun Dec 04 16:56:27 2005] [error] mod_jk child workerEnv in error state 6
[Sun Dec 04 16:56:27 2005] [notice] workerEnv.init() ok /etc/httpd/conf/workers2.properties
[Sun Dec 04 16:56:27 2005] [error] mod_jk child workerEnv in error state 6
[Sun Dec 04 16:56:27 2005] [notice] workerEnv.init() ok /etc/httpd/conf/workers2.properties
[Sun Dec 04 16:56:27 2005] [error] mod_jk child workerEnv in error state 6
[Sun Dec 04 17:01:43 2005] [notice] jk2_init() Found child 1358 in scoreboard slot 8
[Sun Dec 04 17:01:43 2005] [notice] jk2_init() Found child 1356 in scoreboard slot 6
[Sun Dec 04 17:01:43 2005] [notice] jk2_init() Found child 1354 in scoreboard slot 9
[Sun Dec 04 17:01:43 2005] [notice] jk2_init() Found child 1357 in scoreboard slot 7
[Sun Dec 04 17:01:43 2005] [notice] jk2_init() Found child 1355 in scoreboard slot 10
[Sun Dec 04 17:01:47 2005] [notice] workerEnv.init() ok /etc/httpd/conf/workers2.properties
[Sun Dec 04 17:01:47 2005] [error] mod_jk child workerEnv in error state 6
[Sun Dec 04 17:01:47 2005] [notice] workerEnv.init() ok /etc/httpd/conf/workers2.properties
[Sun Dec 04 17:01:47 2005] [error] mod_jk child workerEnv in error state 6
[Sun Dec 04 17:01:47 2005] [notice] workerEnv.init() ok /etc/httpd/conf/workers2.properties
[Sun Dec 04 17:01:47 2005] [error] mod_jk child workerEnv in error state 6
[Sun Dec 04 17:01:47 2005] [notice] workerEnv.init() ok /etc/httpd/conf/workers2.properties
[Sun Dec 04 17:01:47 2005] [error] mod_jk child workerEnv in error state 6
[Sun Dec 04 17:01:47 2005] [notice] workerEnv.init() ok /etc/httpd/conf/workers2.properties
[Sun Dec 04 17:01:47 2005] [error] mod_jk child workerEnv in error state 6
[Sun Dec 04 17:05:45 2005] [notice] jk2_init() Found child 1375 in scoreboard slot 9
[Sun Dec 04 17:05:45 2005] [notice] jk2_init() Found child 1376 in scoreboard slot 10
[Sun Dec 04 17:05:45 2005] [notice] jk2_init() Found child 1377 in scoreboard slot 6
[Sun Dec 04 17:05:48 2005] [notice] workerEnv.init() ok /etc/httpd/conf/workers2.properties
[Sun Dec 04 17:05:48 2005] [notice] workerEnv.init() ok /etc/httpd/conf/workers2.properties
[Sun Dec 04 17:05:48 2005] [notice] workerEnv.init() ok /etc/httpd/conf/workers2.properties
[Sun Dec 04 17:05:48 2005] [error] mod_jk child workerEnv in error state 6
[Sun Dec 04 17:05:48 2005] [error] mod_jk child workerEnv in error state 6
[Sun Dec 04 17:05:48 2005] [error] mod_jk child workerEnv in error state 6
[Sun Dec 04 17:11:23 2005] [notice] jk2_init() Found child 1387 in scoreboard slot 7
[Sun Dec 04 17:11:37 2005] [notice] jk2_init() Found child 1390 in scoreboard slot 10
[Sun Dec 04 17:11:37 2005] [notice] jk2_init() Found child 1388 in scoreboard slot 8
[Sun Dec 04 17:11:37 2005] [notice] jk2_init() Found child 1389 in scoreboard slot 9
[Sun Dec 04 17:12:42 2005] [notice] jk2_init() Found child 1393 in scoreboard slot 8
[Sun Dec 04 17:12:50 2005] [notice] jk2_init() Found child 1395 in scoreboard slot 10
[Sun Dec 04 17:12:50 2005] [notice] jk2_init() Found child 1396 in scoreboard slot 6
[Sun Dec 04 17:12:50 2005] [notice] jk2_init() Found child 1394 in scoreboard slot 9
[Sun Dec 04 17:12:54 2005] [notice] workerEnv.init() ok /etc/httpd/conf/workers2.properties
[Sun Dec 04 17:12:54 2005] [notice] workerEnv.init() ok /etc/httpd/conf/workers2.properties
[Sun Dec 04 17:12:54 2005] [notice] workerEnv.init() ok /etc/httpd/conf/workers2.properties
[Sun Dec 04 17:12:54 2005] [notice] workerEnv.init() ok /etc/httpd/conf/workers2.properties
[Sun Dec 04 17:12:55 2005] [error] mod_jk child workerEnv in error state 6
[Sun Dec 04 17:12:55 2005] [error] mod_jk child workerEnv in error state 7
[Sun Dec 04 17:12:55 2005] [error] mod_jk child workerEnv in error state 7
[Sun Dec 04 17:12:55 2005] [error] mod_jk child workerEnv in error state 7
[Sun Dec 04 17:12:56 2005] [notice] jk2_init() Found child 1397 in scoreboard slot 7
[Sun Dec 04 17:12:57 2005] [notice] workerEnv.init() ok /etc/httpd/conf/workers2.properties
[Sun Dec 04 17:12:57 2005] [error] mod_jk child workerEnv in error state 7
[Sun Dec 04 17:17:07 2005] [notice] jk2_init() Found child 1414 in scoreboard slot 7
[Sun Dec 04 17:17:07 2005] [notice] jk2_init() Found child 1412 in scoreboard slot 10
[Sun Dec 04 17:17:07 2005] [notice] jk2_init() Found child 1413 in scoreboard slot 6
[Sun Dec 04 17:20:38 2005] [notice] jk2_init() Found child 1448 in scoreboard slot 6
[Sun Dec 04 17:20:38 2005] [notice] jk2_init() Found child 1439 in scoreboard slot 7
[Sun Dec 04 17:20:38 2005] [notice] jk2_init() Found child 1441 in scoreboard slot 9
[Sun Dec 04 17:20:38 2005] [notice] jk2_init() Found child 1450 in scoreboard slot 11
[Sun Dec 04 17:20:39 2005] [notice] jk2_init() Found child 1449 in scoreboard slot 10
[Sun Dec 04 17:20:39 2005] [notice] jk2_init() Found child 1440 in scoreboard slot 8
[Sun Dec 04 17:20:44 2005] [notice] workerEnv.init() ok /etc/httpd/conf/workers2.properties
[Sun Dec 04 17:20:44 2005] [notice] workerEnv.init() ok /etc/httpd/conf/workers2.properties
[Sun Dec 04 17:20:44 2005] [notice] workerEnv.init() ok /etc/httpd/conf/workers2.properties
[Sun Dec 04 17:20:44 2005] [notice] workerEnv.init() ok /etc/httpd/conf/workers2.properties
[Sun Dec 04 17:20:44 2005] [notice] workerEnv.init() ok /etc/httpd/conf/workers2.properties
[Sun Dec 04 17:20:46 2005] [error] mod_jk child workerEnv in error state 7
[Sun Dec 04 17:20:46 2005] [error] mod_jk child workerEnv in error state 6
[Sun Dec 04 17:20:46 2005] [error] mod_jk child workerEnv in error state 6
[Sun Dec 04 17:20:46 2005] [error] mod_jk child workerEnv in error state 7
[Sun Dec 04 17:20:46 2005] [error] mod_jk child workerEnv in error state 6
[Sun Dec 04 17:21:01 2005] [notice] jk2_init() Found child 1452 in scoreboard slot 7
[Sun Dec 04 17:21:04 2005] [notice] workerEnv.init() ok /etc/httpd/conf/workers2.properties
[Sun Dec 04 17:21:04 2005] [error] mod_jk child workerEnv in error state 8
[Sun Dec 04 17:26:04 2005] [notice] jk2_init() Found child 1461 in scoreboard slot 8
[Sun Dec 04 17:26:39 2005] [notice] jk2_init() Found child 1462 in scoreboard slot 6
[Sun Dec 04 17:27:13 2005] [notice] jk2_init() Found child 1466 in scoreboard slot 8
[Sun Dec 04 17:28:00 2005] [notice] jk2_init() Found child 1470 in scoreboard slot 7
[Sun Dec 04 17:28:42 2005] [notice] jk2_init() Found child 1477 in scoreboard slot 6
[Sun Dec 04 17:28:41 2005] [notice] jk2_init() Found child 1476 in scoreboard slot 8
[Sun Dec 04 17:31:00 2005] [notice] jk2_init() Found child 1501 in scoreboard slot 7
[Sun Dec 04 17:31:00 2005] [notice] jk2_init() Found child 1502 in scoreboard slot 6
[Sun Dec 04 17:31:00 2005] [notice] jk2_init() Found child 1498 in scoreboard slot 8
[Sun Dec 04 17:31:00 2005] [notice] jk2_init() Found child 1499 in scoreboard slot 11
[Sun Dec 04 17:31:10 2005] [notice] workerEnv.init() ok /etc/httpd/conf/workers2.properties
[Sun Dec 04 17:31:10 2005] [notice] workerEnv.init() ok /etc/httpd/conf/workers2.properties
[Sun Dec 04 17:31:10 2005] [notice] workerEnv.init() ok /etc/httpd/conf/workers2.properties
[Sun Dec 04 17:31:11 2005] [notice] workerEnv.init() ok /etc/httpd/conf/workers2.properties
[Sun Dec 04 17:31:12 2005] [error] mod_jk child workerEnv in error state 6
[Sun Dec 04 17:31:12 2005] [error] mod_jk child workerEnv in error state 6
[Sun Dec 04 17:31:12 2005] [error] mod_jk child workerEnv in error state 8
[Sun Dec 04 17:31:12 2005] [error] mod_jk child workerEnv in error state 9
[Sun Dec 04 17:31:43 2005] [notice] jk2_init() Found child 1503 in scoreboard slot 9
[Sun Dec 04 17:31:43 2005] [notice] jk2_init() Found child 1504 in scoreboard slot 8
[Sun Dec 04 17:31:45 2005] [notice] workerEnv.init() ok /etc/httpd/conf/workers2.properties
[Sun Dec 04 17:31:45 2005] [notice] workerEnv.init() ok /etc/httpd/conf/workers2.properties
[Sun Dec 04 17:31:45 2005] [error] mod_jk child workerEnv in error state 6
[Sun Dec 04 17:31:45 2005] [error] mod_jk child workerEnv in error state 6
[Sun Dec 04 17:34:52 2005] [notice] jk2_init() Found child 1507 in scoreboard slot 10
[Sun Dec 04 17:34:57 2005] [notice] workerEnv.init() ok /etc/httpd/conf/workers2.properties
[Sun Dec 04 17:34:57 2005] [error] mod_jk child workerEnv in error state 6
[Sun Dec 04 17:34:57 2005] [error] [client 61.138.216.82] Directory index forbidden by rule: /var/www/html/
[Sun Dec 04 17:36:14 2005] [notice] jk2_init() Found child 1512 in scoreboard slot 7
[Sun Dec 04 17:36:14 2005] [notice] jk2_init() Found child 1513 in scoreboard slot 6
[Sun Dec 04 17:37:08 2005] [notice] jk2_init() Found child 1517 in scoreboard slot 7
[Sun Dec 04 17:37:08 2005] [notice] jk2_init() Found child 1518 in scoreboard slot 6
[Sun Dec 04 17:37:47 2005] [notice] jk2_init() Found child 1520 in scoreboard slot 8
[Sun Dec 04 17:37:47 2005] [notice] jk2_init() Found child 1521 in scoreboard slot 10
[Sun Dec 04 17:39:00 2005] [notice] jk2_init() Found child 1529 in scoreboard slot 9
[Sun Dec 04 17:39:01 2005] [notice] jk2_init() Found child 1530 in scoreboard slot 8
[Sun Dec 04 17:39:00 2005] [notice] jk2_init() Found child 1528 in scoreboard slot 7
[Sun Dec 04 17:39:00 2005] [notice] jk2_init() Found child 1527 in scoreboard slot 6
[Sun Dec 04 17:43:08 2005] [notice] jk2_init() Found child 1565 in scoreboard slot 9
[Sun Dec 04 17:43:08 2005] [error] jk2_init() Can't find child 1566 in scoreboard
[Sun Dec 04 17:43:08 2005] [notice] jk2_init() Found child 1561 in scoreboard slot 6
[Sun Dec 04 17:43:08 2005] [notice] jk2_init() Found child 1563 in scoreboard slot 8
[Sun Dec 04 17:43:08 2005] [notice] jk2_init() Found child 1562 in scoreboard slot 7
[Sun Dec 04 17:43:08 2005] [error] jk2_init() Can't find child 1567 in scoreboard
[Sun Dec 04 17:43:08 2005] [notice] jk2_init() Found child 1568 in scoreboard slot 13
[Sun Dec 04 17:43:12 2005] [notice] workerEnv.init() ok /etc/httpd/conf/workers2.properties
[Sun Dec 04 17:43:12 2005] [error] mod_jk child workerEnv in error state 9
[Sun Dec 04 17:43:12 2005] [notice] workerEnv.init() ok /etc/httpd/conf/workers2.properties
[Sun Dec 04 17:43:12 2005] [error] mod_jk child workerEnv in error state 8
[Sun Dec 04 17:43:12 2005] [notice] workerEnv.init() ok /etc/httpd/conf/workers2.properties
[Sun Dec 04 17:43:12 2005] [error] mod_jk child init 1 -2
[Sun Dec 04 17:43:12 2005] [notice] workerEnv.init() ok /etc/httpd/conf/workers2.properties
[Sun Dec 04 17:43:12 2005] [error] mod_jk child workerEnv in error state 7
[Sun Dec 04 17:43:12 2005] [notice] workerEnv.init() ok /etc/httpd/conf/workers2.properties
[Sun Dec 04 17:43:12 2005] [error] mod_jk child workerEnv in error state 9
[Sun Dec 04 17:43:12 2005] [notice] workerEnv.init() ok /etc/httpd/conf/workers2.properties
[Sun Dec 04 17:43:12 2005] [error] mod_jk child init 1 -2
[Sun Dec 04 17:43:12 2005] [notice] workerEnv.init() ok /etc/httpd/conf/workers2.properties
[Sun Dec 04 17:43:12 2005] [error] mod_jk child workerEnv in error state 6
[Sun Dec 04 17:53:43 2005] [error] [client 218.39.132.175] Directory index forbidden by rule: /var/www/html/
[Sun Dec 04 18:24:22 2005] [error] [client 125.30.38.52] Directory index forbidden by rule: /var/www/html/
[Sun Dec 04 19:25:51 2005] [notice] jk2_init() Found child 1763 in scoreboard slot 6
[Sun Dec 04 19:25:53 2005] [notice] workerEnv.init() ok /etc/httpd/conf/workers2.properties
[Sun Dec 04 19:25:53 2005] [error] mod_jk child workerEnv in error state 6
[Sun Dec 04 19:32:20 2005] [notice] jk2_init() Found child 1786 in scoreboard slot 8
[Sun Dec 04 19:32:20 2005] [notice] jk2_init() Found child 1787 in scoreboard slot 9
[Sun Dec 04 19:32:32 2005] [notice] workerEnv.init() ok /etc/httpd/conf/workers2.properties
[Sun Dec 04 19:32:33 2005] [error] mod_jk child workerEnv in error state 6
[Sun Dec 04 19:32:34 2005] [notice] jk2_init() Found child 1788 in scoreboard slot 6
[Sun Dec 04 19:32:34 2005] [notice] jk2_init() Found child 1790 in scoreboard slot 8
[Sun Dec 04 19:32:34 2005] [notice] jk2_init() Found child 1789 in scoreboard slot 7
[Sun Dec 04 19:32:34 2005] [notice] workerEnv.init() ok /etc/httpd/conf/workers2.properties
[Sun Dec 04 19:32:34 2005] [error] mod_jk child workerEnv in error state 6
[Sun Dec 04 19:32:34 2005] [notice] workerEnv.init() ok /etc/httpd/conf/workers2.properties
[Sun Dec 04 19:32:34 2005] [error] mod_jk child workerEnv in error state 7
[Sun Dec 04 19:32:34 2005] [notice] workerEnv.init() ok /etc/httpd/conf/workers2.properties
[Sun Dec 04 19:32:34 2005] [error] mod_jk child workerEnv in error state 6
[Sun Dec 04 19:35:58 2005] [notice] jk2_init() Found child 1797 in scoreboard slot 9
[Sun Dec 04 19:35:58 2005] [notice] jk2_init() Found child 1798 in scoreboard slot 6
[Sun Dec 04 19:35:58 2005] [notice] jk2_init() Found child 1799 in scoreboard slot 7
[Sun Dec 04 19:35:58 2005] [notice] jk2_init() Found child 1800 in scoreboard slot 10
[Sun Dec 04 19:35:58 2005] [notice] jk2_init() Found child 1801 in scoreboard slot 12
[Sun Dec 04 19:36:05 2005] [error] [client 61.37.222.240] Directory index forbidden by rule: /var/www/html/
[Sun Dec 04 19:36:07 2005] [notice] workerEnv.init() ok /etc/httpd/conf/workers2.properties
[Sun Dec 04 19:36:07 2005] [error] mod_jk child workerEnv in error state 6
[Sun Dec 04 19:36:07 2005] [notice] workerEnv.init() ok /etc/httpd/conf/workers2.properties
[Sun Dec 04 19:36:07 2005] [error] mod_jk child workerEnv in error state 6
[Sun Dec 04 19:36:07 2005] [notice] workerEnv.init() ok /etc/httpd/conf/workers2.properties
[Sun Dec 04 19:36:07 2005] [error] mod_jk child workerEnv in error state 6
[Sun Dec 04 19:36:07 2005] [notice] workerEnv.init() ok /etc/httpd/conf/workers2.properties
[Sun Dec 04 19:36:07 2005] [error] mod_jk child workerEnv in error state 6
[Sun Dec 04 19:36:07 2005] [notice] workerEnv.init() ok /etc/httpd/conf/workers2.properties
[Sun Dec 04 19:36:07 2005] [error] mod_jk child workerEnv in error state 6
[Sun Dec 04 19:41:20 2005] [notice] jk2_init() Found child 1816 in scoreboard slot 9
[Sun Dec 04 19:41:20 2005] [notice] jk2_init() Found child 1814 in scoreboard slot 7
[Sun Dec 04 19:41:20 2005] [notice] jk2_init() Found child 1813 in scoreboard slot 6
[Sun Dec 04 19:41:20 2005] [notice] jk2_init() Found child 1815 in scoreboard slot 8
[Sun Dec 04 19:41:21 2005] [notice] workerEnv.init() ok /etc/httpd/conf/workers2.properties
[Sun Dec 04 19:41:21 2005] [error] mod_jk child workerEnv in error state 6
[Sun Dec 04 19:41:21 2005] [notice] workerEnv.init() ok /etc/httpd/conf/workers2.properties
[Sun Dec 04 19:41:21 2005] [error] mod_jk child workerEnv in error state 6
[Sun Dec 04 19:41:21 2005] [notice] workerEnv.init() ok /etc/httpd/conf/workers2.properties
[Sun Dec 04 19:41:21 2005] [error] mod_jk child workerEnv in error state 6
[Sun Dec 04 19:41:21 2005] [notice] workerEnv.init() ok /etc/httpd/conf/workers2.properties
[Sun Dec 04 19:41:21 2005] [error] mod_jk child workerEnv in error state 6
[Sun Dec 04 19:46:04 2005] [notice] jk2_init() Found child 1821 in scoreboard slot 6
[Sun Dec 04 19:46:04 2005] [notice] jk2_init() Found child 1822 in scoreboard slot 7
[Sun Dec 04 19:46:13 2005] [notice] workerEnv.init() ok /etc/httpd/conf/workers2.properties
[Sun Dec 04 19:46:13 2005] [notice] workerEnv.init() ok /etc/httpd/conf/workers2.properties
[Sun Dec 04 19:46:13 2005] [error] mod_jk child workerEnv in error state 6
[Sun Dec 04 19:46:13 2005] [error] mod_jk child workerEnv in error state 6
[Sun Dec 04 19:46:16 2005] [notice] jk2_init() Found child 1823 in scoreboard slot 8
[Sun Dec 04 19:46:19 2005] [notice] jk2_init() Found child 1824 in scoreboard slot 9
[Sun Dec 04 19:46:20 2005] [notice] workerEnv.init() ok /etc/httpd/conf/workers2.properties
[Sun Dec 04 19:46:20 2005] [error] mod_jk child workerEnv in error state 6
[Sun Dec 04 19:46:20 2005] [notice] workerEnv.init() ok /etc/httpd/conf/workers2.properties
[Sun Dec 04 19:46:20 2005] [error] mod_jk child workerEnv in error state 6
[Sun Dec 04 19:50:39 2005] [notice] jk2_init() Found child 1833 in scoreboard slot 7
[Sun Dec 04 19:50:39 2005] [notice] jk2_init() Found child 1832 in scoreboard slot 6
[Sun Dec 04 19:50:51 2005] [notice] workerEnv.init() ok /etc/httpd/conf/workers2.properties
[Sun Dec 04 19:50:51 2005] [notice] workerEnv.init() ok /etc/httpd/conf/workers2.properties
[Sun Dec 04 19:50:55 2005] [error] mod_jk child workerEnv in error state 6
[Sun Dec 04 19:50:57 2005] [notice] jk2_init() Found child 1834 in scoreboard slot 8
[Sun Dec 04 19:50:55 2005] [error] mod_jk child workerEnv in error state 6
[Sun Dec 04 19:51:16 2005] [notice] workerEnv.init() ok /etc/httpd/conf/workers2.properties
[Sun Dec 04 19:51:18 2005] [error] mod_jk child workerEnv in error state 6
[Sun Dec 04 19:51:43 2005] [notice] jk2_init() Found child 1835 in scoreboard slot 9
[Sun Dec 04 19:51:52 2005] [notice] jk2_init() Found child 1836 in scoreboard slot 6
[Sun Dec 04 19:51:52 2005] [notice] jk2_init() Found child 1837 in scoreboard slot 7
[Sun Dec 04 19:51:54 2005] [notice] workerEnv.init() ok /etc/httpd/conf/workers2.properties
[Sun Dec 04 19:51:54 2005] [error] mod_jk child workerEnv in error state 6
[Sun Dec 04 19:51:54 2005] [notice] workerEnv.init() ok /etc/httpd/conf/workers2.properties
[Sun Dec 04 19:51:54 2005] [error] mod_jk child workerEnv in error state 6
[Sun Dec 04 19:51:54 2005] [notice] workerEnv.init() ok /etc/httpd/conf/workers2.properties
[Sun Dec 04 19:51:54 2005] [error] mod_jk child workerEnv in error state 6
[Sun Dec 04 19:56:51 2005] [notice] jk2_init() Found child 1851 in scoreboard slot 6
[Sun Dec 04 19:56:51 2005] [notice] jk2_init() Found child 1852 in scoreboard slot 9
[Sun Dec 04 19:56:51 2005] [notice] jk2_init() Found child 1853 in scoreboard slot 7
[Sun Dec 04 19:56:51 2005] [notice] jk2_init() Found child 1850 in scoreboard slot 8
[Sun Dec 04 19:56:53 2005] [notice] workerEnv.init() ok /etc/httpd/conf/workers2.properties
[Sun Dec 04 19:56:53 2005] [error] mod_jk child workerEnv in error state 6
[Sun Dec 04 19:56:53 2005] [notice] workerEnv.init() ok /etc/httpd/conf/workers2.properties
[Sun Dec 04 19:56:53 2005] [error] mod_jk child workerEnv in error state 6
[Sun Dec 04 19:56:53 2005] [notice] workerEnv.init() ok /etc/httpd/conf/workers2.properties
[Sun Dec 04 19:56:53 2005] [error] mod_jk child workerEnv in error state 6
[Sun Dec 04 19:56:53 2005] [notice] workerEnv.init() ok /etc/httpd/conf/workers2.properties
[Sun Dec 04 19:56:53 2005] [error] mod_jk child workerEnv in error state 6
[Sun Dec 04 20:01:00 2005] [notice] jk2_init() Found child 1861 in scoreboard slot 8
[Sun Dec 04 20:01:00 2005] [notice] jk2_init() Found child 1862 in scoreboard slot 6
[Sun Dec 04 20:01:30 2005] [notice] jk2_init() Found child 1867 in scoreboard slot 8
[Sun Dec 04 20:01:30 2005] [notice] jk2_init() Found child 1864 in scoreboard slot 7
[Sun Dec 04 20:01:30 2005] [notice] jk2_init() Found child 1868 in scoreboard slot 6
[Sun Dec 04 20:01:30 2005] [notice] jk2_init() Found child 1863 in scoreboard slot 9
[Sun Dec 04 20:01:37 2005] [notice] workerEnv.init() ok /etc/httpd/conf/workers2.properties
[Sun Dec 04 20:01:37 2005] [notice] workerEnv.init() ok /etc/httpd/conf/workers2.properties
[Sun Dec 04 20:01:37 2005] [notice] workerEnv.init() ok /etc/httpd/conf/workers2.properties
[Sun Dec 04 20:01:37 2005] [notice] workerEnv.init() ok /etc/httpd/conf/workers2.properties
[Sun Dec 04 20:01:37 2005] [error] mod_jk child workerEnv in error state 6
[Sun Dec 04 20:01:37 2005] [error] mod_jk child workerEnv in error state 6
[Sun Dec 04 20:01:37 2005] [error] mod_jk child workerEnv in error state 6
[Sun Dec 04 20:01:37 2005] [error] mod_jk child workerEnv in error state 7
[Sun Dec 04 20:05:55 2005] [notice] jk2_init() Found child 1887 in scoreboard slot 8
[Sun Dec 04 20:05:55 2005] [notice] jk2_init() Found child 1885 in scoreboard slot 9
[Sun Dec 04 20:05:55 2005] [notice] jk2_init() Found child 1888 in scoreboard slot 6
[Sun Dec 04 20:05:55 2005] [notice] jk2_init() Found child 1886 in scoreboard slot 7
[Sun Dec 04 20:05:58 2005] [notice] workerEnv.init() ok /etc/httpd/conf/workers2.properties
[Sun Dec 04 20:05:59 2005] [error] mod_jk child workerEnv in error state 6
[Sun Dec 04 20:05:59 2005] [notice] workerEnv.init() ok /etc/httpd/conf/workers2.properties
[Sun Dec 04 20:05:59 2005] [error] mod_jk child workerEnv in error state 6
[Sun Dec 04 20:05:59 2005] [notice] workerEnv.init() ok /etc/httpd/conf/workers2.properties
[Sun Dec 04 20:05:59 2005] [error] mod_jk child workerEnv in error state 6
[Sun Dec 04 20:05:59 2005] [notice] workerEnv.init() ok /etc/httpd/conf/workers2.properties
[Sun Dec 04 20:05:59 2005] [error] mod_jk child workerEnv in error state 6
[Sun Dec 04 20:11:09 2005] [notice] jk2_init() Found child 1899 in scoreboard slot 7
[Sun Dec 04 20:11:09 2005] [notice] jk2_init() Found child 1900 in scoreboard slot 8
[Sun Dec 04 20:11:09 2005] [notice] jk2_init() Found child 1901 in scoreboard slot 6
[Sun Dec 04 20:11:09 2005] [notice] jk2_init() Found child 1898 in scoreboard slot 9
[Sun Dec 04 20:11:14 2005] [notice] workerEnv.init() ok /etc/httpd/conf/workers2.properties
[Sun Dec 04 20:11:14 2005] [error] mod_jk child workerEnv in error state 6
[Sun Dec 04 20:11:14 2005] [notice] workerEnv.init() ok /etc/httpd/conf/workers2.properties
[Sun Dec 04 20:11:14 2005] [error] mod_jk child workerEnv in error state 6
[Sun Dec 04 20:11:14 2005] [notice] workerEnv.init() ok /etc/httpd/conf/workers2.properties
[Sun Dec 04 20:11:14 2005] [error] mod_jk child workerEnv in error state 6
[Sun Dec 04 20:11:14 2005] [notice] workerEnv.init() ok /etc/httpd/conf/workers2.properties
[Sun Dec 04 20:11:14 2005] [error] mod_jk child workerEnv in error state 6
[Sun Dec 04 20:16:10 2005] [notice] jk2_init() Found child 1912 in scoreboard slot 9
[Sun Dec 04 20:16:10 2005] [notice] jk2_init() Found child 1915 in scoreboard slot 6
[Sun Dec 04 20:16:10 2005] [notice] jk2_init() Found child 1913 in scoreboard slot 7
[Sun Dec 04 20:16:10 2005] [notice] jk2_init() Found child 1914 in scoreboard slot 8
[Sun Dec 04 20:16:15 2005] [notice] workerEnv.init() ok /etc/httpd/conf/workers2.properties
[Sun Dec 04 20:16:15 2005] [notice] workerEnv.init() ok /etc/httpd/conf/workers2.properties
[Sun Dec 04 20:16:15 2005] [notice] workerEnv.init() ok /etc/httpd/conf/workers2.properties
[Sun Dec 04 20:16:15 2005] [notice] workerEnv.init() ok /etc/httpd/conf/workers2.properties
[Sun Dec 04 20:16:15 2005] [error] mod_jk child workerEnv in error state 6
[Sun Dec 04 20:16:15 2005] [error] mod_jk child workerEnv in error state 6
[Sun Dec 04 20:16:15 2005] [error] mod_jk child workerEnv in error state 6
[Sun Dec 04 20:16:15 2005] [error] mod_jk child workerEnv in error state 6
[Sun Dec 04 20:20:57 2005] [notice] jk2_init() Found child 1931 in scoreboard slot 7
[Sun Dec 04 20:21:09 2005] [notice] jk2_init() Found child 1932 in scoreboard slot 8
[Sun Dec 04 20:21:08 2005] [notice] jk2_init() Found child 1933 in scoreboard slot 6
[Sun Dec 04 20:21:21 2005] [notice] workerEnv.init() ok /etc/httpd/conf/workers2.properties
[Sun Dec 04 20:21:31 2005] [notice] workerEnv.init() ok /etc/httpd/conf/workers2.properties
[Sun Dec 04 20:21:31 2005] [notice] workerEnv.init() ok /etc/httpd/conf/workers2.properties
[Sun Dec 04 20:21:37 2005] [notice] jk2_init() Found child 1934 in scoreboard slot 9
[Sun Dec 04 20:21:36 2005] [error] mod_jk child workerEnv in error state 6
[Sun Dec 04 20:22:09 2005] [notice] workerEnv.init() ok /etc/httpd/conf/workers2.properties
[Sun Dec 04 20:22:12 2005] [notice] jk2_init() Found child 1936 in scoreboard slot 8
[Sun Dec 04 20:22:12 2005] [notice] jk2_init() Found child 1935 in scoreboard slot 7
[Sun Dec 04 20:22:49 2005] [notice] workerEnv.init() ok /etc/httpd/conf/workers2.properties
[Sun Dec 04 20:22:52 2005] [error] mod_jk child workerEnv in error state 7
[Sun Dec 04 20:22:57 2005] [notice] jk2_init() Found child 1937 in scoreboard slot 6
[Sun Dec 04 20:23:12 2005] [notice] jk2_init() Found child 1938 in scoreboard slot 9
[Sun Dec 04 20:24:45 2005] [notice] jk2_init() Found child 1950 in scoreboard slot 9
[Sun Dec 04 20:24:45 2005] [notice] jk2_init() Found child 1951 in scoreboard slot 7
[Sun Dec 04 20:24:45 2005] [notice] jk2_init() Found child 1949 in scoreboard slot 6
[Sun Dec 04 20:24:45 2005] [notice] jk2_init() Found child 1948 in scoreboard slot 8
[Sun Dec 04 20:24:49 2005] [notice] workerEnv.init() ok /etc/httpd/conf/workers2.properties
[Sun Dec 04 20:24:49 2005] [error] mod_jk child workerEnv in error state 8
[Sun Dec 04 20:24:49 2005] [notice] workerEnv.init() ok /etc/httpd/conf/workers2.properties
[Sun Dec 04 20:24:49 2005] [error] mod_jk child workerEnv in error state 8
[Sun Dec 04 20:24:49 2005] [notice] workerEnv.init() ok /etc/httpd/conf/workers2.properties
[Sun Dec 04 20:24:49 2005] [error] mod_jk child workerEnv in error state 6
[Sun Dec 04 20:24:49 2005] [notice] workerEnv.init() ok /etc/httpd/conf/workers2.properties
[Sun Dec 04 20:24:49 2005] [error] mod_jk child workerEnv in error state 7
[Sun Dec 04 20:26:10 2005] [notice] jk2_init() Found child 1957 in scoreboard slot 8
[Sun Dec 04 20:26:53 2005] [notice] workerEnv.init() ok /etc/httpd/conf/workers2.properties
[Sun Dec 04 20:26:54 2005] [error] mod_jk child workerEnv in error state 6
[Sun Dec 04 20:26:58 2005] [notice] jk2_init() Found child 1959 in scoreboard slot 9
[Sun Dec 04 20:26:58 2005] [notice] jk2_init() Found child 1958 in scoreboard slot 6
[Sun Dec 04 20:27:43 2005] [notice] jk2_init() Found child 1961 in scoreboard slot 8
[Sun Dec 04 20:28:00 2005] [notice] jk2_init() Found child 1962 in scoreboard slot 6
[Sun Dec 04 20:28:00 2005] [notice] jk2_init() Found child 1963 in scoreboard slot 9
[Sun Dec 04 20:28:26 2005] [notice] jk2_init() Found child 1964 in scoreboard slot 7
[Sun Dec 04 20:28:39 2005] [notice] jk2_init() Found child 1966 in scoreboard slot 6
[Sun Dec 04 20:28:39 2005] [notice] jk2_init() Found child 1967 in scoreboard slot 9
[Sun Dec 04 20:28:39 2005] [notice] jk2_init() Found child 1965 in scoreboard slot 8
[Sun Dec 04 20:29:34 2005] [notice] jk2_init() Found child 1970 in scoreboard slot 6
[Sun Dec 04 20:30:59 2005] [notice] jk2_init() Found child 1984 in scoreboard slot 10
[Sun Dec 04 20:31:35 2005] [notice] jk2_init() Found child 1990 in scoreboard slot 9
[Sun Dec 04 20:32:37 2005] [notice] jk2_init() Found child 1999 in scoreboard slot 6
[Sun Dec 04 20:32:37 2005] [notice] jk2_init() Found child 2000 in scoreboard slot 7
[Sun Dec 04 20:32:37 2005] [notice] jk2_init() Found child 1998 in scoreboard slot 9
[Sun Dec 04 20:32:50 2005] [notice] workerEnv.init() ok /etc/httpd/conf/workers2.properties
[Sun Dec 04 20:32:50 2005] [notice] workerEnv.init() ok /etc/httpd/conf/workers2.properties
[Sun Dec 04 20:32:50 2005] [notice] workerEnv.init() ok /etc/httpd/conf/workers2.properties
[Sun Dec 04 20:32:55 2005] [error] mod_jk child workerEnv in error state 10
[Sun Dec 04 20:32:55 2005] [error] mod_jk child workerEnv in error state 6
[Sun Dec 04 20:32:55 2005] [error] mod_jk child workerEnv in error state 10
[Sun Dec 04 20:33:35 2005] [notice] jk2_init() Found child 2002 in scoreboard slot 8
[Sun Dec 04 20:33:35 2005] [notice] jk2_init() Found child 2001 in scoreboard slot 9
[Sun Dec 04 20:33:47 2005] [notice] jk2_init() Found child 2005 in scoreboard slot 7
[Sun Dec 04 20:33:47 2005] [notice] jk2_init() Found child 2004 in scoreboard slot 6
[Sun Dec 04 20:34:13 2005] [notice] workerEnv.init() ok /etc/httpd/conf/workers2.properties
[Sun Dec 04 20:34:14 2005] [error] mod_jk child workerEnv in error state 6
[Sun Dec 04 20:34:20 2005] [notice] jk2_init() Found child 2007 in scoreboard slot 8
