20171223-22:31:59:956|Step_SPUtils|30002312| getTodayTotalDetailSteps = 1514039400000##7189##549659##8661##16256##28163940
20171223-22:31:59:957|Step_SPUtils|30002312|setTodayTotalDetailSteps=1514039400000##7189##549659##8661##16256##28164276
20171223-22:31:59:965|Step_ExtSDM|30002312|calculateCaloriesWithCache totalCalories=130673
20171223-22:31:59:968|Step_ExtSDM|30002312|calculateAltitudeWithCache totalAltitude=240
20171223-22:32:0:95|Step_LSC|30002312|processHandleBroadcastAction action:android.intent.action.TIME_TICK
20171223-22:32:28:791|HiH_HiSyncControl|30002312|startTimer start autoSync
20171223-22:32:28:796|HiH_HiSyncControl|30002312|startSync hiSyncOption = HiSyncOption{syncAction=1, syncMethod=2, syncScope=0, syncDataType=20000, syncModel=2, pushAction=0},app = 1 who = 1
20171223-22:32:28:796|HiH_HiSyncControl|30002312|stepSyncOrNot appSynTimes is 0
20171223-22:32:28:798|HiH_HiSyncControl|30002312|needAutoSync autoSyncSwitch is open
20171223-22:32:28:800|HiH_HiSyncControl|30002312|initDataPrivacy the dataPrivacy switch is open, start push health data!
20171223-22:32:28:800|HiH_|30002312|initDataPrivacy the dataPrivacy is true
20171223-22:32:28:801|HiH_HiSyncControl|30002312|initUserPrivacy the userPrivacy switch is open, start push user data!
20171223-22:32:28:801|HiH_|30002312|initUserPrivacy the userPrivacy is true
20171223-22:32:28:801|HiH_HiSyncControl|30002312|ifCanSync not! no cloud version
20171223-22:32:28:801|HiH_HiBroadcastUtil|30002312|sendSyncFailedBroadcast
20171223-22:33:0:103|Step_LSC|30002312|processHandleBroadcastAction action:android.intent.action.TIME_TICK
20171223-22:33:9:926|Step_LSC|30002312|onStandStepChanged 3761
20171223-22:33:9:938|Step_LSC|30002312|onExtend:1514039590000 0 0 5
20171223-22:33:10:228|Step_SPUtils|30002312| getTodayTotalDetailSteps = 1514039400000##7189##549659##8661##16256##28164276
20171223-22:33:10:229|Step_SPUtils|30002312|setTodayTotalDetailSteps=1514039520000##7189##549659##8661##16256##28234547
20171223-22:33:10:244|Step_ExtSDM|30002312|calculateCaloriesWithCache totalCalories=130673
20171223-22:33:10:248|Step_ExtSDM|30002312|calculateAltitudeWithCache totalAltitude=240
20171223-22:33:30:315|Step_StandReportReceiver|30002312|onReceive action: android.intent.action.SCREEN_OFF
20171223-22:33:46:274|Step_LSC|30002312|onStandStepChanged 3761
20171223-22:33:46:279|Step_LSC|30002312|onExtend:1514039626000 0 0 0
20171223-22:33:46:301|Step_StandReportReceiver|30002312|onReceive action: android.intent.action.SCREEN_ON
20171223-22:33:46:303|Step_LSC|30002312|processHandleBroadcastAction action:android.intent.action.SCREEN_ON
20171223-22:33:46:303|Step_StandStepCounter|30002312|flush sensor data
20171223-22:33:46:304|Step_SPUtils|30002312| getTodayTotalDetailSteps = 1514039520000##7189##549659##8661##16256##28234547
20171223-22:33:46:304|Step_SPUtils|30002312|setTodayTotalDetailSteps=1514039520000##7189##549659##8661##16256##28270623
20171223-22:33:46:305|Step_LSC|30002312|onStandStepChanged 3761
20171223-22:33:46:311|Step_ExtSDM|30002312|calculateCaloriesWithCache totalCalories=130673
20171223-22:33:46:314|Step_ExtSDM|30002312|calculateAltitudeWithCache totalAltitude=240
20171223-22:33:46:315|Step_StandReportReceiver|30002312|REPORT : 7189 5132 153988 240
20171223-22:33:46:405|Step_LSC|30002312|onStandStepChanged 3761
20171223-22:33:46:406|Step_LSC|30002312|onExtend:1514039626000 0 0 0
20171223-22:33:46:616|Step_SPUtils|30002312| getTodayTotalDetailSteps = 1514039520000##7189##549659##8661##16256##28270623
20171223-22:33:46:616|Step_SPUtils|30002312|setTodayTotalDetailSteps=1514039520000##7189##549659##8661##16256##28270935
20171223-22:33:46:622|Step_ExtSDM|30002312|calculateCaloriesWithCache totalCalories=130673
20171223-22:33:46:624|Step_ExtSDM|30002312|calculateAltitudeWithCache totalAltitude=240
20171223-22:34:0:126|Step_LSC|30002312|processHandleBroadcastAction action:android.intent.action.TIME_TICK
20171223-22:35:0:49|Step_LSC|30002312|processHandleBroadcastAction action:android.intent.action.TIME_TICK
20171223-22:36:0:138|Step_LSC|30002312|processHandleBroadcastAction action:android.intent.action.TIME_TICK
20171223-22:37:0:122|Step_LSC|30002312|processHandleBroadcastAction action:android.intent.action.TIME_TICK
20171223-22:37:14:939|Step_LSC|30002312|onStandStepChanged 3761
20171223-22:37:14:951|Step_LSC|30002312|onExtend:1514039834000 0 0 5
20171223-22:37:15:240|Step_SPUtils|30002312| getTodayTotalDetailSteps = 1514039520000##7189##549659##8661##16256##28270935
20171223-22:37:15:240|Step_SPUtils|30002312|setTodayTotalDetailSteps=1514039760000##7189##549659##8661##16256##28479559
20171223-22:37:15:249|Step_ExtSDM|30002312|calculateCaloriesWithCache totalCalories=130673
20171223-22:37:15:253|Step_ExtSDM|30002312|calculateAltitudeWithCache totalAltitude=240
20171223-22:37:37:466|Step_StandReportReceiver|30002312|onReceive action: android.intent.action.SCREEN_OFF
20171223-22:38:31:368|Step_LSC|30002312|processHandleBroadcastAction action:android.intent.action.TIME_TICK
20171223-22:39:25:260|Step_LSC|30002312|onStandStepChanged 3761
20171223-22:39:25:264|Step_LSC|30002312|onExtend:1514039857000 0 0 5
20171223-22:39:25:265|Step_LSC|30002312|onExtend:1514039917000 0 0 5
20171223-22:39:25:265|Step_LSC|30002312|onExtend:1514039977000 0 0 0
20171223-22:39:25:300|Step_StandReportReceiver|30002312|onReceive action: android.intent.action.SCREEN_ON
20171223-22:39:25:301|Step_LSC|30002312|processHandleBroadcastAction action:android.intent.action.SCREEN_ON
20171223-22:39:25:301|Step_StandStepCounter|30002312|flush sensor data
20171223-22:39:25:301|Step_SPUtils|30002312| getTodayTotalDetailSteps = 1514039760000##7189##549659##8661##16256##28479559
20171223-22:39:25:302|Step_SPUtils|30002312|setTodayTotalDetailSteps=1514039880000##7189##549659##8661##16256##28609620
20171223-22:39:25:306|Step_LSC|30002312|onStandStepChanged 3761
20171223-22:39:25:310|Step_ExtSDM|30002312|calculateCaloriesWithCache totalCalories=130673
20171223-22:39:25:313|Step_ExtSDM|30002312|calculateAltitudeWithCache totalAltitude=240
20171223-22:39:25:314|Step_StandReportReceiver|30002312|REPORT : 7189 5132 153988 240
20171223-22:39:25:402|Step_LSC|30002312|onStandStepChanged 3761
20171223-22:39:25:406|Step_LSC|30002312|onExtend:1514039965000 0 0 0
20171223-22:39:25:406|Step_LSC|30002312|timeStamp back,extendReportTimeStamp=1514039977000
20171223-22:39:25:446|Step_LSC|30002312|processHandleBroadcastAction action:android.intent.action.TIME_TICK
20171223-22:39:25:614|Step_SPUtils|30002312| getTodayTotalDetailSteps = 1514039880000##7189##549659##8661##16256##28609620
20171223-22:39:25:614|Step_SPUtils|30002312|setTodayTotalDetailSteps=1514039880000##7189##549659##8661##16256##28609933
20171223-22:39:25:625|Step_ExtSDM|30002312|calculateCaloriesWithCache totalCalories=130673
20171223-22:39:25:628|Step_ExtSDM|30002312|calculateAltitudeWithCache totalAltitude=240
20171223-22:40:0:151|Step_LSC|30002312|processHandleBroadcastAction action:android.intent.action.TIME_TICK
20171223-22:41:0:151|Step_LSC|30002312|processHandleBroadcastAction action:android.intent.action.TIME_TICK
20171223-22:42:0:137|Step_LSC|30002312|processHandleBroadcastAction action:android.intent.action.TIME_TICK
20171223-22:43:0:96|Step_LSC|30002312|processHandleBroadcastAction action:android.intent.action.TIME_TICK
20171223-22:44:0:47|Step_LSC|30002312|processHandleBroadcastAction action:android.intent.action.TIME_TICK
20171223-22:45:0:94|Step_LSC|30002312|processHandleBroadcastAction action:android.intent.action.TIME_TICK
20171223-22:45:48:956|Step_LSC|30002312|onStandStepChanged 3761
20171223-22:45:48:970|Step_LSC|30002312|onExtend:1514040348000 0 0 5
20171223-22:45:49:258|Step_SPUtils|30002312| getTodayTotalDetailSteps = 1514039880000##7189##549659##8661##16256##28609933
20171223-22:45:49:259|Step_SPUtils|30002312|setTodayTotalDetailSteps=1514040240000##7189##549659##8661##16256##28993578
20171223-22:45:49:273|Step_ExtSDM|30002312|calculateCaloriesWithCache totalCalories=130673
20171223-22:45:49:278|Step_ExtSDM|30002312|calculateAltitudeWithCache totalAltitude=240
20171223-22:45:54:954|Step_LSC|30002312|onStandStepChanged 3761
20171223-22:45:54:974|Step_LSC|30002312|onExtend:1514040354000 0 0 0
20171223-22:45:55:256|Step_SPUtils|30002312| getTodayTotalDetailSteps = 1514040240000##7189##549659##8661##16256##28993578
20171223-22:45:55:257|Step_SPUtils|30002312|setTodayTotalDetailSteps=1514040240000##7189##549659##8661##16256##28999575
20171223-22:45:55:268|Step_ExtSDM|30002312|calculateCaloriesWithCache totalCalories=130673
20171223-22:45:55:272|Step_ExtSDM|30002312|calculateAltitudeWithCache totalAltitude=240
20171223-22:46:0:142|Step_LSC|30002312|processHandleBroadcastAction action:android.intent.action.TIME_TICK
20171223-22:47:0:157|Step_LSC|30002312|processHandleBroadcastAction action:android.intent.action.TIME_TICK
20171223-22:48:0:132|Step_LSC|30002312|processHandleBroadcastAction action:android.intent.action.TIME_TICK
20171223-22:49:0:139|Step_LSC|30002312|processHandleBroadcastAction action:android.intent.action.TIME_TICK
20171223-22:50:0:142|Step_LSC|30002312|processHandleBroadcastAction action:android.intent.action.TIME_TICK
20171223-22:51:0:128|Step_LSC|30002312|processHandleBroadcastAction action:android.intent.action.TIME_TICK
20171223-22:51:2:965|Step_LSC|30002312|onStandStepChanged 3761
20171223-22:51:2:978|Step_LSC|30002312|onExtend:1514040662000 0 0 5
20171223-22:51:3:266|Step_SPUtils|30002312| getTodayTotalDetailSteps = 1514040240000##7189##549659##8661##16256##28999575
20171223-22:51:3:266|Step_SPUtils|30002312|setTodayTotalDetailSteps=1514040600000##7189##549659##8661##16256##29307585
20171223-22:51:3:275|Step_ExtSDM|30002312|calculateCaloriesWithCache totalCalories=130673
20171223-22:51:3:278|Step_ExtSDM|30002312|calculateAltitudeWithCache totalAltitude=240
20171223-22:51:24:638|Step_StandReportReceiver|30002312|onReceive action: android.intent.action.SCREEN_OFF
20171223-22:51:37:252|Step_LSC|30002312|onStandStepChanged 3761
20171223-22:51:37:260|Step_LSC|30002312|onExtend:1514040697000 0 0 0
20171223-22:51:37:290|Step_StandReportReceiver|30002312|onReceive action: android.intent.action.SCREEN_ON
20171223-22:51:37:292|Step_LSC|30002312|processHandleBroadcastAction action:android.intent.action.SCREEN_ON
20171223-22:51:37:292|Step_StandStepCounter|30002312|flush sensor data
20171223-22:51:37:292|Step_SPUtils|30002312| getTodayTotalDetailSteps = 1514040600000##7189##549659##8661##16256##29307585
20171223-22:51:37:293|Step_SPUtils|30002312|setTodayTotalDetailSteps=1514040600000##7189##549659##8661##16256##29341612
20171223-22:51:37:295|Step_LSC|30002312|onStandStepChanged 3761
20171223-22:51:37:302|Step_ExtSDM|30002312|calculateCaloriesWithCache totalCalories=130673
20171223-22:51:37:306|Step_ExtSDM|30002312|calculateAltitudeWithCache totalAltitude=240
20171223-22:51:37:307|Step_StandReportReceiver|30002312|REPORT : 7189 5132 153988 240
20171223-22:51:37:393|Step_LSC|30002312|onStandStepChanged 3761
20171223-22:51:37:394|Step_LSC|30002312|onExtend:1514040697000 0 0 0
20171223-22:51:37:608|Step_SPUtils|30002312| getTodayTotalDetailSteps = 1514040600000##7189##549659##8661##16256##29341612
20171223-22:51:37:608|Step_SPUtils|30002312|setTodayTotalDetailSteps=1514040600000##7189##549659##8661##16256##29341927
20171223-22:51:37:615|Step_ExtSDM|30002312|calculateCaloriesWithCache totalCalories=130673
20171223-22:51:37:618|Step_ExtSDM|30002312|calculateAltitudeWithCache totalAltitude=240
20171223-22:51:40:331|Step_LSC|30002312|onStandStepChanged 3761
20171223-22:51:40:340|Step_LSC|30002312|onExtend:1514040700000 0 0 0
20171223-22:51:40:632|Step_SPUtils|30002312| getTodayTotalDetailSteps = 1514040600000##7189##549659##8661##16256##29341927
20171223-22:51:40:632|Step_SPUtils|30002312|setTodayTotalDetailSteps=1514040600000##7189##549659##8661##16256##29344951
20171223-22:51:40:641|Step_ExtSDM|30002312|calculateCaloriesWithCache totalCalories=130673
20171223-22:51:40:644|Step_ExtSDM|30002312|calculateAltitudeWithCache totalAltitude=240
20171223-22:51:48:980|Step_LSC|30002312|onStandStepChanged 3761
20171223-22:51:48:993|Step_LSC|30002312|onExtend:1514040708000 0 0 5
20171223-22:51:49:282|Step_SPUtils|30002312| getTodayTotalDetailSteps = 1514040600000##7189##549659##8661##16256##29344951
20171223-22:51:49:283|Step_SPUtils|30002312|setTodayTotalDetailSteps=1514040600000##7189##549659##8661##16256##29353602
20171223-22:51:49:298|Step_ExtSDM|30002312|calculateCaloriesWithCache totalCalories=130673
20171223-22:51:49:315|Step_ExtSDM|30002312|calculateAltitudeWithCache totalAltitude=240
20171223-22:52:0:146|Step_LSC|30002312|processHandleBroadcastAction action:android.intent.action.TIME_TICK
20171223-22:52:8:790|Step_StandReportReceiver|30002312|onReceive action: android.intent.action.SCREEN_OFF
20171223-22:52:45:412|Step_LSC|30002312|onStandStepChanged 3761
20171223-22:52:45:415|Step_LSC|30002312|onExtend:1514040766000 0 0 5
20171223-22:52:45:485|Step_StandReportReceiver|30002312|onReceive action: android.intent.action.SCREEN_ON
20171223-22:52:45:486|Step_LSC|30002312|processHandleBroadcastAction action:android.intent.action.SCREEN_ON
20171223-22:52:45:486|Step_StandStepCounter|30002312|flush sensor data
20171223-22:52:45:487|Step_SPUtils|30002312| getTodayTotalDetailSteps = 1514040600000##7189##549659##8661##16256##29353602
20171223-22:52:45:487|Step_SPUtils|30002312|setTodayTotalDetailSteps=1514040660000##7189##549659##8661##16256##29409806
20171223-22:52:45:487|Step_LSC|30002312|onStandStepChanged 3761
20171223-22:52:45:494|Step_ExtSDM|30002312|calculateCaloriesWithCache totalCalories=130673
20171223-22:52:45:497|Step_ExtSDM|30002312|calculateAltitudeWithCache totalAltitude=240
20171223-22:52:45:498|Step_StandReportReceiver|30002312|REPORT : 7189 5132 153988 240
20171223-22:52:45:587|Step_LSC|30002312|onStandStepChanged 3761
20171223-22:52:45:588|Step_LSC|30002312|onExtend:1514040766000 0 0 5
20171223-22:52:45:800|Step_SPUtils|30002312| getTodayTotalDetailSteps = 1514040660000##7189##549659##8661##16256##29409806
20171223-22:52:45:802|Step_SPUtils|30002312|setTodayTotalDetailSteps=1514040660000##7189##549659##8661##16256##29410120
20171223-22:52:45:810|Step_ExtSDM|30002312|calculateCaloriesWithCache totalCalories=130673
20171223-22:52:45:813|Step_ExtSDM|30002312|calculateAltitudeWithCache totalAltitude=240
20171223-22:52:45:985|Step_LSC|30002312|onStandStepChanged 3761
20171223-22:52:45:987|Step_LSC|30002312|onExtend:1514040766000 0 0 0
20171223-22:52:46:286|Step_SPUtils|30002312| getTodayTotalDetailSteps = 1514040660000##7189##549659##8661##16256##29410120
20171223-22:52:46:287|Step_SPUtils|30002312|setTodayTotalDetailSteps=1514040660000##7189##549659##8661##16256##29410605
20171223-22:52:46:296|Step_ExtSDM|30002312|calculateCaloriesWithCache totalCalories=130673
20171223-22:52:46:301|Step_ExtSDM|30002312|calculateAltitudeWithCache totalAltitude=240
20171223-22:52:51:987|Step_LSC|30002312|onStandStepChanged 3761
20171223-22:52:51:993|Step_LSC|30002312|onExtend:1514040772000 0 0 5
20171223-22:52:52:287|Step_SPUtils|30002312| getTodayTotalDetailSteps = 1514040660000##7189##549659##8661##16256##29410605
20171223-22:52:52:288|Step_SPUtils|30002312|setTodayTotalDetailSteps=1514040660000##7189##549659##8661##16256##29416607
20171223-22:52:52:301|Step_ExtSDM|30002312|calculateCaloriesWithCache totalCalories=130673
20171223-22:52:52:306|Step_ExtSDM|30002312|calculateAltitudeWithCache totalAltitude=240
20171223-22:52:55:718|Step_StandReportReceiver|30002312|onReceive action: android.intent.action.SCREEN_OFF
20171223-22:53:1:177|Step_LSC|30002312|onStandStepChanged 3761
20171223-22:53:1:185|Step_LSC|30002312|onExtend:1514040776000 0 0 5
20171223-22:53:1:185|Step_LSC|30002312|onExtend:1514040836000 0 0 0
20171223-22:53:1:211|Step_StandReportReceiver|30002312|onReceive action: android.intent.action.SCREEN_ON
20171223-22:53:1:213|Step_LSC|30002312|processHandleBroadcastAction action:android.intent.action.SCREEN_ON
20171223-22:53:1:213|Step_StandStepCounter|30002312|flush sensor data
20171223-22:53:1:214|Step_SPUtils|30002312| getTodayTotalDetailSteps = 1514040660000##7189##549659##8661##16256##29416607
20171223-22:53:1:215|Step_SPUtils|30002312|setTodayTotalDetailSteps=1514040720000##7189##549659##8661##16256##29425533
20171223-22:53:1:218|Step_LSC|30002312|onStandStepChanged 3761
20171223-22:53:1:219|Step_ExtSDM|30002312|calculateCaloriesWithCache totalCalories=130673
20171223-22:53:1:226|Step_ExtSDM|30002312|calculateAltitudeWithCache totalAltitude=240
20171223-22:53:1:227|Step_StandReportReceiver|30002312|REPORT : 7189 5132 153988 240
20171223-22:53:1:315|Step_LSC|30002312|onStandStepChanged 3761
20171223-22:53:1:320|Step_LSC|30002312|onExtend:1514040781000 0 0 0
20171223-22:53:1:320|Step_LSC|30002312|timeStamp back,extendReportTimeStamp=1514040836000
20171223-22:53:1:325|Step_LSC|30002312|processHandleBroadcastAction action:android.intent.action.TIME_TICK
20171223-22:53:1:528|Step_SPUtils|30002312| getTodayTotalDetailSteps = 1514040720000##7189##549659##8661##16256##29425533
20171223-22:53:1:529|Step_SPUtils|30002312|setTodayTotalDetailSteps=1514040720000##7189##549659##8661##16256##29425847
20171223-22:53:1:539|Step_ExtSDM|30002312|calculateCaloriesWithCache totalCalories=130673
20171223-22:53:1:544|Step_ExtSDM|30002312|calculateAltitudeWithCache totalAltitude=240
20171223-22:53:6:996|Step_LSC|30002312|onStandStepChanged 3761
20171223-22:53:7:6|Step_LSC|30002312|onExtend:1514040786000 0 0 5
20171223-22:53:7:299|Step_SPUtils|30002312| getTodayTotalDetailSteps = 1514040720000##7189##549659##8661##16256##29425847
20171223-22:53:7:299|Step_SPUtils|30002312|setTodayTotalDetailSteps=1514040720000##7189##549659##8661##16256##29431618
20171223-22:53:7:309|Step_ExtSDM|30002312|calculateCaloriesWithCache totalCalories=130673
20171223-22:53:7:314|Step_ExtSDM|30002312|calculateAltitudeWithCache totalAltitude=240
20171223-22:53:11:351|Step_StandReportReceiver|30002312|onReceive action: android.intent.action.SCREEN_OFF
20171223-22:53:12:698|Step_LSC|30002312|onStandStepChanged 3761
20171223-22:53:12:704|Step_LSC|30002312|onExtend:1514040793000 0 0 5
20171223-22:53:12:714|Step_StandReportReceiver|30002312|onReceive action: android.intent.action.SCREEN_ON
20171223-22:53:12:716|Step_LSC|30002312|processHandleBroadcastAction action:android.intent.action.SCREEN_ON
20171223-22:53:12:716|Step_StandStepCounter|30002312|flush sensor data
20171223-22:53:12:718|Step_SPUtils|30002312| getTodayTotalDetailSteps = 1514040720000##7189##549659##8661##16256##29431618
20171223-22:53:12:718|Step_SPUtils|30002312|setTodayTotalDetailSteps=1514040720000##7189##549659##8661##16256##29437037
20171223-22:53:12:720|Step_LSC|30002312|onStandStepChanged 3761
20171223-22:53:12:731|Step_ExtSDM|30002312|calculateCaloriesWithCache totalCalories=130673
20171223-22:53:12:737|Step_ExtSDM|30002312|calculateAltitudeWithCache totalAltitude=240
20171223-22:53:12:737|Step_StandReportReceiver|30002312|REPORT : 7189 5132 153988 240
20171223-22:53:12:818|Step_LSC|30002312|onStandStepChanged 3761
20171223-22:53:12:820|Step_LSC|30002312|onExtend:1514040793000 0 0 5
20171223-22:53:13:15|Step_LSC|30002312|onStandStepChanged 3761
20171223-22:53:13:16|Step_LSC|30002312|onExtend:1514040793000 0 0 0
20171223-22:53:13:38|Step_SPUtils|30002312| getTodayTotalDetailSteps = 1514040720000##7189##549659##8661##16256##29437037
20171223-22:53:13:39|Step_SPUtils|30002312|setTodayTotalDetailSteps=1514040720000##7189##549659##8661##16256##29437358
20171223-22:53:13:45|Step_ExtSDM|30002312|calculateCaloriesWithCache totalCalories=130673
20171223-22:53:13:48|Step_ExtSDM|30002312|calculateAltitudeWithCache totalAltitude=240
20171223-22:54:0:118|Step_LSC|30002312|processHandleBroadcastAction action:android.intent.action.TIME_TICK
20171223-22:54:55:20|Step_LSC|30002312|onStandStepChanged 3761
20171223-22:54:55:29|Step_LSC|30002312|onExtend:1514040895000 0 0 5
20171223-22:54:55:330|Step_SPUtils|30002312| getTodayTotalDetailSteps = 1514040720000##7189##549659##8661##16256##29437358
20171223-22:54:55:331|Step_SPUtils|30002312|setTodayTotalDetailSteps=1514040780000##7189##549659##8661##16256##29539649
20171223-22:54:55:346|Step_ExtSDM|30002312|calculateCaloriesWithCache totalCalories=130673
20171223-22:54:55:361|Step_ExtSDM|30002312|calculateAltitudeWithCache totalAltitude=240
20171223-22:55:0:140|Step_LSC|30002312|processHandleBroadcastAction action:android.intent.action.TIME_TICK
20171223-22:55:20:126|Step_StandReportReceiver|30002312|onReceive action: android.intent.action.SCREEN_OFF
20171223-22:55:55:699|Step_LSC|30002312|onStandStepChanged 3761
20171223-22:55:55:702|Step_LSC|30002312|onExtend:1514040956000 0 0 5
20171223-22:55:55:730|Step_StandReportReceiver|30002312|onReceive action: android.intent.action.SCREEN_ON
20171223-22:55:55:733|Step_LSC|30002312|processHandleBroadcastAction action:android.intent.action.SCREEN_ON
20171223-22:55:55:733|Step_StandStepCounter|30002312|flush sensor data
20171223-22:55:55:734|Step_SPUtils|30002312| getTodayTotalDetailSteps = 1514040780000##7189##549659##8661##16256##29539649
20171223-22:55:55:735|Step_SPUtils|30002312|setTodayTotalDetailSteps=1514040840000##7189##549659##8661##16256##29600053
20171223-22:55:55:735|Step_LSC|30002312|onStandStepChanged 3761
20171223-22:55:55:746|Step_ExtSDM|30002312|calculateCaloriesWithCache totalCalories=130673
20171223-22:55:55:748|Step_ExtSDM|30002312|calculateAltitudeWithCache totalAltitude=240
20171223-22:55:55:748|Step_StandReportReceiver|30002312|REPORT : 7189 5132 153988 240
20171223-22:55:55:834|Step_LSC|30002312|onStandStepChanged 3761
20171223-22:55:55:835|Step_LSC|30002312|onExtend:1514040956000 0 0 5
20171223-22:55:56:24|Step_LSC|30002312|onStandStepChanged 3761
20171223-22:55:56:27|Step_LSC|30002312|onExtend:1514040956000 0 0 0
20171223-22:55:56:53|Step_SPUtils|30002312| getTodayTotalDetailSteps = 1514040840000##7189##549659##8661##16256##29600053
20171223-22:55:56:53|Step_SPUtils|30002312|setTodayTotalDetailSteps=1514040840000##7189##549659##8661##16256##29600372
20171223-22:55:56:62|Step_ExtSDM|30002312|calculateCaloriesWithCache totalCalories=130673
20171223-22:55:56:64|Step_ExtSDM|30002312|calculateAltitudeWithCache totalAltitude=240
20171223-22:56:0:140|Step_LSC|30002312|processHandleBroadcastAction action:android.intent.action.TIME_TICK
20171223-22:56:6:185|Step_StandReportReceiver|30002312|onReceive action: android.intent.action.SCREEN_OFF
20171223-22:57:46:409|Step_LSC|30002312|processHandleBroadcastAction action:android.intent.action.TIME_TICK
20171223-22:59:36:579|Step_LSC|30002312|processHandleBroadcastAction action:android.intent.action.TIME_TICK
20171223-23:1:5:778|Step_LSC|30002312|processHandleBroadcastAction action:android.intent.action.TIME_TICK
20171223-23:2:31:995|Step_LSC|30002312|processHandleBroadcastAction action:android.intent.action.TIME_TICK
20171223-23:3:16:894|Step_LSC|30002312|processHandleBroadcastAction action:android.intent.action.TIME_TICK
20171223-23:5:7:189|Step_LSC|30002312|processHandleBroadcastAction action:android.intent.action.TIME_TICK
20171223-23:6:7:350|Step_LSC|30002312|processHandleBroadcastAction action:android.intent.action.TIME_TICK
20171223-23:7:6:75|Step_LSC|30002312|onStandStepChanged 3761
20171223-23:7:6:86|Step_LSC|30002312|onExtend:1514040966000 0 0 5
20171223-23:7:6:86|Step_LSC|30002312|onExtend:1514041026000 0 0 5
20171223-23:7:6:86|Step_LSC|30002312|onExtend:1514041086000 0 0 5
20171223-23:7:6:86|Step_LSC|30002312|onExtend:1514041146000 0 0 5
20171223-23:7:6:86|Step_LSC|30002312|onExtend:1514041206000 0 0 5
20171223-23:7:6:86|Step_LSC|30002312|onExtend:1514041266000 0 0 5
20171223-23:7:6:86|Step_LSC|30002312|onExtend:1514041326000 0 0 5
20171223-23:7:6:86|Step_LSC|30002312|onExtend:1514041386000 0 0 5
20171223-23:7:6:86|Step_LSC|30002312|onExtend:1514041446000 0 0 5
20171223-23:7:6:86|Step_LSC|30002312|onExtend:1514041506000 0 0 5
20171223-23:7:6:86|Step_LSC|30002312|onExtend:1514041566000 0 0 5
20171223-23:7:6:86|Step_LSC|30002312|onExtend:1514041626000 0 0 5
20171223-23:7:6:124|Step_StandReportReceiver|30002312|onReceive action: android.intent.action.SCREEN_ON
20171223-23:7:6:125|Step_LSC|30002312|processHandleBroadcastAction action:android.intent.action.SCREEN_ON
20171223-23:7:6:125|Step_StandStepCounter|30002312|flush sensor data
20171223-23:7:6:126|Step_LSC|30002312|onStandStepChanged 3761
20171223-23:7:6:126|Step_SPUtils|30002312| getTodayTotalDetailSteps = 1514040840000##7189##549659##8661##16256##29600372
20171223-23:7:6:126|Step_SPUtils|30002312|setTodayTotalDetailSteps=1514041560000##7189##549659##8661##16256##30270445
20171223-23:7:6:137|Step_ExtSDM|30002312|calculateCaloriesWithCache totalCalories=130673
20171223-23:7:6:142|Step_ExtSDM|30002312|calculateAltitudeWithCache totalAltitude=240
20171223-23:7:6:145|Step_StandReportReceiver|30002312|REPORT : 7189 5132 153988 240
20171223-23:7:6:226|Step_LSC|30002312|onStandStepChanged 3761
20171223-23:7:6:232|Step_LSC|30002312|onExtend:1514041627000 0 0 5
20171223-23:7:6:309|Step_LSC|30002312|processHandleBroadcastAction action:android.intent.action.TIME_TICK
20171223-23:7:6:445|Step_SPUtils|30002312| getTodayTotalDetailSteps = 1514041560000##7189##549659##8661##16256##30270445
20171223-23:7:6:446|Step_SPUtils|30002312|setTodayTotalDetailSteps=1514041560000##7189##549659##8661##16256##30270764
20171223-23:7:6:453|Step_ExtSDM|30002312|calculateCaloriesWithCache totalCalories=130673
20171223-23:7:6:455|Step_ExtSDM|30002312|calculateAltitudeWithCache totalAltitude=240
20171223-23:7:7:71|Step_LSC|30002312|onStandStepChanged 3761
20171223-23:7:7:71|Step_LSC|30002312|onExtend:1514041627000 0 0 0
20171223-23:7:7:373|Step_SPUtils|30002312| getTodayTotalDetailSteps = 1514041560000##7189##549659##8661##16256##30270764
20171223-23:7:7:374|Step_SPUtils|30002312|setTodayTotalDetailSteps=1514041560000##7189##549659##8661##16256##30271693
20171223-23:7:7:391|Step_ExtSDM|30002312|calculateCaloriesWithCache totalCalories=130673
20171223-23:7:7:400|Step_ExtSDM|30002312|calculateAltitudeWithCache totalAltitude=240
20171223-23:7:50:264|Step_LSC|30002312|getTodaySportData mStepsRecordManager=com.huawei.health.g.c@8a2a501
20171223-23:7:50:266|Step_StandReportReceiver|30002312|REPORT : 7189 5132 153988 240
20171223-23:7:50:266|Step_SPUtils|30002312| getTodayTotalDetailSteps = 1514041560000##7189##549659##8661##16256##30271693
20171223-23:7:50:267|Step_SPUtils|30002312|setTodayTotalDetailSteps=1514041560000##7189##549659##8661##16256##30314585
20171223-23:7:50:274|Step_ExtSDM|30002312|calculateCaloriesWithCache totalCalories=130673
20171223-23:7:50:279|Step_ExtSDM|30002312|calculateAltitudeWithCache totalAltitude=240
20171223-23:7:50:304|Step_LSC|30002312|getTodaySportData mStepsRecordManager=com.huawei.health.g.c@8a2a501
20171223-23:7:51:222|Step_LSC|30002312|getTodaySportData mStepsRecordManager=com.huawei.health.g.c@8a2a501
20171223-23:7:51:224|Step_StandReportReceiver|30002312|REPORT : 7189 5132 153988 240
20171223-23:7:51:225|Step_SPUtils|30002312| getTodayTotalDetailSteps = 1514041560000##7189##549659##8661##16256##30314585
20171223-23:7:51:228|Step_SPUtils|30002312|setTodayTotalDetailSteps=1514041560000##7189##549659##8661##16256##30315546
20171223-23:7:51:235|Step_ExtSDM|30002312|calculateCaloriesWithCache totalCalories=130673
20171223-23:7:51:238|Step_ExtSDM|30002312|calculateAltitudeWithCache totalAltitude=240
20171223-23:7:51:314|Step_LSC|30002312|getTodaySportData mStepsRecordManager=com.huawei.health.g.c@8a2a501
20171223-23:8:0:112|Step_LSC|30002312|processHandleBroadcastAction action:android.intent.action.TIME_TICK
20171223-23:8:9:229|Step_LSC|30002312|getTodaySportData mStepsRecordManager=com.huawei.health.g.c@8a2a501
20171223-23:8:9:233|Step_StandReportReceiver|30002312|REPORT : 7189 5132 153988 240
20171223-23:8:9:235|Step_SPUtils|30002312| getTodayTotalDetailSteps = 1514041560000##7189##549659##8661##16256##30315546
20171223-23:8:9:235|Step_SPUtils|30002312|setTodayTotalDetailSteps=1514041620000##7189##549659##8661##16256##30333554
20171223-23:8:9:248|Step_ExtSDM|30002312|calculateCaloriesWithCache totalCalories=130673
20171223-23:8:9:253|Step_ExtSDM|30002312|calculateAltitudeWithCache totalAltitude=240
20171223-23:8:9:293|Step_LSC|30002312|getTodaySportData mStepsRecordManager=com.huawei.health.g.c@8a2a501
20171223-23:8:19:101|Step_LSC|30002312|onStandStepChanged 3761
20171223-23:8:19:116|Step_LSC|30002312|onExtend:1514041699000 0 0 5
20171223-23:8:19:403|Step_SPUtils|30002312| getTodayTotalDetailSteps = 1514041620000##7189##549659##8661##16256##30333554
20171223-23:8:19:404|Step_SPUtils|30002312|setTodayTotalDetailSteps=1514041620000##7189##549659##8661##16256##30343722
20171223-23:8:19:419|Step_ExtSDM|30002312|calculateCaloriesWithCache totalCalories=130673
20171223-23:8:19:432|Step_ExtSDM|30002312|calculateAltitudeWithCache totalAltitude=240
20171223-23:8:41:127|Step_StandReportReceiver|30002312|onReceive action: android.intent.action.SCREEN_OFF
20171223-23:10:37:857|Step_LSC|30002312|processHandleBroadcastAction action:android.intent.action.TIME_TICK
20171223-23:11:38:10|Step_LSC|30002312|processHandleBroadcastAction action:android.intent.action.TIME_TICK
20171223-23:12:28:131|Step_LSC|30002312|processHandleBroadcastAction action:android.intent.action.TIME_TICK
20171223-23:13:47:8|Step_LSC|30002312|processHandleBroadcastAction action:android.intent.action.TIME_TICK
20171223-23:14:2:860|Step_LSC|30002312|processHandleBroadcastAction action:android.intent.action.TIME_TICK
20171223-23:14:24:380|Step_LSC|30002312|onStandStepChanged 3761
20171223-23:14:24:384|Step_LSC|30002312|onExtend:1514041722000 0 0 5
20171223-23:14:24:384|Step_LSC|30002312|onExtend:1514041782000 0 0 5
20171223-23:14:24:384|Step_LSC|30002312|onExtend:1514041842000 0 0 5
20171223-23:14:24:384|Step_LSC|30002312|onExtend:1514041902000 0 0 5
20171223-23:14:24:384|Step_LSC|30002312|onExtend:1514041962000 0 0 5
20171223-23:14:24:384|Step_LSC|30002312|onExtend:1514042022000 0 0 5
20171223-23:14:24:384|Step_LSC|30002312|onExtend:1514042082000 0 0 5
20171223-23:14:24:389|Step_StandReportReceiver|30002312|onReceive action: android.intent.action.SCREEN_ON
20171223-23:14:24:390|Step_LSC|30002312|processHandleBroadcastAction action:android.intent.action.SCREEN_ON
20171223-23:14:24:390|Step_StandStepCounter|30002312|flush sensor data
20171223-23:14:24:391|Step_SPUtils|30002312| getTodayTotalDetailSteps = 1514041620000##7189##549659##8661##16256##30343722
20171223-23:14:24:391|Step_SPUtils|30002312|setTodayTotalDetailSteps=1514041980000##7189##549659##8661##16256##30708710
20171223-23:14:24:392|Step_LSC|30002312|onStandStepChanged 3761
20171223-23:14:24:399|Step_ExtSDM|30002312|calculateCaloriesWithCache totalCalories=130673
20171223-23:14:24:401|Step_ExtSDM|30002312|calculateAltitudeWithCache totalAltitude=240
20171223-23:14:24:409|Step_StandReportReceiver|30002312|REPORT : 7189 5132 153988 240
20171223-23:14:24:494|Step_LSC|30002312|onStandStepChanged 3761
20171223-23:14:24:499|Step_LSC|30002312|onExtend:1514042064000 0 0 5
20171223-23:14:24:499|Step_LSC|30002312|timeStamp back,extendReportTimeStamp=1514042082000
20171223-23:14:24:711|Step_SPUtils|30002312| getTodayTotalDetailSteps = 1514041980000##7189##549659##8661##16256##30708710
20171223-23:14:24:711|Step_SPUtils|30002312|setTodayTotalDetailSteps=1514041980000##7189##549659##8661##16256##30709030
20171223-23:14:24:721|Step_ExtSDM|30002312|calculateCaloriesWithCache totalCalories=130673
20171223-23:14:24:724|Step_ExtSDM|30002312|calculateAltitudeWithCache totalAltitude=240
20171223-23:14:25:106|Step_LSC|30002312|onStandStepChanged 3761
20171223-23:14:25:113|Step_LSC|30002312|onExtend:1514042064000 0 0 0
20171223-23:14:25:407|Step_SPUtils|30002312| getTodayTotalDetailSteps = 1514041980000##7189##549659##8661##16256##30709030
20171223-23:14:25:408|Step_SPUtils|30002312|setTodayTotalDetailSteps=1514041980000##7189##549659##8661##16256##30709727
20171223-23:14:25:422|Step_ExtSDM|30002312|calculateCaloriesWithCache totalCalories=130673
20171223-23:14:25:434|Step_ExtSDM|30002312|calculateAltitudeWithCache totalAltitude=240
20171223-23:14:42:607|Step_LSC|30002312|onStandStepChanged 3763
20171223-23:14:42:620|Step_LSC|30002312|onExtend:1514042082000 2 0 0
20171223-23:14:42:909|Step_SPUtils|30002312| getTodayTotalDetailSteps = 1514041980000##7189##549659##8661##16256##30709727
20171223-23:14:42:910|Step_SPUtils|30002312|setTodayTotalDetailSteps=1514041980000##7191##549659##8661##16256##30727229
20171223-23:14:42:925|Step_ExtSDM|30002312|calculateCaloriesWithCache totalCalories=130715
20171223-23:14:42:930|Step_ExtSDM|30002312|calculateAltitudeWithCache totalAltitude=240
20171223-23:14:42:933|Step_StandReportReceiver|30002312|REPORT : 7191 5134 154031 240
20171223-23:14:43:108|Step_LSC|30002312|onStandStepChanged 3764
20171223-23:14:43:122|Step_LSC|30002312|onExtend:1514042082000 1 0 4
20171223-23:14:43:414|Step_SPUtils|30002312| getTodayTotalDetailSteps = 1514041980000##7191##549659##8661##16256##30727229
20171223-23:14:43:414|Step_SPUtils|30002312|setTodayTotalDetailSteps=1514041980000##7192##549659##8661##16256##30727733
20171223-23:14:43:426|Step_ExtSDM|30002312|calculateCaloriesWithCache totalCalories=130737
20171223-23:14:43:432|Step_ExtSDM|30002312|calculateAltitudeWithCache totalAltitude=240
20171223-23:14:43:434|Step_StandReportReceiver|30002312|REPORT : 7192 5135 154052 240
20171223-23:14:43:611|Step_LSC|30002312|onStandStepChanged 3765
20171223-23:14:43:622|Step_LSC|30002312|onExtend:1514042083000 1 0 4
20171223-23:14:43:913|Step_SPUtils|30002312| getTodayTotalDetailSteps = 1514041980000##7192##549659##8661##16256##30727733
20171223-23:14:43:914|Step_SPUtils|30002312|setTodayTotalDetailSteps=1514041980000##7193##549659##8661##16256##30728232
20171223-23:14:43:929|Step_ExtSDM|30002312|calculateCaloriesWithCache totalCalories=130758
20171223-23:14:43:934|Step_ExtSDM|30002312|calculateAltitudeWithCache totalAltitude=240
20171223-23:14:43:938|Step_StandReportReceiver|30002312|REPORT : 7193 5135 154074 240
20171223-23:14:44:108|Step_LSC|30002312|onStandStepChanged 3768
20171223-23:14:44:118|Step_LSC|30002312|onExtend:1514042083000 3 0 4
20171223-23:14:44:409|Step_SPUtils|30002312| getTodayTotalDetailSteps = 1514041980000##7193##549659##8661##16256##30728232
20171223-23:14:44:410|Step_SPUtils|30002312|setTodayTotalDetailSteps=1514041980000##7196##549659##8661##16256##30728728
20171223-23:14:44:425|Step_ExtSDM|30002312|calculateCaloriesWithCache totalCalories=130822
20171223-23:14:44:431|Step_ExtSDM|30002312|calculateAltitudeWithCache totalAltitude=240
20171223-23:14:44:437|Step_StandReportReceiver|30002312|REPORT : 7196 5137 154138 240
20171223-23:14:44:610|Step_LSC|30002312|onStandStepChanged 3770
20171223-23:14:44:617|Step_LSC|30002312|onExtend:1514042084000 2 0 4
20171223-23:14:44:913|Step_SPUtils|30002312| getTodayTotalDetailSteps = 1514041980000##7196##549659##8661##16256##30728728
20171223-23:14:44:914|Step_SPUtils|30002312|setTodayTotalDetailSteps=1514041980000##7198##549659##8661##16256##30729233
20171223-23:14:44:930|Step_ExtSDM|30002312|calculateCaloriesWithCache totalCalories=130865
20171223-23:14:44:946|Step_ExtSDM|30002312|calculateAltitudeWithCache totalAltitude=240
20171223-23:14:44:954|Step_StandReportReceiver|30002312|REPORT : 7198 5139 154181 240
20171223-23:14:45:108|Step_LSC|30002312|onStandStepChanged 3772
20171223-23:14:45:118|Step_LSC|30002312|onExtend:1514042084000 2 0 4
20171223-23:14:45:413|Step_SPUtils|30002312| getTodayTotalDetailSteps = 1514041980000##7198##549659##8661##16256##30729233
20171223-23:14:45:414|Step_SPUtils|30002312|setTodayTotalDetailSteps=1514041980000##7200##549659##8661##16256##30729733
20171223-23:14:45:429|Step_ExtSDM|30002312|calculateCaloriesWithCache totalCalories=130908
20171223-23:14:45:434|Step_ExtSDM|30002312|calculateAltitudeWithCache totalAltitude=240
20171223-23:14:45:438|Step_StandReportReceiver|30002312|REPORT : 7200 5140 154223 240
20171223-23:14:45:607|Step_LSC|30002312|onStandStepChanged 3774
20171223-23:14:45:618|Step_LSC|30002312|onExtend:1514042085000 2 0 4
20171223-23:14:45:908|Step_SPUtils|30002312| getTodayTotalDetailSteps = 1514041980000##7200##549659##8661##16256##30729733
20171223-23:14:45:909|Step_SPUtils|30002312|setTodayTotalDetailSteps=1514041980000##7202##549659##8661##16256##30730227
20171223-23:14:45:916|Step_ExtSDM|30002312|calculateCaloriesWithCache totalCalories=130951
20171223-23:14:45:919|Step_ExtSDM|30002312|calculateAltitudeWithCache totalAltitude=240
20171223-23:14:45:924|Step_StandReportReceiver|30002312|REPORT : 7202 5142 154266 240
20171223-23:14:46:106|Step_LSC|30002312|onStandStepChanged 3777
20171223-23:14:46:115|Step_LSC|30002312|onExtend:1514042085000 3 0 4
20171223-23:14:46:409|Step_SPUtils|30002312| getTodayTotalDetailSteps = 1514041980000##7202##549659##8661##16256##30730227
20171223-23:14:46:409|Step_SPUtils|30002312|setTodayTotalDetailSteps=1514041980000##7205##549659##8661##16256##30730728
20171223-23:14:46:425|Step_ExtSDM|30002312|calculateCaloriesWithCache totalCalories=131015
20171223-23:14:46:431|Step_ExtSDM|30002312|calculateAltitudeWithCache totalAltitude=240
20171223-23:14:46:445|Step_StandReportReceiver|30002312|REPORT : 7205 5144 154331 240
20171223-23:14:46:608|Step_LSC|30002312|onStandStepChanged 3780
20171223-23:14:46:618|Step_LSC|30002312|onExtend:1514042086000 3 0 4
20171223-23:14:46:912|Step_SPUtils|30002312| getTodayTotalDetailSteps = 1514041980000##7205##549659##8661##16256##30730728
20171223-23:14:46:914|Step_SPUtils|30002312|setTodayTotalDetailSteps=1514041980000##7208##549659##8661##16256##30731232
20171223-23:14:46:928|Step_ExtSDM|30002312|calculateCaloriesWithCache totalCalories=131079
20171223-23:14:46:932|Step_ExtSDM|30002312|calculateAltitudeWithCache totalAltitude=240
20171223-23:14:46:933|Step_StandReportReceiver|30002312|REPORT : 7208 5146 154395 240
20171223-23:14:47:109|Step_LSC|30002312|onStandStepChanged 3783
20171223-23:14:47:118|Step_LSC|30002312|onExtend:1514042086000 3 0 4
20171223-23:14:47:411|Step_SPUtils|30002312| getTodayTotalDetailSteps = 1514041980000##7208##549659##8661##16256##30731232
20171223-23:14:47:412|Step_SPUtils|30002312|setTodayTotalDetailSteps=1514041980000##7211##549659##8661##16256##30731730
20171223-23:14:47:421|Step_ExtSDM|30002312|calculateCaloriesWithCache totalCalories=131144
20171223-23:14:47:432|Step_ExtSDM|30002312|calculateAltitudeWithCache totalAltitude=240
20171223-23:14:47:441|Step_StandReportReceiver|30002312|REPORT : 7211 5148 154459 240
20171223-23:14:48:107|Step_LSC|30002312|onStandStepChanged 3784
20171223-23:14:48:117|Step_LSC|30002312|onExtend:1514042087000 1 0 4
20171223-23:14:48:409|Step_SPUtils|30002312| getTodayTotalDetailSteps = 1514041980000##7211##549659##8661##16256##30731730
20171223-23:14:48:410|Step_SPUtils|30002312|setTodayTotalDetailSteps=1514041980000##7212##549659##8661##16256##30732729
20171223-23:14:48:418|Step_ExtSDM|30002312|calculateCaloriesWithCache totalCalories=131165
20171223-23:14:48:421|Step_ExtSDM|30002312|calculateAltitudeWithCache totalAltitude=240
20171223-23:14:48:422|Step_StandReportReceiver|30002312|REPORT : 7212 5149 154481 240
20171223-23:14:48:606|Step_LSC|30002312|onStandStepChanged 3786
20171223-23:14:48:618|Step_LSC|30002312|onExtend:1514042088000 2 0 4
20171223-23:14:48:906|Step_SPUtils|30002312| getTodayTotalDetailSteps = 1514041980000##7212##549659##8661##16256##30732729
20171223-23:14:48:907|Step_SPUtils|30002312|setTodayTotalDetailSteps=1514041980000##7214##549659##8661##16256##30733226
20171223-23:14:48:922|Step_ExtSDM|30002312|calculateCaloriesWithCache totalCalories=131208
20171223-23:14:48:932|Step_ExtSDM|30002312|calculateAltitudeWithCache totalAltitude=240
20171223-23:14:48:937|Step_StandReportReceiver|30002312|REPORT : 7214 5150 154523 240
20171223-23:14:52:109|Step_LSC|30002312|onStandStepChanged 3786
20171223-23:14:52:125|Step_LSC|30002312|onExtend:1514042091000 0 0 0
20171223-23:14:52:410|Step_SPUtils|30002312| getTodayTotalDetailSteps = 1514041980000##7214##549659##8661##16256##30733226
20171223-23:14:52:411|Step_SPUtils|30002312|setTodayTotalDetailSteps=1514041980000##7214##549659##8661##16256##30736730
20171223-23:14:52:421|Step_ExtSDM|30002312|calculateCaloriesWithCache totalCalories=131208
20171223-23:14:52:424|Step_ExtSDM|30002312|calculateAltitudeWithCache totalAltitude=240
20171223-23:15:0:121|Step_LSC|30002312|processHandleBroadcastAction action:android.intent.action.TIME_TICK
20171223-23:16:0:120|Step_LSC|30002312|processHandleBroadcastAction action:android.intent.action.TIME_TICK
20171223-23:16:23:109|Step_LSC|30002312|onStandStepChanged 3786
20171223-23:16:23:120|Step_LSC|30002312|onExtend:1514042182000 0 0 5
20171223-23:16:23:410|Step_SPUtils|30002312| getTodayTotalDetailSteps = 1514041980000##7214##549659##8661##16256##30736730
20171223-23:16:23:411|Step_SPUtils|30002312|setTodayTotalDetailSteps=1514042100000##7214##549659##8661##16256##30827730
20171223-23:16:23:420|Step_ExtSDM|30002312|calculateCaloriesWithCache totalCalories=131208
20171223-23:16:23:424|Step_ExtSDM|30002312|calculateAltitudeWithCache totalAltitude=240
20171223-23:16:45:587|Step_StandReportReceiver|30002312|onReceive action: android.intent.action.SCREEN_OFF
20171223-23:17:40:773|Step_LSC|30002312|onStandStepChanged 3786
20171223-23:17:40:780|Step_LSC|30002312|onExtend:1514042205000 0 0 5
20171223-23:17:40:780|Step_LSC|30002312|onExtend:1514042265000 0 0 0
20171223-23:17:40:993|Step_StandReportReceiver|30002312|onReceive action: android.intent.action.SCREEN_ON
20171223-23:17:40:995|Step_LSC|30002312|processHandleBroadcastAction action:android.intent.action.SCREEN_ON
20171223-23:17:40:995|Step_StandStepCounter|30002312|flush sensor data
20171223-23:17:40:996|Step_SPUtils|30002312| getTodayTotalDetailSteps = 1514042100000##7214##549659##8661##16256##30827730
20171223-23:17:40:996|Step_SPUtils|30002312|setTodayTotalDetailSteps=1514042160000##7214##549659##8661##16256##30905315
20171223-23:17:40:997|Step_LSC|30002312|onStandStepChanged 3786
20171223-23:17:41:3|Step_ExtSDM|30002312|calculateCaloriesWithCache totalCalories=131208
20171223-23:17:41:4|Step_ExtSDM|30002312|calculateAltitudeWithCache totalAltitude=240
20171223-23:17:41:5|Step_StandReportReceiver|30002312|REPORT : 7214 5150 154523 240
20171223-23:17:41:97|Step_LSC|30002312|onStandStepChanged 3786
20171223-23:17:41:100|Step_LSC|30002312|onExtend:1514042261000 0 0 0
20171223-23:17:41:100|Step_LSC|30002312|timeStamp back,extendReportTimeStamp=1514042265000
20171223-23:17:41:306|Step_SPUtils|30002312| getTodayTotalDetailSteps = 1514042160000##7214##549659##8661##16256##30905315
20171223-23:17:41:306|Step_SPUtils|30002312|setTodayTotalDetailSteps=1514042160000##7214##549659##8661##16256##30905625
20171223-23:17:41:309|Step_ExtSDM|30002312|calculateCaloriesWithCache totalCalories=131208
20171223-23:17:41:310|Step_ExtSDM|30002312|calculateAltitudeWithCache totalAltitude=240
20171223-23:17:41:344|Step_LSC|30002312|processHandleBroadcastAction action:android.intent.action.TIME_TICK
20171223-23:17:41:692|Step_LSC|30002312|onStandStepChanged 3786
20171223-23:17:41:694|Step_LSC|30002312|onExtend:1514042262000 0 0 0
20171223-23:17:41:716|Step_StandReportReceiver|30002312|onReceive action: android.intent.action.SCREEN_OFF
20171223-23:17:41:987|Step_StandReportReceiver|30002312|onReceive action: android.intent.action.SCREEN_ON
20171223-23:17:41:989|Step_LSC|30002312|processHandleBroadcastAction action:android.intent.action.SCREEN_ON
20171223-23:17:41:989|Step_StandStepCounter|30002312|flush sensor data
20171223-23:17:41:991|Step_LSC|30002312|onStandStepChanged 3786
20171223-23:17:41:991|Step_SPUtils|30002312| getTodayTotalDetailSteps = 1514042160000##7214##549659##8661##16256##30905625
20171223-23:17:41:991|Step_SPUtils|30002312|setTodayTotalDetailSteps=1514042160000##7214##549659##8661##16256##30906310
20171223-23:17:42:1|Step_ExtSDM|30002312|calculateCaloriesWithCache totalCalories=131208
20171223-23:17:42:4|Step_ExtSDM|30002312|calculateAltitudeWithCache totalAltitude=240
20171223-23:17:42:5|Step_StandReportReceiver|30002312|REPORT : 7214 5150 154523 240
20171223-23:17:42:91|Step_LSC|30002312|onStandStepChanged 3786
20171223-23:17:42:93|Step_LSC|30002312|onExtend:1514042262000 0 0 0
20171223-23:17:42:391|Step_SPUtils|30002312| getTodayTotalDetailSteps = 1514042160000##7214##549659##8661##16256##30906310
20171223-23:17:42:392|Step_SPUtils|30002312|setTodayTotalDetailSteps=1514042160000##7214##549659##8661##16256##30906710
20171223-23:17:42:397|Step_ExtSDM|30002312|calculateCaloriesWithCache totalCalories=131208
20171223-23:17:42:401|Step_ExtSDM|30002312|calculateAltitudeWithCache totalAltitude=240
20171223-23:18:0:115|Step_LSC|30002312|processHandleBroadcastAction action:android.intent.action.TIME_TICK
20171223-23:19:0:120|Step_LSC|30002312|processHandleBroadcastAction action:android.intent.action.TIME_TICK
20171223-23:19:20:138|Step_LSC|30002312|onStandStepChanged 3786
20171223-23:19:20:149|Step_LSC|30002312|onExtend:1514042360000 0 0 5
20171223-23:19:20:439|Step_SPUtils|30002312| getTodayTotalDetailSteps = 1514042160000##7214##549659##8661##16256##30906710
20171223-23:19:20:440|Step_SPUtils|30002312|setTodayTotalDetailSteps=1514042280000##7214##549659##8661##16256##31004759
20171223-23:19:20:456|Step_ExtSDM|30002312|calculateCaloriesWithCache totalCalories=131208
20171223-23:19:20:461|Step_ExtSDM|30002312|calculateAltitudeWithCache totalAltitude=240
20171223-23:19:21:138|Step_LSC|30002312|onStandStepChanged 3786
20171223-23:19:21:148|Step_LSC|30002312|onExtend:1514042361000 0 0 0
20171223-23:19:21:439|Step_SPUtils|30002312| getTodayTotalDetailSteps = 1514042280000##7214##549659##8661##16256##31004759
20171223-23:19:21:440|Step_SPUtils|30002312|setTodayTotalDetailSteps=1514042280000##7214##549659##8661##16256##31005759
20171223-23:19:21:455|Step_ExtSDM|30002312|calculateCaloriesWithCache totalCalories=131208
20171223-23:19:21:464|Step_ExtSDM|30002312|calculateAltitudeWithCache totalAltitude=240
20171223-23:20:0:112|Step_LSC|30002312|processHandleBroadcastAction action:android.intent.action.TIME_TICK
20171223-23:21:0:125|Step_LSC|30002312|processHandleBroadcastAction action:android.intent.action.TIME_TICK
20171223-23:22:0:118|Step_LSC|30002312|processHandleBroadcastAction action:android.intent.action.TIME_TICK
20171223-23:23:15:139|Step_LSC|30002312|onStandStepChanged 3786
20171223-23:23:15:149|Step_LSC|30002312|onExtend:1514042595000 0 0 5
20171223-23:23:15:441|Step_SPUtils|30002312| getTodayTotalDetailSteps = 1514042280000##7214##549659##8661##16256##31005759
20171223-23:23:15:441|Step_SPUtils|30002312|setTodayTotalDetailSteps=1514042520000##7214##549659##8661##16256##31239760
20171223-23:23:15:466|Step_ExtSDM|30002312|calculateCaloriesWithCache totalCalories=131208
20171223-23:23:15:473|Step_ExtSDM|30002312|calculateAltitudeWithCache totalAltitude=240
20171223-23:23:19:141|Step_LSC|30002312|onStandStepChanged 3786
20171223-23:23:19:149|Step_LSC|30002312|onExtend:1514042599000 0 0 0
20171223-23:23:19:446|Step_SPUtils|30002312| getTodayTotalDetailSteps = 1514042520000##7214##549659##8661##16256##31239760
20171223-23:23:19:447|Step_SPUtils|30002312|setTodayTotalDetailSteps=1514042520000##7214##549659##8661##16256##31243766
20171223-23:23:19:463|Step_ExtSDM|30002312|calculateCaloriesWithCache totalCalories=131208
20171223-23:23:19:467|Step_ExtSDM|30002312|calculateAltitudeWithCache totalAltitude=240
20171223-23:23:50:452|Step_LSC|30002312|processHandleBroadcastAction action:android.intent.action.TIME_TICK
20171223-23:24:0:103|Step_LSC|30002312|processHandleBroadcastAction action:android.intent.action.TIME_TICK
20171223-23:25:0:122|Step_LSC|30002312|processHandleBroadcastAction action:android.intent.action.TIME_TICK
20171223-23:26:0:140|Step_LSC|30002312|processHandleBroadcastAction action:android.intent.action.TIME_TICK
20171223-23:27:0:143|Step_LSC|30002312|processHandleBroadcastAction action:android.intent.action.TIME_TICK
20171223-23:28:0:124|Step_LSC|30002312|processHandleBroadcastAction action:android.intent.action.TIME_TICK
20171223-23:29:0:116|Step_LSC|30002312|processHandleBroadcastAction action:android.intent.action.TIME_TICK
20171223-23:29:4:137|Step_LSC|30002312|onStandStepChanged 3786
20171223-23:29:4:145|Step_LSC|30002312|onExtend:1514042944000 0 0 5
20171223-23:29:4:438|Step_SPUtils|30002312| getTodayTotalDetailSteps = 1514042520000##7214##549659##8661##16256##31243766
20171223-23:29:4:438|Step_SPUtils|30002312|setTodayTotalDetailSteps=1514042880000##7214##549659##8661##16256##31588757
20171223-23:29:4:456|Step_ExtSDM|30002312|calculateCaloriesWithCache totalCalories=131208
20171223-23:29:4:459|Step_ExtSDM|30002312|calculateAltitudeWithCache totalAltitude=240
20171223-23:29:5:137|Step_LSC|30002312|onStandStepChanged 3786
20171223-23:29:5:148|Step_LSC|30002312|onExtend:1514042945000 0 0 0
20171223-23:29:5:438|Step_SPUtils|30002312| getTodayTotalDetailSteps = 1514042880000##7214##549659##8661##16256##31588757
20171223-23:29:5:438|Step_SPUtils|30002312|setTodayTotalDetailSteps=1514042880000##7214##549659##8661##16256##31589757
20171223-23:29:5:448|Step_ExtSDM|30002312|calculateCaloriesWithCache totalCalories=131208
20171223-23:29:5:452|Step_ExtSDM|30002312|calculateAltitudeWithCache totalAltitude=240
20171223-23:30:0:165|Step_LSC|30002312|processHandleBroadcastAction action:android.intent.action.TIME_TICK
20171223-23:31:0:123|Step_LSC|30002312|processHandleBroadcastAction action:android.intent.action.TIME_TICK
20171223-23:32:0:140|Step_LSC|30002312|processHandleBroadcastAction action:android.intent.action.TIME_TICK
20171223-23:32:28:792|HiH_HiSyncControl|30002312|startTimer start autoSync
20171223-23:32:28:794|HiH_HiSyncControl|30002312|startSync hiSyncOption = HiSyncOption{syncAction=1, syncMethod=2, syncScope=0, syncDataType=20000, syncModel=2, pushAction=0},app = 1 who = 1
20171223-23:32:28:794|HiH_HiSyncControl|30002312|stepSyncOrNot appSynTimes is 0
20171223-23:32:28:795|HiH_HiSyncControl|30002312|needAutoSync autoSyncSwitch is open
20171223-23:32:28:795|HiH_HiSyncControl|30002312|initDataPrivacy the dataPrivacy switch is open, start push health data!
20171223-23:32:28:796|HiH_|30002312|initDataPrivacy the dataPrivacy is true
20171223-23:32:28:796|HiH_HiSyncControl|30002312|initUserPrivacy the userPrivacy switch is open, start push user data!
20171223-23:32:28:796|HiH_|30002312|initUserPrivacy the userPrivacy is true
20171223-23:32:28:796|HiH_HiSyncControl|30002312|ifCanSync not! no cloud version
20171223-23:32:28:796|HiH_HiBroadcastUtil|30002312|sendSyncFailedBroadcast
20171223-23:33:0:134|Step_LSC|30002312|processHandleBroadcastAction action:android.intent.action.TIME_TICK
20171223-23:34:0:84|Step_LSC|30002312|processHandleBroadcastAction action:android.intent.action.TIME_TICK
20171223-23:35:0:131|Step_LSC|30002312|processHandleBroadcastAction action:android.intent.action.TIME_TICK
20171223-23:36:0:147|Step_LSC|30002312|processHandleBroadcastAction action:android.intent.action.TIME_TICK
20171223-23:37:0:167|Step_LSC|30002312|processHandleBroadcastAction action:android.intent.action.TIME_TICK
20171223-23:37:14:139|Step_LSC|30002312|onStandStepChanged 3786
20171223-23:37:14:147|Step_LSC|30002312|onExtend:1514043434000 0 0 5
20171223-23:37:14:440|Step_SPUtils|30002312| getTodayTotalDetailSteps = 1514042880000##7214##549659##8661##16256##31589757
20171223-23:37:14:441|Step_SPUtils|30002312|setTodayTotalDetailSteps=1514043360000##7214##549659##8661##16256##32078759
20171223-23:37:14:451|Step_ExtSDM|30002312|calculateCaloriesWithCache totalCalories=131208
20171223-23:37:14:456|Step_ExtSDM|30002312|calculateAltitudeWithCache totalAltitude=240
20171223-23:37:16:138|Step_LSC|30002312|onStandStepChanged 3786
20171223-23:37:16:149|Step_LSC|30002312|onExtend:1514043436000 0 0 0
20171223-23:37:16:440|Step_SPUtils|30002312| getTodayTotalDetailSteps = 1514043360000##7214##549659##8661##16256##32078759
20171223-23:37:16:441|Step_SPUtils|30002312|setTodayTotalDetailSteps=1514043360000##7214##549659##8661##16256##32080760
20171223-23:37:16:456|Step_ExtSDM|30002312|calculateCaloriesWithCache totalCalories=131208
20171223-23:37:16:460|Step_ExtSDM|30002312|calculateAltitudeWithCache totalAltitude=240
20171223-23:38:0:131|Step_LSC|30002312|processHandleBroadcastAction action:android.intent.action.TIME_TICK
20171223-23:39:0:132|Step_LSC|30002312|processHandleBroadcastAction action:android.intent.action.TIME_TICK
20171223-23:40:0:134|Step_LSC|30002312|processHandleBroadcastAction action:android.intent.action.TIME_TICK
20171223-23:40:10:144|Step_LSC|30002312|onStandStepChanged 3786
20171223-23:40:10:150|Step_LSC|30002312|onExtend:1514043610000 0 0 5
20171223-23:40:10:445|Step_SPUtils|30002312| getTodayTotalDetailSteps = 1514043360000##7214##549659##8661##16256##32080760
20171223-23:40:10:446|Step_SPUtils|30002312|setTodayTotalDetailSteps=1514043540000##7214##549659##8661##16256##32254765
20171223-23:40:10:463|Step_ExtSDM|30002312|calculateCaloriesWithCache totalCalories=131208
20171223-23:40:10:472|Step_ExtSDM|30002312|calculateAltitudeWithCache totalAltitude=240
20171223-23:40:14:139|Step_LSC|30002312|onStandStepChanged 3786
20171223-23:40:14:153|Step_LSC|30002312|onExtend:1514043614000 0 0 0
20171223-23:40:14:440|Step_SPUtils|30002312| getTodayTotalDetailSteps = 1514043540000##7214##549659##8661##16256##32254765
20171223-23:40:14:440|Step_SPUtils|30002312|setTodayTotalDetailSteps=1514043540000##7214##549659##8661##16256##32258759
20171223-23:40:14:457|Step_ExtSDM|30002312|calculateCaloriesWithCache totalCalories=131208
20171223-23:40:14:462|Step_ExtSDM|30002312|calculateAltitudeWithCache totalAltitude=240
20171223-23:41:0:155|Step_LSC|30002312|processHandleBroadcastAction action:android.intent.action.TIME_TICK
20171223-23:42:0:134|Step_LSC|30002312|processHandleBroadcastAction action:android.intent.action.TIME_TICK
20171223-23:42:38:906|Step_LSC|30002312|onStandStepChanged 3786
20171223-23:42:38:915|Step_LSC|30002312|onExtend:1514043759000 0 0 0
20171223-23:42:39:207|Step_SPUtils|30002312| getTodayTotalDetailSteps = 1514043540000##7214##549659##8661##16256##32258759
20171223-23:42:39:207|Step_SPUtils|30002312|setTodayTotalDetailSteps=1514043660000##7214##549659##8661##16256##32403526
20171223-23:42:39:221|Step_ExtSDM|30002312|calculateCaloriesWithCache totalCalories=131208
20171223-23:42:39:225|Step_ExtSDM|30002312|calculateAltitudeWithCache totalAltitude=240
20171223-23:43:0:139|Step_LSC|30002312|processHandleBroadcastAction action:android.intent.action.TIME_TICK
20171223-23:44:0:163|Step_LSC|30002312|processHandleBroadcastAction action:android.intent.action.TIME_TICK
20171223-23:45:0:128|Step_LSC|30002312|processHandleBroadcastAction action:android.intent.action.TIME_TICK
20171223-23:46:0:137|Step_LSC|30002312|processHandleBroadcastAction action:android.intent.action.TIME_TICK
20171223-23:46:7:137|Step_LSC|30002312|onStandStepChanged 3786
20171223-23:46:7:148|Step_LSC|30002312|onExtend:1514043967000 0 0 5
20171223-23:46:7:444|Step_SPUtils|30002312| getTodayTotalDetailSteps = 1514043660000##7214##549659##8661##16256##32403526
20171223-23:46:7:444|Step_SPUtils|30002312|setTodayTotalDetailSteps=1514043900000##7214##549659##8661##16256##32611763
20171223-23:46:7:464|Step_ExtSDM|30002312|calculateCaloriesWithCache totalCalories=131208
20171223-23:46:7:467|Step_ExtSDM|30002312|calculateAltitudeWithCache totalAltitude=240
20171223-23:46:14:137|Step_LSC|30002312|onStandStepChanged 3786
20171223-23:46:14:150|Step_LSC|30002312|onExtend:1514043974000 0 0 0
20171223-23:46:14:439|Step_SPUtils|30002312| getTodayTotalDetailSteps = 1514043900000##7214##549659##8661##16256##32611763
20171223-23:46:14:440|Step_SPUtils|30002312|setTodayTotalDetailSteps=1514043900000##7214##549659##8661##16256##32618758
20171223-23:46:14:457|Step_ExtSDM|30002312|calculateCaloriesWithCache totalCalories=131208
20171223-23:46:14:462|Step_ExtSDM|30002312|calculateAltitudeWithCache totalAltitude=240
20171223-23:47:0:156|Step_LSC|30002312|processHandleBroadcastAction action:android.intent.action.TIME_TICK
20171223-23:48:0:156|Step_LSC|30002312|processHandleBroadcastAction action:android.intent.action.TIME_TICK
20171223-23:49:0:142|Step_LSC|30002312|processHandleBroadcastAction action:android.intent.action.TIME_TICK
20171223-23:50:0:130|Step_LSC|30002312|processHandleBroadcastAction action:android.intent.action.TIME_TICK
20171223-23:50:48:406|Step_LSC|30002312|onStandStepChanged 3786
20171223-23:50:48:414|Step_LSC|30002312|onExtend:1514044249000 0 0 0
20171223-23:50:48:707|Step_SPUtils|30002312| getTodayTotalDetailSteps = 1514043900000##7214##549659##8661##16256##32618758
20171223-23:50:48:708|Step_SPUtils|30002312|setTodayTotalDetailSteps=1514044140000##7214##549659##8661##16256##32893026
20171223-23:50:48:718|Step_ExtSDM|30002312|calculateCaloriesWithCache totalCalories=131208
20171223-23:50:48:722|Step_ExtSDM|30002312|calculateAltitudeWithCache totalAltitude=240
20171223-23:51:0:123|Step_LSC|30002312|processHandleBroadcastAction action:android.intent.action.TIME_TICK
20171223-23:52:0:154|Step_LSC|30002312|processHandleBroadcastAction action:android.intent.action.TIME_TICK
20171223-23:52:57:138|Step_LSC|30002312|onStandStepChanged 3786
20171223-23:52:57:155|Step_LSC|30002312|onExtend:1514044377000 0 0 5
20171223-23:52:57:444|Step_SPUtils|30002312| getTodayTotalDetailSteps = 1514044140000##7214##549659##8661##16256##32893026
20171223-23:52:57:444|Step_SPUtils|30002312|setTodayTotalDetailSteps=1514044260000##7214##549659##8661##16256##33021763
20171223-23:52:57:453|Step_ExtSDM|30002312|calculateCaloriesWithCache totalCalories=131208
20171223-23:52:57:456|Step_ExtSDM|30002312|calculateAltitudeWithCache totalAltitude=240
20171223-23:53:0:133|Step_LSC|30002312|processHandleBroadcastAction action:android.intent.action.TIME_TICK
20171223-23:53:0:141|Step_LSC|30002312|onStandStepChanged 3786
20171223-23:53:0:147|Step_LSC|30002312|onExtend:1514044380000 0 0 0
20171223-23:53:0:441|Step_SPUtils|30002312| getTodayTotalDetailSteps = 1514044260000##7214##549659##8661##16256##33021763
20171223-23:53:0:442|Step_SPUtils|30002312|setTodayTotalDetailSteps=1514044320000##7214##549659##8661##16256##33024761
20171223-23:53:0:450|Step_ExtSDM|30002312|calculateCaloriesWithCache totalCalories=131208
20171223-23:53:0:453|Step_ExtSDM|30002312|calculateAltitudeWithCache totalAltitude=240
20171223-23:53:15:137|Step_LSC|30002312|onStandStepChanged 3786
20171223-23:53:15:153|Step_LSC|30002312|onExtend:1514044395000 0 0 5
20171223-23:53:15:438|Step_SPUtils|30002312| getTodayTotalDetailSteps = 1514044320000##7214##549659##8661##16256##33024761
20171223-23:53:15:439|Step_SPUtils|30002312|setTodayTotalDetailSteps=1514044320000##7214##549659##8661##16256##33039758
20171223-23:53:15:455|Step_ExtSDM|30002312|calculateCaloriesWithCache totalCalories=131208
20171223-23:53:15:464|Step_ExtSDM|30002312|calculateAltitudeWithCache totalAltitude=240
20171223-23:53:17:137|Step_LSC|30002312|onStandStepChanged 3786
20171223-23:53:17:156|Step_LSC|30002312|onExtend:1514044397000 0 0 0
20171223-23:53:17:443|Step_SPUtils|30002312| getTodayTotalDetailSteps = 1514044320000##7214##549659##8661##16256##33039758
20171223-23:53:17:444|Step_SPUtils|30002312|setTodayTotalDetailSteps=1514044320000##7214##549659##8661##16256##33041763
20171223-23:53:17:467|Step_ExtSDM|30002312|calculateCaloriesWithCache totalCalories=131208
20171223-23:53:17:472|Step_ExtSDM|30002312|calculateAltitudeWithCache totalAltitude=240
20171223-23:53:25:139|Step_LSC|30002312|onStandStepChanged 3786
20171223-23:53:25:146|Step_LSC|30002312|onExtend:1514044405000 0 0 5
20171223-23:53:25:440|Step_SPUtils|30002312| getTodayTotalDetailSteps = 1514044320000##7214##549659##8661##16256##33041763
20171223-23:53:25:441|Step_SPUtils|30002312|setTodayTotalDetailSteps=1514044320000##7214##549659##8661##16256##33049759
20171223-23:53:25:452|Step_ExtSDM|30002312|calculateCaloriesWithCache totalCalories=131208
20171223-23:53:25:456|Step_ExtSDM|30002312|calculateAltitudeWithCache totalAltitude=240
20171223-23:53:31:137|Step_LSC|30002312|onStandStepChanged 3786
20171223-23:53:31:151|Step_LSC|30002312|onExtend:1514044411000 0 0 0
20171223-23:53:31:441|Step_SPUtils|30002312| getTodayTotalDetailSteps = 1514044320000##7214##549659##8661##16256##33049759
20171223-23:53:31:441|Step_SPUtils|30002312|setTodayTotalDetailSteps=1514044320000##7214##549659##8661##16256##33055760
20171223-23:53:31:452|Step_ExtSDM|30002312|calculateCaloriesWithCache totalCalories=131208
20171223-23:53:31:458|Step_ExtSDM|30002312|calculateAltitudeWithCache totalAltitude=240
20171223-23:53:40:143|Step_LSC|30002312|onStandStepChanged 3786
20171223-23:53:40:152|Step_LSC|30002312|onExtend:1514044420000 0 0 5
20171223-23:53:40:447|Step_SPUtils|30002312| getTodayTotalDetailSteps = 1514044320000##7214##549659##8661##16256##33055760
20171223-23:53:40:448|Step_SPUtils|30002312|setTodayTotalDetailSteps=1514044320000##7214##549659##8661##16256##33064766
20171223-23:53:40:466|Step_ExtSDM|30002312|calculateCaloriesWithCache totalCalories=131208
20171223-23:53:40:475|Step_ExtSDM|30002312|calculateAltitudeWithCache totalAltitude=240
20171223-23:53:42:137|Step_LSC|30002312|onStandStepChanged 3786
20171223-23:53:42:149|Step_LSC|30002312|onExtend:1514044422000 0 0 0
20171223-23:53:42:440|Step_SPUtils|30002312| getTodayTotalDetailSteps = 1514044320000##7214##549659##8661##16256##33064766
20171223-23:53:42:440|Step_SPUtils|30002312|setTodayTotalDetailSteps=1514044320000##7214##549659##8661##16256##33066759
20171223-23:53:42:456|Step_ExtSDM|30002312|calculateCaloriesWithCache totalCalories=131208
20171223-23:53:42:460|Step_ExtSDM|30002312|calculateAltitudeWithCache totalAltitude=240
20171223-23:53:51:138|Step_LSC|30002312|onStandStepChanged 3786
20171223-23:53:51:153|Step_LSC|30002312|onExtend:1514044431000 0 0 5
20171223-23:53:51:439|Step_SPUtils|30002312| getTodayTotalDetailSteps = 1514044320000##7214##549659##8661##16256##33066759
20171223-23:53:51:440|Step_SPUtils|30002312|setTodayTotalDetailSteps=1514044320000##7214##549659##8661##16256##33075759
20171223-23:53:51:456|Step_ExtSDM|30002312|calculateCaloriesWithCache totalCalories=131208
20171223-23:53:51:470|Step_ExtSDM|30002312|calculateAltitudeWithCache totalAltitude=240
20171223-23:53:57:143|Step_LSC|30002312|onStandStepChanged 3786
20171223-23:53:57:153|Step_LSC|30002312|onExtend:1514044437000 0 0 0
20171223-23:53:57:445|Step_SPUtils|30002312| getTodayTotalDetailSteps = 1514044320000##7214##549659##8661##16256##33075759
20171223-23:53:57:446|Step_SPUtils|30002312|setTodayTotalDetailSteps=1514044320000##7214##549659##8661##16256##33081765
20171223-23:53:57:459|Step_ExtSDM|30002312|calculateCaloriesWithCache totalCalories=131208
20171223-23:53:57:463|Step_ExtSDM|30002312|calculateAltitudeWithCache totalAltitude=240
20171223-23:54:0:148|Step_LSC|30002312|processHandleBroadcastAction action:android.intent.action.TIME_TICK
20171223-23:54:28:137|Step_LSC|30002312|onStandStepChanged 3786
20171223-23:54:28:160|Step_LSC|30002312|onExtend:1514044468000 0 0 5
20171223-23:54:28:452|Step_SPUtils|30002312| getTodayTotalDetailSteps = 1514044320000##7214##549659##8661##16256##33081765
20171223-23:54:28:452|Step_SPUtils|30002312|setTodayTotalDetailSteps=1514044380000##7214##549659##8661##16256##33112771
20171223-23:54:28:462|Step_ExtSDM|30002312|calculateCaloriesWithCache totalCalories=131208
20171223-23:54:28:467|Step_ExtSDM|30002312|calculateAltitudeWithCache totalAltitude=240
20171223-23:54:29:137|Step_LSC|30002312|onStandStepChanged 3786
20171223-23:54:29:149|Step_LSC|30002312|onExtend:1514044469000 0 0 0
20171223-23:54:29:438|Step_SPUtils|30002312| getTodayTotalDetailSteps = 1514044380000##7214##549659##8661##16256##33112771
20171223-23:54:29:439|Step_SPUtils|30002312|setTodayTotalDetailSteps=1514044380000##7214##549659##8661##16256##33113758
20171223-23:54:29:456|Step_ExtSDM|30002312|calculateCaloriesWithCache totalCalories=131208
20171223-23:54:29:459|Step_ExtSDM|30002312|calculateAltitudeWithCache totalAltitude=240
20171223-23:54:34:138|Step_LSC|30002312|onStandStepChanged 3786
20171223-23:54:34:147|Step_LSC|30002312|onExtend:1514044474000 0 0 5
20171223-23:54:34:439|Step_SPUtils|30002312| getTodayTotalDetailSteps = 1514044380000##7214##549659##8661##16256##33113758
20171223-23:54:34:439|Step_SPUtils|30002312|setTodayTotalDetailSteps=1514044380000##7214##549659##8661##16256##33118758
20171223-23:54:34:448|Step_ExtSDM|30002312|calculateCaloriesWithCache totalCalories=131208
20171223-23:54:34:452|Step_ExtSDM|30002312|calculateAltitudeWithCache totalAltitude=240
20171223-23:54:35:137|Step_LSC|30002312|onStandStepChanged 3786
20171223-23:54:35:147|Step_LSC|30002312|onExtend:1514044475000 0 0 0
20171223-23:54:35:442|Step_SPUtils|30002312| getTodayTotalDetailSteps = 1514044380000##7214##549659##8661##16256##33118758
20171223-23:54:35:442|Step_SPUtils|30002312|setTodayTotalDetailSteps=1514044380000##7214##549659##8661##16256##33119761
20171223-23:54:35:460|Step_ExtSDM|30002312|calculateCaloriesWithCache totalCalories=131208
20171223-23:54:35:465|Step_ExtSDM|30002312|calculateAltitudeWithCache totalAltitude=240
20171223-23:54:45:137|Step_LSC|30002312|onStandStepChanged 3786
20171223-23:54:45:151|Step_LSC|30002312|onExtend:1514044485000 0 0 5
20171223-23:54:45:448|Step_SPUtils|30002312| getTodayTotalDetailSteps = 1514044380000##7214##549659##8661##16256##33119761
20171223-23:54:45:449|Step_SPUtils|30002312|setTodayTotalDetailSteps=1514044380000##7214##549659##8661##16256##33129767
20171223-23:54:45:465|Step_ExtSDM|30002312|calculateCaloriesWithCache totalCalories=131208
20171223-23:54:45:470|Step_ExtSDM|30002312|calculateAltitudeWithCache totalAltitude=240
20171223-23:54:47:146|Step_LSC|30002312|onStandStepChanged 3786
20171223-23:54:47:155|Step_LSC|30002312|onExtend:1514044487000 0 0 0
20171223-23:54:47:453|Step_SPUtils|30002312| getTodayTotalDetailSteps = 1514044380000##7214##549659##8661##16256##33129767
20171223-23:54:47:454|Step_SPUtils|30002312|setTodayTotalDetailSteps=1514044380000##7214##549659##8661##16256##33131773
20171223-23:54:47:465|Step_ExtSDM|30002312|calculateCaloriesWithCache totalCalories=131208
20171223-23:54:47:469|Step_ExtSDM|30002312|calculateAltitudeWithCache totalAltitude=240
20171223-23:54:54:138|Step_LSC|30002312|onStandStepChanged 3786
20171223-23:54:54:163|Step_LSC|30002312|onExtend:1514044494000 0 0 5
20171223-23:54:54:439|Step_SPUtils|30002312| getTodayTotalDetailSteps = 1514044380000##7214##549659##8661##16256##33131773
20171223-23:54:54:440|Step_SPUtils|30002312|setTodayTotalDetailSteps=1514044380000##7214##549659##8661##16256##33138759
20171223-23:54:54:448|Step_ExtSDM|30002312|calculateCaloriesWithCache totalCalories=131208
20171223-23:54:54:451|Step_ExtSDM|30002312|calculateAltitudeWithCache totalAltitude=240
20171223-23:54:56:137|Step_LSC|30002312|onStandStepChanged 3786
20171223-23:54:56:157|Step_LSC|30002312|onExtend:1514044496000 0 0 0
20171223-23:54:56:451|Step_SPUtils|30002312| getTodayTotalDetailSteps = 1514044380000##7214##549659##8661##16256##33138759
20171223-23:54:56:452|Step_SPUtils|30002312|setTodayTotalDetailSteps=1514044380000##7214##549659##8661##16256##33140770
20171223-23:54:56:468|Step_ExtSDM|30002312|calculateCaloriesWithCache totalCalories=131208
20171223-23:54:56:476|Step_ExtSDM|30002312|calculateAltitudeWithCache totalAltitude=240
20171223-23:55:0:146|Step_LSC|30002312|processHandleBroadcastAction action:android.intent.action.TIME_TICK
20171223-23:55:24:138|Step_LSC|30002312|onStandStepChanged 3786
20171223-23:55:24:150|Step_LSC|30002312|onExtend:1514044524000 0 0 5
20171223-23:55:24:442|Step_SPUtils|30002312| getTodayTotalDetailSteps = 1514044380000##7214##549659##8661##16256##33140770
20171223-23:55:24:443|Step_SPUtils|30002312|setTodayTotalDetailSteps=1514044440000##7214##549659##8661##16256##33168762
20171223-23:55:24:467|Step_ExtSDM|30002312|calculateCaloriesWithCache totalCalories=131208
20171223-23:55:24:472|Step_ExtSDM|30002312|calculateAltitudeWithCache totalAltitude=240
20171223-23:55:25:137|Step_LSC|30002312|onStandStepChanged 3786
20171223-23:55:25:147|Step_LSC|30002312|onExtend:1514044525000 0 0 0
20171223-23:55:25:441|Step_SPUtils|30002312| getTodayTotalDetailSteps = 1514044440000##7214##549659##8661##16256##33168762
20171223-23:55:25:442|Step_SPUtils|30002312|setTodayTotalDetailSteps=1514044440000##7214##549659##8661##16256##33169760
20171223-23:55:25:456|Step_ExtSDM|30002312|calculateCaloriesWithCache totalCalories=131208
20171223-23:55:25:460|Step_ExtSDM|30002312|calculateAltitudeWithCache totalAltitude=240
20171223-23:56:0:148|Step_LSC|30002312|processHandleBroadcastAction action:android.intent.action.TIME_TICK
20171223-23:56:12:138|Step_LSC|30002312|onStandStepChanged 3786
20171223-23:56:12:161|Step_LSC|30002312|onExtend:1514044572000 0 0 5
20171223-23:56:12:448|Step_SPUtils|30002312| getTodayTotalDetailSteps = 1514044440000##7214##549659##8661##16256##33169760
20171223-23:56:12:449|Step_SPUtils|30002312|setTodayTotalDetailSteps=1514044500000##7214##549659##8661##16256##33216767
20171223-23:56:12:465|Step_ExtSDM|30002312|calculateCaloriesWithCache totalCalories=131208
20171223-23:56:12:474|Step_ExtSDM|30002312|calculateAltitudeWithCache totalAltitude=240
20171223-23:56:13:144|Step_LSC|30002312|onStandStepChanged 3786
20171223-23:56:13:150|Step_LSC|30002312|onExtend:1514044573000 0 0 0
20171223-23:56:13:445|Step_SPUtils|30002312| getTodayTotalDetailSteps = 1514044500000##7214##549659##8661##16256##33216767
20171223-23:56:13:445|Step_SPUtils|30002312|setTodayTotalDetailSteps=1514044500000##7214##549659##8661##16256##33217764
20171223-23:56:13:454|Step_ExtSDM|30002312|calculateCaloriesWithCache totalCalories=131208
20171223-23:56:13:457|Step_ExtSDM|30002312|calculateAltitudeWithCache totalAltitude=240
20171223-23:56:28:137|Step_LSC|30002312|onStandStepChanged 3786
20171223-23:56:28:145|Step_LSC|30002312|onExtend:1514044588000 0 0 5
20171223-23:56:28:443|Step_SPUtils|30002312| getTodayTotalDetailSteps = 1514044500000##7214##549659##8661##16256##33217764
20171223-23:56:28:444|Step_SPUtils|30002312|setTodayTotalDetailSteps=1514044500000##7214##549659##8661##16256##33232763
20171223-23:56:28:460|Step_ExtSDM|30002312|calculateCaloriesWithCache totalCalories=131208
20171223-23:56:28:464|Step_ExtSDM|30002312|calculateAltitudeWithCache totalAltitude=240
20171223-23:56:35:137|Step_LSC|30002312|onStandStepChanged 3786
20171223-23:56:35:152|Step_LSC|30002312|onExtend:1514044595000 0 0 0
20171223-23:56:35:439|Step_SPUtils|30002312| getTodayTotalDetailSteps = 1514044500000##7214##549659##8661##16256##33232763
20171223-23:56:35:440|Step_SPUtils|30002312|setTodayTotalDetailSteps=1514044500000##7214##549659##8661##16256##33239758
20171223-23:56:35:460|Step_ExtSDM|30002312|calculateCaloriesWithCache totalCalories=131208
20171223-23:56:35:467|Step_ExtSDM|30002312|calculateAltitudeWithCache totalAltitude=240
20171223-23:57:0:132|Step_LSC|30002312|processHandleBroadcastAction action:android.intent.action.TIME_TICK
20171223-23:57:34:138|Step_LSC|30002312|onStandStepChanged 3786
20171223-23:57:34:156|Step_LSC|30002312|onExtend:1514044654000 0 0 5
20171223-23:57:34:439|Step_SPUtils|30002312| getTodayTotalDetailSteps = 1514044500000##7214##549659##8661##16256##33239758
20171223-23:57:34:440|Step_SPUtils|30002312|setTodayTotalDetailSteps=1514044560000##7214##549659##8661##16256##33298759
20171223-23:57:34:457|Step_ExtSDM|30002312|calculateCaloriesWithCache totalCalories=131208
20171223-23:57:34:464|Step_ExtSDM|30002312|calculateAltitudeWithCache totalAltitude=240
20171223-23:57:42:138|Step_LSC|30002312|onStandStepChanged 3786
20171223-23:57:42:147|Step_LSC|30002312|onExtend:1514044662000 0 0 0
20171223-23:57:42:443|Step_SPUtils|30002312| getTodayTotalDetailSteps = 1514044560000##7214##549659##8661##16256##33298759
20171223-23:57:42:444|Step_SPUtils|30002312|setTodayTotalDetailSteps=1514044560000##7214##549659##8661##16256##33306763
20171223-23:57:42:464|Step_ExtSDM|30002312|calculateCaloriesWithCache totalCalories=131208
20171223-23:57:42:470|Step_ExtSDM|30002312|calculateAltitudeWithCache totalAltitude=240
20171223-23:58:0:117|Step_LSC|30002312|processHandleBroadcastAction action:android.intent.action.TIME_TICK
20171223-23:59:0:135|Step_LSC|30002312|processHandleBroadcastAction action:android.intent.action.TIME_TICK
20171224-0:0:0:215|Step_LSC|30002312|processHandleBroadcastAction action:android.intent.action.TIME_TICK
20171224-0:0:0:216|Step_StandStepDataManager|30002312|theDayChanged 1514044800216
20171224-0:0:0:218|Step_StandStepDataManager|30002312|initEnviroument
20171224-0:0:0:218|Step_SPUtils|30002312|getStepCounterStatus
20171224-0:0:0:218|Step_SPUtils|30002312| getStepCounterStatus= true
20171224-0:0:0:218|Step_StandStepCounter|30002312|reStartStepCounter
20171224-0:0:0:223|Step_LSC|30002312|onStandStepChanged 3786
20171224-0:0:0:226|Step_StandStepCounter|30002312|registersensorsuccess: true
20171224-0:0:0:227|Step_DataCache|30002312|clear()
20171224-0:0:0:228|Step_SPUtils|30002312| getTodayBasicStandardSteps= 1514018661124##0##3428
20171224-0:0:0:229|Step_StandStepDataManager|30002312|tryToRecordAsBasicStepData bWrite true
20171224-0:0:0:229|Step_SPUtils|30002312| getDiffTotalSteps= 1513958400215##0
20171224-0:0:0:229|Step_SPUtils|30002312|setBasicStandardSteps basicStandardStep=3786 restartSteps=0
20171224-0:0:0:232|Step_SPUtils|30002312|setDiffTotalSteps=0
20171224-0:0:0:233|Step_SPUtils|30002312| getTodayTotalDetailSteps = 1514044560000##7214##549659##8661##16256##33306763
20171224-0:0:0:233|Step_SPUtils|30002312| getTodayBasicStandardSteps= 1514044800223##3786##0
20171224-0:0:0:233|Step_SPUtils|30002312| getDiffTotalSteps= 1514044800231##0
20171224-0:0:0:234|Step_StandStepDataManager|30002312|tryToReloadTodayBasicSteps1514044800223|3786|0|0
20171224-0:0:0:234|Step_StandStepDataManager|30002312|reload : 3786 restar 0
20171224-0:0:0:234|Step_SPUtils|30002312| getTodayTotalDetailSteps = 1514044560000##7214##549659##8661##16256##33306763
20171224-0:0:0:234|Step_SPUtils|30002312|setTodayTotalDetailSteps=1514044740000##0##549659##8661##16256##33444553
20171224-0:0:0:235|Step_ExtSDM|30002312|calculateCaloriesWithCache totalCalories=0
20171224-0:0:0:235|Step_ExtSDM|30002312|calculateAltitudeWithCache totalAltitude=0
20171224-0:0:0:236|Step_StandReportReceiver|30002312|REPORT : 0 0 0 0
20171224-0:0:0:237|Step_HGNH|30002312|next day:steps0mLastReport7214
20171224-0:0:0:237|Step_SPUtils|30002312|setGoalNotifiShownRecord 1514044800237 false
20171224-0:0:0:240|Step_HGNH|30002312|closeNotification...
20171224-0:0:0:240|Step_NotificationUtil|30002312|deleteHealthNotification() 
20171224-0:0:0:323|Step_LSC|30002312|onStandStepChanged 3786
20171224-0:0:0:329|Step_LSC|30002312|onExtend:1514044801000 0 0 0
20171224-0:0:0:624|Step_SPUtils|30002312| getTodayTotalDetailSteps = 1514044740000##0##549659##8661##16256##33444553
20171224-0:0:0:624|Step_SPUtils|30002312|setTodayTotalDetailSteps=1514044740000##0##549659##8661##16256##33444943
20171224-0:0:0:628|Step_ExtSDM|30002312|calculateCaloriesWithCache totalCalories=0
20171224-0:0:0:628|Step_ExtSDM|30002312|calculateAltitudeWithCache totalAltitude=0
20171224-0:0:5:137|Step_LSC|30002312|onStandStepChanged 3786
20171224-0:0:5:152|Step_LSC|30002312|onExtend:1514044805000 0 0 5
20171224-0:0:5:438|Step_SPUtils|30002312| getTodayTotalDetailSteps = 1514044740000##0##549659##8661##16256##33444943
20171224-0:0:5:438|Step_SPUtils|30002312|setTodayTotalDetailSteps=1514044740000##0##549659##8661##16256##33449757
20171224-0:0:5:444|Step_ExtSDM|30002312|calculateCaloriesWithCache totalCalories=0
20171224-0:0:5:444|Step_ExtSDM|30002312|calculateAltitudeWithCache totalAltitude=0
20171224-0:0:6:144|Step_LSC|30002312|onStandStepChanged 3786
20171224-0:0:6:149|Step_LSC|30002312|onExtend:1514044806000 0 0 0
20171224-0:0:6:445|Step_SPUtils|30002312| getTodayTotalDetailSteps = 1514044740000##0##549659##8661##16256##33449757
20171224-0:0:6:445|Step_SPUtils|30002312|setTodayTotalDetailSteps=1514044740000##0##549659##8661##16256##33450764
20171224-0:0:6:451|Step_ExtSDM|30002312|calculateCaloriesWithCache totalCalories=0
20171224-0:0:6:451|Step_ExtSDM|30002312|calculateAltitudeWithCache totalAltitude=0
20171224-0:1:0:154|Step_LSC|30002312|processHandleBroadcastAction action:android.intent.action.TIME_TICK
20171224-0:2:0:169|Step_LSC|30002312|processHandleBroadcastAction action:android.intent.action.TIME_TICK
20171224-0:3:0:124|Step_LSC|30002312|processHandleBroadcastAction action:android.intent.action.TIME_TICK
20171224-0:4:0:136|Step_LSC|30002312|processHandleBroadcastAction action:android.intent.action.TIME_TICK
20171224-0:5:0:128|Step_LSC|30002312|processHandleBroadcastAction action:android.intent.action.TIME_TICK
20171224-0:5:22:473|Step_LSC|30002312|onStandStepChanged 3786
20171224-0:5:22:478|Step_LSC|30002312|onExtend:1514045123000 0 0 0
20171224-0:5:22:774|Step_SPUtils|30002312| getTodayTotalDetailSteps = 1514044740000##0##549659##8661##16256##33450764
20171224-0:5:22:774|Step_SPUtils|30002312|setTodayTotalDetailSteps=1514045040000##0##549659##8661##16256##33767093
20171224-0:5:22:779|Step_ExtSDM|30002312|calculateCaloriesWithCache totalCalories=0
20171224-0:5:22:779|Step_ExtSDM|30002312|calculateAltitudeWithCache totalAltitude=0
20171224-0:6:0:153|Step_LSC|30002312|processHandleBroadcastAction action:android.intent.action.TIME_TICK
20171224-0:6:16:562|Step_LSC|30002312|onStandStepChanged 3786
20171224-0:6:16:574|Step_LSC|30002312|onExtend:1514045177000 0 0 0
20171224-0:6:16:863|Step_SPUtils|30002312| getTodayTotalDetailSteps = 1514045040000##0##549659##8661##16256##33767093
20171224-0:6:16:864|Step_SPUtils|30002312|setTodayTotalDetailSteps=1514045100000##0##549659##8661##16256##33821183
20171224-0:6:16:871|Step_ExtSDM|30002312|calculateCaloriesWithCache totalCalories=0
20171224-0:6:16:871|Step_ExtSDM|30002312|calculateAltitudeWithCache totalAltitude=0
20171224-0:7:0:125|Step_LSC|30002312|processHandleBroadcastAction action:android.intent.action.TIME_TICK
20171224-0:7:2:137|Step_LSC|30002312|onStandStepChanged 3786
20171224-0:7:2:150|Step_LSC|30002312|onExtend:1514045222000 0 0 5
20171224-0:7:2:439|Step_SPUtils|30002312| getTodayTotalDetailSteps = 1514045100000##0##549659##8661##16256##33821183
20171224-0:7:2:440|Step_SPUtils|30002312|setTodayTotalDetailSteps=1514045160000##0##549659##8661##16256##33866758
20171224-0:7:2:445|Step_ExtSDM|30002312|calculateCaloriesWithCache totalCalories=0
20171224-0:7:2:445|Step_ExtSDM|30002312|calculateAltitudeWithCache totalAltitude=0
20171224-0:7:4:137|Step_LSC|30002312|onStandStepChanged 3786
20171224-0:7:4:153|Step_LSC|30002312|onExtend:1514045224000 0 0 0
20171224-0:7:4:439|Step_SPUtils|30002312| getTodayTotalDetailSteps = 1514045160000##0##549659##8661##16256##33866758
20171224-0:7:4:439|Step_SPUtils|30002312|setTodayTotalDetailSteps=1514045160000##0##549659##8661##16256##33868758
20171224-0:7:4:447|Step_ExtSDM|30002312|calculateCaloriesWithCache totalCalories=0
20171224-0:7:4:447|Step_ExtSDM|30002312|calculateAltitudeWithCache totalAltitude=0
20171224-0:7:20:137|Step_LSC|30002312|onStandStepChanged 3786
20171224-0:7:20:149|Step_LSC|30002312|onExtend:1514045240000 0 0 5
20171224-0:7:20:438|Step_SPUtils|30002312| getTodayTotalDetailSteps = 1514045160000##0##549659##8661##16256##33868758
20171224-0:7:20:439|Step_SPUtils|30002312|setTodayTotalDetailSteps=1514045160000##0##549659##8661##16256##33884757
20171224-0:7:20:444|Step_ExtSDM|30002312|calculateCaloriesWithCache totalCalories=0
20171224-0:7:20:444|Step_ExtSDM|30002312|calculateAltitudeWithCache totalAltitude=0
20171224-0:7:21:138|Step_LSC|30002312|onStandStepChanged 3786
20171224-0:7:21:149|Step_LSC|30002312|onExtend:1514045241000 0 0 0
20171224-0:7:21:439|Step_SPUtils|30002312| getTodayTotalDetailSteps = 1514045160000##0##549659##8661##16256##33884757
20171224-0:7:21:440|Step_SPUtils|30002312|setTodayTotalDetailSteps=1514045160000##0##549659##8661##16256##33885759
20171224-0:7:21:447|Step_ExtSDM|30002312|calculateCaloriesWithCache totalCalories=0
20171224-0:7:21:447|Step_ExtSDM|30002312|calculateAltitudeWithCache totalAltitude=0
20171224-0:8:0:141|Step_LSC|30002312|processHandleBroadcastAction action:android.intent.action.TIME_TICK
20171224-0:9:0:135|Step_LSC|30002312|processHandleBroadcastAction action:android.intent.action.TIME_TICK
20171224-0:9:4:137|Step_LSC|30002312|onStandStepChanged 3786
20171224-0:9:4:148|Step_LSC|30002312|onExtend:1514045344000 0 0 5
20171224-0:9:4:440|Step_SPUtils|30002312| getTodayTotalDetailSteps = 1514045160000##0##549659##8661##16256##33885759
20171224-0:9:4:441|Step_SPUtils|30002312|setTodayTotalDetailSteps=1514045280000##0##549659##8661##16256##33988760
20171224-0:9:4:460|Step_ExtSDM|30002312|calculateCaloriesWithCache totalCalories=0
20171224-0:9:4:460|Step_ExtSDM|30002312|calculateAltitudeWithCache totalAltitude=0
20171224-0:9:6:137|Step_LSC|30002312|onStandStepChanged 3786
20171224-0:9:6:148|Step_LSC|30002312|onExtend:1514045346000 0 0 0
20171224-0:9:6:442|Step_SPUtils|30002312| getTodayTotalDetailSteps = 1514045280000##0##549659##8661##16256##33988760
20171224-0:9:6:442|Step_SPUtils|30002312|setTodayTotalDetailSteps=1514045280000##0##549659##8661##16256##33990761
20171224-0:9:6:450|Step_ExtSDM|30002312|calculateCaloriesWithCache totalCalories=0
20171224-0:9:6:450|Step_ExtSDM|30002312|calculateAltitudeWithCache totalAltitude=0
20171224-0:9:34:137|Step_LSC|30002312|onStandStepChanged 3786
20171224-0:9:34:153|Step_LSC|30002312|onExtend:1514045374000 0 0 5
20171224-0:9:34:439|Step_SPUtils|30002312| getTodayTotalDetailSteps = 1514045280000##0##549659##8661##16256##33990761
20171224-0:9:34:440|Step_SPUtils|30002312|setTodayTotalDetailSteps=1514045280000##0##549659##8661##16256##34018758
20171224-0:9:34:446|Step_ExtSDM|30002312|calculateCaloriesWithCache totalCalories=0
20171224-0:9:34:446|Step_ExtSDM|30002312|calculateAltitudeWithCache totalAltitude=0
20171224-0:9:35:137|Step_LSC|30002312|onStandStepChanged 3786
20171224-0:9:35:148|Step_LSC|30002312|onExtend:1514045375000 0 0 0
20171224-0:9:35:440|Step_SPUtils|30002312| getTodayTotalDetailSteps = 1514045280000##0##549659##8661##16256##34018758
20171224-0:9:35:441|Step_SPUtils|30002312|setTodayTotalDetailSteps=1514045280000##0##549659##8661##16256##34019759
20171224-0:9:35:448|Step_ExtSDM|30002312|calculateCaloriesWithCache totalCalories=0
20171224-0:9:35:448|Step_ExtSDM|30002312|calculateAltitudeWithCache totalAltitude=0
20171224-0:10:0:183|Step_LSC|30002312|processHandleBroadcastAction action:android.intent.action.TIME_TICK
20171224-0:10:9:136|Step_LSC|30002312|onStandStepChanged 3786
20171224-0:10:9:143|Step_LSC|30002312|onExtend:1514045409000 0 0 5
20171224-0:10:9:438|Step_SPUtils|30002312| getTodayTotalDetailSteps = 1514045280000##0##549659##8661##16256##34019759
20171224-0:10:9:438|Step_SPUtils|30002312|setTodayTotalDetailSteps=1514045340000##0##549659##8661##16256##34053757
20171224-0:10:9:443|Step_ExtSDM|30002312|calculateCaloriesWithCache totalCalories=0
20171224-0:10:9:443|Step_ExtSDM|30002312|calculateAltitudeWithCache totalAltitude=0
20171224-0:10:10:137|Step_LSC|30002312|onStandStepChanged 3786
20171224-0:10:10:148|Step_LSC|30002312|onExtend:1514045410000 0 0 0
20171224-0:10:10:439|Step_SPUtils|30002312| getTodayTotalDetailSteps = 1514045340000##0##549659##8661##16256##34053757
20171224-0:10:10:440|Step_SPUtils|30002312|setTodayTotalDetailSteps=1514045340000##0##549659##8661##16256##34054759
20171224-0:10:10:446|Step_ExtSDM|30002312|calculateCaloriesWithCache totalCalories=0
20171224-0:10:10:446|Step_ExtSDM|30002312|calculateAltitudeWithCache totalAltitude=0
20171224-0:10:42:137|Step_LSC|30002312|onStandStepChanged 3786
20171224-0:10:42:149|Step_LSC|30002312|onExtend:1514045442000 0 0 5
20171224-0:10:42:438|Step_SPUtils|30002312| getTodayTotalDetailSteps = 1514045340000##0##549659##8661##16256##34054759
20171224-0:10:42:438|Step_SPUtils|30002312|setTodayTotalDetailSteps=1514045340000##0##549659##8661##16256##34086757
20171224-0:10:42:445|Step_ExtSDM|30002312|calculateCaloriesWithCache totalCalories=0
20171224-0:10:42:445|Step_ExtSDM|30002312|calculateAltitudeWithCache totalAltitude=0
20171224-0:10:43:138|Step_LSC|30002312|onStandStepChanged 3786
20171224-0:10:43:153|Step_LSC|30002312|onExtend:1514045443000 0 0 0
20171224-0:10:43:440|Step_SPUtils|30002312| getTodayTotalDetailSteps = 1514045340000##0##549659##8661##16256##34086757
20171224-0:10:43:441|Step_SPUtils|30002312|setTodayTotalDetailSteps=1514045340000##0##549659##8661##16256##34087759
20171224-0:10:43:447|Step_ExtSDM|30002312|calculateCaloriesWithCache totalCalories=0
20171224-0:10:43:448|Step_ExtSDM|30002312|calculateAltitudeWithCache totalAltitude=0
20171224-0:11:0:122|Step_LSC|30002312|processHandleBroadcastAction action:android.intent.action.TIME_TICK
20171224-0:11:56:143|Step_LSC|30002312|onStandStepChanged 3786
20171224-0:11:56:151|Step_LSC|30002312|onExtend:1514045516000 0 0 5
20171224-0:11:56:445|Step_SPUtils|30002312| getTodayTotalDetailSteps = 1514045340000##0##549659##8661##16256##34087759
20171224-0:11:56:446|Step_SPUtils|30002312|setTodayTotalDetailSteps=1514045400000##0##549659##8661##16256##34160765
20171224-0:11:56:453|Step_ExtSDM|30002312|calculateCaloriesWithCache totalCalories=0
20171224-0:11:56:454|Step_ExtSDM|30002312|calculateAltitudeWithCache totalAltitude=0
20171224-0:11:57:141|Step_LSC|30002312|onStandStepChanged 3786
20171224-0:11:57:149|Step_LSC|30002312|onExtend:1514045517000 0 0 0
20171224-0:11:57:442|Step_SPUtils|30002312| getTodayTotalDetailSteps = 1514045400000##0##549659##8661##16256##34160765
20171224-0:11:57:443|Step_SPUtils|30002312|setTodayTotalDetailSteps=1514045400000##0##549659##8661##16256##34161762
20171224-0:11:57:449|Step_ExtSDM|30002312|calculateCaloriesWithCache totalCalories=0
20171224-0:11:57:450|Step_ExtSDM|30002312|calculateAltitudeWithCache totalAltitude=0
20171224-0:12:0:138|Step_LSC|30002312|processHandleBroadcastAction action:android.intent.action.TIME_TICK
20171224-0:13:0:151|Step_LSC|30002312|processHandleBroadcastAction action:android.intent.action.TIME_TICK
20171224-0:14:0:160|Step_LSC|30002312|processHandleBroadcastAction action:android.intent.action.TIME_TICK
20171224-0:15:0:147|Step_LSC|30002312|processHandleBroadcastAction action:android.intent.action.TIME_TICK
20171224-0:15:52:983|Step_LSC|30002312|onStandStepChanged 3786
20171224-0:15:52:990|Step_LSC|30002312|onExtend:1514045753000 0 0 0
20171224-0:15:53:285|Step_SPUtils|30002312| getTodayTotalDetailSteps = 1514045400000##0##549659##8661##16256##34161762
20171224-0:15:53:286|Step_SPUtils|30002312|setTodayTotalDetailSteps=1514045640000##0##549659##8661##16256##34397604
20171224-0:15:53:292|Step_ExtSDM|30002312|calculateCaloriesWithCache totalCalories=0
20171224-0:15:53:292|Step_ExtSDM|30002312|calculateAltitudeWithCache totalAltitude=0
20171224-0:16:0:149|Step_LSC|30002312|processHandleBroadcastAction action:android.intent.action.TIME_TICK
20171224-0:17:0:126|Step_LSC|30002312|processHandleBroadcastAction action:android.intent.action.TIME_TICK
20171224-0:18:0:103|Step_LSC|30002312|processHandleBroadcastAction action:android.intent.action.TIME_TICK
20171224-0:19:0:137|Step_LSC|30002312|processHandleBroadcastAction action:android.intent.action.TIME_TICK
20171224-0:20:0:128|Step_LSC|30002312|processHandleBroadcastAction action:android.intent.action.TIME_TICK
20171224-0:21:0:131|Step_LSC|30002312|processHandleBroadcastAction action:android.intent.action.TIME_TICK
20171224-0:22:0:135|Step_LSC|30002312|processHandleBroadcastAction action:android.intent.action.TIME_TICK
20171224-0:23:0:141|Step_LSC|30002312|processHandleBroadcastAction action:android.intent.action.TIME_TICK
20171224-0:24:0:114|Step_LSC|30002312|processHandleBroadcastAction action:android.intent.action.TIME_TICK
20171224-0:25:0:132|Step_LSC|30002312|processHandleBroadcastAction action:android.intent.action.TIME_TICK
20171224-0:25:16:137|Step_LSC|30002312|onStandStepChanged 3786
20171224-0:25:16:146|Step_LSC|30002312|onExtend:1514046316000 0 0 5
20171224-0:25:16:438|Step_SPUtils|30002312| getTodayTotalDetailSteps = 1514045640000##0##549659##8661##16256##34397604
20171224-0:25:16:439|Step_SPUtils|30002312|setTodayTotalDetailSteps=1514046240000##0##549659##8661##16256##34960758
20171224-0:25:16:445|Step_ExtSDM|30002312|calculateCaloriesWithCache totalCalories=0
20171224-0:25:16:445|Step_ExtSDM|30002312|calculateAltitudeWithCache totalAltitude=0
20171224-0:25:17:137|Step_LSC|30002312|onStandStepChanged 3786
20171224-0:25:17:149|Step_LSC|30002312|onExtend:1514046317000 0 0 0
20171224-0:25:17:438|Step_SPUtils|30002312| getTodayTotalDetailSteps = 1514046240000##0##549659##8661##16256##34960758
20171224-0:25:17:438|Step_SPUtils|30002312|setTodayTotalDetailSteps=1514046240000##0##549659##8661##16256##34961757
20171224-0:25:17:445|Step_ExtSDM|30002312|calculateCaloriesWithCache totalCalories=0
20171224-0:25:17:445|Step_ExtSDM|30002312|calculateAltitudeWithCache totalAltitude=0
20171224-0:26:0:114|Step_LSC|30002312|processHandleBroadcastAction action:android.intent.action.TIME_TICK
20171224-0:27:0:140|Step_LSC|30002312|processHandleBroadcastAction action:android.intent.action.TIME_TICK
20171224-0:28:0:83|Step_LSC|30002312|processHandleBroadcastAction action:android.intent.action.TIME_TICK
20171224-0:28:25:151|Step_LSC|30002312|onStandStepChanged 3786
20171224-0:28:25:159|Step_LSC|30002312|onExtend:1514046505000 0 0 5
20171224-0:28:25:453|Step_SPUtils|30002312| getTodayTotalDetailSteps = 1514046240000##0##549659##8661##16256##34961757
20171224-0:28:25:454|Step_SPUtils|30002312|setTodayTotalDetailSteps=1514046420000##0##549659##8661##16256##35149773
20171224-0:28:25:461|Step_ExtSDM|30002312|calculateCaloriesWithCache totalCalories=0
20171224-0:28:25:461|Step_ExtSDM|30002312|calculateAltitudeWithCache totalAltitude=0
20171224-0:28:48:963|Step_StandReportReceiver|30002312|onReceive action: android.intent.action.SCREEN_OFF
20171224-0:31:52:120|Step_LSC|30002312|processHandleBroadcastAction action:android.intent.action.TIME_TICK
20171224-0:32:28:791|HiH_HiSyncControl|30002312|startTimer start autoSync
20171224-0:32:28:797|HiH_HiSyncControl|30002312|startSync hiSyncOption = HiSyncOption{syncAction=1, syncMethod=2, syncScope=0, syncDataType=20000, syncModel=2, pushAction=0},app = 1 who = 1
20171224-0:32:28:799|HiH_HiSyncControl|30002312|checkCurrentDay a new day comes , reset basicSyncCondition, currentDay is 20171224 oldDay is 20171223
20171224-0:32:28:800|HiH_HiSyncControl|30002312|stepSyncOrNot appSynTimes is 0
20171224-0:32:28:803|HiH_HiSyncControl|30002312|needAutoSync autoSyncSwitch is open
20171224-0:32:28:804|HiH_HiSyncControl|30002312|initDataPrivacy the dataPrivacy switch is open, start push health data!
20171224-0:32:28:804|HiH_|30002312|initDataPrivacy the dataPrivacy is true
20171224-0:32:28:805|HiH_HiSyncControl|30002312|initUserPrivacy the userPrivacy switch is open, start push user data!
20171224-0:32:28:806|HiH_|30002312|initUserPrivacy the userPrivacy is true
20171224-0:32:28:806|HiH_HiSyncControl|30002312|ifCanSync not! no cloud version
20171224-0:32:28:806|HiH_HiBroadcastUtil|30002312|sendSyncFailedBroadcast
20171224-0:32:41:114|Step_LSC|30002312|processHandleBroadcastAction action:android.intent.action.TIME_TICK
20171224-0:37:23:74|Step_LSC|30002312|processHandleBroadcastAction action:android.intent.action.TIME_TICK
20171224-0:38:23:301|Step_LSC|30002312|processHandleBroadcastAction action:android.intent.action.TIME_TICK
20171224-0:39:14:288|Step_LSC|30002312|processHandleBroadcastAction action:android.intent.action.TIME_TICK
20171224-0:42:46:681|Step_LSC|30002312|processHandleBroadcastAction action:android.intent.action.TIME_TICK
20171224-0:45:47:485|Step_LSC|30002312|processHandleBroadcastAction action:android.intent.action.TIME_TICK
20171224-0:48:29:111|Step_LSC|30002312|processHandleBroadcastAction action:android.intent.action.TIME_TICK
20171224-0:49:29:380|Step_LSC|30002312|processHandleBroadcastAction action:android.intent.action.TIME_TICK
20171224-0:51:1:747|Step_LSC|30002312|processHandleBroadcastAction action:android.intent.action.TIME_TICK
20171224-0:52:20:752|Step_LSC|30002312|processHandleBroadcastAction action:android.intent.action.TIME_TICK
20171224-0:53:59:235|Step_LSC|30002312|processHandleBroadcastAction action:android.intent.action.TIME_TICK
20171224-0:55:32:22|Step_LSC|30002312|processHandleBroadcastAction action:android.intent.action.TIME_TICK
20171224-0:58:53:985|Step_LSC|30002312|processHandleBroadcastAction action:android.intent.action.TIME_TICK
20171224-0:59:7:581|Step_LSC|30002312|processHandleBroadcastAction action:android.intent.action.TIME_TICK
20171224-1:0:0:794|Step_LSC|30002312|processHandleBroadcastAction action:android.intent.action.TIME_TICK
20171224-1:1:0:935|Step_LSC|30002312|processHandleBroadcastAction action:android.intent.action.TIME_TICK
20171224-1:2:35:789|Step_LSC|30002312|processHandleBroadcastAction action:android.intent.action.TIME_TICK