20171223-22:15:29:606|Step_LSC|30002312|onStandStepChanged 3579
20171223-22:15:29:615|Step_LSC|30002312|onExtend:1514038530000 14 0 4
20171223-22:15:29:633|Step_StandReportReceiver|30002312|onReceive action: android.intent.action.SCREEN_ON
20171223-22:15:29:635|Step_LSC|30002312|processHandleBroadcastAction action:android.intent.action.SCREEN_ON
20171223-22:15:29:635|Step_StandStepCounter|30002312|flush sensor data
20171223-22:15:29:635|Step_SPUtils|30002312| getTodayTotalDetailSteps = 1514038440000##6993##548365##8661##12266##27164404
20171223-22:15:29:636|Step_SPUtils|30002312|setTodayTotalDetailSteps=1514038440000##7007##548365##8661##12361##27173954
20171223-22:15:29:636|Step_LSC|30002312|onStandStepChanged 3579
20171223-22:15:29:645|Step_ExtSDM|30002312|calculateCaloriesWithCache totalCalories=126775
20171223-22:15:29:648|Step_ExtSDM|30002312|calculateAltitudeWithCache totalAltitude=240
20171223-22:15:29:649|Step_StandReportReceiver|30002312|REPORT : 7007 5002 150089 240
20171223-22:15:29:737|Step_LSC|30002312|onExtend:1514038530000 0 0 4
20171223-22:15:29:738|Step_LSC|30002312|onStandStepChanged 3579
20171223-22:15:29:792|Step_LSC|30002312|onStandStepChanged 3580
20171223-22:15:29:800|Step_LSC|30002312|onExtend:1514038530000 1 0 4
20171223-22:15:29:950|Step_SPUtils|30002312| getTodayTotalDetailSteps = 1514038440000##7007##548365##8661##12361##27173954
20171223-22:15:29:950|Step_SPUtils|30002312|setTodayTotalDetailSteps=1514038440000##7008##548365##8661##12456##27174269
20171223-22:15:29:959|Step_ExtSDM|30002312|calculateCaloriesWithCache totalCalories=126797
20171223-22:15:29:962|Step_ExtSDM|30002312|calculateAltitudeWithCache totalAltitude=240
20171223-22:15:29:962|Step_StandReportReceiver|30002312|REPORT : 7008 5003 150111 240
20171223-22:15:30:331|Step_LSC|30002312|onStandStepChanged 3581
20171223-22:15:30:335|Step_LSC|30002312|onExtend:1514038531000 1 0 4
20171223-22:15:30:632|Step_SPUtils|30002312| getTodayTotalDetailSteps = 1514038440000##7008##548365##8661##12456##27174269
20171223-22:15:30:632|Step_SPUtils|30002312|setTodayTotalDetailSteps=1514038440000##7009##548365##8661##12551##27174951
20171223-22:15:30:639|Step_ExtSDM|30002312|calculateCaloriesWithCache totalCalories=126818
20171223-22:15:30:641|Step_ExtSDM|30002312|calculateAltitudeWithCache totalAltitude=240
20171223-22:15:30:642|Step_StandReportReceiver|30002312|REPORT : 7009 5004 150132 240
20171223-22:15:30:841|Step_LSC|30002312|onStandStepChanged 3583
20171223-22:15:30:858|Step_LSC|30002312|onExtend:1514038531000 2 0 4
20171223-22:15:31:142|Step_SPUtils|30002312| getTodayTotalDetailSteps = 1514038440000##7009##548365##8661##12551##27174951
20171223-22:15:31:143|Step_SPUtils|30002312|setTodayTotalDetailSteps=1514038440000##7011##548365##8661##12646##27175461
20171223-22:15:31:157|Step_ExtSDM|30002312|calculateCaloriesWithCache totalCalories=126861
20171223-22:15:31:160|Step_ExtSDM|30002312|calculateAltitudeWithCache totalAltitude=240
20171223-22:15:31:160|Step_StandReportReceiver|30002312|REPORT : 7011 5005 150175 240
20171223-22:15:31:841|Step_LSC|30002312|onStandStepChanged 3584
20171223-22:15:31:862|Step_LSC|30002312|onExtend:1514038532000 1 0 4
20171223-22:15:32:145|Step_SPUtils|30002312| getTodayTotalDetailSteps = 1514038440000##7011##548365##8661##12646##27175461
20171223-22:15:32:147|Step_SPUtils|30002312|setTodayTotalDetailSteps=1514038440000##7012##548365##8661##12741##27176464
20171223-22:15:32:156|Step_ExtSDM|30002312|calculateCaloriesWithCache totalCalories=126882
20171223-22:15:32:162|Step_ExtSDM|30002312|calculateAltitudeWithCache totalAltitude=240
20171223-22:15:32:163|Step_StandReportReceiver|30002312|REPORT : 7012 5006 150197 240
20171223-22:15:32:340|Step_LSC|30002312|onStandStepChanged 3585
20171223-22:15:32:354|Step_LSC|30002312|onExtend:1514038533000 1 0 4
20171223-22:15:32:647|Step_SPUtils|30002312| getTodayTotalDetailSteps = 1514038440000##7012##548365##8661##12741##27176464
20171223-22:15:32:648|Step_SPUtils|30002312|setTodayTotalDetailSteps=1514038440000##7013##548365##8661##12836##27176966
20171223-22:15:32:656|Step_ExtSDM|30002312|calculateCaloriesWithCache totalCalories=126904
20171223-22:15:32:658|Step_ExtSDM|30002312|calculateAltitudeWithCache totalAltitude=240
20171223-22:15:32:659|Step_StandReportReceiver|30002312|REPORT : 7013 5007 150218 240
20171223-22:15:32:840|Step_LSC|30002312|onStandStepChanged 3586
20171223-22:15:32:846|Step_LSC|30002312|onExtend:1514038533000 1 0 4
20171223-22:15:33:144|Step_SPUtils|30002312| getTodayTotalDetailSteps = 1514038440000##7013##548365##8661##12836##27176966
20171223-22:15:33:144|Step_SPUtils|30002312|setTodayTotalDetailSteps=1514038440000##7014##548365##8661##12931##27177463
20171223-22:15:33:148|Step_ExtSDM|30002312|calculateCaloriesWithCache totalCalories=126925
20171223-22:15:33:149|Step_ExtSDM|30002312|calculateAltitudeWithCache totalAltitude=240
20171223-22:15:33:149|Step_StandReportReceiver|30002312|REPORT : 7014 5007 150239 240
20171223-22:15:33:341|Step_LSC|30002312|onStandStepChanged 3587
20171223-22:15:33:370|Step_LSC|30002312|onExtend:1514038534000 1 0 4
20171223-22:15:33:643|Step_SPUtils|30002312| getTodayTotalDetailSteps = 1514038440000##7014##548365##8661##12931##27177463
20171223-22:15:33:644|Step_SPUtils|30002312|setTodayTotalDetailSteps=1514038440000##7015##548365##8661##13026##27177962
20171223-22:15:33:658|Step_ExtSDM|30002312|calculateCaloriesWithCache totalCalories=126947
20171223-22:15:33:662|Step_ExtSDM|30002312|calculateAltitudeWithCache totalAltitude=240
20171223-22:15:33:663|Step_StandReportReceiver|30002312|REPORT : 7015 5008 150261 240
20171223-22:15:34:711|Step_LSC|30002312|onStandStepChanged 3588
20171223-22:15:34:723|Step_LSC|30002312|onExtend:1514038535000 1 0 4
20171223-22:15:34:723|Step_StandReportReceiver|30002312|onReceive action: android.intent.action.SCREEN_OFF
20171223-22:15:34:848|Step_LSC|30002312|onStandStepChanged 3589
20171223-22:15:34:851|Step_LSC|30002312|onExtend:1514038535000 1 0 4
20171223-22:15:35:11|Step_SPUtils|30002312| getTodayTotalDetailSteps = 1514038440000##7015##548365##8661##13026##27177962
20171223-22:15:35:12|Step_SPUtils|30002312|setTodayTotalDetailSteps=1514038440000##7017##548365##8661##13121##27179330
20171223-22:15:35:20|Step_ExtSDM|30002312|calculateCaloriesWithCache totalCalories=126989
20171223-22:15:35:22|Step_ExtSDM|30002312|calculateAltitudeWithCache totalAltitude=240
20171223-22:15:35:23|Step_ScreenUtil|30002312|isScreenOn true
20171223-22:15:35:23|Step_StandReportReceiver|30002312|screen status unknown,think screen on
20171223-22:15:35:23|Step_StandReportReceiver|30002312|REPORT : 7017 5010 150304 240
20171223-22:15:35:96|Step_StandReportReceiver|30002312|onReceive action: android.intent.action.SCREEN_ON
20171223-22:15:35:97|Step_LSC|30002312|processHandleBroadcastAction action:android.intent.action.SCREEN_ON
20171223-22:15:35:97|Step_StandStepCounter|30002312|flush sensor data
20171223-22:15:35:98|Step_SPUtils|30002312| getTodayTotalDetailSteps = 1514038440000##7017##548365##8661##13121##27179330
20171223-22:15:35:98|Step_SPUtils|30002312|setTodayTotalDetailSteps=1514038440000##7017##548365##8661##13216##27179417
20171223-22:15:35:98|Step_LSC|30002312|onStandStepChanged 3589
20171223-22:15:35:104|Step_ExtSDM|30002312|calculateCaloriesWithCache totalCalories=126989
20171223-22:15:35:112|Step_ExtSDM|30002312|calculateAltitudeWithCache totalAltitude=240
20171223-22:15:35:112|Step_StandReportReceiver|30002312|REPORT : 7017 5010 150304 240
20171223-22:15:35:198|Step_LSC|30002312|onStandStepChanged 3589
20171223-22:15:35:201|Step_LSC|30002312|onExtend:1514038536000 0 0 4
20171223-22:15:35:348|Step_LSC|30002312|onStandStepChanged 3590
20171223-22:15:35:352|Step_LSC|30002312|onExtend:1514038536000 1 0 4
20171223-22:15:35:413|Step_SPUtils|30002312| getTodayTotalDetailSteps = 1514038440000##7017##548365##8661##13216##27179417
20171223-22:15:35:413|Step_SPUtils|30002312|setTodayTotalDetailSteps=1514038440000##7018##548365##8661##13311##27179732
20171223-22:15:35:418|Step_ExtSDM|30002312|calculateCaloriesWithCache totalCalories=127011
20171223-22:15:35:421|Step_ExtSDM|30002312|calculateAltitudeWithCache totalAltitude=240
20171223-22:15:35:421|Step_StandReportReceiver|30002312|REPORT : 7018 5010 150325 240
20171223-22:15:35:848|Step_LSC|30002312|onStandStepChanged 3591
20171223-22:15:35:852|Step_LSC|30002312|onExtend:1514038536000 1 0 4
20171223-22:15:36:149|Step_SPUtils|30002312| getTodayTotalDetailSteps = 1514038440000##7018##548365##8661##13311##27179732
20171223-22:15:36:149|Step_SPUtils|30002312|setTodayTotalDetailSteps=1514038440000##7019##548365##8661##13406##27180468
20171223-22:15:36:154|Step_ExtSDM|30002312|calculateCaloriesWithCache totalCalories=127032
20171223-22:15:36:157|Step_ExtSDM|30002312|calculateAltitudeWithCache totalAltitude=240
20171223-22:15:36:157|Step_StandReportReceiver|30002312|REPORT : 7019 5011 150346 240
20171223-22:15:36:356|Step_LSC|30002312|onStandStepChanged 3592
20171223-22:15:36:365|Step_LSC|30002312|onExtend:1514038537000 1 0 4
20171223-22:15:36:657|Step_SPUtils|30002312| getTodayTotalDetailSteps = 1514038440000##7019##548365##8661##13406##27180468
20171223-22:15:36:657|Step_SPUtils|30002312|setTodayTotalDetailSteps=1514038440000##7020##548365##8661##13501##27180976
20171223-22:15:36:668|Step_ExtSDM|30002312|calculateCaloriesWithCache totalCalories=127054
20171223-22:15:36:672|Step_ExtSDM|30002312|calculateAltitudeWithCache totalAltitude=240
20171223-22:15:36:673|Step_StandReportReceiver|30002312|REPORT : 7020 5012 150368 240
20171223-22:15:37:351|Step_LSC|30002312|onStandStepChanged 3593
20171223-22:15:37:361|Step_LSC|30002312|onExtend:1514038538000 1 0 4
20171223-22:15:37:652|Step_SPUtils|30002312| getTodayTotalDetailSteps = 1514038440000##7020##548365##8661##13501##27180976
20171223-22:15:37:653|Step_SPUtils|30002312|setTodayTotalDetailSteps=1514038440000##7021##548365##8661##13596##27181971
20171223-22:15:37:666|Step_ExtSDM|30002312|calculateCaloriesWithCache totalCalories=127075
20171223-22:15:37:670|Step_ExtSDM|30002312|calculateAltitudeWithCache totalAltitude=240
20171223-22:15:37:671|Step_StandReportReceiver|30002312|REPORT : 7021 5012 150389 240
20171223-22:15:37:848|Step_LSC|30002312|onStandStepChanged 3594
20171223-22:15:37:858|Step_LSC|30002312|onExtend:1514038538000 1 0 4
20171223-22:15:38:149|Step_SPUtils|30002312| getTodayTotalDetailSteps = 1514038440000##7021##548365##8661##13596##27181971
20171223-22:15:38:149|Step_SPUtils|30002312|setTodayTotalDetailSteps=1514038440000##7022##548365##8661##13691##27182468
20171223-22:15:38:159|Step_ExtSDM|30002312|calculateCaloriesWithCache totalCalories=127097
20171223-22:15:38:164|Step_ExtSDM|30002312|calculateAltitudeWithCache totalAltitude=240
20171223-22:15:38:164|Step_StandReportReceiver|30002312|REPORT : 7022 5013 150411 240
20171223-22:15:38:349|Step_LSC|30002312|onStandStepChanged 3595
20171223-22:15:38:361|Step_LSC|30002312|onExtend:1514038539000 1 0 4
20171223-22:15:38:653|Step_SPUtils|30002312| getTodayTotalDetailSteps = 1514038440000##7022##548365##8661##13691##27182468
20171223-22:15:38:654|Step_SPUtils|30002312|setTodayTotalDetailSteps=1514038440000##7023##548365##8661##13786##27182973
20171223-22:15:38:665|Step_ExtSDM|30002312|calculateCaloriesWithCache totalCalories=127118
20171223-22:15:38:669|Step_ExtSDM|30002312|calculateAltitudeWithCache totalAltitude=240
20171223-22:15:38:669|Step_StandReportReceiver|30002312|REPORT : 7023 5014 150432 240
20171223-22:15:38:850|Step_LSC|30002312|onStandStepChanged 3596
20171223-22:15:38:868|Step_LSC|30002312|onExtend:1514038539000 1 0 4
20171223-22:15:39:150|Step_SPUtils|30002312| getTodayTotalDetailSteps = 1514038440000##7023##548365##8661##13786##27182973
20171223-22:15:39:151|Step_SPUtils|30002312|setTodayTotalDetailSteps=1514038440000##7024##548365##8661##13881##27183469
20171223-22:15:39:155|Step_ExtSDM|30002312|calculateCaloriesWithCache totalCalories=127139
20171223-22:15:39:156|Step_ExtSDM|30002312|calculateAltitudeWithCache totalAltitude=240
20171223-22:15:39:156|Step_StandReportReceiver|30002312|REPORT : 7024 5015 150454 240
20171223-22:15:39:348|Step_LSC|30002312|onStandStepChanged 3597
20171223-22:15:39:354|Step_LSC|30002312|onExtend:1514038540000 1 0 4
20171223-22:15:39:655|Step_SPUtils|30002312| getTodayTotalDetailSteps = 1514038440000##7024##548365##8661##13881##27183469
20171223-22:15:39:656|Step_SPUtils|30002312|setTodayTotalDetailSteps=1514038440000##7025##548365##8661##13976##27183974
20171223-22:15:39:665|Step_ExtSDM|30002312|calculateCaloriesWithCache totalCalories=127161
20171223-22:15:39:669|Step_ExtSDM|30002312|calculateAltitudeWithCache totalAltitude=240
20171223-22:15:39:669|Step_StandReportReceiver|30002312|REPORT : 7025 5015 150475 240
20171223-22:15:40:349|Step_LSC|30002312|onStandStepChanged 3598
20171223-22:15:40:365|Step_LSC|30002312|onExtend:1514038541000 1 0 4
20171223-22:15:40:652|Step_SPUtils|30002312| getTodayTotalDetailSteps = 1514038440000##7025##548365##8661##13976##27183974
20171223-22:15:40:653|Step_SPUtils|30002312|setTodayTotalDetailSteps=1514038440000##7026##548365##8661##14071##27184972
20171223-22:15:40:668|Step_ExtSDM|30002312|calculateCaloriesWithCache totalCalories=127182
20171223-22:15:40:675|Step_ExtSDM|30002312|calculateAltitudeWithCache totalAltitude=240
20171223-22:15:40:676|Step_StandReportReceiver|30002312|REPORT : 7026 5016 150496 240
20171223-22:15:40:848|Step_LSC|30002312|onStandStepChanged 3599
20171223-22:15:40:852|Step_LSC|30002312|onExtend:1514038541000 1 0 4
20171223-22:15:41:149|Step_SPUtils|30002312| getTodayTotalDetailSteps = 1514038440000##7026##548365##8661##14071##27184972
20171223-22:15:41:149|Step_SPUtils|30002312|setTodayTotalDetailSteps=1514038440000##7027##548365##8661##14166##27185467
20171223-22:15:41:152|Step_ExtSDM|30002312|calculateCaloriesWithCache totalCalories=127204
20171223-22:15:41:153|Step_ExtSDM|30002312|calculateAltitudeWithCache totalAltitude=240
20171223-22:15:41:153|Step_StandReportReceiver|30002312|REPORT : 7027 5017 150518 240
20171223-22:15:41:353|Step_LSC|30002312|onStandStepChanged 3600
20171223-22:15:41:358|Step_LSC|30002312|onExtend:1514038542000 1 0 4
20171223-22:15:41:658|Step_SPUtils|30002312| getTodayTotalDetailSteps = 1514038440000##7027##548365##8661##14166##27185467
20171223-22:15:41:658|Step_SPUtils|30002312|setTodayTotalDetailSteps=1514038440000##7028##548365##8661##14261##27185977
20171223-22:15:41:667|Step_ExtSDM|30002312|calculateCaloriesWithCache totalCalories=127225
20171223-22:15:41:670|Step_ExtSDM|30002312|calculateAltitudeWithCache totalAltitude=240
20171223-22:15:41:672|Step_StandReportReceiver|30002312|REPORT : 7028 5017 150539 240
20171223-22:15:41:848|Step_LSC|30002312|onStandStepChanged 3601
20171223-22:15:41:856|Step_LSC|30002312|onExtend:1514038542000 1 0 4
20171223-22:15:42:150|Step_SPUtils|30002312| getTodayTotalDetailSteps = 1514038440000##7028##548365##8661##14261##27185977
20171223-22:15:42:151|Step_SPUtils|30002312|setTodayTotalDetailSteps=1514038440000##7029##548365##8661##14356##27186469
20171223-22:15:42:160|Step_ExtSDM|30002312|calculateCaloriesWithCache totalCalories=127246
20171223-22:15:42:164|Step_ExtSDM|30002312|calculateAltitudeWithCache totalAltitude=240
20171223-22:15:42:165|Step_StandReportReceiver|30002312|REPORT : 7029 5018 150561 240
20171223-22:15:42:848|Step_LSC|30002312|onStandStepChanged 3602
20171223-22:15:42:852|Step_LSC|30002312|onExtend:1514038543000 1 0 4
20171223-22:15:43:149|Step_SPUtils|30002312| getTodayTotalDetailSteps = 1514038440000##7029##548365##8661##14356##27186469
20171223-22:15:43:149|Step_SPUtils|30002312|setTodayTotalDetailSteps=1514038440000##7030##548365##8661##14451##27187468
20171223-22:15:43:160|Step_ExtSDM|30002312|calculateCaloriesWithCache totalCalories=127268
20171223-22:15:43:163|Step_ExtSDM|30002312|calculateAltitudeWithCache totalAltitude=240
20171223-22:15:43:164|Step_StandReportReceiver|30002312|REPORT : 7030 5019 150582 240
20171223-22:15:43:348|Step_LSC|30002312|onStandStepChanged 3603
20171223-22:15:43:354|Step_LSC|30002312|onExtend:1514038544000 1 0 4
20171223-22:15:43:649|Step_SPUtils|30002312| getTodayTotalDetailSteps = 1514038440000##7030##548365##8661##14451##27187468
20171223-22:15:43:650|Step_SPUtils|30002312|setTodayTotalDetailSteps=1514038440000##7031##548365##8661##14546##27187968
20171223-22:15:43:677|Step_ExtSDM|30002312|calculateCaloriesWithCache totalCalories=127289
20171223-22:15:43:679|Step_ExtSDM|30002312|calculateAltitudeWithCache totalAltitude=240
20171223-22:15:43:679|Step_StandReportReceiver|30002312|REPORT : 7031 5020 150604 240
20171223-22:15:43:850|Step_LSC|30002312|onStandStepChanged 3604
20171223-22:15:43:861|Step_LSC|30002312|onExtend:1514038544000 1 0 4
20171223-22:15:44:152|Step_SPUtils|30002312| getTodayTotalDetailSteps = 1514038440000##7031##548365##8661##14546##27187968
20171223-22:15:44:152|Step_SPUtils|30002312|setTodayTotalDetailSteps=1514038440000##7032##548365##8661##14641##27188471
20171223-22:15:44:163|Step_ExtSDM|30002312|calculateCaloriesWithCache totalCalories=127311
20171223-22:15:44:166|Step_ExtSDM|30002312|calculateAltitudeWithCache totalAltitude=240
20171223-22:15:44:170|Step_StandReportReceiver|30002312|REPORT : 7032 5020 150625 240
20171223-22:15:44:849|Step_LSC|30002312|onStandStepChanged 3605
20171223-22:15:44:863|Step_LSC|30002312|onExtend:1514038545000 1 0 4
20171223-22:15:45:149|Step_SPUtils|30002312| getTodayTotalDetailSteps = 1514038440000##7032##548365##8661##14641##27188471
20171223-22:15:45:150|Step_SPUtils|30002312|setTodayTotalDetailSteps=1514038440000##7033##548365##8661##14736##27189469
20171223-22:15:45:158|Step_ExtSDM|30002312|calculateCaloriesWithCache totalCalories=127332
20171223-22:15:45:161|Step_ExtSDM|30002312|calculateAltitudeWithCache totalAltitude=240
20171223-22:15:45:164|Step_StandReportReceiver|30002312|REPORT : 7033 5021 150646 240
20171223-22:15:45:348|Step_LSC|30002312|onStandStepChanged 3606
20171223-22:15:45:361|Step_LSC|30002312|onExtend:1514038546000 1 0 4
20171223-22:15:45:649|Step_SPUtils|30002312| getTodayTotalDetailSteps = 1514038440000##7033##548365##8661##14736##27189469
20171223-22:15:45:650|Step_SPUtils|30002312|setTodayTotalDetailSteps=1514038440000##7034##548365##8661##14831##27189969
20171223-22:15:45:656|Step_ExtSDM|30002312|calculateCaloriesWithCache totalCalories=127354
20171223-22:15:45:658|Step_ExtSDM|30002312|calculateAltitudeWithCache totalAltitude=240
20171223-22:15:45:659|Step_StandReportReceiver|30002312|REPORT : 7034 5022 150668 240
20171223-22:15:45:848|Step_LSC|30002312|onStandStepChanged 3607
20171223-22:15:45:851|Step_LSC|30002312|onExtend:1514038546000 1 0 4
20171223-22:15:46:149|Step_SPUtils|30002312| getTodayTotalDetailSteps = 1514038440000##7034##548365##8661##14831##27189969
20171223-22:15:46:150|Step_SPUtils|30002312|setTodayTotalDetailSteps=1514038440000##7035##548365##8661##14926##27190469
20171223-22:15:46:157|Step_ExtSDM|30002312|calculateCaloriesWithCache totalCalories=127375
20171223-22:15:46:160|Step_ExtSDM|30002312|calculateAltitudeWithCache totalAltitude=240
20171223-22:15:46:164|Step_StandReportReceiver|30002312|REPORT : 7035 5022 150689 240
20171223-22:15:46:349|Step_LSC|30002312|onStandStepChanged 3608
20171223-22:15:46:355|Step_LSC|30002312|onExtend:1514038547000 1 0 4
20171223-22:15:46:650|Step_SPUtils|30002312| getTodayTotalDetailSteps = 1514038440000##7035##548365##8661##14926##27190469
20171223-22:15:46:651|Step_SPUtils|30002312|setTodayTotalDetailSteps=1514038440000##7036##548365##8661##15021##27190970
20171223-22:15:46:674|Step_ExtSDM|30002312|calculateCaloriesWithCache totalCalories=127396
20171223-22:15:46:679|Step_ExtSDM|30002312|calculateAltitudeWithCache totalAltitude=240
20171223-22:15:46:684|Step_StandReportReceiver|30002312|REPORT : 7036 5023 150711 240
20171223-22:15:47:349|Step_LSC|30002312|onStandStepChanged 3609
20171223-22:15:47:370|Step_LSC|30002312|onExtend:1514038548000 1 0 4
20171223-22:15:47:650|Step_SPUtils|30002312| getTodayTotalDetailSteps = 1514038440000##7036##548365##8661##15021##27190970
20171223-22:15:47:650|Step_SPUtils|30002312|setTodayTotalDetailSteps=1514038440000##7037##548365##8661##15116##27191969
20171223-22:15:47:658|Step_ExtSDM|30002312|calculateCaloriesWithCache totalCalories=127418
20171223-22:15:47:661|Step_ExtSDM|30002312|calculateAltitudeWithCache totalAltitude=240
20171223-22:15:47:661|Step_StandReportReceiver|30002312|REPORT : 7037 5024 150732 240
20171223-22:15:47:857|Step_LSC|30002312|onStandStepChanged 3610
20171223-22:15:47:860|Step_LSC|30002312|onExtend:1514038548000 1 0 4
20171223-22:15:48:158|Step_SPUtils|30002312| getTodayTotalDetailSteps = 1514038440000##7037##548365##8661##15116##27191969
20171223-22:15:48:159|Step_SPUtils|30002312|setTodayTotalDetailSteps=1514038440000##7038##548365##8661##15211##27192478
20171223-22:15:48:167|Step_ExtSDM|30002312|calculateCaloriesWithCache totalCalories=127439
20171223-22:15:48:169|Step_ExtSDM|30002312|calculateAltitudeWithCache totalAltitude=240
20171223-22:15:48:174|Step_StandReportReceiver|30002312|REPORT : 7038 5025 150753 240
20171223-22:15:48:350|Step_LSC|30002312|onStandStepChanged 3611
20171223-22:15:48:368|Step_LSC|30002312|onExtend:1514038549000 1 0 4
20171223-22:15:48:652|Step_SPUtils|30002312| getTodayTotalDetailSteps = 1514038440000##7038##548365##8661##15211##27192478
20171223-22:15:48:653|Step_SPUtils|30002312|setTodayTotalDetailSteps=1514038440000##7039##548365##8661##15306##27192971
20171223-22:15:48:668|Step_ExtSDM|30002312|calculateCaloriesWithCache totalCalories=127461
20171223-22:15:48:676|Step_ExtSDM|30002312|calculateAltitudeWithCache totalAltitude=240
20171223-22:15:48:679|Step_StandReportReceiver|30002312|REPORT : 7039 5025 150775 240
20171223-22:15:49:350|Step_LSC|30002312|onStandStepChanged 3612
20171223-22:15:49:366|Step_LSC|30002312|onExtend:1514038550000 1 0 4
20171223-22:15:49:652|Step_SPUtils|30002312| getTodayTotalDetailSteps = 1514038440000##7039##548365##8661##15306##27192971
20171223-22:15:49:653|Step_SPUtils|30002312|setTodayTotalDetailSteps=1514038440000##7040##548365##8661##15401##27193971
20171223-22:15:49:668|Step_ExtSDM|30002312|calculateCaloriesWithCache totalCalories=127482
20171223-22:15:49:675|Step_ExtSDM|30002312|calculateAltitudeWithCache totalAltitude=240
20171223-22:15:49:676|Step_StandReportReceiver|30002312|REPORT : 7040 5026 150796 240
20171223-22:15:49:858|Step_LSC|30002312|onStandStepChanged 3613
20171223-22:15:49:864|Step_LSC|30002312|onExtend:1514038550000 1 0 4
20171223-22:15:50:160|Step_SPUtils|30002312| getTodayTotalDetailSteps = 1514038440000##7040##548365##8661##15401##27193971
20171223-22:15:50:161|Step_SPUtils|30002312|setTodayTotalDetailSteps=1514038440000##7041##548365##8661##15496##27194480
20171223-22:15:50:176|Step_ExtSDM|30002312|calculateCaloriesWithCache totalCalories=127504
20171223-22:15:50:181|Step_ExtSDM|30002312|calculateAltitudeWithCache totalAltitude=240
20171223-22:15:50:182|Step_StandReportReceiver|30002312|REPORT : 7041 5027 150818 240
20171223-22:15:50:850|Step_LSC|30002312|onStandStepChanged 3614
20171223-22:15:50:864|Step_LSC|30002312|onExtend:1514038551000 1 0 4
20171223-22:15:51:151|Step_SPUtils|30002312| getTodayTotalDetailSteps = 1514038440000##7041##548365##8661##15496##27194480
20171223-22:15:51:152|Step_SPUtils|30002312|setTodayTotalDetailSteps=1514038440000##7042##548365##8661##15591##27195470
20171223-22:15:51:169|Step_ExtSDM|30002312|calculateCaloriesWithCache totalCalories=127525
20171223-22:15:51:180|Step_ExtSDM|30002312|calculateAltitudeWithCache totalAltitude=240
20171223-22:15:51:181|Step_StandReportReceiver|30002312|REPORT : 7042 5027 150839 240
20171223-22:15:51:859|Step_LSC|30002312|onStandStepChanged 3616
20171223-22:15:51:868|Step_LSC|30002312|onExtend:1514038552000 2 0 4
20171223-22:15:52:160|Step_SPUtils|30002312| getTodayTotalDetailSteps = 1514038440000##7042##548365##8661##15591##27195470
20171223-22:15:52:161|Step_SPUtils|30002312|setTodayTotalDetailSteps=1514038440000##7044##548365##8661##15686##27196480
20171223-22:15:52:175|Step_ExtSDM|30002312|calculateCaloriesWithCache totalCalories=127568
20171223-22:15:52:183|Step_ExtSDM|30002312|calculateAltitudeWithCache totalAltitude=240
20171223-22:15:52:183|Step_StandReportReceiver|30002312|REPORT : 7044 5029 150882 240
20171223-22:15:52:349|Step_LSC|30002312|onStandStepChanged 3617
20171223-22:15:52:363|Step_LSC|30002312|onExtend:1514038553000 1 0 4
20171223-22:15:52:651|Step_SPUtils|30002312| getTodayTotalDetailSteps = 1514038440000##7044##548365##8661##15686##27196480
20171223-22:15:52:652|Step_SPUtils|30002312|setTodayTotalDetailSteps=1514038440000##7045##548365##8661##15781##27196970
20171223-22:15:52:666|Step_ExtSDM|30002312|calculateCaloriesWithCache totalCalories=127589
20171223-22:15:52:674|Step_ExtSDM|30002312|calculateAltitudeWithCache totalAltitude=240
20171223-22:15:52:674|Step_StandReportReceiver|30002312|REPORT : 7045 5030 150903 240
20171223-22:15:53:349|Step_LSC|30002312|onStandStepChanged 3619
20171223-22:15:53:358|Step_LSC|30002312|onExtend:1514038554000 2 0 4
20171223-22:15:53:653|Step_SPUtils|30002312| getTodayTotalDetailSteps = 1514038440000##7045##548365##8661##15781##27196970
20171223-22:15:53:653|Step_SPUtils|30002312|setTodayTotalDetailSteps=1514038440000##7047##548365##8661##15876##27197972
20171223-22:15:53:665|Step_ExtSDM|30002312|calculateCaloriesWithCache totalCalories=127632
20171223-22:15:53:673|Step_ExtSDM|30002312|calculateAltitudeWithCache totalAltitude=240
20171223-22:15:53:675|Step_StandReportReceiver|30002312|REPORT : 7047 5031 150946 240
20171223-22:15:54:350|Step_LSC|30002312|onStandStepChanged 3620
20171223-22:15:54:359|Step_LSC|30002312|onExtend:1514038555000 1 0 4
20171223-22:15:54:651|Step_SPUtils|30002312| getTodayTotalDetailSteps = 1514038440000##7047##548365##8661##15876##27197972
20171223-22:15:54:651|Step_SPUtils|30002312|setTodayTotalDetailSteps=1514038440000##7048##548365##8661##15971##27198970
20171223-22:15:54:657|Step_ExtSDM|30002312|calculateCaloriesWithCache totalCalories=127653
20171223-22:15:54:660|Step_ExtSDM|30002312|calculateAltitudeWithCache totalAltitude=240
20171223-22:15:54:661|Step_StandReportReceiver|30002312|REPORT : 7048 5032 150968 240
20171223-22:15:55:349|Step_LSC|30002312|onStandStepChanged 3622
20171223-22:15:55:359|Step_LSC|30002312|onExtend:1514038556000 2 0 4
20171223-22:15:55:650|Step_SPUtils|30002312| getTodayTotalDetailSteps = 1514038440000##7048##548365##8661##15971##27198970
20171223-22:15:55:650|Step_SPUtils|30002312|setTodayTotalDetailSteps=1514038440000##7050##548365##8661##16066##27199969
20171223-22:15:55:657|Step_ExtSDM|30002312|calculateCaloriesWithCache totalCalories=127696
20171223-22:15:55:659|Step_ExtSDM|30002312|calculateAltitudeWithCache totalAltitude=240
20171223-22:15:55:660|Step_StandReportReceiver|30002312|REPORT : 7050 5033 151011 240
20171223-22:15:55:848|Step_LSC|30002312|onStandStepChanged 3624
20171223-22:15:55:855|Step_LSC|30002312|onExtend:1514038556000 2 0 4
20171223-22:15:56:150|Step_SPUtils|30002312| getTodayTotalDetailSteps = 1514038440000##7050##548365##8661##16066##27199969
20171223-22:15:56:151|Step_SPUtils|30002312|setTodayTotalDetailSteps=1514038440000##7052##548365##8661##16161##27200470
20171223-22:15:56:163|Step_ExtSDM|30002312|calculateCaloriesWithCache totalCalories=127739
20171223-22:15:56:169|Step_ExtSDM|30002312|calculateAltitudeWithCache totalAltitude=240
20171223-22:15:56:170|Step_StandReportReceiver|30002312|REPORT : 7052 5035 151053 240
20171223-22:15:57:851|Step_LSC|30002312|onStandStepChanged 3625
20171223-22:15:57:863|Step_LSC|30002312|onExtend:1514038558000 1 0 4
20171223-22:15:58:155|Step_SPUtils|30002312| getTodayTotalDetailSteps = 1514038440000##7052##548365##8661##16161##27200470
20171223-22:15:58:156|Step_SPUtils|30002312|setTodayTotalDetailSteps=1514038440000##7053##548365##8661##16256##27202475
20171223-22:15:58:170|Step_ExtSDM|30002312|calculateCaloriesWithCache totalCalories=127761
20171223-22:15:58:174|Step_ExtSDM|30002312|calculateAltitudeWithCache totalAltitude=240
20171223-22:15:58:175|Step_StandReportReceiver|30002312|REPORT : 7053 5035 151075 240
20171223-22:15:59:849|Step_LSC|30002312|onStandStepChanged 3626
20171223-22:15:59:865|Step_LSC|30002312|onExtend:1514038560000 1 0 4
20171223-22:16:0:119|Step_LSC|30002312|processHandleBroadcastAction action:android.intent.action.TIME_TICK
20171223-22:16:0:150|Step_SPUtils|30002312| getTodayTotalDetailSteps = 1514038440000##7053##548365##8661##16256##27202475
20171223-22:16:0:150|Step_SPUtils|30002312|setTodayTotalDetailSteps=1514038500000##7054##548458##8661##16256##27204469
20171223-22:16:0:159|Step_ExtSDM|30002312|calculateCaloriesWithCache totalCalories=127782
20171223-22:16:0:161|Step_ExtSDM|30002312|calculateAltitudeWithCache totalAltitude=240
20171223-22:16:0:162|Step_StandReportReceiver|30002312|REPORT : 7054 5036 151096 240
20171223-22:16:0:849|Step_LSC|30002312|onStandStepChanged 3626
20171223-22:16:0:859|Step_LSC|30002312|onExtend:1514038561000 0 0 0
20171223-22:16:1:150|Step_SPUtils|30002312| getTodayTotalDetailSteps = 1514038500000##7054##548458##8661##16256##27204469
20171223-22:16:1:150|Step_SPUtils|30002312|setTodayTotalDetailSteps=1514038500000##7054##548551##8661##16256##27205469
20171223-22:16:1:165|Step_ExtSDM|30002312|calculateCaloriesWithCache totalCalories=127782
20171223-22:16:1:172|Step_ExtSDM|30002312|calculateAltitudeWithCache totalAltitude=240
20171223-22:17:0:123|Step_LSC|30002312|processHandleBroadcastAction action:android.intent.action.TIME_TICK
20171223-22:17:18:850|Step_LSC|30002312|onStandStepChanged 3626
20171223-22:17:18:864|Step_LSC|30002312|onExtend:1514038639000 0 0 4
20171223-22:17:19:151|Step_SPUtils|30002312| getTodayTotalDetailSteps = 1514038500000##7054##548551##8661##16256##27205469
20171223-22:17:19:152|Step_SPUtils|30002312|setTodayTotalDetailSteps=1514038560000##7054##548552##8661##16256##27283470
20171223-22:17:19:167|Step_ExtSDM|30002312|calculateCaloriesWithCache totalCalories=127782
20171223-22:17:19:174|Step_ExtSDM|30002312|calculateAltitudeWithCache totalAltitude=240
20171223-22:17:20:348|Step_LSC|30002312|onStandStepChanged 3628
20171223-22:17:20:358|Step_LSC|30002312|onExtend:1514038641000 2 0 4
20171223-22:17:20:652|Step_SPUtils|30002312| getTodayTotalDetailSteps = 1514038560000##7054##548552##8661##16256##27283470
20171223-22:17:20:652|Step_SPUtils|30002312|setTodayTotalDetailSteps=1514038560000##7056##548553##8661##16256##27284971
20171223-22:17:20:662|Step_ExtSDM|30002312|calculateCaloriesWithCache totalCalories=127824
20171223-22:17:20:669|Step_ExtSDM|30002312|calculateAltitudeWithCache totalAltitude=240
20171223-22:17:20:675|Step_StandReportReceiver|30002312|REPORT : 7056 5037 151139 240
20171223-22:17:20:853|Step_LSC|30002312|onStandStepChanged 3630
20171223-22:17:20:859|Step_LSC|30002312|onExtend:1514038641000 2 0 4
20171223-22:17:21:156|Step_SPUtils|30002312| getTodayTotalDetailSteps = 1514038560000##7056##548553##8661##16256##27284971
20171223-22:17:21:156|Step_SPUtils|30002312|setTodayTotalDetailSteps=1514038560000##7058##548554##8661##16256##27285475
20171223-22:17:21:162|Step_ExtSDM|30002312|calculateCaloriesWithCache totalCalories=127867
20171223-22:17:21:164|Step_ExtSDM|30002312|calculateAltitudeWithCache totalAltitude=240
20171223-22:17:21:165|Step_StandReportReceiver|30002312|REPORT : 7058 5039 151182 240
20171223-22:17:21:348|Step_LSC|30002312|onStandStepChanged 3632
20171223-22:17:21:353|Step_LSC|30002312|onExtend:1514038642000 2 0 4
20171223-22:17:21:649|Step_SPUtils|30002312| getTodayTotalDetailSteps = 1514038560000##7058##548554##8661##16256##27285475
20171223-22:17:21:649|Step_SPUtils|30002312|setTodayTotalDetailSteps=1514038560000##7060##548555##8661##16256##27285968
20171223-22:17:21:659|Step_ExtSDM|30002312|calculateCaloriesWithCache totalCalories=127910
20171223-22:17:21:663|Step_ExtSDM|30002312|calculateAltitudeWithCache totalAltitude=240
20171223-22:17:21:668|Step_StandReportReceiver|30002312|REPORT : 7060 5040 151225 240
20171223-22:17:21:850|Step_LSC|30002312|onStandStepChanged 3634
20171223-22:17:21:859|Step_LSC|30002312|onExtend:1514038642000 2 0 4
20171223-22:17:22:151|Step_SPUtils|30002312| getTodayTotalDetailSteps = 1514038560000##7060##548555##8661##16256##27285968
20171223-22:17:22:152|Step_SPUtils|30002312|setTodayTotalDetailSteps=1514038560000##7062##548556##8661##16256##27286470
20171223-22:17:22:162|Step_ExtSDM|30002312|calculateCaloriesWithCache totalCalories=127953
20171223-22:17:22:166|Step_ExtSDM|30002312|calculateAltitudeWithCache totalAltitude=240
20171223-22:17:22:170|Step_StandReportReceiver|30002312|REPORT : 7062 5042 151268 240
20171223-22:17:22:348|Step_LSC|30002312|onStandStepChanged 3636
20171223-22:17:22:363|Step_LSC|30002312|onExtend:1514038643000 2 0 4
20171223-22:17:22:650|Step_SPUtils|30002312| getTodayTotalDetailSteps = 1514038560000##7062##548556##8661##16256##27286470
20171223-22:17:22:651|Step_SPUtils|30002312|setTodayTotalDetailSteps=1514038560000##7064##548557##8661##16256##27286970
20171223-22:17:22:661|Step_ExtSDM|30002312|calculateCaloriesWithCache totalCalories=127996
20171223-22:17:22:665|Step_ExtSDM|30002312|calculateAltitudeWithCache totalAltitude=240
20171223-22:17:22:665|Step_StandReportReceiver|30002312|REPORT : 7064 5043 151310 240
20171223-22:17:22:849|Step_LSC|30002312|onStandStepChanged 3638
20171223-22:17:22:859|Step_LSC|30002312|onExtend:1514038643000 2 0 4
20171223-22:17:23:150|Step_SPUtils|30002312| getTodayTotalDetailSteps = 1514038560000##7064##548557##8661##16256##27286970
20171223-22:17:23:150|Step_SPUtils|30002312|setTodayTotalDetailSteps=1514038560000##7066##548558##8661##16256##27287469
20171223-22:17:23:160|Step_ExtSDM|30002312|calculateCaloriesWithCache totalCalories=128039
20171223-22:17:23:165|Step_ExtSDM|30002312|calculateAltitudeWithCache totalAltitude=240
20171223-22:17:23:165|Step_StandReportReceiver|30002312|REPORT : 7066 5045 151353 240
20171223-22:17:23:348|Step_LSC|30002312|onStandStepChanged 3640
20171223-22:17:23:358|Step_LSC|30002312|onExtend:1514038644000 2 0 4
20171223-22:17:23:653|Step_SPUtils|30002312| getTodayTotalDetailSteps = 1514038560000##7066##548558##8661##16256##27287469
20171223-22:17:23:653|Step_SPUtils|30002312|setTodayTotalDetailSteps=1514038560000##7068##548559##8661##16256##27287972
20171223-22:17:23:662|Step_ExtSDM|30002312|calculateCaloriesWithCache totalCalories=128081
20171223-22:17:23:667|Step_ExtSDM|30002312|calculateAltitudeWithCache totalAltitude=240
20171223-22:17:23:668|Step_StandReportReceiver|30002312|REPORT : 7068 5046 151396 240
20171223-22:17:23:851|Step_LSC|30002312|onStandStepChanged 3642
20171223-22:17:23:861|Step_LSC|30002312|onExtend:1514038644000 2 0 4
20171223-22:17:24:151|Step_SPUtils|30002312| getTodayTotalDetailSteps = 1514038560000##7068##548559##8661##16256##27287972
20171223-22:17:24:152|Step_SPUtils|30002312|setTodayTotalDetailSteps=1514038560000##7070##548560##8661##16256##27288471
20171223-22:17:24:162|Step_ExtSDM|30002312|calculateCaloriesWithCache totalCalories=128124
20171223-22:17:24:166|Step_ExtSDM|30002312|calculateAltitudeWithCache totalAltitude=240
20171223-22:17:24:167|Step_StandReportReceiver|30002312|REPORT : 7070 5047 151439 240
20171223-22:17:24:348|Step_LSC|30002312|onStandStepChanged 3643
20171223-22:17:24:359|Step_LSC|30002312|onExtend:1514038645000 1 0 4
20171223-22:17:24:654|Step_SPUtils|30002312| getTodayTotalDetailSteps = 1514038560000##7070##548560##8661##16256##27288471
20171223-22:17:24:654|Step_SPUtils|30002312|setTodayTotalDetailSteps=1514038560000##7071##548561##8661##16256##27288973
20171223-22:17:24:664|Step_ExtSDM|30002312|calculateCaloriesWithCache totalCalories=128146
20171223-22:17:24:668|Step_ExtSDM|30002312|calculateAltitudeWithCache totalAltitude=240
20171223-22:17:24:668|Step_StandReportReceiver|30002312|REPORT : 7071 5048 151460 240
20171223-22:17:24:848|Step_LSC|30002312|onStandStepChanged 3646
20171223-22:17:24:860|Step_LSC|30002312|onExtend:1514038645000 3 0 4
20171223-22:17:25:150|Step_SPUtils|30002312| getTodayTotalDetailSteps = 1514038560000##7071##548561##8661##16256##27288973
20171223-22:17:25:151|Step_SPUtils|30002312|setTodayTotalDetailSteps=1514038560000##7074##548562##8661##16256##27289470
20171223-22:17:25:159|Step_ExtSDM|30002312|calculateCaloriesWithCache totalCalories=128210
20171223-22:17:25:162|Step_ExtSDM|30002312|calculateAltitudeWithCache totalAltitude=240
20171223-22:17:25:163|Step_StandReportReceiver|30002312|REPORT : 7074 5050 151525 240
20171223-22:17:27:855|Step_LSC|30002312|onStandStepChanged 3646
20171223-22:17:27:859|Step_LSC|30002312|onExtend:1514038648000 0 0 0
20171223-22:17:28:156|Step_SPUtils|30002312| getTodayTotalDetailSteps = 1514038560000##7074##548562##8661##16256##27289470
20171223-22:17:28:156|Step_SPUtils|30002312|setTodayTotalDetailSteps=1514038560000##7074##548563##8661##16256##27292475
20171223-22:17:28:166|Step_ExtSDM|30002312|calculateCaloriesWithCache totalCalories=128210
20171223-22:17:28:170|Step_ExtSDM|30002312|calculateAltitudeWithCache totalAltitude=240
20171223-22:17:44:849|Step_LSC|30002312|onStandStepChanged 3647
20171223-22:17:44:869|Step_LSC|30002312|onExtend:1514038665000 1 0 4
20171223-22:17:45:151|Step_SPUtils|30002312| getTodayTotalDetailSteps = 1514038560000##7074##548563##8661##16256##27292475
20171223-22:17:45:151|Step_SPUtils|30002312|setTodayTotalDetailSteps=1514038560000##7075##548564##8661##16256##27309470
20171223-22:17:45:162|Step_ExtSDM|30002312|calculateCaloriesWithCache totalCalories=128231
20171223-22:17:45:166|Step_ExtSDM|30002312|calculateAltitudeWithCache totalAltitude=240
20171223-22:17:45:169|Step_StandReportReceiver|30002312|REPORT : 7075 5051 151546 240
20171223-22:17:45:348|Step_LSC|30002312|onStandStepChanged 3649
20171223-22:17:45:366|Step_LSC|30002312|onExtend:1514038666000 2 0 4
20171223-22:17:45:649|Step_SPUtils|30002312| getTodayTotalDetailSteps = 1514038560000##7075##548564##8661##16256##27309470
20171223-22:17:45:650|Step_SPUtils|30002312|setTodayTotalDetailSteps=1514038560000##7077##548565##8661##16256##27309969
20171223-22:17:45:663|Step_ExtSDM|30002312|calculateCaloriesWithCache totalCalories=128274
20171223-22:17:45:668|Step_ExtSDM|30002312|calculateAltitudeWithCache totalAltitude=240
20171223-22:17:45:674|Step_StandReportReceiver|30002312|REPORT : 7077 5052 151589 240
20171223-22:17:45:851|Step_LSC|30002312|onStandStepChanged 3651
20171223-22:17:45:856|Step_LSC|30002312|onExtend:1514038666000 2 0 4
20171223-22:17:46:154|Step_SPUtils|30002312| getTodayTotalDetailSteps = 1514038560000##7077##548565##8661##16256##27309969
20171223-22:17:46:154|Step_SPUtils|30002312|setTodayTotalDetailSteps=1514038560000##7079##548566##8661##16256##27310473
20171223-22:17:46:163|Step_ExtSDM|30002312|calculateCaloriesWithCache totalCalories=128317
20171223-22:17:46:167|Step_ExtSDM|30002312|calculateAltitudeWithCache totalAltitude=240
20171223-22:17:46:170|Step_StandReportReceiver|30002312|REPORT : 7079 5054 151632 240
20171223-22:17:46:349|Step_LSC|30002312|onStandStepChanged 3653
20171223-22:17:46:364|Step_LSC|30002312|onExtend:1514038667000 2 0 4
20171223-22:17:46:650|Step_SPUtils|30002312| getTodayTotalDetailSteps = 1514038560000##7079##548566##8661##16256##27310473
20171223-22:17:46:651|Step_SPUtils|30002312|setTodayTotalDetailSteps=1514038560000##7081##548567##8661##16256##27310970
20171223-22:17:46:659|Step_ExtSDM|30002312|calculateCaloriesWithCache totalCalories=128360
20171223-22:17:46:661|Step_ExtSDM|30002312|calculateAltitudeWithCache totalAltitude=240
20171223-22:17:46:662|Step_StandReportReceiver|30002312|REPORT : 7081 5055 151675 240
20171223-22:17:46:848|Step_LSC|30002312|onStandStepChanged 3655
20171223-22:17:46:858|Step_LSC|30002312|onExtend:1514038667000 2 0 4
20171223-22:17:47:153|Step_SPUtils|30002312| getTodayTotalDetailSteps = 1514038560000##7081##548567##8661##16256##27310970
20171223-22:17:47:154|Step_SPUtils|30002312|setTodayTotalDetailSteps=1514038560000##7083##548568##8661##16256##27311472
20171223-22:17:47:163|Step_ExtSDM|30002312|calculateCaloriesWithCache totalCalories=128403
20171223-22:17:47:165|Step_ExtSDM|30002312|calculateAltitudeWithCache totalAltitude=240
20171223-22:17:47:166|Step_StandReportReceiver|30002312|REPORT : 7083 5057 151717 240
20171223-22:17:47:349|Step_LSC|30002312|onStandStepChanged 3656
20171223-22:17:47:366|Step_LSC|30002312|onExtend:1514038668000 1 0 4
20171223-22:17:47:651|Step_SPUtils|30002312| getTodayTotalDetailSteps = 1514038560000##7083##548568##8661##16256##27311472
20171223-22:17:47:652|Step_SPUtils|30002312|setTodayTotalDetailSteps=1514038560000##7084##548569##8661##16256##27311970
20171223-22:17:47:659|Step_ExtSDM|30002312|calculateCaloriesWithCache totalCalories=128424
20171223-22:17:47:662|Step_ExtSDM|30002312|calculateAltitudeWithCache totalAltitude=240
20171223-22:17:47:662|Step_StandReportReceiver|30002312|REPORT : 7084 5057 151739 240
20171223-22:17:47:848|Step_LSC|30002312|onStandStepChanged 3658
20171223-22:17:47:854|Step_LSC|30002312|onExtend:1514038668000 2 0 4
20171223-22:17:48:148|Step_SPUtils|30002312| getTodayTotalDetailSteps = 1514038560000##7084##548569##8661##16256##27311970
20171223-22:17:48:149|Step_SPUtils|30002312|setTodayTotalDetailSteps=1514038560000##7086##548570##8661##16256##27312467
20171223-22:17:48:157|Step_ExtSDM|30002312|calculateCaloriesWithCache totalCalories=128467
20171223-22:17:48:162|Step_ExtSDM|30002312|calculateAltitudeWithCache totalAltitude=240
20171223-22:17:48:164|Step_StandReportReceiver|30002312|REPORT : 7086 5059 151782 240
20171223-22:17:48:348|Step_LSC|30002312|onStandStepChanged 3660
20171223-22:17:48:357|Step_LSC|30002312|onExtend:1514038669000 2 0 4
20171223-22:17:48:648|Step_SPUtils|30002312| getTodayTotalDetailSteps = 1514038560000##7086##548570##8661##16256##27312467
20171223-22:17:48:649|Step_SPUtils|30002312|setTodayTotalDetailSteps=1514038560000##7088##548571##8661##16256##27312967
20171223-22:17:48:656|Step_ExtSDM|30002312|calculateCaloriesWithCache totalCalories=128510
20171223-22:17:48:661|Step_ExtSDM|30002312|calculateAltitudeWithCache totalAltitude=240
20171223-22:17:48:661|Step_StandReportReceiver|30002312|REPORT : 7088 5060 151824 240
20171223-22:17:48:848|Step_LSC|30002312|onStandStepChanged 3662
20171223-22:17:48:853|Step_LSC|30002312|onExtend:1514038669000 2 0 4
20171223-22:17:49:149|Step_SPUtils|30002312| getTodayTotalDetailSteps = 1514038560000##7088##548571##8661##16256##27312967
20171223-22:17:49:149|Step_SPUtils|30002312|setTodayTotalDetailSteps=1514038560000##7090##548572##8661##16256##27313468
20171223-22:17:49:162|Step_ExtSDM|30002312|calculateCaloriesWithCache totalCalories=128553
20171223-22:17:49:166|Step_ExtSDM|30002312|calculateAltitudeWithCache totalAltitude=240
20171223-22:17:49:166|Step_StandReportReceiver|30002312|REPORT : 7090 5062 151867 240
20171223-22:17:49:353|Step_LSC|30002312|onStandStepChanged 3664
20171223-22:17:49:358|Step_LSC|30002312|onExtend:1514038670000 2 0 4
20171223-22:17:49:655|Step_SPUtils|30002312| getTodayTotalDetailSteps = 1514038560000##7090##548572##8661##16256##27313468
20171223-22:17:49:655|Step_SPUtils|30002312|setTodayTotalDetailSteps=1514038560000##7092##548573##8661##16256##27313974
20171223-22:17:49:661|Step_ExtSDM|30002312|calculateCaloriesWithCache totalCalories=128595
20171223-22:17:49:664|Step_ExtSDM|30002312|calculateAltitudeWithCache totalAltitude=240
20171223-22:17:49:664|Step_StandReportReceiver|30002312|REPORT : 7092 5063 151910 240
20171223-22:17:49:848|Step_LSC|30002312|onStandStepChanged 3666
20171223-22:17:49:854|Step_LSC|30002312|onExtend:1514038670000 2 0 4
20171223-22:17:50:149|Step_SPUtils|30002312| getTodayTotalDetailSteps = 1514038560000##7092##548573##8661##16256##27313974
20171223-22:17:50:149|Step_SPUtils|30002312|setTodayTotalDetailSteps=1514038560000##7094##548574##8661##16256##27314468
20171223-22:17:50:156|Step_ExtSDM|30002312|calculateCaloriesWithCache totalCalories=128638
20171223-22:17:50:158|Step_ExtSDM|30002312|calculateAltitudeWithCache totalAltitude=240
20171223-22:17:50:160|Step_StandReportReceiver|30002312|REPORT : 7094 5065 151953 240
20171223-22:17:50:348|Step_LSC|30002312|onStandStepChanged 3667
20171223-22:17:50:354|Step_LSC|30002312|onExtend:1514038671000 1 0 4
20171223-22:17:50:649|Step_SPUtils|30002312| getTodayTotalDetailSteps = 1514038560000##7094##548574##8661##16256##27314468
20171223-22:17:50:649|Step_SPUtils|30002312|setTodayTotalDetailSteps=1514038560000##7095##548575##8661##16256##27314968
20171223-22:17:50:658|Step_ExtSDM|30002312|calculateCaloriesWithCache totalCalories=128660
20171223-22:17:50:661|Step_ExtSDM|30002312|calculateAltitudeWithCache totalAltitude=240
20171223-22:17:50:661|Step_StandReportReceiver|30002312|REPORT : 7095 5065 151974 240
20171223-22:17:50:849|Step_LSC|30002312|onStandStepChanged 3669
20171223-22:17:50:856|Step_LSC|30002312|onExtend:1514038671000 2 0 4
20171223-22:17:51:149|Step_SPUtils|30002312| getTodayTotalDetailSteps = 1514038560000##7095##548575##8661##16256##27314968
20171223-22:17:51:150|Step_SPUtils|30002312|setTodayTotalDetailSteps=1514038560000##7097##548576##8661##16256##27315469
20171223-22:17:51:158|Step_ExtSDM|30002312|calculateCaloriesWithCache totalCalories=128703
20171223-22:17:51:161|Step_ExtSDM|30002312|calculateAltitudeWithCache totalAltitude=240
20171223-22:17:51:165|Step_StandReportReceiver|30002312|REPORT : 7097 5067 152017 240
20171223-22:17:51:362|Step_LSC|30002312|onStandStepChanged 3671
20171223-22:17:51:370|Step_LSC|30002312|onExtend:1514038672000 2 0 4
20171223-22:17:51:664|Step_SPUtils|30002312| getTodayTotalDetailSteps = 1514038560000##7097##548576##8661##16256##27315469
20171223-22:17:51:664|Step_SPUtils|30002312|setTodayTotalDetailSteps=1514038560000##7099##548577##8661##16256##27315983
20171223-22:17:51:673|Step_ExtSDM|30002312|calculateCaloriesWithCache totalCalories=128745
20171223-22:17:51:677|Step_ExtSDM|30002312|calculateAltitudeWithCache totalAltitude=240
20171223-22:17:51:681|Step_StandReportReceiver|30002312|REPORT : 7099 5068 152060 240
20171223-22:17:51:848|Step_LSC|30002312|onStandStepChanged 3673
20171223-22:17:51:854|Step_LSC|30002312|onExtend:1514038672000 2 0 4
20171223-22:17:52:151|Step_SPUtils|30002312| getTodayTotalDetailSteps = 1514038560000##7099##548577##8661##16256##27315983
20171223-22:17:52:152|Step_SPUtils|30002312|setTodayTotalDetailSteps=1514038560000##7101##548578##8661##16256##27316470
20171223-22:17:52:162|Step_ExtSDM|30002312|calculateCaloriesWithCache totalCalories=128788
20171223-22:17:52:169|Step_ExtSDM|30002312|calculateAltitudeWithCache totalAltitude=240
20171223-22:17:52:169|Step_StandReportReceiver|30002312|REPORT : 7101 5070 152103 240
20171223-22:17:52:848|Step_LSC|30002312|onStandStepChanged 3674
20171223-22:17:52:855|Step_LSC|30002312|onExtend:1514038673000 1 0 4
20171223-22:17:53:149|Step_SPUtils|30002312| getTodayTotalDetailSteps = 1514038560000##7101##548578##8661##16256##27316470
20171223-22:17:53:149|Step_SPUtils|30002312|setTodayTotalDetailSteps=1514038560000##7102##548579##8661##16256##27317468
20171223-22:17:53:163|Step_ExtSDM|30002312|calculateCaloriesWithCache totalCalories=128810
20171223-22:17:53:168|Step_ExtSDM|30002312|calculateAltitudeWithCache totalAltitude=240
20171223-22:17:53:169|Step_StandReportReceiver|30002312|REPORT : 7102 5070 152124 240
20171223-22:17:53:849|Step_LSC|30002312|onStandStepChanged 3675
20171223-22:17:53:859|Step_LSC|30002312|onExtend:1514038674000 1 0 4
20171223-22:17:54:152|Step_SPUtils|30002312| getTodayTotalDetailSteps = 1514038560000##7102##548579##8661##16256##27317468
20171223-22:17:54:153|Step_SPUtils|30002312|setTodayTotalDetailSteps=1514038560000##7103##548580##8661##16256##27318472
20171223-22:17:54:167|Step_ExtSDM|30002312|calculateCaloriesWithCache totalCalories=128831
20171223-22:17:54:175|Step_ExtSDM|30002312|calculateAltitudeWithCache totalAltitude=240
20171223-22:17:54:176|Step_StandReportReceiver|30002312|REPORT : 7103 5071 152146 240
20171223-22:17:54:849|Step_LSC|30002312|onStandStepChanged 3676
20171223-22:17:54:864|Step_LSC|30002312|onExtend:1514038675000 1 0 4
20171223-22:17:55:153|Step_SPUtils|30002312| getTodayTotalDetailSteps = 1514038560000##7103##548580##8661##16256##27318472
20171223-22:17:55:154|Step_SPUtils|30002312|setTodayTotalDetailSteps=1514038560000##7104##548581##8661##16256##27319473
20171223-22:17:55:162|Step_ExtSDM|30002312|calculateCaloriesWithCache totalCalories=128853
20171223-22:17:55:166|Step_ExtSDM|30002312|calculateAltitudeWithCache totalAltitude=240
20171223-22:17:55:169|Step_StandReportReceiver|30002312|REPORT : 7104 5072 152167 240
20171223-22:17:55:348|Step_LSC|30002312|onStandStepChanged 3677
20171223-22:17:55:381|Step_LSC|30002312|onExtend:1514038676000 1 0 4
20171223-22:17:55:649|Step_SPUtils|30002312| getTodayTotalDetailSteps = 1514038560000##7104##548581##8661##16256##27319473
20171223-22:17:55:649|Step_SPUtils|30002312|setTodayTotalDetailSteps=1514038560000##7105##548582##8661##16256##27319968
20171223-22:17:55:658|Step_ExtSDM|30002312|calculateCaloriesWithCache totalCalories=128874
20171223-22:17:55:660|Step_ExtSDM|30002312|calculateAltitudeWithCache totalAltitude=240
20171223-22:17:55:664|Step_StandReportReceiver|30002312|REPORT : 7105 5072 152189 240
20171223-22:17:56:349|Step_LSC|30002312|onStandStepChanged 3678
20171223-22:17:56:361|Step_LSC|30002312|onExtend:1514038677000 1 0 4
20171223-22:17:56:650|Step_SPUtils|30002312| getTodayTotalDetailSteps = 1514038560000##7105##548582##8661##16256##27319968
20171223-22:17:56:651|Step_SPUtils|30002312|setTodayTotalDetailSteps=1514038560000##7106##548583##8661##16256##27320969
20171223-22:17:56:666|Step_ExtSDM|30002312|calculateCaloriesWithCache totalCalories=128895
20171223-22:17:56:671|Step_ExtSDM|30002312|calculateAltitudeWithCache totalAltitude=240
20171223-22:17:56:678|Step_StandReportReceiver|30002312|REPORT : 7106 5073 152210 240
20171223-22:17:57:349|Step_LSC|30002312|onStandStepChanged 3679
20171223-22:17:57:372|Step_LSC|30002312|onExtend:1514038678000 1 0 4
20171223-22:17:57:650|Step_SPUtils|30002312| getTodayTotalDetailSteps = 1514038560000##7106##548583##8661##16256##27320969
20171223-22:17:57:650|Step_SPUtils|30002312|setTodayTotalDetailSteps=1514038560000##7107##548584##8661##16256##27321969
20171223-22:17:57:659|Step_ExtSDM|30002312|calculateCaloriesWithCache totalCalories=128917
20171223-22:17:57:662|Step_ExtSDM|30002312|calculateAltitudeWithCache totalAltitude=240
20171223-22:17:57:662|Step_StandReportReceiver|30002312|REPORT : 7107 5074 152231 240
20171223-22:17:57:849|Step_LSC|30002312|onStandStepChanged 3681
20171223-22:17:57:862|Step_LSC|30002312|onExtend:1514038678000 2 0 4
20171223-22:17:58:150|Step_SPUtils|30002312| getTodayTotalDetailSteps = 1514038560000##7107##548584##8661##16256##27321969
20171223-22:17:58:151|Step_SPUtils|30002312|setTodayTotalDetailSteps=1514038560000##7109##548585##8661##16256##27322469
20171223-22:17:58:159|Step_ExtSDM|30002312|calculateCaloriesWithCache totalCalories=128960
20171223-22:17:58:162|Step_ExtSDM|30002312|calculateAltitudeWithCache totalAltitude=240
20171223-22:17:58:167|Step_StandReportReceiver|30002312|REPORT : 7109 5075 152274 240
20171223-22:17:59:858|Step_LSC|30002312|onStandStepChanged 3683
20171223-22:17:59:872|Step_LSC|30002312|onExtend:1514038680000 2 0 4
20171223-22:18:0:134|Step_LSC|30002312|processHandleBroadcastAction action:android.intent.action.TIME_TICK
20171223-22:18:0:158|Step_SPUtils|30002312| getTodayTotalDetailSteps = 1514038560000##7109##548585##8661##16256##27322469
20171223-22:18:0:159|Step_SPUtils|30002312|setTodayTotalDetailSteps=1514038620000##7111##548640##8661##16256##27324478
20171223-22:18:0:168|Step_ExtSDM|30002312|calculateCaloriesWithCache totalCalories=129002
20171223-22:18:0:171|Step_ExtSDM|30002312|calculateAltitudeWithCache totalAltitude=240
20171223-22:18:0:172|Step_StandReportReceiver|30002312|REPORT : 7111 5077 152317 240
20171223-22:18:1:349|Step_LSC|30002312|onStandStepChanged 3684
20171223-22:18:1:361|Step_LSC|30002312|onExtend:1514038682000 1 0 4
20171223-22:18:1:649|Step_SPUtils|30002312| getTodayTotalDetailSteps = 1514038620000##7111##548640##8661##16256##27324478
20171223-22:18:1:650|Step_SPUtils|30002312|setTodayTotalDetailSteps=1514038620000##7112##548695##8661##16256##27325968
20171223-22:18:1:659|Step_ExtSDM|30002312|calculateCaloriesWithCache totalCalories=129024
20171223-22:18:1:663|Step_ExtSDM|30002312|calculateAltitudeWithCache totalAltitude=240
20171223-22:18:1:664|Step_StandReportReceiver|30002312|REPORT : 7112 5077 152339 240
20171223-22:18:2:349|Step_LSC|30002312|onStandStepChanged 3685
20171223-22:18:2:363|Step_LSC|30002312|onExtend:1514038683000 1 0 4
20171223-22:18:2:649|Step_SPUtils|30002312| getTodayTotalDetailSteps = 1514038620000##7112##548695##8661##16256##27325968
20171223-22:18:2:650|Step_SPUtils|30002312|setTodayTotalDetailSteps=1514038620000##7113##548750##8661##16256##27326969
20171223-22:18:2:659|Step_ExtSDM|30002312|calculateCaloriesWithCache totalCalories=129045
20171223-22:18:2:661|Step_ExtSDM|30002312|calculateAltitudeWithCache totalAltitude=240
20171223-22:18:2:662|Step_StandReportReceiver|30002312|REPORT : 7113 5078 152360 240
20171223-22:18:5:351|Step_LSC|30002312|onStandStepChanged 3686
20171223-22:18:5:358|Step_LSC|30002312|onExtend:1514038686000 1 0 4
20171223-22:18:5:653|Step_SPUtils|30002312| getTodayTotalDetailSteps = 1514038620000##7113##548750##8661##16256##27326969
20171223-22:18:5:653|Step_SPUtils|30002312|setTodayTotalDetailSteps=1514038620000##7114##548805##8661##16256##27329972
20171223-22:18:5:673|Step_ExtSDM|30002312|calculateCaloriesWithCache totalCalories=129067
20171223-22:18:5:684|Step_ExtSDM|30002312|calculateAltitudeWithCache totalAltitude=240
20171223-22:18:5:684|Step_StandReportReceiver|30002312|REPORT : 7114 5079 152381 240
20171223-22:18:5:849|Step_LSC|30002312|onStandStepChanged 3686
20171223-22:18:5:854|Step_LSC|30002312|onExtend:1514038686000 0 0 0
20171223-22:18:6:150|Step_SPUtils|30002312| getTodayTotalDetailSteps = 1514038620000##7114##548805##8661##16256##27329972
20171223-22:18:6:151|Step_SPUtils|30002312|setTodayTotalDetailSteps=1514038620000##7114##548860##8661##16256##27330470
20171223-22:18:6:164|Step_ExtSDM|30002312|calculateCaloriesWithCache totalCalories=129067
20171223-22:18:6:168|Step_ExtSDM|30002312|calculateAltitudeWithCache totalAltitude=240
20171223-22:19:0:138|Step_LSC|30002312|processHandleBroadcastAction action:android.intent.action.TIME_TICK
20171223-22:19:7:854|Step_LSC|30002312|onStandStepChanged 3689
20171223-22:19:7:865|Step_LSC|30002312|onExtend:1514038748000 3 0 4
20171223-22:19:8:155|Step_SPUtils|30002312| getTodayTotalDetailSteps = 1514038620000##7114##548860##8661##16256##27330470
20171223-22:19:8:156|Step_SPUtils|30002312|setTodayTotalDetailSteps=1514038680000##7117##548865##8661##16256##27392475
20171223-22:19:8:163|Step_ExtSDM|30002312|calculateCaloriesWithCache totalCalories=129131
20171223-22:19:8:165|Step_ExtSDM|30002312|calculateAltitudeWithCache totalAltitude=240
20171223-22:19:8:167|Step_StandReportReceiver|30002312|REPORT : 7117 5081 152446 240
20171223-22:19:8:357|Step_LSC|30002312|onStandStepChanged 3694
20171223-22:19:8:365|Step_LSC|30002312|onExtend:1514038749000 5 0 4
20171223-22:19:8:658|Step_SPUtils|30002312| getTodayTotalDetailSteps = 1514038680000##7117##548865##8661##16256##27392475
20171223-22:19:8:660|Step_SPUtils|30002312|setTodayTotalDetailSteps=1514038680000##7122##548870##8661##16256##27392978
20171223-22:19:8:675|Step_ExtSDM|30002312|calculateCaloriesWithCache totalCalories=129238
20171223-22:19:8:686|Step_ExtSDM|30002312|calculateAltitudeWithCache totalAltitude=240
20171223-22:19:8:686|Step_StandReportReceiver|30002312|REPORT : 7122 5085 152553 240
20171223-22:19:8:849|Step_LSC|30002312|onStandStepChanged 3696
20171223-22:19:8:862|Step_LSC|30002312|onExtend:1514038749000 2 0 4
20171223-22:19:9:150|Step_SPUtils|30002312| getTodayTotalDetailSteps = 1514038680000##7122##548870##8661##16256##27392978
20171223-22:19:9:151|Step_SPUtils|30002312|setTodayTotalDetailSteps=1514038680000##7124##548875##8661##16256##27393470
20171223-22:19:9:158|Step_ExtSDM|30002312|calculateCaloriesWithCache totalCalories=129281
20171223-22:19:9:163|Step_ExtSDM|30002312|calculateAltitudeWithCache totalAltitude=240
20171223-22:19:9:169|Step_StandReportReceiver|30002312|REPORT : 7124 5086 152596 240
20171223-22:19:9:348|Step_LSC|30002312|onStandStepChanged 3698
20171223-22:19:9:359|Step_LSC|30002312|onExtend:1514038750000 2 0 4
20171223-22:19:9:652|Step_SPUtils|30002312| getTodayTotalDetailSteps = 1514038680000##7124##548875##8661##16256##27393470
20171223-22:19:9:652|Step_SPUtils|30002312|setTodayTotalDetailSteps=1514038680000##7126##548880##8661##16256##27393971
20171223-22:19:9:662|Step_ExtSDM|30002312|calculateCaloriesWithCache totalCalories=129324
20171223-22:19:9:668|Step_ExtSDM|30002312|calculateAltitudeWithCache totalAltitude=240
20171223-22:19:9:671|Step_StandReportReceiver|30002312|REPORT : 7126 5087 152638 240
20171223-22:19:9:849|Step_LSC|30002312|onStandStepChanged 3700
20171223-22:19:9:859|Step_LSC|30002312|onExtend:1514038750000 2 0 4
20171223-22:19:10:149|Step_SPUtils|30002312| getTodayTotalDetailSteps = 1514038680000##7126##548880##8661##16256##27393971
20171223-22:19:10:150|Step_SPUtils|30002312|setTodayTotalDetailSteps=1514038680000##7128##548885##8661##16256##27394469
20171223-22:19:10:160|Step_ExtSDM|30002312|calculateCaloriesWithCache totalCalories=129366
20171223-22:19:10:164|Step_ExtSDM|30002312|calculateAltitudeWithCache totalAltitude=240
20171223-22:19:10:165|Step_StandReportReceiver|30002312|REPORT : 7128 5089 152681 240
20171223-22:19:10:348|Step_LSC|30002312|onStandStepChanged 3702
20171223-22:19:10:362|Step_LSC|30002312|onExtend:1514038751000 2 0 4
20171223-22:19:10:650|Step_SPUtils|30002312| getTodayTotalDetailSteps = 1514038680000##7128##548885##8661##16256##27394469
20171223-22:19:10:650|Step_SPUtils|30002312|setTodayTotalDetailSteps=1514038680000##7130##548890##8661##16256##27394969
20171223-22:19:10:658|Step_ExtSDM|30002312|calculateCaloriesWithCache totalCalories=129409
20171223-22:19:10:661|Step_ExtSDM|30002312|calculateAltitudeWithCache totalAltitude=240
20171223-22:19:10:664|Step_StandReportReceiver|30002312|REPORT : 7130 5090 152724 240
20171223-22:19:10:848|Step_LSC|30002312|onStandStepChanged 3704
20171223-22:19:10:858|Step_LSC|30002312|onExtend:1514038751000 2 0 4
20171223-22:19:11:149|Step_SPUtils|30002312| getTodayTotalDetailSteps = 1514038680000##7130##548890##8661##16256##27394969
20171223-22:19:11:150|Step_SPUtils|30002312|setTodayTotalDetailSteps=1514038680000##7132##548895##8661##16256##27395468
20171223-22:19:11:160|Step_ExtSDM|30002312|calculateCaloriesWithCache totalCalories=129452
20171223-22:19:11:164|Step_ExtSDM|30002312|calculateAltitudeWithCache totalAltitude=240
20171223-22:19:11:164|Step_StandReportReceiver|30002312|REPORT : 7132 5092 152767 240
20171223-22:19:11:349|Step_LSC|30002312|onStandStepChanged 3707
20171223-22:19:11:358|Step_LSC|30002312|onExtend:1514038752000 3 0 4
20171223-22:19:11:650|Step_SPUtils|30002312| getTodayTotalDetailSteps = 1514038680000##7132##548895##8661##16256##27395468
20171223-22:19:11:651|Step_SPUtils|30002312|setTodayTotalDetailSteps=1514038680000##7135##548900##8661##16256##27395969
20171223-22:19:11:658|Step_ExtSDM|30002312|calculateCaloriesWithCache totalCalories=129516
20171223-22:19:11:661|Step_ExtSDM|30002312|calculateAltitudeWithCache totalAltitude=240
20171223-22:19:11:661|Step_StandReportReceiver|30002312|REPORT : 7135 5094 152831 240
20171223-22:19:11:848|Step_LSC|30002312|onStandStepChanged 3711
20171223-22:19:11:857|Step_LSC|30002312|onExtend:1514038752000 4 0 4
20171223-22:19:12:153|Step_SPUtils|30002312| getTodayTotalDetailSteps = 1514038680000##7135##548900##8661##16256##27395969
20171223-22:19:12:154|Step_SPUtils|30002312|setTodayTotalDetailSteps=1514038680000##7139##548905##8661##16256##27396473
20171223-22:19:12:162|Step_ExtSDM|30002312|calculateCaloriesWithCache totalCalories=129602
20171223-22:19:12:165|Step_ExtSDM|30002312|calculateAltitudeWithCache totalAltitude=240
20171223-22:19:12:167|Step_StandReportReceiver|30002312|REPORT : 7139 5097 152917 240
20171223-22:19:12:349|Step_LSC|30002312|onStandStepChanged 3712
20171223-22:19:12:364|Step_LSC|30002312|onExtend:1514038753000 1 0 4
20171223-22:19:12:650|Step_SPUtils|30002312| getTodayTotalDetailSteps = 1514038680000##7139##548905##8661##16256##27396473
20171223-22:19:12:650|Step_SPUtils|30002312|setTodayTotalDetailSteps=1514038680000##7140##548910##8661##16256##27396969
20171223-22:19:12:658|Step_ExtSDM|30002312|calculateCaloriesWithCache totalCalories=129623
20171223-22:19:12:662|Step_ExtSDM|30002312|calculateAltitudeWithCache totalAltitude=240
20171223-22:19:12:663|Step_StandReportReceiver|30002312|REPORT : 7140 5097 152938 240
20171223-22:19:14:349|Step_LSC|30002312|onStandStepChanged 3726
20171223-22:19:14:363|Step_LSC|30002312|onExtend:1514038755000 14 0 4
20171223-22:19:14:655|Step_SPUtils|30002312| getTodayTotalDetailSteps = 1514038680000##7140##548910##8661##16256##27396969
20171223-22:19:14:656|Step_SPUtils|30002312|setTodayTotalDetailSteps=1514038680000##7154##548915##8661##16256##27398975
20171223-22:19:14:677|Step_ExtSDM|30002312|calculateCaloriesWithCache totalCalories=129923
20171223-22:19:14:686|Step_ExtSDM|30002312|calculateAltitudeWithCache totalAltitude=240
20171223-22:19:14:688|Step_StandReportReceiver|30002312|REPORT : 7154 5107 153238 240
20171223-22:19:15:855|Step_LSC|30002312|onStandStepChanged 3726
20171223-22:19:15:858|Step_LSC|30002312|onExtend:1514038756000 0 0 0
20171223-22:19:16:156|Step_SPUtils|30002312| getTodayTotalDetailSteps = 1514038680000##7154##548915##8661##16256##27398975
20171223-22:19:16:157|Step_SPUtils|30002312|setTodayTotalDetailSteps=1514038680000##7154##548920##8661##16256##27400475
20171223-22:19:16:171|Step_ExtSDM|30002312|calculateCaloriesWithCache totalCalories=129923
20171223-22:19:16:177|Step_ExtSDM|30002312|calculateAltitudeWithCache totalAltitude=240
20171223-22:19:43:719|Step_StandReportReceiver|30002312|onReceive action: android.intent.action.SCREEN_OFF
20171223-22:19:57:751|Step_LSC|30002312|onStandStepChanged 3732
20171223-22:19:57:755|Step_LSC|30002312|onExtend:1514038756000 6 0 4
20171223-22:19:57:758|Step_LSC|30002312|onStandStepChanged 3732
20171223-22:19:57:763|Step_LSC|30002312|onExtend:1514038798000 0 0 4
20171223-22:19:57:775|Step_StandReportReceiver|30002312|onReceive action: android.intent.action.SCREEN_ON
20171223-22:19:57:776|Step_LSC|30002312|processHandleBroadcastAction action:android.intent.action.SCREEN_ON
20171223-22:19:57:776|Step_StandStepCounter|30002312|flush sensor data
20171223-22:19:57:777|Step_SPUtils|30002312| getTodayTotalDetailSteps = 1514038680000##7154##548920##8661##16256##27400475
20171223-22:19:57:778|Step_SPUtils|30002312|setTodayTotalDetailSteps=1514038680000##7160##548925##8661##16256##27442097
20171223-22:19:57:780|Step_LSC|30002312|onStandStepChanged 3732
20171223-22:19:57:789|Step_ExtSDM|30002312|calculateCaloriesWithCache totalCalories=130052
20171223-22:19:57:796|Step_ExtSDM|30002312|calculateAltitudeWithCache totalAltitude=240
20171223-22:19:57:796|Step_StandReportReceiver|30002312|REPORT : 7160 5112 153367 240
20171223-22:19:57:878|Step_LSC|30002312|onStandStepChanged 3732
20171223-22:19:57:879|Step_LSC|30002312|onExtend:1514038798000 0 0 4
20171223-22:19:58:97|Step_SPUtils|30002312| getTodayTotalDetailSteps = 1514038680000##7160##548925##8661##16256##27442097
20171223-22:19:58:97|Step_SPUtils|30002312|setTodayTotalDetailSteps=1514038680000##7160##548930##8661##16256##27442416
20171223-22:19:58:109|Step_ExtSDM|30002312|calculateCaloriesWithCache totalCalories=130052
20171223-22:19:58:112|Step_ExtSDM|30002312|calculateAltitudeWithCache totalAltitude=240
20171223-22:19:58:363|Step_LSC|30002312|onStandStepChanged 3735
20171223-22:19:58:363|Step_LSC|30002312|flushTempCacheToDB by stand
20171223-22:19:58:366|Step_LSC|30002312|Alarm uploadStaticsToDB totalSteps=7163Calories:153367Floor:240Distance:5112
20171223-22:19:58:366|Step_FlushableStepDataCache|30002312|writeDataToDB size 327
20171223-22:19:58:366|Step_FlushableStepDataCache|30002312|upLoadOneMinuteDataToEngine time=25233975,0,93,0,20002
20171223-22:19:58:366|Step_FlushableStepDataCache|30002312|upLoadOneMinuteDataToEngine time=25233976,0,1,0,20002
20171223-22:19:58:366|Step_FlushableStepDataCache|30002312|upLoadOneMinuteDataToEngine time=25233977,0,55,0,20002
20171223-22:19:58:366|Step_FlushableStepDataCache|30002312|upLoadOneMinuteDataToEngine time=25233978,0,5,0,20002
20171223-22:19:58:367|Step_FlushableStepDataCache|30002312|upLoadOneMinuteDataToEngine time=25233979,0,46,0,20002
20171223-22:19:58:369|HiH_HiAppUtil|30002312|getBinderPackageName packageName = com.huawei.health
20171223-22:19:58:370|HiH_HiAppUtil|30002312|getBinderPackageName packageName = com.huawei.health
20171223-22:19:58:371|HiH_HiHealthBinder|30002312|getAppContext() isAppValid health or wear, packageName = com.huawei.health
20171223-22:19:58:373|Step_LSC|30002312|onExtend:1514038799000 3 0 4
20171223-22:19:58:374|HiH_HiAppUtil|30002312|getBinderPackageName packageName = com.huawei.health
20171223-22:19:58:375|HiH_HiAppUtil|30002312|getBinderPackageName packageName = com.huawei.health
20171223-22:19:58:375|HiH_HiHealthBinder|30002312|insertHiHealthData() checkAppType  0 appID = 1
20171223-22:19:58:376|HiH_HiHealthBinder|30002312|insertHiHealthData() size = 4,app = 1,One Data Type = 40002,packageName = com.huawei.health,writeStatType = 0
20171223-22:19:58:377|HiH_HiHealthDataInsertStore|30002312|saveHealthDetailData() deviceID = 2,clientID=1,id=1
20171223-22:19:58:378|HiH_HiHealthDataInsertStore|30002312|saveStatData() type =40002,time = 1513958400000,statClient = 2,who is 1
20171223-22:19:58:378|HiH_DataStatManager|30002312|new date =20171223, type=40002,7163.0,old=6983.0
20171223-22:19:58:379|HiH_HiHealthDataInsertStore|30002312|saveStatData() type =40003,time = 1513958400000,statClient = 2,who is 1
20171223-22:19:58:380|HiH_DataStatManager|30002312|new date =20171223, type=40003,153367.0,old=210654.54000000004
20171223-22:19:58:380|HiH_HiHealthDataInsertStore|30002312|saveHealthDetailData() saveOneDetailData fail hiHealthData = 1513958400000,type = 40003
20171223-22:19:58:380|HiH_HiHealthDataInsertStore|30002312|saveStatData() type =40005,time = 1513958400000,statClient = 2,who is 1
20171223-22:19:58:381|HiH_DataStatManager|30002312|new date =20171223, type=40005,240.0,old=330.0
20171223-22:19:58:381|HiH_HiHealthDataInsertStore|30002312|saveHealthDetailData() saveOneDetailData fail hiHealthData = 1513958400000,type = 40005
20171223-22:19:58:381|HiH_HiHealthDataInsertStore|30002312|saveStatData() type =40004,time = 1513958400000,statClient = 2,who is 1
20171223-22:19:58:382|HiH_DataStatManager|30002312|new date =20171223, type=40004,5112.0,old=4985.0
20171223-22:19:58:406|HiH_HiHealthDataInsertStore|30002312|bulkSaveDetailHiHealthData() size = 4,totalTime = 30
20171223-22:19:58:407|HiH_ListenerManager|30002312|startListenerChange subscribeList = [1]
20171223-22:19:58:411|HiH_HiHealthBinder|30002312|insertHiHealthData() bulkSaveDetailHiHealthData fail errorCode = 4,errorMessage = ERR_DATA_INSERT 
20171223-22:19:58:411|HiH_HiHealthBinder|30002312|insertHiHealthData() end totalTime = 45
20171223-22:19:58:411|Step_LSC|30002312|uploadStaticsToDB() onResult  type = 4 obj=true
20171223-22:19:58:411|Step_LSC|30002312|uploadStaticsToDB failed message=true
20171223-22:19:58:413|HiH_HiSyncControl|30002312|checkInsertStatus stepSum or calorieSum is enough
20171223-22:19:58:413|HiH_HiAppUtil|30002312|getBinderPackageName packageName = com.huawei.health
20171223-22:19:58:415|HiH_HiAppUtil|30002312|getBinderPackageName packageName = com.huawei.health
20171223-22:19:58:415|HiH_HiHealthBinder|30002312|getAppContext() isAppValid health or wear, packageName = com.huawei.health
20171223-22:19:58:415|HiH_HiSyncControl|30002312|checkInsertStatus stepStatSum or calorieStatSum is enough
20171223-22:19:58:416|HiH_HiSyncControl|30002312|stepSyncOrNot appSynTimes is 0, statsyncTimes is 0
20171223-22:19:58:416|HiH_HiSyncControl|30002312|startInsertSportSync start auto sync,app is 1
20171223-22:19:58:417|HiH_HiAppUtil|30002312|getBinderPackageName packageName = com.huawei.health
20171223-22:19:58:417|HiH_HiSyncUtil|30002312|checkFirstSyncByType no such data in db ,type is 1 deviceCode is 0
20171223-22:19:58:417|HiH_HiSyncControl|30002312|startInsertSportSync first 500 steps sync,do all sync
20171223-22:19:58:419|HiH_HiAppUtil|30002312|getBinderPackageName packageName = com.huawei.health
20171223-22:19:58:419|HiH_HiSyncControl|30002312|startSync hiSyncOption = HiSyncOption{syncAction=2, syncMethod=2, syncScope=0, syncDataType=20000, syncModel=2, pushAction=0},app = 1 who = 1
20171223-22:19:58:419|HiH_HiHealthBinder|30002312|insertHiHealthData() checkAppType  0 appID = 1
20171223-22:19:58:419|HiH_HiHealthBinder|30002312|insertHiHealthData() size = 20,app = 1,One Data Type = 2,packageName = com.huawei.health,writeStatType = 0
20171223-22:19:58:423|HiH_HiSyncControl|30002312|needAutoSync autoSyncSwitch is open
20171223-22:19:58:423|HiH_HiHealthDataInsertStore|30002312|saveHealthDetailData() deviceID = 2,clientID=1,id=1
20171223-22:19:58:424|HiH_HiSyncControl|30002312|initDataPrivacy the dataPrivacy switch is open, start push health data!
20171223-22:19:58:424|HiH_|30002312|initDataPrivacy the dataPrivacy is true
20171223-22:19:58:428|HiH_HiSyncControl|30002312|initUserPrivacy the userPrivacy switch is open, start push user data!
20171223-22:19:58:428|HiH_|30002312|initUserPrivacy the userPrivacy is true
20171223-22:19:58:428|HiH_HiSyncControl|30002312|ifCanSync not! no cloud version
20171223-22:19:58:428|HiH_HiBroadcastUtil|30002312|sendSyncFailedBroadcast
20171223-22:19:58:453|HiH_HiHealthDataInsertStore|30002312|bulkSaveDetailHiHealthData() size = 20,totalTime = 34
20171223-22:19:58:466|HiH_DataStatManager|30002312|new date =20171223, type=40002,6724.0,old=7163.0
20171223-22:19:58:468|HiH_DataStatManager|30002312|new date =20171223, type=40004,4800.935999999999,old=5112.0
20171223-22:19:58:469|HiH_DataStatManager|30002312|new date =20171223, type=40003,214445.88000000006,old=210654.54000000004
20171223-22:19:58:471|HiH_DataStatManager|30002312|new date =20171223, type=40005,330.0,old=330.0
20171223-22:19:58:480|HiH_DataStatManager|30002312|new date =20171223, type=40011,6314.0,old=6137.0
20171223-22:19:58:481|HiH_DataStatManager|30002312|new date =20171223, type=40031,4508.196000000001,old=4381.818
20171223-22:19:58:482|HiH_DataStatManager|30002312|new date =20171223, type=40021,135245.88,old=131454.53999999995
20171223-22:19:58:494|HiH_DataStatManager|30002312|new date =20171223, type=40013,410.0,old=410.0
20171223-22:19:58:495|HiH_DataStatManager|30002312|new date =20171223, type=40034,292.73999999999995,old=292.73999999999995
20171223-22:19:58:495|HiH_DataStatManager|30002312|new date =20171223, type=40024,79200.0,old=79200.0
20171223-22:19:58:499|HiH_DataStatManager|30002312|new date =20171223, type=40041,6720.0,old=6480.0
20171223-22:19:58:501|HiH_DataStatManager|30002312|new date =20171223, type=40044,420.0,old=420.0
20171223-22:19:58:501|HiH_DataStatManager|30002312|new date =20171223, type=40006,7140.0,old=6900.0
20171223-22:19:58:502|HiH_HiHealthDataInsertStore|30002312|saveRealTimeHealthDatasStat() size = 1,totalTime = 48
20171223-22:19:58:505|HiH_ListenerManager|30002312|startListenerChange subscribeList = [1]
20171223-22:19:58:505|HiH_HiHealthBinder|30002312|insertHiHealthData() end totalTime = 94
20171223-22:19:58:505|Step_FlushableStepDataCache|30002312|InsertCallBack() onSuccess  type = 0 data=true
20171223-22:19:58:505|Step_FlushableStepDataCache|30002312|InsertEvent success begin:25233975 end:25233979
20171223-22:19:58:505|Step_SPUtils|30002312|setWriteDBLastDataMinute=25233979
20171223-22:19:58:508|Step_SPUtils|30002312|setWriteDBLastDataMinute success
20171223-22:19:58:508|Step_LSC|30002312|flush2DB result success
20171223-22:19:58:508|Step_SPUtils|30002312| getTodayTotalDetailSteps = 1514038680000##7160##548930##8661##16256##27442416
20171223-22:19:58:508|Step_SPUtils|30002312|setTodayTotalDetailSteps=1514038680000##7163##548935##8661##16256##27442827
20171223-22:19:58:512|HiH_HiSyncControl|30002312|checkInsertStatus stepSum or calorieSum is enough
20171223-22:19:58:513|Step_ExtSDM|30002312|calculateCaloriesWithCache totalCalories=130116
20171223-22:19:58:514|HiH_HiSyncControl|30002312|checkInsertStatus stepStatSum or calorieStatSum is enough
20171223-22:19:58:514|HiH_HiSyncControl|30002312|stepSyncOrNot appSynTimes is 0, statsyncTimes is 0
20171223-22:19:58:514|HiH_HiSyncControl|30002312|startInsertSportSync start auto sync,app is 1
20171223-22:19:58:515|HiH_HiSyncUtil|30002312|checkFirstSyncByType no such data in db ,type is 1 deviceCode is 0
20171223-22:19:58:515|HiH_HiSyncControl|30002312|startInsertSportSync first 500 steps sync,do all sync
20171223-22:19:58:516|HiH_HiSyncControl|30002312|startSync hiSyncOption = HiSyncOption{syncAction=2, syncMethod=2, syncScope=0, syncDataType=20000, syncModel=2, pushAction=0},app = 1 who = 1
20171223-22:19:58:517|HiH_HiSyncControl|30002312|needAutoSync autoSyncSwitch is open
20171223-22:19:58:517|Step_ExtSDM|30002312|calculateAltitudeWithCache totalAltitude=240
20171223-22:19:58:518|HiH_HiSyncControl|30002312|initDataPrivacy the dataPrivacy switch is open, start push health data!
20171223-22:19:58:518|HiH_|30002312|initDataPrivacy the dataPrivacy is true
20171223-22:19:58:518|HiH_HiSyncControl|30002312|initUserPrivacy the userPrivacy switch is open, start push user data!
20171223-22:19:58:518|HiH_|30002312|initUserPrivacy the userPrivacy is true
20171223-22:19:58:518|HiH_HiSyncControl|30002312|ifCanSync not! no cloud version
20171223-22:19:58:518|HiH_HiBroadcastUtil|30002312|sendSyncFailedBroadcast
20171223-22:19:58:519|Step_StandReportReceiver|30002312|REPORT : 7163 5114 153431 240
20171223-22:19:58:863|Step_LSC|30002312|onStandStepChanged 3737
20171223-22:19:58:872|Step_LSC|30002312|onExtend:1514038799000 2 0 4
20171223-22:19:59:164|Step_SPUtils|30002312| getTodayTotalDetailSteps = 1514038680000##7163##548935##8661##16256##27442827
20171223-22:19:59:166|Step_SPUtils|30002312|setTodayTotalDetailSteps=1514038680000##7165##548940##8661##16256##27443484
20171223-22:19:59:175|Step_ExtSDM|30002312|calculateCaloriesWithCache totalCalories=130159
20171223-22:19:59:178|Step_ExtSDM|30002312|calculateAltitudeWithCache totalAltitude=240
20171223-22:19:59:182|Step_StandReportReceiver|30002312|REPORT : 7165 5115 153474 240
20171223-22:19:59:365|Step_LSC|30002312|onStandStepChanged 3739
20171223-22:19:59:373|Step_LSC|30002312|onExtend:1514038800000 2 0 4
20171223-22:19:59:667|Step_SPUtils|30002312| getTodayTotalDetailSteps = 1514038680000##7165##548940##8661##16256##27443484
20171223-22:19:59:667|Step_SPUtils|30002312|setTodayTotalDetailSteps=1514038680000##7167##548945##8661##16256##27443986
20171223-22:19:59:677|Step_ExtSDM|30002312|calculateCaloriesWithCache totalCalories=130201
20171223-22:19:59:681|Step_ExtSDM|30002312|calculateAltitudeWithCache totalAltitude=240
20171223-22:19:59:682|Step_StandReportReceiver|30002312|REPORT : 7167 5117 153517 240
20171223-22:19:59:862|Step_LSC|30002312|onStandStepChanged 3742
20171223-22:19:59:871|Step_LSC|30002312|onExtend:1514038800000 3 0 4
20171223-22:20:0:130|Step_LSC|30002312|processHandleBroadcastAction action:android.intent.action.TIME_TICK
20171223-22:20:0:165|Step_SPUtils|30002312| getTodayTotalDetailSteps = 1514038680000##7167##548945##8661##16256##27443986
20171223-22:20:0:165|Step_SPUtils|30002312|setTodayTotalDetailSteps=1514038740000##7170##548996##8661##16256##27444484
20171223-22:20:0:174|Step_ExtSDM|30002312|calculateCaloriesWithCache totalCalories=130266
20171223-22:20:0:177|Step_ExtSDM|30002312|calculateAltitudeWithCache totalAltitude=240
20171223-22:20:0:179|Step_StandReportReceiver|30002312|REPORT : 7170 5119 153581 240
20171223-22:20:0:363|Step_LSC|30002312|onStandStepChanged 3745
20171223-22:20:0:374|Step_LSC|30002312|onExtend:1514038801000 3 0 4
20171223-22:20:0:666|Step_SPUtils|30002312| getTodayTotalDetailSteps = 1514038740000##7170##548996##8661##16256##27444484
20171223-22:20:0:666|Step_SPUtils|30002312|setTodayTotalDetailSteps=1514038740000##7173##549047##8661##16256##27444985
20171223-22:20:0:679|Step_ExtSDM|30002312|calculateCaloriesWithCache totalCalories=130330
20171223-22:20:0:688|Step_ExtSDM|30002312|calculateAltitudeWithCache totalAltitude=240
20171223-22:20:0:693|Step_StandReportReceiver|30002312|REPORT : 7173 5121 153645 240
20171223-22:20:0:863|Step_LSC|30002312|onStandStepChanged 3746
20171223-22:20:0:872|Step_LSC|30002312|onExtend:1514038801000 1 0 4
20171223-22:20:1:166|Step_SPUtils|30002312| getTodayTotalDetailSteps = 1514038740000##7173##549047##8661##16256##27444985
20171223-22:20:1:166|Step_SPUtils|30002312|setTodayTotalDetailSteps=1514038740000##7174##549098##8661##16256##27445485
20171223-22:20:1:181|Step_ExtSDM|30002312|calculateCaloriesWithCache totalCalories=130351
20171223-22:20:1:186|Step_ExtSDM|30002312|calculateAltitudeWithCache totalAltitude=240
20171223-22:20:1:186|Step_StandReportReceiver|30002312|REPORT : 7174 5122 153667 240
20171223-22:20:1:363|Step_LSC|30002312|onStandStepChanged 3748
20171223-22:20:1:378|Step_LSC|30002312|onExtend:1514038802000 2 0 4
20171223-22:20:1:664|Step_SPUtils|30002312| getTodayTotalDetailSteps = 1514038740000##7174##549098##8661##16256##27445485
20171223-22:20:1:665|Step_SPUtils|30002312|setTodayTotalDetailSteps=1514038740000##7176##549149##8661##16256##27445983
20171223-22:20:1:679|Step_ExtSDM|30002312|calculateCaloriesWithCache totalCalories=130394
20171223-22:20:1:687|Step_ExtSDM|30002312|calculateAltitudeWithCache totalAltitude=240
20171223-22:20:1:692|Step_StandReportReceiver|30002312|REPORT : 7176 5123 153709 240
20171223-22:20:1:863|Step_LSC|30002312|onStandStepChanged 3751
20171223-22:20:1:873|Step_LSC|30002312|onExtend:1514038802000 3 0 4
20171223-22:20:2:164|Step_SPUtils|30002312| getTodayTotalDetailSteps = 1514038740000##7176##549149##8661##16256##27445983
20171223-22:20:2:165|Step_SPUtils|30002312|setTodayTotalDetailSteps=1514038740000##7179##549200##8661##16256##27446483
20171223-22:20:2:174|Step_ExtSDM|30002312|calculateCaloriesWithCache totalCalories=130458
20171223-22:20:2:178|Step_ExtSDM|30002312|calculateAltitudeWithCache totalAltitude=240
20171223-22:20:2:179|Step_StandReportReceiver|30002312|REPORT : 7179 5125 153774 240
20171223-22:20:2:365|Step_LSC|30002312|onStandStepChanged 3753
20171223-22:20:2:375|Step_LSC|30002312|onExtend:1514038803000 2 0 4
20171223-22:20:2:670|Step_SPUtils|30002312| getTodayTotalDetailSteps = 1514038740000##7179##549200##8661##16256##27446483
20171223-22:20:2:671|Step_SPUtils|30002312|setTodayTotalDetailSteps=1514038740000##7181##549251##8661##16256##27446989
20171223-22:20:2:678|Step_ExtSDM|30002312|calculateCaloriesWithCache totalCalories=130501
20171223-22:20:2:693|Step_ExtSDM|30002312|calculateAltitudeWithCache totalAltitude=240
20171223-22:20:2:695|Step_StandReportReceiver|30002312|REPORT : 7181 5127 153817 240
20171223-22:20:2:863|Step_LSC|30002312|onStandStepChanged 3755
20171223-22:20:2:874|Step_LSC|30002312|onExtend:1514038803000 2 0 4
20171223-22:20:3:164|Step_SPUtils|30002312| getTodayTotalDetailSteps = 1514038740000##7181##549251##8661##16256##27446989
20171223-22:20:3:165|Step_SPUtils|30002312|setTodayTotalDetailSteps=1514038740000##7183##549302##8661##16256##27447483
20171223-22:20:3:175|Step_ExtSDM|30002312|calculateCaloriesWithCache totalCalories=130544
20171223-22:20:3:179|Step_ExtSDM|30002312|calculateAltitudeWithCache totalAltitude=240
20171223-22:20:3:180|Step_StandReportReceiver|30002312|REPORT : 7183 5128 153859 240
20171223-22:20:3:862|Step_LSC|30002312|onStandStepChanged 3757
20171223-22:20:3:873|Step_LSC|30002312|onExtend:1514038804000 2 0 4
20171223-22:20:4:166|Step_SPUtils|30002312| getTodayTotalDetailSteps = 1514038740000##7183##549302##8661##16256##27447483
20171223-22:20:4:167|Step_SPUtils|30002312|setTodayTotalDetailSteps=1514038740000##7185##549353##8661##16256##27448486
20171223-22:20:4:187|Step_ExtSDM|30002312|calculateCaloriesWithCache totalCalories=130587
20171223-22:20:4:193|Step_ExtSDM|30002312|calculateAltitudeWithCache totalAltitude=240
20171223-22:20:4:193|Step_StandReportReceiver|30002312|REPORT : 7185 5130 153902 240
20171223-22:20:4:362|Step_LSC|30002312|onStandStepChanged 3758
20171223-22:20:4:373|Step_LSC|30002312|onExtend:1514038805000 1 0 4
20171223-22:20:4:664|Step_SPUtils|30002312| getTodayTotalDetailSteps = 1514038740000##7185##549353##8661##16256##27448486
20171223-22:20:4:665|Step_SPUtils|30002312|setTodayTotalDetailSteps=1514038740000##7186##549404##8661##16256##27448983
20171223-22:20:4:673|Step_ExtSDM|30002312|calculateCaloriesWithCache totalCalories=130608
20171223-22:20:4:676|Step_ExtSDM|30002312|calculateAltitudeWithCache totalAltitude=240
20171223-22:20:4:680|Step_StandReportReceiver|30002312|REPORT : 7186 5130 153924 240
20171223-22:20:5:362|Step_LSC|30002312|onStandStepChanged 3759
20171223-22:20:5:377|Step_LSC|30002312|onExtend:1514038806000 1 0 4
20171223-22:20:5:662|Step_SPUtils|30002312| getTodayTotalDetailSteps = 1514038740000##7186##549404##8661##16256##27448983
20171223-22:20:5:664|Step_SPUtils|30002312|setTodayTotalDetailSteps=1514038740000##7187##549455##8661##16256##27449982
20171223-22:20:5:672|Step_ExtSDM|30002312|calculateCaloriesWithCache totalCalories=130630
20171223-22:20:5:675|Step_ExtSDM|30002312|calculateAltitudeWithCache totalAltitude=240
20171223-22:20:5:675|Step_StandReportReceiver|30002312|REPORT : 7187 5131 153945 240
20171223-22:20:7:364|Step_LSC|30002312|onStandStepChanged 3760
20171223-22:20:7:378|Step_LSC|30002312|onExtend:1514038808000 1 0 4
20171223-22:20:7:665|Step_SPUtils|30002312| getTodayTotalDetailSteps = 1514038740000##7187##549455##8661##16256##27449982
20171223-22:20:7:666|Step_SPUtils|30002312|setTodayTotalDetailSteps=1514038740000##7188##549506##8661##16256##27451985
20171223-22:20:7:681|Step_ExtSDM|30002312|calculateCaloriesWithCache totalCalories=130651
20171223-22:20:7:686|Step_ExtSDM|30002312|calculateAltitudeWithCache totalAltitude=240
20171223-22:20:7:690|Step_StandReportReceiver|30002312|REPORT : 7188 5132 153966 240
20171223-22:20:7:864|Step_LSC|30002312|onStandStepChanged 3761
20171223-22:20:7:875|Step_LSC|30002312|onExtend:1514038808000 1 0 4
20171223-22:20:8:172|Step_SPUtils|30002312| getTodayTotalDetailSteps = 1514038740000##7188##549506##8661##16256##27451985
20171223-22:20:8:173|Step_SPUtils|30002312|setTodayTotalDetailSteps=1514038740000##7189##549557##8661##16256##27452491
20171223-22:20:8:180|Step_ExtSDM|30002312|calculateCaloriesWithCache totalCalories=130673
20171223-22:20:8:182|Step_ExtSDM|30002312|calculateAltitudeWithCache totalAltitude=240
20171223-22:20:8:185|Step_StandReportReceiver|30002312|REPORT : 7189 5132 153988 240
20171223-22:20:12:863|Step_LSC|30002312|onStandStepChanged 3761
20171223-22:20:12:874|Step_LSC|30002312|onExtend:1514038813000 0 0 0
20171223-22:20:13:164|Step_SPUtils|30002312| getTodayTotalDetailSteps = 1514038740000##7189##549557##8661##16256##27452491
20171223-22:20:13:165|Step_SPUtils|30002312|setTodayTotalDetailSteps=1514038740000##7189##549608##8661##16256##27457484
20171223-22:20:13:180|Step_ExtSDM|30002312|calculateCaloriesWithCache totalCalories=130673
20171223-22:20:13:184|Step_ExtSDM|30002312|calculateAltitudeWithCache totalAltitude=240
20171223-22:20:15:873|Step_LSC|30002312|onStandStepChanged 3761
20171223-22:20:15:885|Step_LSC|30002312|onExtend:1514038816000 0 0 5
20171223-22:20:16:175|Step_SPUtils|30002312| getTodayTotalDetailSteps = 1514038740000##7189##549608##8661##16256##27457484
20171223-22:20:16:175|Step_SPUtils|30002312|setTodayTotalDetailSteps=1514038740000##7189##549659##8661##16256##27460494
20171223-22:20:16:186|Step_ExtSDM|30002312|calculateCaloriesWithCache totalCalories=130673
20171223-22:20:16:194|Step_ExtSDM|30002312|calculateAltitudeWithCache totalAltitude=240
20171223-22:20:18:586|Step_StandReportReceiver|30002312|onReceive action: android.intent.action.SCREEN_OFF
20171223-22:22:37:638|Step_LSC|30002312|processHandleBroadcastAction action:android.intent.action.TIME_TICK
20171223-22:23:41:831|Step_LSC|30002312|processHandleBroadcastAction action:android.intent.action.TIME_TICK
20171223-22:24:22:157|Step_LSC|30002312|onStandStepChanged 3761
20171223-22:24:22:165|Step_LSC|30002312|onExtend:1514038819000 0 0 5
20171223-22:24:22:165|Step_LSC|30002312|onExtend:1514038879000 0 0 5
20171223-22:24:22:165|Step_LSC|30002312|onExtend:1514038939000 0 0 5
20171223-22:24:22:165|Step_LSC|30002312|onExtend:1514038999000 0 0 5
20171223-22:24:22:165|Step_LSC|30002312|onExtend:1514039059000 0 0 0
20171223-22:24:22:204|Step_StandReportReceiver|30002312|onReceive action: android.intent.action.SCREEN_ON
20171223-22:24:22:206|Step_LSC|30002312|processHandleBroadcastAction action:android.intent.action.SCREEN_ON
20171223-22:24:22:206|Step_StandStepCounter|30002312|flush sensor data
20171223-22:24:22:207|Step_SPUtils|30002312| getTodayTotalDetailSteps = 1514038740000##7189##549659##8661##16256##27460494
20171223-22:24:22:207|Step_SPUtils|30002312|setTodayTotalDetailSteps=1514038980000##7189##549659##8661##16256##27706526
20171223-22:24:22:208|Step_LSC|30002312|onStandStepChanged 3761
20171223-22:24:22:214|Step_ExtSDM|30002312|calculateCaloriesWithCache totalCalories=130673
20171223-22:24:22:215|Step_ExtSDM|30002312|calculateAltitudeWithCache totalAltitude=240
20171223-22:24:22:215|Step_StandReportReceiver|30002312|REPORT : 7189 5132 153988 240
20171223-22:24:22:309|Step_LSC|30002312|onStandStepChanged 3761
20171223-22:24:22:310|Step_LSC|30002312|onExtend:1514039062000 0 0 0
20171223-22:24:22:344|Step_LSC|30002312|processHandleBroadcastAction action:android.intent.action.TIME_TICK
20171223-22:24:22:516|Step_SPUtils|30002312| getTodayTotalDetailSteps = 1514038980000##7189##549659##8661##16256##27706526
20171223-22:24:22:516|Step_SPUtils|30002312|setTodayTotalDetailSteps=1514038980000##7189##549659##8661##16256##27706835
20171223-22:24:22:524|Step_ExtSDM|30002312|calculateCaloriesWithCache totalCalories=130673
20171223-22:24:22:526|Step_ExtSDM|30002312|calculateAltitudeWithCache totalAltitude=240
20171223-22:24:51:883|Step_LSC|30002312|onStandStepChanged 3761
20171223-22:24:51:892|Step_LSC|30002312|onExtend:1514039091000 0 0 5
20171223-22:24:52:184|Step_SPUtils|30002312| getTodayTotalDetailSteps = 1514038980000##7189##549659##8661##16256##27706835
20171223-22:24:52:185|Step_SPUtils|30002312|setTodayTotalDetailSteps=1514038980000##7189##549659##8661##16256##27736503
20171223-22:24:52:200|Step_ExtSDM|30002312|calculateCaloriesWithCache totalCalories=130673
20171223-22:24:52:210|Step_ExtSDM|30002312|calculateAltitudeWithCache totalAltitude=240
20171223-22:24:53:884|Step_LSC|30002312|onStandStepChanged 3761
20171223-22:24:53:897|Step_LSC|30002312|onExtend:1514039093000 0 0 0
20171223-22:24:54:185|Step_SPUtils|30002312| getTodayTotalDetailSteps = 1514038980000##7189##549659##8661##16256##27736503
20171223-22:24:54:186|Step_SPUtils|30002312|setTodayTotalDetailSteps=1514038980000##7189##549659##8661##16256##27738504
20171223-22:24:54:201|Step_ExtSDM|30002312|calculateCaloriesWithCache totalCalories=130673
20171223-22:24:54:205|Step_ExtSDM|30002312|calculateAltitudeWithCache totalAltitude=240
20171223-22:24:58:889|Step_LSC|30002312|onStandStepChanged 3761
20171223-22:24:58:890|Step_LSC|30002312|onExtend:1514039098000 0 0 5
20171223-22:24:59:190|Step_SPUtils|30002312| getTodayTotalDetailSteps = 1514038980000##7189##549659##8661##16256##27738504
20171223-22:24:59:191|Step_SPUtils|30002312|setTodayTotalDetailSteps=1514038980000##7189##549659##8661##16256##27743510
20171223-22:24:59:206|Step_ExtSDM|30002312|calculateCaloriesWithCache totalCalories=130673
20171223-22:24:59:210|Step_ExtSDM|30002312|calculateAltitudeWithCache totalAltitude=240
20171223-22:25:0:162|Step_LSC|30002312|processHandleBroadcastAction action:android.intent.action.TIME_TICK
20171223-22:25:13:8|Step_StandReportReceiver|30002312|onReceive action: android.intent.action.SCREEN_OFF
20171223-22:28:38:344|Step_LSC|30002312|processHandleBroadcastAction action:android.intent.action.TIME_TICK
20171223-22:29:8:492|Step_LSC|30002312|processHandleBroadcastAction action:android.intent.action.TIME_TICK
20171223-22:30:12:959|Step_LSC|30002312|processHandleBroadcastAction action:android.intent.action.TIME_TICK
20171223-22:30:23:988|Step_LSC|30002312|onStandStepChanged 3761
20171223-22:30:23:993|Step_LSC|30002312|onExtend:1514039112000 0 0 5
20171223-22:30:23:993|Step_LSC|30002312|onExtend:1514039172000 0 0 5
20171223-22:30:23:993|Step_LSC|30002312|onExtend:1514039232000 0 0 5
20171223-22:30:23:993|Step_LSC|30002312|onExtend:1514039292000 0 0 5
20171223-22:30:23:993|Step_LSC|30002312|onExtend:1514039352000 0 0 5
20171223-22:30:23:993|Step_LSC|30002312|onExtend:1514039412000 0 0 0
20171223-22:30:24:25|Step_StandReportReceiver|30002312|onReceive action: android.intent.action.SCREEN_ON
20171223-22:30:24:27|Step_LSC|30002312|processHandleBroadcastAction action:android.intent.action.SCREEN_ON
20171223-22:30:24:27|Step_StandStepCounter|30002312|flush sensor data
20171223-22:30:24:28|Step_SPUtils|30002312| getTodayTotalDetailSteps = 1514038980000##7189##549659##8661##16256##27743510
20171223-22:30:24:28|Step_SPUtils|30002312|setTodayTotalDetailSteps=1514039340000##7189##549659##8661##16256##28068346
20171223-22:30:24:28|Step_LSC|30002312|onStandStepChanged 3761
20171223-22:30:24:40|Step_ExtSDM|30002312|calculateCaloriesWithCache totalCalories=130673
20171223-22:30:24:45|Step_ExtSDM|30002312|calculateAltitudeWithCache totalAltitude=240
20171223-22:30:24:46|Step_StandReportReceiver|30002312|REPORT : 7189 5132 153988 240
20171223-22:30:24:129|Step_LSC|30002312|onStandStepChanged 3761
20171223-22:30:24:132|Step_LSC|30002312|onExtend:1514039424000 0 0 0
20171223-22:30:24:347|Step_SPUtils|30002312| getTodayTotalDetailSteps = 1514039340000##7189##549659##8661##16256##28068346
20171223-22:30:24:348|Step_SPUtils|30002312|setTodayTotalDetailSteps=1514039340000##7189##549659##8661##16256##28068666
20171223-22:30:24:355|Step_ExtSDM|30002312|calculateCaloriesWithCache totalCalories=130673
20171223-22:30:24:358|Step_ExtSDM|30002312|calculateAltitudeWithCache totalAltitude=240
20171223-22:31:0:136|Step_LSC|30002312|processHandleBroadcastAction action:android.intent.action.TIME_TICK
20171223-22:31:31:924|Step_LSC|30002312|onStandStepChanged 3761
20171223-22:31:31:940|Step_LSC|30002312|onExtend:1514039492000 0 0 5
20171223-22:31:32:225|Step_SPUtils|30002312| getTodayTotalDetailSteps = 1514039340000##7189##549659##8661##16256##28068666
20171223-22:31:32:226|Step_SPUtils|30002312|setTodayTotalDetailSteps=1514039400000##7189##549659##8661##16256##28136544
20171223-22:31:32:241|Step_ExtSDM|30002312|calculateCaloriesWithCache totalCalories=130673
20171223-22:31:32:246|Step_ExtSDM|30002312|calculateAltitudeWithCache totalAltitude=240
20171223-22:31:54:515|Step_StandReportReceiver|30002312|onReceive action: android.intent.action.SCREEN_OFF
20171223-22:31:59:613|Step_LSC|30002312|onStandStepChanged 3761
20171223-22:31:59:618|Step_StandReportReceiver|30002312|onReceive action: android.intent.action.SCREEN_ON
20171223-22:31:59:619|Step_LSC|30002312|processHandleBroadcastAction action:android.intent.action.SCREEN_ON
20171223-22:31:59:619|Step_StandStepCounter|30002312|flush sensor data
20171223-22:31:59:620|Step_LSC|30002312|onExtend:1514039515000 0 0 0
20171223-22:31:59:620|Step_LSC|30002312|onExtend:1514039575000 0 0 0
20171223-22:31:59:620|Step_SPUtils|30002312| getTodayTotalDetailSteps = 1514039400000##7189##549659##8661##16256##28136544
20171223-22:31:59:621|Step_SPUtils|30002312|setTodayTotalDetailSteps=1514039400000##7189##549659##8661##16256##28163940
20171223-22:31:59:621|Step_LSC|30002312|onStandStepChanged 3761
20171223-22:31:59:652|Step_ExtSDM|30002312|calculateCaloriesWithCache totalCalories=130673
20171223-22:31:59:655|Step_ExtSDM|30002312|calculateAltitudeWithCache totalAltitude=240
20171223-22:31:59:656|Step_StandReportReceiver|30002312|REPORT : 7189 5132 153988 240
20171223-22:31:59:723|Step_LSC|30002312|onStandStepChanged 3761
20171223-22:31:59:725|Step_LSC|30002312|onExtend:1514039520000 0 0 0
20171223-22:31:59:725|Step_LSC|30002312|timeStamp back,extendReportTimeStamp=1514039575000
