17/06/09 20:10:58 INFO python.PythonRunner: Times: total = 39, boot = -102, init = 141, finish = 0
17/06/09 20:10:58 INFO python.PythonRunner: Times: total = 38, boot = -112, init = 150, finish = 0
17/06/09 20:10:58 INFO python.PythonRunner: Times: total = 40, boot = -107, init = 147, finish = 0
17/06/09 20:10:58 INFO python.PythonRunner: Times: total = 40, boot = -116, init = 156, finish = 0
17/06/09 20:10:58 INFO output.FileOutputCommitter: Saved output of task 'attempt_201706092018_0024_m_000120_1145' to hdfs://10.10.34.11:9000/pjhe/test/1/_temporary/0/task_201706092018_0024_m_000120
17/06/09 20:10:58 INFO mapred.SparkHadoopMapRedUtil: attempt_201706092018_0024_m_000120_1145: Committed
17/06/09 20:10:58 INFO output.FileOutputCommitter: Saved output of task 'attempt_201706092018_0024_m_000122_1147' to hdfs://10.10.34.11:9000/pjhe/test/1/_temporary/0/task_201706092018_0024_m_000122
17/06/09 20:10:58 INFO output.FileOutputCommitter: Saved output of task 'attempt_201706092018_0024_m_000121_1146' to hdfs://10.10.34.11:9000/pjhe/test/1/_temporary/0/task_201706092018_0024_m_000121
17/06/09 20:10:58 INFO mapred.SparkHadoopMapRedUtil: attempt_201706092018_0024_m_000122_1147: Committed
17/06/09 20:10:58 INFO output.FileOutputCommitter: Saved output of task 'attempt_201706092018_0024_m_000123_1150' to hdfs://10.10.34.11:9000/pjhe/test/1/_temporary/0/task_201706092018_0024_m_000123
17/06/09 20:10:58 INFO mapred.SparkHadoopMapRedUtil: attempt_201706092018_0024_m_000121_1146: Committed
17/06/09 20:10:58 INFO mapred.SparkHadoopMapRedUtil: attempt_201706092018_0024_m_000123_1150: Committed
17/06/09 20:10:58 INFO executor.Executor: Finished task 120.0 in stage 24.0 (TID 1145). 2364 bytes result sent to driver
17/06/09 20:10:58 INFO executor.Executor: Finished task 121.0 in stage 24.0 (TID 1146). 2364 bytes result sent to driver
17/06/09 20:10:58 INFO executor.Executor: Finished task 122.0 in stage 24.0 (TID 1147). 2364 bytes result sent to driver
17/06/09 20:10:58 INFO executor.Executor: Finished task 123.0 in stage 24.0 (TID 1150). 2364 bytes result sent to driver
17/06/09 20:10:58 INFO executor.CoarseGrainedExecutorBackend: Got assigned task 1156
17/06/09 20:10:58 INFO executor.Executor: Running task 161.0 in stage 24.0 (TID 1156)
17/06/09 20:10:58 INFO executor.CoarseGrainedExecutorBackend: Got assigned task 1157
17/06/09 20:10:58 INFO executor.CoarseGrainedExecutorBackend: Got assigned task 1158
17/06/09 20:10:58 INFO executor.Executor: Running task 162.0 in stage 24.0 (TID 1157)
17/06/09 20:10:58 INFO executor.Executor: Running task 163.0 in stage 24.0 (TID 1158)
17/06/09 20:10:58 INFO executor.CoarseGrainedExecutorBackend: Got assigned task 1159
17/06/09 20:10:58 INFO executor.Executor: Running task 164.0 in stage 24.0 (TID 1159)
17/06/09 20:10:58 INFO storage.BlockManager: Found block rdd_26_0 locally
17/06/09 20:10:58 INFO storage.BlockManager: Found block rdd_26_3 locally
17/06/09 20:10:58 INFO storage.BlockManager: Found block rdd_26_4 locally
17/06/09 20:10:58 INFO storage.BlockManager: Found block rdd_26_1 locally
17/06/09 20:10:58 INFO storage.BlockManager: Found block rdd_26_2 locally
17/06/09 20:10:58 INFO python.PythonRunner: Times: total = 38, boot = -62, init = 100, finish = 0
17/06/09 20:10:58 INFO output.FileOutputCommitter: File Output Committer Algorithm version is 1
17/06/09 20:10:58 INFO output.FileOutputCommitter: Saved output of task 'attempt_201706092018_0024_m_000160_1155' to hdfs://10.10.34.11:9000/pjhe/test/1/_temporary/0/task_201706092018_0024_m_000160
17/06/09 20:10:58 INFO mapred.SparkHadoopMapRedUtil: attempt_201706092018_0024_m_000160_1155: Committed
17/06/09 20:10:58 INFO executor.Executor: Finished task 160.0 in stage 24.0 (TID 1155). 2364 bytes result sent to driver
17/06/09 20:10:58 INFO python.PythonRunner: Times: total = 38, boot = -45, init = 83, finish = 0
17/06/09 20:10:58 INFO python.PythonRunner: Times: total = 38, boot = -37, init = 75, finish = 0
17/06/09 20:10:58 INFO output.FileOutputCommitter: File Output Committer Algorithm version is 1
17/06/09 20:10:58 INFO output.FileOutputCommitter: File Output Committer Algorithm version is 1
17/06/09 20:10:58 INFO output.FileOutputCommitter: Saved output of task 'attempt_201706092018_0024_m_000163_1158' to hdfs://10.10.34.11:9000/pjhe/test/1/_temporary/0/task_201706092018_0024_m_000163
17/06/09 20:10:58 INFO mapred.SparkHadoopMapRedUtil: attempt_201706092018_0024_m_000163_1158: Committed
17/06/09 20:10:58 INFO output.FileOutputCommitter: Saved output of task 'attempt_201706092018_0024_m_000164_1159' to hdfs://10.10.34.11:9000/pjhe/test/1/_temporary/0/task_201706092018_0024_m_000164
17/06/09 20:10:58 INFO mapred.SparkHadoopMapRedUtil: attempt_201706092018_0024_m_000164_1159: Committed
17/06/09 20:10:58 INFO executor.Executor: Finished task 163.0 in stage 24.0 (TID 1158). 2364 bytes result sent to driver
17/06/09 20:10:58 INFO executor.Executor: Finished task 164.0 in stage 24.0 (TID 1159). 2364 bytes result sent to driver
17/06/09 20:10:58 INFO python.PythonRunner: Times: total = 37, boot = -54, init = 91, finish = 0
17/06/09 20:10:58 INFO python.PythonRunner: Times: total = 37, boot = -62, init = 99, finish = 0
17/06/09 20:10:58 INFO output.FileOutputCommitter: File Output Committer Algorithm version is 1
17/06/09 20:10:58 INFO output.FileOutputCommitter: File Output Committer Algorithm version is 1
17/06/09 20:10:58 INFO output.FileOutputCommitter: Saved output of task 'attempt_201706092018_0024_m_000162_1157' to hdfs://10.10.34.11:9000/pjhe/test/1/_temporary/0/task_201706092018_0024_m_000162
17/06/09 20:10:58 INFO mapred.SparkHadoopMapRedUtil: attempt_201706092018_0024_m_000162_1157: Committed
17/06/09 20:10:58 INFO output.FileOutputCommitter: Saved output of task 'attempt_201706092018_0024_m_000161_1156' to hdfs://10.10.34.11:9000/pjhe/test/1/_temporary/0/task_201706092018_0024_m_000161
17/06/09 20:10:58 INFO mapred.SparkHadoopMapRedUtil: attempt_201706092018_0024_m_000161_1156: Committed
17/06/09 20:10:58 INFO executor.Executor: Finished task 162.0 in stage 24.0 (TID 1157). 2364 bytes result sent to driver
17/06/09 20:10:58 INFO executor.Executor: Finished task 161.0 in stage 24.0 (TID 1156). 2364 bytes result sent to driver
17/06/09 20:10:58 INFO executor.CoarseGrainedExecutorBackend: Got assigned task 1166
17/06/09 20:10:58 INFO executor.CoarseGrainedExecutorBackend: Got assigned task 1180
17/06/09 20:10:58 INFO executor.Executor: Running task 0.0 in stage 25.0 (TID 1166)
17/06/09 20:10:58 INFO executor.Executor: Running task 1.0 in stage 25.0 (TID 1180)
17/06/09 20:10:58 INFO executor.CoarseGrainedExecutorBackend: Got assigned task 1194
17/06/09 20:10:58 INFO executor.Executor: Running task 2.0 in stage 25.0 (TID 1194)
17/06/09 20:10:58 INFO executor.CoarseGrainedExecutorBackend: Got assigned task 1198
17/06/09 20:10:58 INFO executor.Executor: Running task 3.0 in stage 25.0 (TID 1198)
17/06/09 20:10:58 INFO executor.CoarseGrainedExecutorBackend: Got assigned task 1199
17/06/09 20:10:58 INFO executor.Executor: Running task 4.0 in stage 25.0 (TID 1199)
17/06/09 20:10:58 INFO broadcast.TorrentBroadcast: Started reading broadcast variable 34
17/06/09 20:10:58 INFO storage.MemoryStore: Block broadcast_34_piece0 stored as bytes in memory (estimated size 28.8 KB, free 515.7 KB)
17/06/09 20:10:58 INFO broadcast.TorrentBroadcast: Reading broadcast variable 34 took 9 ms
17/06/09 20:10:58 INFO storage.MemoryStore: Block broadcast_34 stored as values in memory (estimated size 77.4 KB, free 593.1 KB)
17/06/09 20:10:58 INFO storage.BlockManager: Found block rdd_30_4 locally
17/06/09 20:10:58 INFO storage.BlockManager: Found block rdd_30_3 locally
17/06/09 20:10:58 INFO storage.BlockManager: Found block rdd_30_2 locally
17/06/09 20:10:58 INFO storage.BlockManager: Found block rdd_30_1 locally
17/06/09 20:10:58 INFO storage.BlockManager: Found block rdd_30_0 locally
17/06/09 20:10:59 INFO output.FileOutputCommitter: File Output Committer Algorithm version is 1
17/06/09 20:10:59 INFO output.FileOutputCommitter: File Output Committer Algorithm version is 1
17/06/09 20:10:59 INFO output.FileOutputCommitter: File Output Committer Algorithm version is 1
17/06/09 20:10:59 INFO python.PythonRunner: Times: total = 38, boot = -727, init = 765, finish = 0
17/06/09 20:10:59 INFO output.FileOutputCommitter: File Output Committer Algorithm version is 1
17/06/09 20:10:59 INFO output.FileOutputCommitter: File Output Committer Algorithm version is 1
17/06/09 20:10:59 INFO python.PythonRunner: Times: total = 41, boot = -707, init = 748, finish = 0
17/06/09 20:10:59 INFO python.PythonRunner: Times: total = 39, boot = -700, init = 739, finish = 0
17/06/09 20:10:59 INFO python.PythonRunner: Times: total = 39, boot = -690, init = 729, finish = 0
17/06/09 20:10:59 INFO python.PythonRunner: Times: total = 41, boot = -699, init = 740, finish = 0
17/06/09 20:10:59 INFO output.FileOutputCommitter: Saved output of task 'attempt_201706092018_0025_m_000004_1199' to hdfs://10.10.34.11:9000/pjhe/test/2/_temporary/0/task_201706092018_0025_m_000004
17/06/09 20:10:59 INFO mapred.SparkHadoopMapRedUtil: attempt_201706092018_0025_m_000004_1199: Committed
17/06/09 20:10:59 INFO executor.Executor: Finished task 4.0 in stage 25.0 (TID 1199). 2364 bytes result sent to driver
17/06/09 20:10:59 INFO output.FileOutputCommitter: Saved output of task 'attempt_201706092018_0025_m_000003_1198' to hdfs://10.10.34.11:9000/pjhe/test/2/_temporary/0/task_201706092018_0025_m_000003
17/06/09 20:10:59 INFO mapred.SparkHadoopMapRedUtil: attempt_201706092018_0025_m_000003_1198: Committed
17/06/09 20:10:59 INFO output.FileOutputCommitter: Saved output of task 'attempt_201706092018_0025_m_000000_1166' to hdfs://10.10.34.11:9000/pjhe/test/2/_temporary/0/task_201706092018_0025_m_000000
17/06/09 20:10:59 INFO mapred.SparkHadoopMapRedUtil: attempt_201706092018_0025_m_000000_1166: Committed
17/06/09 20:10:59 INFO output.FileOutputCommitter: Saved output of task 'attempt_201706092018_0025_m_000002_1194' to hdfs://10.10.34.11:9000/pjhe/test/2/_temporary/0/task_201706092018_0025_m_000002
17/06/09 20:10:59 INFO output.FileOutputCommitter: Saved output of task 'attempt_201706092018_0025_m_000001_1180' to hdfs://10.10.34.11:9000/pjhe/test/2/_temporary/0/task_201706092018_0025_m_000001
17/06/09 20:10:59 INFO mapred.SparkHadoopMapRedUtil: attempt_201706092018_0025_m_000002_1194: Committed
17/06/09 20:10:59 INFO mapred.SparkHadoopMapRedUtil: attempt_201706092018_0025_m_000001_1180: Committed
17/06/09 20:10:59 INFO executor.Executor: Finished task 3.0 in stage 25.0 (TID 1198). 2364 bytes result sent to driver
17/06/09 20:10:59 INFO executor.Executor: Finished task 0.0 in stage 25.0 (TID 1166). 2364 bytes result sent to driver
17/06/09 20:10:59 INFO executor.Executor: Finished task 2.0 in stage 25.0 (TID 1194). 2364 bytes result sent to driver
17/06/09 20:10:59 INFO executor.Executor: Finished task 1.0 in stage 25.0 (TID 1180). 2364 bytes result sent to driver
17/06/09 20:11:07 INFO executor.CoarseGrainedExecutorBackend: Got assigned task 1200
17/06/09 20:11:07 INFO executor.CoarseGrainedExecutorBackend: Got assigned task 1201
17/06/09 20:11:07 INFO executor.Executor: Running task 0.0 in stage 26.0 (TID 1200)
17/06/09 20:11:07 INFO executor.Executor: Running task 1.0 in stage 26.0 (TID 1201)
17/06/09 20:11:07 INFO executor.CoarseGrainedExecutorBackend: Got assigned task 1202
17/06/09 20:11:07 INFO executor.Executor: Running task 2.0 in stage 26.0 (TID 1202)
17/06/09 20:11:07 INFO executor.CoarseGrainedExecutorBackend: Got assigned task 1203
17/06/09 20:11:07 INFO executor.Executor: Running task 3.0 in stage 26.0 (TID 1203)
17/06/09 20:11:07 INFO executor.CoarseGrainedExecutorBackend: Got assigned task 1204
17/06/09 20:11:07 INFO executor.Executor: Running task 4.0 in stage 26.0 (TID 1204)
17/06/09 20:11:07 INFO broadcast.TorrentBroadcast: Started reading broadcast variable 37
17/06/09 20:11:07 INFO storage.MemoryStore: Block broadcast_37_piece0 stored as bytes in memory (estimated size 5.2 KB, free 569.5 KB)
17/06/09 20:11:07 INFO broadcast.TorrentBroadcast: Reading broadcast variable 37 took 14 ms
17/06/09 20:11:07 INFO storage.MemoryStore: Block broadcast_37 stored as values in memory (estimated size 8.8 KB, free 500.9 KB)
17/06/09 20:11:07 INFO spark.CacheManager: Partition rdd_42_0 not found, computing it
17/06/09 20:11:07 INFO rdd.HadoopRDD: Input split: hdfs://10.10.34.11:9000/pjhe/logs/2kSOSP.log:0+7292
17/06/09 20:11:07 INFO broadcast.TorrentBroadcast: Started reading broadcast variable 36
17/06/09 20:11:07 INFO spark.CacheManager: Partition rdd_42_4 not found, computing it
17/06/09 20:11:07 INFO rdd.HadoopRDD: Input split: hdfs://10.10.34.11:9000/pjhe/logs/2kSOSP.log:29168+7292
17/06/09 20:11:07 INFO spark.CacheManager: Partition rdd_42_3 not found, computing it
17/06/09 20:11:07 INFO rdd.HadoopRDD: Input split: hdfs://10.10.34.11:9000/pjhe/logs/2kSOSP.log:21876+7292
17/06/09 20:11:07 INFO spark.CacheManager: Partition rdd_42_2 not found, computing it
17/06/09 20:11:07 INFO rdd.HadoopRDD: Input split: hdfs://10.10.34.11:9000/pjhe/logs/2kSOSP.log:14584+7292
17/06/09 20:11:07 INFO spark.CacheManager: Partition rdd_42_1 not found, computing it
17/06/09 20:11:07 INFO rdd.HadoopRDD: Input split: hdfs://10.10.34.11:9000/pjhe/logs/2kSOSP.log:7292+7292
17/06/09 20:11:07 INFO storage.MemoryStore: Block broadcast_36_piece0 stored as bytes in memory (estimated size 21.4 KB, free 522.3 KB)
17/06/09 20:11:07 INFO broadcast.TorrentBroadcast: Reading broadcast variable 36 took 11 ms
17/06/09 20:11:07 INFO storage.MemoryStore: Block broadcast_36 stored as values in memory (estimated size 281.6 KB, free 803.9 KB)
17/06/09 20:11:07 INFO python.PythonRunner: Times: total = 47, boot = -8758, init = 8800, finish = 5
17/06/09 20:11:07 INFO storage.MemoryStore: Block rdd_42_0 stored as bytes in memory (estimated size 913.0 B, free 804.8 KB)
17/06/09 20:11:07 INFO python.PythonRunner: Times: total = 55, boot = -8764, init = 8814, finish = 5
17/06/09 20:11:07 INFO python.PythonRunner: Times: total = 55, boot = -8768, init = 8818, finish = 5
17/06/09 20:11:07 INFO python.PythonRunner: Times: total = 59, boot = -8772, init = 8826, finish = 5
17/06/09 20:11:07 INFO python.PythonRunner: Times: total = 60, boot = -8772, init = 8827, finish = 5
17/06/09 20:11:07 INFO storage.MemoryStore: Block rdd_42_4 stored as bytes in memory (estimated size 890.0 B, free 805.7 KB)
17/06/09 20:11:07 INFO storage.MemoryStore: Block rdd_42_2 stored as bytes in memory (estimated size 850.0 B, free 806.5 KB)
17/06/09 20:11:07 INFO storage.MemoryStore: Block rdd_42_1 stored as bytes in memory (estimated size 935.0 B, free 807.4 KB)
17/06/09 20:11:07 INFO storage.MemoryStore: Block rdd_42_3 stored as bytes in memory (estimated size 930.0 B, free 808.4 KB)
17/06/09 20:11:07 INFO python.PythonRunner: Times: total = 42, boot = 25, init = 16, finish = 1
17/06/09 20:11:07 INFO executor.Executor: Finished task 0.0 in stage 26.0 (TID 1200). 2703 bytes result sent to driver
17/06/09 20:11:07 INFO executor.CoarseGrainedExecutorBackend: Got assigned task 1205
17/06/09 20:11:07 INFO executor.Executor: Running task 5.0 in stage 26.0 (TID 1205)
17/06/09 20:11:07 INFO python.PythonRunner: Times: total = 41, boot = 21, init = 20, finish = 0
17/06/09 20:11:07 INFO python.PythonRunner: Times: total = 41, boot = 20, init = 20, finish = 1
17/06/09 20:11:07 INFO spark.CacheManager: Partition rdd_42_5 not found, computing it
17/06/09 20:11:07 INFO rdd.HadoopRDD: Input split: hdfs://10.10.34.11:9000/pjhe/logs/2kSOSP.log:36460+7292
17/06/09 20:11:07 INFO python.PythonRunner: Times: total = 42, boot = 23, init = 19, finish = 0
17/06/09 20:11:07 INFO python.PythonRunner: Times: total = 42, boot = 20, init = 21, finish = 1
17/06/09 20:11:07 INFO executor.Executor: Finished task 4.0 in stage 26.0 (TID 1204). 2703 bytes result sent to driver
17/06/09 20:11:07 INFO executor.Executor: Finished task 2.0 in stage 26.0 (TID 1202). 2703 bytes result sent to driver
17/06/09 20:11:07 INFO executor.Executor: Finished task 1.0 in stage 26.0 (TID 1201). 2703 bytes result sent to driver
17/06/09 20:11:07 INFO executor.Executor: Finished task 3.0 in stage 26.0 (TID 1203). 2703 bytes result sent to driver
17/06/09 20:11:07 INFO executor.CoarseGrainedExecutorBackend: Got assigned task 1206
17/06/09 20:11:07 INFO executor.Executor: Running task 6.0 in stage 26.0 (TID 1206)
17/06/09 20:11:07 INFO executor.CoarseGrainedExecutorBackend: Got assigned task 1207
17/06/09 20:11:07 INFO executor.Executor: Running task 7.0 in stage 26.0 (TID 1207)
17/06/09 20:11:07 INFO executor.CoarseGrainedExecutorBackend: Got assigned task 1208
17/06/09 20:11:07 INFO executor.Executor: Running task 8.0 in stage 26.0 (TID 1208)
17/06/09 20:11:07 INFO executor.CoarseGrainedExecutorBackend: Got assigned task 1209
17/06/09 20:11:07 INFO executor.Executor: Running task 9.0 in stage 26.0 (TID 1209)
17/06/09 20:11:07 INFO spark.CacheManager: Partition rdd_42_6 not found, computing it
17/06/09 20:11:07 INFO rdd.HadoopRDD: Input split: hdfs://10.10.34.11:9000/pjhe/logs/2kSOSP.log:43752+7292
17/06/09 20:11:07 INFO spark.CacheManager: Partition rdd_42_7 not found, computing it
17/06/09 20:11:07 INFO rdd.HadoopRDD: Input split: hdfs://10.10.34.11:9000/pjhe/logs/2kSOSP.log:51044+7292
17/06/09 20:11:07 INFO spark.CacheManager: Partition rdd_42_8 not found, computing it
17/06/09 20:11:07 INFO rdd.HadoopRDD: Input split: hdfs://10.10.34.11:9000/pjhe/logs/2kSOSP.log:58336+7292
17/06/09 20:11:07 INFO spark.CacheManager: Partition rdd_42_9 not found, computing it
17/06/09 20:11:07 INFO rdd.HadoopRDD: Input split: hdfs://10.10.34.11:9000/pjhe/logs/2kSOSP.log:65628+7292
17/06/09 20:11:08 INFO python.PythonRunner: Times: total = 54, boot = 21, init = 28, finish = 5
17/06/09 20:11:08 INFO storage.MemoryStore: Block rdd_42_5 stored as bytes in memory (estimated size 930.0 B, free 809.3 KB)
17/06/09 20:11:08 INFO python.PythonRunner: Times: total = 57, boot = 11, init = 41, finish = 5
17/06/09 20:11:08 INFO python.PythonRunner: Times: total = 53, boot = 7, init = 41, finish = 5
17/06/09 20:11:08 INFO python.PythonRunner: Times: total = 58, boot = 7, init = 46, finish = 5
17/06/09 20:11:08 INFO storage.MemoryStore: Block rdd_42_6 stored as bytes in memory (estimated size 559.0 B, free 809.8 KB)
17/06/09 20:11:08 INFO storage.MemoryStore: Block rdd_42_9 stored as bytes in memory (estimated size 950.0 B, free 810.7 KB)
17/06/09 20:11:08 INFO python.PythonRunner: Times: total = 65, boot = 10, init = 45, finish = 10
17/06/09 20:11:08 INFO storage.MemoryStore: Block rdd_42_8 stored as bytes in memory (estimated size 869.0 B, free 811.6 KB)
17/06/09 20:11:08 INFO storage.MemoryStore: Block rdd_42_7 stored as bytes in memory (estimated size 640.0 B, free 812.2 KB)
17/06/09 20:11:08 INFO python.PythonRunner: Times: total = 45, boot = 19, init = 26, finish = 0
17/06/09 20:11:08 INFO executor.Executor: Finished task 5.0 in stage 26.0 (TID 1205). 2705 bytes result sent to driver
17/06/09 20:11:08 INFO executor.CoarseGrainedExecutorBackend: Got assigned task 1210
17/06/09 20:11:08 INFO executor.Executor: Running task 10.0 in stage 26.0 (TID 1210)
17/06/09 20:11:08 INFO spark.CacheManager: Partition rdd_42_10 not found, computing it
17/06/09 20:11:08 INFO rdd.HadoopRDD: Input split: hdfs://10.10.34.11:9000/pjhe/logs/2kSOSP.log:72920+7292
17/06/09 20:11:08 INFO python.PythonRunner: Times: total = 41, boot = 24, init = 17, finish = 0
17/06/09 20:11:08 INFO python.PythonRunner: Times: total = 38, boot = 18, init = 20, finish = 0
17/06/09 20:11:08 INFO python.PythonRunner: Times: total = 39, boot = 18, init = 21, finish = 0
17/06/09 20:11:08 INFO executor.Executor: Finished task 6.0 in stage 26.0 (TID 1206). 2697 bytes result sent to driver
17/06/09 20:11:08 INFO executor.Executor: Finished task 9.0 in stage 26.0 (TID 1209). 2703 bytes result sent to driver
17/06/09 20:11:08 INFO executor.Executor: Finished task 8.0 in stage 26.0 (TID 1208). 2703 bytes result sent to driver
17/06/09 20:11:08 INFO python.PythonRunner: Times: total = 42, boot = 22, init = 19, finish = 1
17/06/09 20:11:08 INFO executor.CoarseGrainedExecutorBackend: Got assigned task 1211
17/06/09 20:11:08 INFO executor.Executor: Running task 11.0 in stage 26.0 (TID 1211)
17/06/09 20:11:08 INFO executor.CoarseGrainedExecutorBackend: Got assigned task 1212
17/06/09 20:11:08 INFO executor.Executor: Running task 12.0 in stage 26.0 (TID 1212)
17/06/09 20:11:08 INFO executor.Executor: Finished task 7.0 in stage 26.0 (TID 1207). 2699 bytes result sent to driver
17/06/09 20:11:08 INFO executor.CoarseGrainedExecutorBackend: Got assigned task 1213
17/06/09 20:11:08 INFO executor.Executor: Running task 13.0 in stage 26.0 (TID 1213)
17/06/09 20:11:08 INFO spark.CacheManager: Partition rdd_42_11 not found, computing it
17/06/09 20:11:08 INFO rdd.HadoopRDD: Input split: hdfs://10.10.34.11:9000/pjhe/logs/2kSOSP.log:80212+7292
17/06/09 20:11:08 INFO executor.CoarseGrainedExecutorBackend: Got assigned task 1214
17/06/09 20:11:08 INFO executor.Executor: Running task 14.0 in stage 26.0 (TID 1214)
17/06/09 20:11:08 INFO spark.CacheManager: Partition rdd_42_12 not found, computing it
17/06/09 20:11:08 INFO rdd.HadoopRDD: Input split: hdfs://10.10.34.11:9000/pjhe/logs/2kSOSP.log:87504+7292
17/06/09 20:11:08 INFO spark.CacheManager: Partition rdd_42_13 not found, computing it
17/06/09 20:11:08 INFO rdd.HadoopRDD: Input split: hdfs://10.10.34.11:9000/pjhe/logs/2kSOSP.log:94796+7292
17/06/09 20:11:08 INFO spark.CacheManager: Partition rdd_42_14 not found, computing it
17/06/09 20:11:08 INFO rdd.HadoopRDD: Input split: hdfs://10.10.34.11:9000/pjhe/logs/2kSOSP.log:102088+7292
17/06/09 20:11:08 INFO python.PythonRunner: Times: total = 48, boot = 8, init = 35, finish = 5
17/06/09 20:11:08 INFO storage.MemoryStore: Block rdd_42_10 stored as bytes in memory (estimated size 948.0 B, free 813.1 KB)
17/06/09 20:11:08 INFO python.PythonRunner: Times: total = 48, boot = 10, init = 33, finish = 5
17/06/09 20:11:08 INFO storage.MemoryStore: Block rdd_42_11 stored as bytes in memory (estimated size 920.0 B, free 814.0 KB)
17/06/09 20:11:08 INFO python.PythonRunner: Times: total = 51, boot = 3, init = 43, finish = 5
17/06/09 20:11:08 INFO storage.MemoryStore: Block rdd_42_13 stored as bytes in memory (estimated size 912.0 B, free 814.9 KB)
17/06/09 20:11:08 INFO python.PythonRunner: Times: total = 56, boot = 10, init = 40, finish = 6
17/06/09 20:11:08 INFO python.PythonRunner: Times: total = 58, boot = 13, init = 40, finish = 5
17/06/09 20:11:08 INFO storage.MemoryStore: Block rdd_42_12 stored as bytes in memory (estimated size 852.0 B, free 815.8 KB)
17/06/09 20:11:08 INFO storage.MemoryStore: Block rdd_42_14 stored as bytes in memory (estimated size 834.0 B, free 816.6 KB)
17/06/09 20:11:08 INFO python.PythonRunner: Times: total = 42, boot = 17, init = 24, finish = 1
17/06/09 20:11:08 INFO executor.Executor: Finished task 10.0 in stage 26.0 (TID 1210). 2703 bytes result sent to driver
17/06/09 20:11:08 INFO executor.CoarseGrainedExecutorBackend: Got assigned task 1215
17/06/09 20:11:08 INFO executor.Executor: Running task 15.0 in stage 26.0 (TID 1215)
17/06/09 20:11:08 INFO spark.CacheManager: Partition rdd_42_15 not found, computing it
17/06/09 20:11:08 INFO rdd.HadoopRDD: Input split: hdfs://10.10.34.11:9000/pjhe/logs/2kSOSP.log:109380+7292
17/06/09 20:11:08 INFO python.PythonRunner: Times: total = 41, boot = 21, init = 20, finish = 0
17/06/09 20:11:08 INFO python.PythonRunner: Times: total = 39, boot = 20, init = 18, finish = 1
17/06/09 20:11:08 INFO executor.Executor: Finished task 11.0 in stage 26.0 (TID 1211). 2703 bytes result sent to driver
17/06/09 20:11:08 INFO executor.Executor: Finished task 13.0 in stage 26.0 (TID 1213). 2703 bytes result sent to driver
17/06/09 20:11:08 INFO executor.CoarseGrainedExecutorBackend: Got assigned task 1216
17/06/09 20:11:08 INFO executor.Executor: Running task 16.0 in stage 26.0 (TID 1216)
17/06/09 20:11:08 INFO python.PythonRunner: Times: total = 40, boot = 22, init = 18, finish = 0
17/06/09 20:11:08 INFO executor.CoarseGrainedExecutorBackend: Got assigned task 1217
17/06/09 20:11:08 INFO python.PythonRunner: Times: total = 39, boot = 24, init = 14, finish = 1
17/06/09 20:11:08 INFO executor.Executor: Running task 17.0 in stage 26.0 (TID 1217)
17/06/09 20:11:08 INFO spark.CacheManager: Partition rdd_42_16 not found, computing it
17/06/09 20:11:08 INFO rdd.HadoopRDD: Input split: hdfs://10.10.34.11:9000/pjhe/logs/2kSOSP.log:116672+7292
17/06/09 20:11:08 INFO executor.Executor: Finished task 12.0 in stage 26.0 (TID 1212). 2703 bytes result sent to driver
17/06/09 20:11:08 INFO executor.Executor: Finished task 14.0 in stage 26.0 (TID 1214). 2703 bytes result sent to driver
17/06/09 20:11:08 INFO spark.CacheManager: Partition rdd_42_17 not found, computing it
17/06/09 20:11:08 INFO rdd.HadoopRDD: Input split: hdfs://10.10.34.11:9000/pjhe/logs/2kSOSP.log:123964+7292
17/06/09 20:11:08 INFO executor.CoarseGrainedExecutorBackend: Got assigned task 1218
17/06/09 20:11:08 INFO executor.Executor: Running task 18.0 in stage 26.0 (TID 1218)
17/06/09 20:11:08 INFO executor.CoarseGrainedExecutorBackend: Got assigned task 1219
17/06/09 20:11:08 INFO executor.Executor: Running task 19.0 in stage 26.0 (TID 1219)
17/06/09 20:11:08 INFO spark.CacheManager: Partition rdd_42_18 not found, computing it
17/06/09 20:11:08 INFO rdd.HadoopRDD: Input split: hdfs://10.10.34.11:9000/pjhe/logs/2kSOSP.log:131256+7292
17/06/09 20:11:08 INFO spark.CacheManager: Partition rdd_42_19 not found, computing it
17/06/09 20:11:08 INFO rdd.HadoopRDD: Input split: hdfs://10.10.34.11:9000/pjhe/logs/2kSOSP.log:138548+7292
17/06/09 20:11:08 INFO python.PythonRunner: Times: total = 49, boot = 16, init = 28, finish = 5
17/06/09 20:11:08 INFO storage.MemoryStore: Block rdd_42_15 stored as bytes in memory (estimated size 913.0 B, free 817.5 KB)
17/06/09 20:11:08 INFO python.PythonRunner: Times: total = 53, boot = 14, init = 34, finish = 5
17/06/09 20:11:08 INFO python.PythonRunner: Times: total = 52, boot = 13, init = 34, finish = 5
17/06/09 20:11:08 INFO storage.MemoryStore: Block rdd_42_16 stored as bytes in memory (estimated size 748.0 B, free 818.2 KB)
17/06/09 20:11:08 INFO storage.MemoryStore: Block rdd_42_17 stored as bytes in memory (estimated size 836.0 B, free 819.0 KB)
17/06/09 20:11:08 INFO python.PythonRunner: Times: total = 50, boot = 7, init = 38, finish = 5
17/06/09 20:11:08 INFO python.PythonRunner: Times: total = 52, boot = 2, init = 45, finish = 5
17/06/09 20:11:08 INFO storage.MemoryStore: Block rdd_42_19 stored as bytes in memory (estimated size 920.0 B, free 819.9 KB)
17/06/09 20:11:08 INFO storage.MemoryStore: Block rdd_42_18 stored as bytes in memory (estimated size 955.0 B, free 820.8 KB)
17/06/09 20:11:08 INFO python.PythonRunner: Times: total = 38, boot = 16, init = 22, finish = 0
17/06/09 20:11:08 INFO executor.Executor: Finished task 15.0 in stage 26.0 (TID 1215). 2705 bytes result sent to driver
17/06/09 20:11:08 INFO executor.CoarseGrainedExecutorBackend: Got assigned task 1220
17/06/09 20:11:08 INFO executor.Executor: Running task 20.0 in stage 26.0 (TID 1220)
17/06/09 20:11:08 INFO spark.CacheManager: Partition rdd_42_20 not found, computing it
17/06/09 20:11:08 INFO rdd.HadoopRDD: Input split: hdfs://10.10.34.11:9000/pjhe/logs/2kSOSP.log:145840+7292
17/06/09 20:11:08 INFO python.PythonRunner: Times: total = 38, boot = 24, init = 14, finish = 0
17/06/09 20:11:08 INFO python.PythonRunner: Times: total = 43, boot = 23, init = 19, finish = 1
17/06/09 20:11:08 INFO executor.Executor: Finished task 16.0 in stage 26.0 (TID 1216). 2701 bytes result sent to driver
17/06/09 20:11:08 INFO executor.Executor: Finished task 17.0 in stage 26.0 (TID 1217). 2701 bytes result sent to driver
17/06/09 20:11:08 INFO executor.CoarseGrainedExecutorBackend: Got assigned task 1221
17/06/09 20:11:08 INFO executor.Executor: Running task 21.0 in stage 26.0 (TID 1221)
17/06/09 20:11:08 INFO executor.CoarseGrainedExecutorBackend: Got assigned task 1222
17/06/09 20:11:08 INFO executor.Executor: Running task 22.0 in stage 26.0 (TID 1222)
17/06/09 20:11:08 INFO spark.CacheManager: Partition rdd_42_21 not found, computing it
17/06/09 20:11:08 INFO rdd.HadoopRDD: Input split: hdfs://10.10.34.11:9000/pjhe/logs/2kSOSP.log:153132+7292
17/06/09 20:11:08 INFO spark.CacheManager: Partition rdd_42_22 not found, computing it
17/06/09 20:11:08 INFO rdd.HadoopRDD: Input split: hdfs://10.10.34.11:9000/pjhe/logs/2kSOSP.log:160424+7292
17/06/09 20:11:08 INFO python.PythonRunner: Times: total = 38, boot = 20, init = 18, finish = 0
17/06/09 20:11:08 INFO python.PythonRunner: Times: total = 41, boot = 20, init = 21, finish = 0
17/06/09 20:11:08 INFO executor.Executor: Finished task 18.0 in stage 26.0 (TID 1218). 2703 bytes result sent to driver
17/06/09 20:11:08 INFO executor.Executor: Finished task 19.0 in stage 26.0 (TID 1219). 2705 bytes result sent to driver
17/06/09 20:11:08 INFO executor.CoarseGrainedExecutorBackend: Got assigned task 1223
17/06/09 20:11:08 INFO executor.Executor: Running task 23.0 in stage 26.0 (TID 1223)
17/06/09 20:11:08 INFO executor.CoarseGrainedExecutorBackend: Got assigned task 1224
17/06/09 20:11:08 INFO executor.Executor: Running task 24.0 in stage 26.0 (TID 1224)
17/06/09 20:11:08 INFO spark.CacheManager: Partition rdd_42_23 not found, computing it
17/06/09 20:11:08 INFO rdd.HadoopRDD: Input split: hdfs://10.10.34.11:9000/pjhe/logs/2kSOSP.log:167716+7292
17/06/09 20:11:08 INFO spark.CacheManager: Partition rdd_42_24 not found, computing it
17/06/09 20:11:08 INFO rdd.HadoopRDD: Input split: hdfs://10.10.34.11:9000/pjhe/logs/2kSOSP.log:175008+7292
17/06/09 20:11:08 INFO python.PythonRunner: Times: total = 47, boot = 5, init = 37, finish = 5
17/06/09 20:11:08 INFO storage.MemoryStore: Block rdd_42_20 stored as bytes in memory (estimated size 917.0 B, free 821.7 KB)
17/06/09 20:11:08 INFO python.PythonRunner: Times: total = 53, boot = 15, init = 33, finish = 5
17/06/09 20:11:08 INFO python.PythonRunner: Times: total = 54, boot = 17, init = 32, finish = 5
17/06/09 20:11:08 INFO storage.MemoryStore: Block rdd_42_22 stored as bytes in memory (estimated size 737.0 B, free 822.5 KB)
17/06/09 20:11:08 INFO storage.MemoryStore: Block rdd_42_21 stored as bytes in memory (estimated size 922.0 B, free 823.4 KB)
17/06/09 20:11:08 INFO python.PythonRunner: Times: total = 50, boot = 4, init = 41, finish = 5
17/06/09 20:11:08 INFO python.PythonRunner: Times: total = 54, boot = 8, init = 41, finish = 5
17/06/09 20:11:08 INFO storage.MemoryStore: Block rdd_42_24 stored as bytes in memory (estimated size 858.0 B, free 824.2 KB)
17/06/09 20:11:08 INFO python.PythonRunner: Times: total = 40, boot = 13, init = 26, finish = 1
17/06/09 20:11:08 INFO storage.MemoryStore: Block rdd_42_23 stored as bytes in memory (estimated size 914.0 B, free 825.1 KB)
17/06/09 20:11:08 INFO executor.Executor: Finished task 20.0 in stage 26.0 (TID 1220). 2703 bytes result sent to driver
17/06/09 20:11:08 INFO executor.CoarseGrainedExecutorBackend: Got assigned task 1225
17/06/09 20:11:08 INFO executor.Executor: Running task 25.0 in stage 26.0 (TID 1225)
17/06/09 20:11:08 INFO spark.CacheManager: Partition rdd_42_25 not found, computing it
17/06/09 20:11:08 INFO rdd.HadoopRDD: Input split: hdfs://10.10.34.11:9000/pjhe/logs/2kSOSP.log:182300+7292
17/06/09 20:11:08 INFO python.PythonRunner: Times: total = 42, boot = 26, init = 16, finish = 0
17/06/09 20:11:08 INFO python.PythonRunner: Times: total = 39, boot = 23, init = 16, finish = 0
17/06/09 20:11:08 INFO executor.Executor: Finished task 22.0 in stage 26.0 (TID 1222). 2703 bytes result sent to driver
17/06/09 20:11:08 INFO executor.Executor: Finished task 21.0 in stage 26.0 (TID 1221). 2705 bytes result sent to driver
17/06/09 20:11:08 INFO executor.CoarseGrainedExecutorBackend: Got assigned task 1226
17/06/09 20:11:08 INFO executor.Executor: Running task 26.0 in stage 26.0 (TID 1226)
17/06/09 20:11:08 INFO executor.CoarseGrainedExecutorBackend: Got assigned task 1227
17/06/09 20:11:08 INFO executor.Executor: Running task 27.0 in stage 26.0 (TID 1227)
17/06/09 20:11:08 INFO spark.CacheManager: Partition rdd_42_26 not found, computing it
17/06/09 20:11:08 INFO rdd.HadoopRDD: Input split: hdfs://10.10.34.11:9000/pjhe/logs/2kSOSP.log:189592+7292
17/06/09 20:11:08 INFO python.PythonRunner: Times: total = 38, boot = 21, init = 17, finish = 0
17/06/09 20:11:08 INFO python.PythonRunner: Times: total = 42, boot = 20, init = 22, finish = 0
17/06/09 20:11:08 INFO spark.CacheManager: Partition rdd_42_27 not found, computing it
17/06/09 20:11:08 INFO rdd.HadoopRDD: Input split: hdfs://10.10.34.11:9000/pjhe/logs/2kSOSP.log:196884+7292
17/06/09 20:11:08 INFO executor.Executor: Finished task 23.0 in stage 26.0 (TID 1223). 2703 bytes result sent to driver
17/06/09 20:11:08 INFO executor.Executor: Finished task 24.0 in stage 26.0 (TID 1224). 2703 bytes result sent to driver
17/06/09 20:11:08 INFO executor.CoarseGrainedExecutorBackend: Got assigned task 1228
17/06/09 20:11:08 INFO executor.Executor: Running task 28.0 in stage 26.0 (TID 1228)
17/06/09 20:11:08 INFO executor.CoarseGrainedExecutorBackend: Got assigned task 1229
17/06/09 20:11:08 INFO executor.Executor: Running task 29.0 in stage 26.0 (TID 1229)
17/06/09 20:11:08 INFO spark.CacheManager: Partition rdd_42_28 not found, computing it
17/06/09 20:11:08 INFO rdd.HadoopRDD: Input split: hdfs://10.10.34.11:9000/pjhe/logs/2kSOSP.log:204176+7292
17/06/09 20:11:08 INFO spark.CacheManager: Partition rdd_42_29 not found, computing it
17/06/09 20:11:08 INFO rdd.HadoopRDD: Input split: hdfs://10.10.34.11:9000/pjhe/logs/2kSOSP.log:211468+7292
17/06/09 20:11:08 INFO python.PythonRunner: Times: total = 48, boot = 5, init = 38, finish = 5
17/06/09 20:11:08 INFO storage.MemoryStore: Block rdd_42_25 stored as bytes in memory (estimated size 950.0 B, free 826.0 KB)
17/06/09 20:11:08 INFO python.PythonRunner: Times: total = 52, boot = 7, init = 40, finish = 5
17/06/09 20:11:08 INFO python.PythonRunner: Times: total = 56, boot = 7, init = 44, finish = 5
17/06/09 20:11:08 INFO storage.MemoryStore: Block rdd_42_27 stored as bytes in memory (estimated size 790.0 B, free 826.8 KB)
17/06/09 20:11:08 INFO storage.MemoryStore: Block rdd_42_26 stored as bytes in memory (estimated size 872.0 B, free 827.6 KB)
17/06/09 20:11:08 INFO python.PythonRunner: Times: total = 52, boot = 7, init = 40, finish = 5
17/06/09 20:11:08 INFO python.PythonRunner: Times: total = 41, boot = 16, init = 25, finish = 0
17/06/09 20:11:08 INFO python.PythonRunner: Times: total = 54, boot = 5, init = 41, finish = 8
17/06/09 20:11:08 INFO storage.MemoryStore: Block rdd_42_28 stored as bytes in memory (estimated size 901.0 B, free 828.5 KB)
17/06/09 20:11:08 INFO executor.Executor: Finished task 25.0 in stage 26.0 (TID 1225). 2705 bytes result sent to driver
17/06/09 20:11:08 INFO storage.MemoryStore: Block rdd_42_29 stored as bytes in memory (estimated size 901.0 B, free 829.4 KB)
17/06/09 20:11:08 INFO executor.CoarseGrainedExecutorBackend: Got assigned task 1230
17/06/09 20:11:08 INFO executor.Executor: Running task 30.0 in stage 26.0 (TID 1230)
17/06/09 20:11:08 INFO spark.CacheManager: Partition rdd_42_30 not found, computing it
17/06/09 20:11:08 INFO rdd.HadoopRDD: Input split: hdfs://10.10.34.11:9000/pjhe/logs/2kSOSP.log:218760+7292
17/06/09 20:11:08 INFO python.PythonRunner: Times: total = 38, boot = 34, init = 4, finish = 0
17/06/09 20:11:08 INFO python.PythonRunner: Times: total = 42, boot = 24, init = 17, finish = 1
17/06/09 20:11:08 INFO executor.Executor: Finished task 26.0 in stage 26.0 (TID 1226). 2705 bytes result sent to driver
17/06/09 20:11:08 INFO executor.Executor: Finished task 27.0 in stage 26.0 (TID 1227). 2701 bytes result sent to driver
17/06/09 20:11:08 INFO executor.CoarseGrainedExecutorBackend: Got assigned task 1231
17/06/09 20:11:08 INFO executor.Executor: Running task 31.0 in stage 26.0 (TID 1231)
17/06/09 20:11:08 INFO executor.CoarseGrainedExecutorBackend: Got assigned task 1232
17/06/09 20:11:08 INFO executor.Executor: Running task 32.0 in stage 26.0 (TID 1232)
17/06/09 20:11:08 INFO python.PythonRunner: Times: total = 42, boot = 22, init = 19, finish = 1
17/06/09 20:11:08 INFO spark.CacheManager: Partition rdd_42_31 not found, computing it
17/06/09 20:11:08 INFO rdd.HadoopRDD: Input split: hdfs://10.10.34.11:9000/pjhe/logs/2kSOSP.log:226052+7292
17/06/09 20:11:08 INFO spark.CacheManager: Partition rdd_42_32 not found, computing it
17/06/09 20:11:08 INFO rdd.HadoopRDD: Input split: hdfs://10.10.34.11:9000/pjhe/logs/2kSOSP.log:233344+7292
17/06/09 20:11:08 INFO python.PythonRunner: Times: total = 39, boot = 20, init = 18, finish = 1
17/06/09 20:11:08 INFO executor.Executor: Finished task 28.0 in stage 26.0 (TID 1228). 2705 bytes result sent to driver
17/06/09 20:11:08 INFO executor.Executor: Finished task 29.0 in stage 26.0 (TID 1229). 2705 bytes result sent to driver
17/06/09 20:11:08 INFO executor.CoarseGrainedExecutorBackend: Got assigned task 1233
17/06/09 20:11:08 INFO executor.Executor: Running task 33.0 in stage 26.0 (TID 1233)
17/06/09 20:11:08 INFO executor.CoarseGrainedExecutorBackend: Got assigned task 1234
17/06/09 20:11:08 INFO executor.Executor: Running task 34.0 in stage 26.0 (TID 1234)
17/06/09 20:11:08 INFO spark.CacheManager: Partition rdd_42_34 not found, computing it
17/06/09 20:11:08 INFO rdd.HadoopRDD: Input split: hdfs://10.10.34.11:9000/pjhe/logs/2kSOSP.log:247928+7292
17/06/09 20:11:08 INFO spark.CacheManager: Partition rdd_42_33 not found, computing it
17/06/09 20:11:08 INFO rdd.HadoopRDD: Input split: hdfs://10.10.34.11:9000/pjhe/logs/2kSOSP.log:240636+7292
17/06/09 20:11:08 INFO python.PythonRunner: Times: total = 46, boot = 16, init = 25, finish = 5
17/06/09 20:11:08 INFO storage.MemoryStore: Block rdd_42_30 stored as bytes in memory (estimated size 906.0 B, free 830.3 KB)
17/06/09 20:11:08 INFO python.PythonRunner: Times: total = 51, boot = 12, init = 34, finish = 5
17/06/09 20:11:08 INFO python.PythonRunner: Times: total = 50, boot = 3, init = 42, finish = 5
17/06/09 20:11:08 INFO storage.MemoryStore: Block rdd_42_31 stored as bytes in memory (estimated size 827.0 B, free 831.1 KB)
17/06/09 20:11:08 INFO storage.MemoryStore: Block rdd_42_32 stored as bytes in memory (estimated size 993.0 B, free 832.1 KB)
17/06/09 20:11:08 INFO python.PythonRunner: Times: total = 41, boot = 18, init = 23, finish = 0
17/06/09 20:11:08 INFO executor.Executor: Finished task 30.0 in stage 26.0 (TID 1230). 2703 bytes result sent to driver
17/06/09 20:11:08 INFO python.PythonRunner: Times: total = 50, boot = 6, init = 39, finish = 5
17/06/09 20:11:08 INFO executor.CoarseGrainedExecutorBackend: Got assigned task 1235
17/06/09 20:11:08 INFO executor.Executor: Running task 35.0 in stage 26.0 (TID 1235)
17/06/09 20:11:08 INFO python.PythonRunner: Times: total = 50, boot = 2, init = 43, finish = 5
17/06/09 20:11:08 INFO storage.MemoryStore: Block rdd_42_34 stored as bytes in memory (estimated size 842.0 B, free 832.9 KB)
17/06/09 20:11:08 INFO spark.CacheManager: Partition rdd_42_35 not found, computing it
17/06/09 20:11:08 INFO rdd.HadoopRDD: Input split: hdfs://10.10.34.11:9000/pjhe/logs/2kSOSP.log:255220+7292
17/06/09 20:11:08 INFO storage.MemoryStore: Block rdd_42_33 stored as bytes in memory (estimated size 869.0 B, free 833.7 KB)
17/06/09 20:11:08 INFO python.PythonRunner: Times: total = 42, boot = 24, init = 18, finish = 0
17/06/09 20:11:08 INFO python.PythonRunner: Times: total = 38, boot = 23, init = 15, finish = 0
17/06/09 20:11:08 INFO executor.Executor: Finished task 32.0 in stage 26.0 (TID 1232). 2703 bytes result sent to driver
17/06/09 20:11:08 INFO executor.Executor: Finished task 31.0 in stage 26.0 (TID 1231). 2703 bytes result sent to driver
17/06/09 20:11:08 INFO executor.CoarseGrainedExecutorBackend: Got assigned task 1236
17/06/09 20:11:08 INFO executor.Executor: Running task 36.0 in stage 26.0 (TID 1236)
17/06/09 20:11:08 INFO executor.CoarseGrainedExecutorBackend: Got assigned task 1237
17/06/09 20:11:08 INFO executor.Executor: Running task 37.0 in stage 26.0 (TID 1237)
17/06/09 20:11:08 INFO spark.CacheManager: Partition rdd_42_36 not found, computing it
17/06/09 20:11:08 INFO rdd.HadoopRDD: Input split: hdfs://10.10.34.11:9000/pjhe/logs/2kSOSP.log:262512+7292
17/06/09 20:11:08 INFO spark.CacheManager: Partition rdd_42_37 not found, computing it
17/06/09 20:11:08 INFO python.PythonRunner: Times: total = 43, boot = 17, init = 25, finish = 1
17/06/09 20:11:08 INFO rdd.HadoopRDD: Input split: hdfs://10.10.34.11:9000/pjhe/logs/2kSOSP.log:269804+7292
17/06/09 20:11:08 INFO python.PythonRunner: Times: total = 38, boot = 12, init = 26, finish = 0
17/06/09 20:11:08 INFO executor.Executor: Finished task 34.0 in stage 26.0 (TID 1234). 2703 bytes result sent to driver
17/06/09 20:11:08 INFO executor.Executor: Finished task 33.0 in stage 26.0 (TID 1233). 2703 bytes result sent to driver
17/06/09 20:11:08 INFO executor.CoarseGrainedExecutorBackend: Got assigned task 1238
17/06/09 20:11:08 INFO executor.Executor: Running task 38.0 in stage 26.0 (TID 1238)
17/06/09 20:11:08 INFO executor.CoarseGrainedExecutorBackend: Got assigned task 1239
17/06/09 20:11:08 INFO executor.Executor: Running task 39.0 in stage 26.0 (TID 1239)
17/06/09 20:11:08 INFO python.PythonRunner: Times: total = 47, boot = 17, init = 23, finish = 7
17/06/09 20:11:08 INFO spark.CacheManager: Partition rdd_42_38 not found, computing it
17/06/09 20:11:08 INFO rdd.HadoopRDD: Input split: hdfs://10.10.34.11:9000/pjhe/logs/2kSOSP.log:277096+7292
17/06/09 20:11:08 INFO spark.CacheManager: Partition rdd_42_39 not found, computing it
17/06/09 20:11:08 INFO rdd.HadoopRDD: Input split: hdfs://10.10.34.11:9000/pjhe/logs/2kSOSP.log:284388+7303
17/06/09 20:11:08 INFO storage.MemoryStore: Block rdd_42_35 stored as bytes in memory (estimated size 917.0 B, free 834.6 KB)
17/06/09 20:11:08 INFO python.PythonRunner: Times: total = 53, boot = 8, init = 40, finish = 5
17/06/09 20:11:08 INFO python.PythonRunner: Times: total = 53, boot = 12, init = 36, finish = 5
17/06/09 20:11:08 INFO storage.MemoryStore: Block rdd_42_37 stored as bytes in memory (estimated size 939.0 B, free 835.5 KB)
17/06/09 20:11:08 INFO storage.MemoryStore: Block rdd_42_36 stored as bytes in memory (estimated size 912.0 B, free 836.4 KB)
17/06/09 20:11:08 INFO python.PythonRunner: Times: total = 41, boot = 9, init = 31, finish = 1
17/06/09 20:11:08 INFO executor.Executor: Finished task 35.0 in stage 26.0 (TID 1235). 2705 bytes result sent to driver
17/06/09 20:11:08 INFO python.PythonRunner: Times: total = 48, boot = 17, init = 25, finish = 6
17/06/09 20:11:08 INFO python.PythonRunner: Times: total = 51, boot = 8, init = 38, finish = 5
17/06/09 20:11:08 INFO storage.MemoryStore: Block rdd_42_38 stored as bytes in memory (estimated size 974.0 B, free 837.4 KB)
17/06/09 20:11:08 INFO storage.MemoryStore: Block rdd_42_39 stored as bytes in memory (estimated size 877.0 B, free 838.2 KB)
17/06/09 20:11:08 INFO python.PythonRunner: Times: total = 40, boot = 24, init = 16, finish = 0
17/06/09 20:11:08 INFO python.PythonRunner: Times: total = 42, boot = 22, init = 19, finish = 1
17/06/09 20:11:08 INFO executor.Executor: Finished task 36.0 in stage 26.0 (TID 1236). 2705 bytes result sent to driver
17/06/09 20:11:08 INFO executor.Executor: Finished task 37.0 in stage 26.0 (TID 1237). 2705 bytes result sent to driver
17/06/09 20:11:08 INFO python.PythonRunner: Times: total = 40, boot = 13, init = 27, finish = 0
17/06/09 20:11:08 INFO python.PythonRunner: Times: total = 38, boot = 18, init = 20, finish = 0
17/06/09 20:11:08 INFO executor.Executor: Finished task 38.0 in stage 26.0 (TID 1238). 2703 bytes result sent to driver
17/06/09 20:11:08 INFO executor.Executor: Finished task 39.0 in stage 26.0 (TID 1239). 2703 bytes result sent to driver
17/06/09 20:11:08 INFO executor.CoarseGrainedExecutorBackend: Got assigned task 1240
17/06/09 20:11:08 INFO executor.Executor: Running task 0.0 in stage 27.0 (TID 1240)
17/06/09 20:11:08 INFO executor.CoarseGrainedExecutorBackend: Got assigned task 1241
17/06/09 20:11:08 INFO executor.Executor: Running task 1.0 in stage 27.0 (TID 1241)
17/06/09 20:11:08 INFO executor.CoarseGrainedExecutorBackend: Got assigned task 1242
17/06/09 20:11:08 INFO broadcast.TorrentBroadcast: Started reading broadcast variable 38
17/06/09 20:11:08 INFO executor.Executor: Running task 2.0 in stage 27.0 (TID 1242)
17/06/09 20:11:08 INFO executor.CoarseGrainedExecutorBackend: Got assigned task 1243
17/06/09 20:11:08 INFO executor.Executor: Running task 3.0 in stage 27.0 (TID 1243)
17/06/09 20:11:08 INFO executor.CoarseGrainedExecutorBackend: Got assigned task 1244
17/06/09 20:11:08 INFO executor.Executor: Running task 4.0 in stage 27.0 (TID 1244)
17/06/09 20:11:08 INFO storage.MemoryStore: Block broadcast_38_piece0 stored as bytes in memory (estimated size 5.8 KB, free 844.0 KB)
17/06/09 20:11:08 INFO broadcast.TorrentBroadcast: Reading broadcast variable 38 took 11 ms
17/06/09 20:11:08 INFO storage.MemoryStore: Block broadcast_38 stored as values in memory (estimated size 9.6 KB, free 853.7 KB)
17/06/09 20:11:08 INFO storage.BlockManager: Found block rdd_42_0 locally
17/06/09 20:11:08 INFO storage.BlockManager: Found block rdd_42_4 locally
17/06/09 20:11:08 INFO storage.BlockManager: Found block rdd_42_2 locally
17/06/09 20:11:08 INFO storage.BlockManager: Found block rdd_42_3 locally
17/06/09 20:11:08 INFO storage.BlockManager: Found block rdd_42_1 locally
17/06/09 20:11:08 INFO python.PythonRunner: Times: total = 39, boot = -108, init = 146, finish = 1
17/06/09 20:11:08 INFO python.PythonRunner: Times: total = 42, boot = -77, init = 118, finish = 1
17/06/09 20:11:08 INFO executor.Executor: Finished task 0.0 in stage 27.0 (TID 1240). 2474 bytes result sent to driver
17/06/09 20:11:08 INFO python.PythonRunner: Times: total = 41, boot = -71, init = 111, finish = 1
17/06/09 20:11:08 INFO python.PythonRunner: Times: total = 39, boot = -64, init = 102, finish = 1
17/06/09 20:11:08 INFO executor.Executor: Finished task 4.0 in stage 27.0 (TID 1244). 2685 bytes result sent to driver
17/06/09 20:11:08 INFO python.PythonRunner: Times: total = 42, boot = -66, init = 107, finish = 1
17/06/09 20:11:08 INFO executor.Executor: Finished task 2.0 in stage 27.0 (TID 1242). 2523 bytes result sent to driver
17/06/09 20:11:08 INFO executor.CoarseGrainedExecutorBackend: Got assigned task 1245
17/06/09 20:11:08 INFO executor.Executor: Running task 5.0 in stage 27.0 (TID 1245)
17/06/09 20:11:08 INFO executor.Executor: Finished task 3.0 in stage 27.0 (TID 1243). 2651 bytes result sent to driver
17/06/09 20:11:08 INFO executor.CoarseGrainedExecutorBackend: Got assigned task 1246
17/06/09 20:11:08 INFO executor.Executor: Finished task 1.0 in stage 27.0 (TID 1241). 2428 bytes result sent to driver
17/06/09 20:11:08 INFO executor.Executor: Running task 6.0 in stage 27.0 (TID 1246)
17/06/09 20:11:08 INFO executor.CoarseGrainedExecutorBackend: Got assigned task 1247
17/06/09 20:11:08 INFO executor.Executor: Running task 7.0 in stage 27.0 (TID 1247)
17/06/09 20:11:08 INFO storage.BlockManager: Found block rdd_42_5 locally
17/06/09 20:11:08 INFO executor.CoarseGrainedExecutorBackend: Got assigned task 1248
17/06/09 20:11:09 INFO executor.Executor: Running task 8.0 in stage 27.0 (TID 1248)
17/06/09 20:11:09 INFO executor.CoarseGrainedExecutorBackend: Got assigned task 1249
17/06/09 20:11:09 INFO executor.Executor: Running task 9.0 in stage 27.0 (TID 1249)
17/06/09 20:11:09 INFO storage.BlockManager: Found block rdd_42_7 locally
17/06/09 20:11:09 INFO storage.BlockManager: Found block rdd_42_6 locally
17/06/09 20:11:09 INFO storage.BlockManager: Found block rdd_42_8 locally
17/06/09 20:11:09 INFO storage.BlockManager: Found block rdd_42_9 locally
17/06/09 20:11:09 INFO python.PythonRunner: Times: total = 40, boot = 26, init = 13, finish = 1
17/06/09 20:11:09 INFO executor.Executor: Finished task 5.0 in stage 27.0 (TID 1245). 2721 bytes result sent to driver
17/06/09 20:11:09 INFO python.PythonRunner: Times: total = 42, boot = 13, init = 28, finish = 1
17/06/09 20:11:09 INFO python.PythonRunner: Times: total = 40, boot = 15, init = 25, finish = 0
17/06/09 20:11:09 INFO python.PythonRunner: Times: total = 42, boot = 24, init = 17, finish = 1
17/06/09 20:11:09 INFO executor.CoarseGrainedExecutorBackend: Got assigned task 1250
17/06/09 20:11:09 INFO executor.Executor: Running task 10.0 in stage 27.0 (TID 1250)
17/06/09 20:11:09 INFO python.PythonRunner: Times: total = 43, boot = 13, init = 29, finish = 1
17/06/09 20:11:09 INFO executor.Executor: Finished task 8.0 in stage 27.0 (TID 1248). 2263 bytes result sent to driver
17/06/09 20:11:09 INFO executor.Executor: Finished task 6.0 in stage 27.0 (TID 1246). 2220 bytes result sent to driver
17/06/09 20:11:09 INFO executor.Executor: Finished task 7.0 in stage 27.0 (TID 1247). 2171 bytes result sent to driver
17/06/09 20:11:09 INFO storage.BlockManager: Found block rdd_42_10 locally
17/06/09 20:11:09 INFO executor.Executor: Finished task 9.0 in stage 27.0 (TID 1249). 2427 bytes result sent to driver
17/06/09 20:11:09 INFO executor.CoarseGrainedExecutorBackend: Got assigned task 1251
17/06/09 20:11:09 INFO executor.Executor: Running task 11.0 in stage 27.0 (TID 1251)
17/06/09 20:11:09 INFO executor.CoarseGrainedExecutorBackend: Got assigned task 1252
17/06/09 20:11:09 INFO executor.Executor: Running task 12.0 in stage 27.0 (TID 1252)
17/06/09 20:11:09 INFO executor.CoarseGrainedExecutorBackend: Got assigned task 1253
17/06/09 20:11:09 INFO executor.Executor: Running task 13.0 in stage 27.0 (TID 1253)
17/06/09 20:11:09 INFO executor.CoarseGrainedExecutorBackend: Got assigned task 1254
17/06/09 20:11:09 INFO executor.Executor: Running task 14.0 in stage 27.0 (TID 1254)
17/06/09 20:11:09 INFO storage.BlockManager: Found block rdd_42_11 locally
17/06/09 20:11:09 INFO storage.BlockManager: Found block rdd_42_12 locally
17/06/09 20:11:09 INFO storage.BlockManager: Found block rdd_42_13 locally
17/06/09 20:11:09 INFO storage.BlockManager: Found block rdd_42_14 locally
17/06/09 20:11:09 INFO python.PythonRunner: Times: total = 40, boot = 14, init = 25, finish = 1
17/06/09 20:11:09 INFO executor.Executor: Finished task 10.0 in stage 27.0 (TID 1250). 2667 bytes result sent to driver
17/06/09 20:11:09 INFO executor.CoarseGrainedExecutorBackend: Got assigned task 1255
17/06/09 20:11:09 INFO executor.Executor: Running task 15.0 in stage 27.0 (TID 1255)
17/06/09 20:11:09 INFO python.PythonRunner: Times: total = 39, boot = 12, init = 26, finish = 1
17/06/09 20:11:09 INFO python.PythonRunner: Times: total = 42, boot = 13, init = 28, finish = 1
17/06/09 20:11:09 INFO python.PythonRunner: Times: total = 40, boot = 10, init = 29, finish = 1
17/06/09 20:11:09 INFO executor.Executor: Finished task 11.0 in stage 27.0 (TID 1251). 2402 bytes result sent to driver
17/06/09 20:11:09 INFO executor.Executor: Finished task 12.0 in stage 27.0 (TID 1252). 2486 bytes result sent to driver
17/06/09 20:11:09 INFO python.PythonRunner: Times: total = 41, boot = 11, init = 29, finish = 1
17/06/09 20:11:09 INFO storage.BlockManager: Found block rdd_42_15 locally
17/06/09 20:11:09 INFO executor.Executor: Finished task 14.0 in stage 27.0 (TID 1254). 2404 bytes result sent to driver
17/06/09 20:11:09 INFO executor.CoarseGrainedExecutorBackend: Got assigned task 1256
17/06/09 20:11:09 INFO executor.Executor: Running task 16.0 in stage 27.0 (TID 1256)
17/06/09 20:11:09 INFO executor.CoarseGrainedExecutorBackend: Got assigned task 1257
17/06/09 20:11:09 INFO executor.Executor: Finished task 13.0 in stage 27.0 (TID 1253). 2522 bytes result sent to driver
17/06/09 20:11:09 INFO executor.Executor: Running task 17.0 in stage 27.0 (TID 1257)
17/06/09 20:11:09 INFO executor.CoarseGrainedExecutorBackend: Got assigned task 1258
17/06/09 20:11:09 INFO executor.Executor: Running task 18.0 in stage 27.0 (TID 1258)
17/06/09 20:11:09 INFO executor.CoarseGrainedExecutorBackend: Got assigned task 1259
17/06/09 20:11:09 INFO executor.Executor: Running task 19.0 in stage 27.0 (TID 1259)
17/06/09 20:11:09 INFO storage.BlockManager: Found block rdd_42_16 locally
17/06/09 20:11:09 INFO storage.BlockManager: Found block rdd_42_17 locally
17/06/09 20:11:09 INFO storage.BlockManager: Found block rdd_42_19 locally
17/06/09 20:11:09 INFO storage.BlockManager: Found block rdd_42_18 locally
17/06/09 20:11:09 INFO python.PythonRunner: Times: total = 42, boot = 19, init = 22, finish = 1
17/06/09 20:11:09 INFO executor.Executor: Finished task 15.0 in stage 27.0 (TID 1255). 2523 bytes result sent to driver
17/06/09 20:11:09 INFO python.PythonRunner: Times: total = 39, boot = 15, init = 24, finish = 0
17/06/09 20:11:09 INFO executor.CoarseGrainedExecutorBackend: Got assigned task 1260
17/06/09 20:11:09 INFO executor.Executor: Running task 20.0 in stage 27.0 (TID 1260)
17/06/09 20:11:09 INFO executor.Executor: Finished task 16.0 in stage 27.0 (TID 1256). 2171 bytes result sent to driver
17/06/09 20:11:09 INFO python.PythonRunner: Times: total = 40, boot = 14, init = 26, finish = 0
17/06/09 20:11:09 INFO python.PythonRunner: Times: total = 39, boot = 13, init = 25, finish = 1
17/06/09 20:11:09 INFO storage.BlockManager: Found block rdd_42_20 locally
17/06/09 20:11:09 INFO executor.CoarseGrainedExecutorBackend: Got assigned task 1261
17/06/09 20:11:09 INFO executor.Executor: Running task 21.0 in stage 27.0 (TID 1261)
17/06/09 20:11:09 INFO executor.Executor: Finished task 19.0 in stage 27.0 (TID 1259). 2517 bytes result sent to driver
17/06/09 20:11:09 INFO executor.Executor: Finished task 17.0 in stage 27.0 (TID 1257). 2128 bytes result sent to driver
17/06/09 20:11:09 INFO python.PythonRunner: Times: total = 42, boot = 16, init = 25, finish = 1
17/06/09 20:11:09 INFO executor.Executor: Finished task 18.0 in stage 27.0 (TID 1258). 2349 bytes result sent to driver
17/06/09 20:11:09 INFO executor.CoarseGrainedExecutorBackend: Got assigned task 1262
17/06/09 20:11:09 INFO executor.Executor: Running task 22.0 in stage 27.0 (TID 1262)
17/06/09 20:11:09 INFO executor.CoarseGrainedExecutorBackend: Got assigned task 1263
17/06/09 20:11:09 INFO storage.BlockManager: Found block rdd_42_21 locally
17/06/09 20:11:09 INFO executor.Executor: Running task 23.0 in stage 27.0 (TID 1263)
17/06/09 20:11:09 INFO executor.CoarseGrainedExecutorBackend: Got assigned task 1264
17/06/09 20:11:09 INFO executor.Executor: Running task 24.0 in stage 27.0 (TID 1264)
17/06/09 20:11:09 INFO storage.BlockManager: Found block rdd_42_22 locally
17/06/09 20:11:09 INFO storage.BlockManager: Found block rdd_42_24 locally
17/06/09 20:11:09 INFO storage.BlockManager: Found block rdd_42_23 locally
17/06/09 20:11:09 INFO python.PythonRunner: Times: total = 40, boot = 17, init = 22, finish = 1
17/06/09 20:11:09 INFO executor.Executor: Finished task 20.0 in stage 27.0 (TID 1260). 2355 bytes result sent to driver
17/06/09 20:11:09 INFO python.PythonRunner: Times: total = 41, boot = 19, init = 21, finish = 1
17/06/09 20:11:09 INFO executor.CoarseGrainedExecutorBackend: Got assigned task 1265
17/06/09 20:11:09 INFO executor.Executor: Running task 25.0 in stage 27.0 (TID 1265)
17/06/09 20:11:09 INFO executor.Executor: Finished task 21.0 in stage 27.0 (TID 1261). 2486 bytes result sent to driver
17/06/09 20:11:09 INFO python.PythonRunner: Times: total = 41, boot = 14, init = 25, finish = 2
17/06/09 20:11:09 INFO python.PythonRunner: Times: total = 41, boot = 11, init = 29, finish = 1
17/06/09 20:11:09 INFO executor.CoarseGrainedExecutorBackend: Got assigned task 1266
17/06/09 20:11:09 INFO executor.Executor: Running task 26.0 in stage 27.0 (TID 1266)
17/06/09 20:11:09 INFO python.PythonRunner: Times: total = 41, boot = 19, init = 21, finish = 1
17/06/09 20:11:09 INFO storage.BlockManager: Found block rdd_42_25 locally
17/06/09 20:11:09 INFO executor.Executor: Finished task 22.0 in stage 27.0 (TID 1262). 2171 bytes result sent to driver
17/06/09 20:11:09 INFO executor.Executor: Finished task 24.0 in stage 27.0 (TID 1264). 2592 bytes result sent to driver
17/06/09 20:11:09 INFO executor.Executor: Finished task 23.0 in stage 27.0 (TID 1263). 2385 bytes result sent to driver
17/06/09 20:11:09 INFO storage.BlockManager: Found block rdd_42_26 locally
17/06/09 20:11:09 INFO executor.CoarseGrainedExecutorBackend: Got assigned task 1267
17/06/09 20:11:09 INFO executor.Executor: Running task 27.0 in stage 27.0 (TID 1267)
17/06/09 20:11:09 INFO executor.CoarseGrainedExecutorBackend: Got assigned task 1268
17/06/09 20:11:09 INFO executor.Executor: Running task 28.0 in stage 27.0 (TID 1268)
17/06/09 20:11:09 INFO executor.CoarseGrainedExecutorBackend: Got assigned task 1269
17/06/09 20:11:09 INFO executor.Executor: Running task 29.0 in stage 27.0 (TID 1269)
17/06/09 20:11:09 INFO storage.BlockManager: Found block rdd_42_27 locally
17/06/09 20:11:09 INFO storage.BlockManager: Found block rdd_42_28 locally
17/06/09 20:11:09 INFO storage.BlockManager: Found block rdd_42_29 locally
17/06/09 20:11:09 INFO python.PythonRunner: Times: total = 42, boot = 14, init = 27, finish = 1
17/06/09 20:11:09 INFO python.PythonRunner: Times: total = 41, boot = 35, init = 5, finish = 1
17/06/09 20:11:09 INFO python.PythonRunner: Times: total = 41, boot = 34, init = 6, finish = 1
17/06/09 20:11:09 INFO python.PythonRunner: Times: total = 42, boot = 34, init = 7, finish = 1
17/06/09 20:11:09 INFO executor.Executor: Finished task 27.0 in stage 27.0 (TID 1267). 2182 bytes result sent to driver
17/06/09 20:11:09 INFO executor.Executor: Finished task 28.0 in stage 27.0 (TID 1268). 2349 bytes result sent to driver
17/06/09 20:11:09 INFO executor.Executor: Finished task 26.0 in stage 27.0 (TID 1266). 2267 bytes result sent to driver
17/06/09 20:11:09 INFO executor.Executor: Finished task 25.0 in stage 27.0 (TID 1265). 2355 bytes result sent to driver
17/06/09 20:11:09 INFO executor.CoarseGrainedExecutorBackend: Got assigned task 1270
17/06/09 20:11:09 INFO executor.Executor: Running task 30.0 in stage 27.0 (TID 1270)
17/06/09 20:11:09 INFO executor.CoarseGrainedExecutorBackend: Got assigned task 1271
17/06/09 20:11:09 INFO executor.Executor: Running task 31.0 in stage 27.0 (TID 1271)
17/06/09 20:11:09 INFO executor.CoarseGrainedExecutorBackend: Got assigned task 1272
17/06/09 20:11:09 INFO executor.Executor: Running task 32.0 in stage 27.0 (TID 1272)
17/06/09 20:11:09 INFO executor.CoarseGrainedExecutorBackend: Got assigned task 1273
17/06/09 20:11:09 INFO executor.Executor: Running task 33.0 in stage 27.0 (TID 1273)
17/06/09 20:11:09 INFO storage.BlockManager: Found block rdd_42_31 locally
17/06/09 20:11:09 INFO storage.BlockManager: Found block rdd_42_32 locally
17/06/09 20:11:09 INFO storage.BlockManager: Found block rdd_42_33 locally
17/06/09 20:11:09 INFO storage.BlockManager: Found block rdd_42_30 locally
17/06/09 20:11:09 INFO python.PythonRunner: Times: total = 108, boot = 28, init = 79, finish = 1
17/06/09 20:11:09 INFO executor.Executor: Finished task 29.0 in stage 27.0 (TID 1269). 2349 bytes result sent to driver
17/06/09 20:11:09 INFO executor.CoarseGrainedExecutorBackend: Got assigned task 1274
17/06/09 20:11:09 INFO executor.Executor: Running task 34.0 in stage 27.0 (TID 1274)
17/06/09 20:11:09 INFO storage.BlockManager: Found block rdd_42_34 locally
17/06/09 20:11:09 INFO python.PythonRunner: Times: total = 40, boot = -27, init = 66, finish = 1
17/06/09 20:11:09 INFO executor.Executor: Finished task 31.0 in stage 27.0 (TID 1271). 2128 bytes result sent to driver
17/06/09 20:11:09 INFO python.PythonRunner: Times: total = 42, boot = -28, init = 69, finish = 1
17/06/09 20:11:09 INFO python.PythonRunner: Times: total = 41, boot = -24, init = 64, finish = 1
17/06/09 20:11:09 INFO python.PythonRunner: Times: total = 41, boot = -15, init = 55, finish = 1
17/06/09 20:11:09 INFO executor.Executor: Finished task 32.0 in stage 27.0 (TID 1272). 2801 bytes result sent to driver
17/06/09 20:11:09 INFO executor.Executor: Finished task 33.0 in stage 27.0 (TID 1273). 2592 bytes result sent to driver
17/06/09 20:11:09 INFO executor.CoarseGrainedExecutorBackend: Got assigned task 1275
17/06/09 20:11:09 INFO executor.Executor: Running task 35.0 in stage 27.0 (TID 1275)
17/06/09 20:11:09 INFO executor.Executor: Finished task 30.0 in stage 27.0 (TID 1270). 2859 bytes result sent to driver
17/06/09 20:11:09 INFO executor.CoarseGrainedExecutorBackend: Got assigned task 1276
17/06/09 20:11:09 INFO executor.Executor: Running task 36.0 in stage 27.0 (TID 1276)
17/06/09 20:11:09 INFO executor.CoarseGrainedExecutorBackend: Got assigned task 1277
17/06/09 20:11:09 INFO executor.Executor: Running task 37.0 in stage 27.0 (TID 1277)
17/06/09 20:11:09 INFO executor.CoarseGrainedExecutorBackend: Got assigned task 1278
17/06/09 20:11:09 INFO executor.Executor: Running task 38.0 in stage 27.0 (TID 1278)
17/06/09 20:11:09 INFO storage.BlockManager: Found block rdd_42_35 locally
17/06/09 20:11:09 INFO storage.BlockManager: Found block rdd_42_37 locally
17/06/09 20:11:09 INFO storage.BlockManager: Found block rdd_42_38 locally
17/06/09 20:11:09 INFO storage.BlockManager: Found block rdd_42_36 locally
17/06/09 20:11:09 INFO python.PythonRunner: Times: total = 41, boot = 11, init = 29, finish = 1
17/06/09 20:11:09 INFO executor.Executor: Finished task 34.0 in stage 27.0 (TID 1274). 2128 bytes result sent to driver
17/06/09 20:11:09 INFO executor.CoarseGrainedExecutorBackend: Got assigned task 1279
17/06/09 20:11:09 INFO executor.Executor: Running task 39.0 in stage 27.0 (TID 1279)
17/06/09 20:11:09 INFO storage.BlockManager: Found block rdd_42_39 locally
17/06/09 20:11:09 INFO python.PythonRunner: Times: total = 41, boot = 31, init = 9, finish = 1
17/06/09 20:11:09 INFO python.PythonRunner: Times: total = 39, boot = 27, init = 11, finish = 1
17/06/09 20:11:09 INFO executor.Executor: Finished task 35.0 in stage 27.0 (TID 1275). 2430 bytes result sent to driver
17/06/09 20:11:09 INFO python.PythonRunner: Times: total = 40, boot = 20, init = 19, finish = 1
17/06/09 20:11:09 INFO executor.Executor: Finished task 38.0 in stage 27.0 (TID 1278). 2882 bytes result sent to driver
17/06/09 20:11:09 INFO python.PythonRunner: Times: total = 42, boot = 27, init = 14, finish = 1
17/06/09 20:11:09 INFO executor.Executor: Finished task 37.0 in stage 27.0 (TID 1277). 2349 bytes result sent to driver
17/06/09 20:11:09 INFO executor.Executor: Finished task 36.0 in stage 27.0 (TID 1276). 2673 bytes result sent to driver
17/06/09 20:11:09 INFO python.PythonRunner: Times: total = 39, boot = 17, init = 21, finish = 1
17/06/09 20:11:09 INFO executor.Executor: Finished task 39.0 in stage 27.0 (TID 1279). 2267 bytes result sent to driver
17/06/09 20:11:09 INFO executor.CoarseGrainedExecutorBackend: Got assigned task 1280
17/06/09 20:11:09 INFO executor.Executor: Running task 0.0 in stage 28.0 (TID 1280)
17/06/09 20:11:09 INFO executor.CoarseGrainedExecutorBackend: Got assigned task 1281
17/06/09 20:11:09 INFO executor.Executor: Running task 1.0 in stage 28.0 (TID 1281)
17/06/09 20:11:09 INFO executor.CoarseGrainedExecutorBackend: Got assigned task 1282
17/06/09 20:11:09 INFO executor.Executor: Running task 2.0 in stage 28.0 (TID 1282)
17/06/09 20:11:09 INFO executor.CoarseGrainedExecutorBackend: Got assigned task 1283
17/06/09 20:11:09 INFO executor.Executor: Running task 3.0 in stage 28.0 (TID 1283)
17/06/09 20:11:09 INFO executor.CoarseGrainedExecutorBackend: Got assigned task 1284
17/06/09 20:11:09 INFO executor.Executor: Running task 4.0 in stage 28.0 (TID 1284)
17/06/09 20:11:09 INFO broadcast.TorrentBroadcast: Started reading broadcast variable 39
17/06/09 20:11:09 INFO storage.MemoryStore: Block broadcast_39_piece0 stored as bytes in memory (estimated size 5.4 KB, free 859.1 KB)
17/06/09 20:11:10 INFO broadcast.TorrentBroadcast: Reading broadcast variable 39 took 716 ms
17/06/09 20:11:10 INFO storage.MemoryStore: Block broadcast_39 stored as values in memory (estimated size 9.2 KB, free 868.3 KB)
17/06/09 20:11:10 INFO storage.BlockManager: Found block rdd_42_1 locally
17/06/09 20:11:10 INFO storage.BlockManager: Found block rdd_42_4 locally
17/06/09 20:11:10 INFO storage.BlockManager: Found block rdd_42_3 locally
17/06/09 20:11:10 INFO storage.BlockManager: Found block rdd_42_2 locally
17/06/09 20:11:10 INFO storage.BlockManager: Found block rdd_42_0 locally
17/06/09 20:11:10 INFO python.PythonRunner: Times: total = 39, boot = -790, init = 829, finish = 0
17/06/09 20:11:10 INFO python.PythonRunner: Times: total = 38, boot = -784, init = 822, finish = 0
17/06/09 20:11:10 INFO python.PythonRunner: Times: total = 39, boot = -784, init = 823, finish = 0
17/06/09 20:11:10 INFO executor.Executor: Finished task 4.0 in stage 28.0 (TID 1284). 2087 bytes result sent to driver
17/06/09 20:11:10 INFO python.PythonRunner: Times: total = 41, boot = -768, init = 809, finish = 0
17/06/09 20:11:10 INFO executor.Executor: Finished task 2.0 in stage 28.0 (TID 1282). 2087 bytes result sent to driver
17/06/09 20:11:10 INFO executor.Executor: Finished task 3.0 in stage 28.0 (TID 1283). 2087 bytes result sent to driver
17/06/09 20:11:10 INFO python.PythonRunner: Times: total = 49, boot = -793, init = 841, finish = 1
17/06/09 20:11:10 INFO executor.CoarseGrainedExecutorBackend: Got assigned task 1285
17/06/09 20:11:10 INFO executor.Executor: Running task 5.0 in stage 28.0 (TID 1285)
17/06/09 20:11:10 INFO executor.Executor: Finished task 0.0 in stage 28.0 (TID 1280). 2087 bytes result sent to driver
17/06/09 20:11:10 INFO executor.CoarseGrainedExecutorBackend: Got assigned task 1286
17/06/09 20:11:10 INFO executor.Executor: Running task 6.0 in stage 28.0 (TID 1286)
17/06/09 20:11:10 INFO executor.CoarseGrainedExecutorBackend: Got assigned task 1287
17/06/09 20:11:10 INFO executor.Executor: Finished task 1.0 in stage 28.0 (TID 1281). 2087 bytes result sent to driver
17/06/09 20:11:10 INFO executor.Executor: Running task 7.0 in stage 28.0 (TID 1287)
17/06/09 20:11:10 INFO executor.CoarseGrainedExecutorBackend: Got assigned task 1288
17/06/09 20:11:10 INFO executor.Executor: Running task 8.0 in stage 28.0 (TID 1288)
17/06/09 20:11:10 INFO storage.BlockManager: Found block rdd_42_5 locally
17/06/09 20:11:10 INFO storage.BlockManager: Found block rdd_42_6 locally
17/06/09 20:11:10 INFO executor.CoarseGrainedExecutorBackend: Got assigned task 1289
17/06/09 20:11:10 INFO executor.Executor: Running task 9.0 in stage 28.0 (TID 1289)
17/06/09 20:11:10 INFO storage.BlockManager: Found block rdd_42_7 locally
17/06/09 20:11:10 INFO storage.BlockManager: Found block rdd_42_8 locally
17/06/09 20:11:10 INFO storage.BlockManager: Found block rdd_42_9 locally
17/06/09 20:11:10 INFO python.PythonRunner: Times: total = 38, boot = 23, init = 15, finish = 0
17/06/09 20:11:10 INFO python.PythonRunner: Times: total = 40, boot = 16, init = 24, finish = 0
17/06/09 20:11:10 INFO executor.Executor: Finished task 6.0 in stage 28.0 (TID 1286). 2087 bytes result sent to driver
17/06/09 20:11:10 INFO python.PythonRunner: Times: total = 42, boot = 13, init = 28, finish = 1
17/06/09 20:11:10 INFO executor.Executor: Finished task 5.0 in stage 28.0 (TID 1285). 2087 bytes result sent to driver
17/06/09 20:11:10 INFO python.PythonRunner: Times: total = 39, boot = 23, init = 16, finish = 0
17/06/09 20:11:10 INFO python.PythonRunner: Times: total = 42, boot = 13, init = 29, finish = 0
17/06/09 20:11:10 INFO executor.Executor: Finished task 7.0 in stage 28.0 (TID 1287). 2087 bytes result sent to driver
17/06/09 20:11:10 INFO executor.CoarseGrainedExecutorBackend: Got assigned task 1290
17/06/09 20:11:10 INFO executor.Executor: Running task 10.0 in stage 28.0 (TID 1290)
17/06/09 20:11:10 INFO executor.CoarseGrainedExecutorBackend: Got assigned task 1291
17/06/09 20:11:10 INFO executor.Executor: Running task 11.0 in stage 28.0 (TID 1291)
17/06/09 20:11:10 INFO executor.CoarseGrainedExecutorBackend: Got assigned task 1292
17/06/09 20:11:10 INFO executor.Executor: Finished task 9.0 in stage 28.0 (TID 1289). 2087 bytes result sent to driver
17/06/09 20:11:10 INFO executor.Executor: Finished task 8.0 in stage 28.0 (TID 1288). 2087 bytes result sent to driver
17/06/09 20:11:10 INFO executor.Executor: Running task 12.0 in stage 28.0 (TID 1292)
17/06/09 20:11:10 INFO storage.BlockManager: Found block rdd_42_10 locally
17/06/09 20:11:10 INFO executor.CoarseGrainedExecutorBackend: Got assigned task 1293
17/06/09 20:11:10 INFO executor.Executor: Running task 13.0 in stage 28.0 (TID 1293)
17/06/09 20:11:10 INFO storage.BlockManager: Found block rdd_42_11 locally
17/06/09 20:11:10 INFO executor.CoarseGrainedExecutorBackend: Got assigned task 1294
17/06/09 20:11:10 INFO executor.Executor: Running task 14.0 in stage 28.0 (TID 1294)
17/06/09 20:11:10 INFO storage.BlockManager: Found block rdd_42_12 locally
17/06/09 20:11:10 INFO storage.BlockManager: Found block rdd_42_13 locally
17/06/09 20:11:10 INFO storage.BlockManager: Found block rdd_42_14 locally
17/06/09 20:11:10 INFO python.PythonRunner: Times: total = 40, boot = 21, init = 19, finish = 0
17/06/09 20:11:10 INFO python.PythonRunner: Times: total = 39, boot = 19, init = 20, finish = 0
17/06/09 20:11:10 INFO python.PythonRunner: Times: total = 41, boot = 17, init = 24, finish = 0
17/06/09 20:11:10 INFO executor.Executor: Finished task 10.0 in stage 28.0 (TID 1290). 2087 bytes result sent to driver
17/06/09 20:11:10 INFO executor.Executor: Finished task 12.0 in stage 28.0 (TID 1292). 2087 bytes result sent to driver
17/06/09 20:11:10 INFO executor.CoarseGrainedExecutorBackend: Got assigned task 1295
17/06/09 20:11:10 INFO executor.Executor: Running task 15.0 in stage 28.0 (TID 1295)
17/06/09 20:11:10 INFO executor.Executor: Finished task 11.0 in stage 28.0 (TID 1291). 2087 bytes result sent to driver
17/06/09 20:11:10 INFO executor.CoarseGrainedExecutorBackend: Got assigned task 1296
17/06/09 20:11:10 INFO executor.Executor: Running task 16.0 in stage 28.0 (TID 1296)
17/06/09 20:11:10 INFO python.PythonRunner: Times: total = 41, boot = 12, init = 28, finish = 1
17/06/09 20:11:10 INFO python.PythonRunner: Times: total = 42, boot = 17, init = 24, finish = 1
17/06/09 20:11:10 INFO executor.CoarseGrainedExecutorBackend: Got assigned task 1297
17/06/09 20:11:10 INFO executor.Executor: Running task 17.0 in stage 28.0 (TID 1297)
17/06/09 20:11:10 INFO storage.BlockManager: Found block rdd_42_15 locally
17/06/09 20:11:10 INFO executor.Executor: Finished task 14.0 in stage 28.0 (TID 1294). 2087 bytes result sent to driver
17/06/09 20:11:10 INFO executor.Executor: Finished task 13.0 in stage 28.0 (TID 1293). 2087 bytes result sent to driver
17/06/09 20:11:10 INFO storage.BlockManager: Found block rdd_42_17 locally
17/06/09 20:11:10 INFO executor.CoarseGrainedExecutorBackend: Got assigned task 1298
17/06/09 20:11:10 INFO storage.BlockManager: Found block rdd_42_16 locally
17/06/09 20:11:10 INFO executor.Executor: Running task 18.0 in stage 28.0 (TID 1298)
17/06/09 20:11:10 INFO executor.CoarseGrainedExecutorBackend: Got assigned task 1299
17/06/09 20:11:10 INFO executor.Executor: Running task 19.0 in stage 28.0 (TID 1299)
17/06/09 20:11:10 INFO storage.BlockManager: Found block rdd_42_18 locally
17/06/09 20:11:10 INFO storage.BlockManager: Found block rdd_42_19 locally
17/06/09 20:11:10 INFO python.PythonRunner: Times: total = 40, boot = 19, init = 21, finish = 0
17/06/09 20:11:10 INFO python.PythonRunner: Times: total = 40, boot = 20, init = 20, finish = 0
17/06/09 20:11:10 INFO python.PythonRunner: Times: total = 39, boot = 15, init = 24, finish = 0
17/06/09 20:11:10 INFO executor.Executor: Finished task 15.0 in stage 28.0 (TID 1295). 2087 bytes result sent to driver
17/06/09 20:11:10 INFO executor.Executor: Finished task 16.0 in stage 28.0 (TID 1296). 2087 bytes result sent to driver
17/06/09 20:11:10 INFO executor.Executor: Finished task 17.0 in stage 28.0 (TID 1297). 2087 bytes result sent to driver
17/06/09 20:11:10 INFO executor.CoarseGrainedExecutorBackend: Got assigned task 1300
17/06/09 20:11:10 INFO executor.Executor: Running task 20.0 in stage 28.0 (TID 1300)
17/06/09 20:11:10 INFO python.PythonRunner: Times: total = 40, boot = 15, init = 25, finish = 0
17/06/09 20:11:10 INFO executor.CoarseGrainedExecutorBackend: Got assigned task 1301
17/06/09 20:11:10 INFO python.PythonRunner: Times: total = 42, boot = 16, init = 25, finish = 1
17/06/09 20:11:10 INFO executor.Executor: Running task 21.0 in stage 28.0 (TID 1301)
17/06/09 20:11:10 INFO executor.CoarseGrainedExecutorBackend: Got assigned task 1302
17/06/09 20:11:10 INFO executor.Executor: Running task 22.0 in stage 28.0 (TID 1302)
17/06/09 20:11:10 INFO storage.BlockManager: Found block rdd_42_20 locally
17/06/09 20:11:10 INFO executor.Executor: Finished task 18.0 in stage 28.0 (TID 1298). 2087 bytes result sent to driver
17/06/09 20:11:10 INFO executor.Executor: Finished task 19.0 in stage 28.0 (TID 1299). 2087 bytes result sent to driver
17/06/09 20:11:10 INFO executor.CoarseGrainedExecutorBackend: Got assigned task 1303
17/06/09 20:11:10 INFO storage.BlockManager: Found block rdd_42_21 locally
17/06/09 20:11:10 INFO executor.Executor: Running task 23.0 in stage 28.0 (TID 1303)
17/06/09 20:11:10 INFO storage.BlockManager: Found block rdd_42_22 locally
17/06/09 20:11:10 INFO executor.CoarseGrainedExecutorBackend: Got assigned task 1304
17/06/09 20:11:10 INFO executor.Executor: Running task 24.0 in stage 28.0 (TID 1304)
17/06/09 20:11:10 INFO storage.BlockManager: Found block rdd_42_24 locally
17/06/09 20:11:10 INFO storage.BlockManager: Found block rdd_42_23 locally
17/06/09 20:11:10 INFO python.PythonRunner: Times: total = 42, boot = 22, init = 19, finish = 1
17/06/09 20:11:10 INFO python.PythonRunner: Times: total = 38, boot = 18, init = 20, finish = 0
17/06/09 20:11:10 INFO executor.Executor: Finished task 20.0 in stage 28.0 (TID 1300). 2087 bytes result sent to driver
17/06/09 20:11:10 INFO executor.Executor: Finished task 21.0 in stage 28.0 (TID 1301). 2087 bytes result sent to driver
17/06/09 20:11:10 INFO python.PythonRunner: Times: total = 42, boot = 14, init = 28, finish = 0
17/06/09 20:11:10 INFO executor.CoarseGrainedExecutorBackend: Got assigned task 1305
17/06/09 20:11:10 INFO executor.Executor: Running task 25.0 in stage 28.0 (TID 1305)
17/06/09 20:11:10 INFO executor.CoarseGrainedExecutorBackend: Got assigned task 1306
17/06/09 20:11:10 INFO executor.Executor: Finished task 22.0 in stage 28.0 (TID 1302). 2087 bytes result sent to driver
17/06/09 20:11:10 INFO executor.Executor: Running task 26.0 in stage 28.0 (TID 1306)
17/06/09 20:11:10 INFO python.PythonRunner: Times: total = 39, boot = 15, init = 23, finish = 1
17/06/09 20:11:10 INFO storage.BlockManager: Found block rdd_42_25 locally
17/06/09 20:11:10 INFO executor.CoarseGrainedExecutorBackend: Got assigned task 1307
17/06/09 20:11:10 INFO executor.Executor: Running task 27.0 in stage 28.0 (TID 1307)
17/06/09 20:11:10 INFO executor.Executor: Finished task 24.0 in stage 28.0 (TID 1304). 2087 bytes result sent to driver
17/06/09 20:11:10 INFO python.PythonRunner: Times: total = 43, boot = 15, init = 27, finish = 1
17/06/09 20:11:10 INFO storage.BlockManager: Found block rdd_42_26 locally
17/06/09 20:11:10 INFO executor.Executor: Finished task 23.0 in stage 28.0 (TID 1303). 2087 bytes result sent to driver
17/06/09 20:11:10 INFO executor.CoarseGrainedExecutorBackend: Got assigned task 1308
17/06/09 20:11:10 INFO executor.Executor: Running task 28.0 in stage 28.0 (TID 1308)
17/06/09 20:11:10 INFO storage.BlockManager: Found block rdd_42_27 locally
17/06/09 20:11:10 INFO executor.CoarseGrainedExecutorBackend: Got assigned task 1309
17/06/09 20:11:10 INFO executor.Executor: Running task 29.0 in stage 28.0 (TID 1309)
17/06/09 20:11:10 INFO storage.BlockManager: Found block rdd_42_28 locally
17/06/09 20:11:10 INFO storage.BlockManager: Found block rdd_42_29 locally
17/06/09 20:11:10 INFO python.PythonRunner: Times: total = 41, boot = 17, init = 23, finish = 1
17/06/09 20:11:10 INFO python.PythonRunner: Times: total = 41, boot = 17, init = 24, finish = 0
17/06/09 20:11:10 INFO executor.Executor: Finished task 25.0 in stage 28.0 (TID 1305). 2087 bytes result sent to driver
17/06/09 20:11:10 INFO executor.Executor: Finished task 26.0 in stage 28.0 (TID 1306). 2087 bytes result sent to driver
17/06/09 20:11:10 INFO python.PythonRunner: Times: total = 40, boot = 27, init = 13, finish = 0
17/06/09 20:11:10 INFO executor.CoarseGrainedExecutorBackend: Got assigned task 1310
17/06/09 20:11:10 INFO executor.Executor: Running task 30.0 in stage 28.0 (TID 1310)
17/06/09 20:11:10 INFO executor.CoarseGrainedExecutorBackend: Got assigned task 1311
17/06/09 20:11:10 INFO executor.Executor: Running task 31.0 in stage 28.0 (TID 1311)
17/06/09 20:11:10 INFO python.PythonRunner: Times: total = 40, boot = 26, init = 14, finish = 0
17/06/09 20:11:10 INFO executor.Executor: Finished task 27.0 in stage 28.0 (TID 1307). 2087 bytes result sent to driver
17/06/09 20:11:10 INFO storage.BlockManager: Found block rdd_42_30 locally
17/06/09 20:11:10 INFO executor.Executor: Finished task 28.0 in stage 28.0 (TID 1308). 2087 bytes result sent to driver
17/06/09 20:11:10 INFO executor.CoarseGrainedExecutorBackend: Got assigned task 1312
17/06/09 20:11:10 INFO python.PythonRunner: Times: total = 42, boot = 16, init = 25, finish = 1
17/06/09 20:11:10 INFO executor.Executor: Running task 32.0 in stage 28.0 (TID 1312)
17/06/09 20:11:10 INFO storage.BlockManager: Found block rdd_42_31 locally
17/06/09 20:11:10 INFO executor.CoarseGrainedExecutorBackend: Got assigned task 1313
17/06/09 20:11:10 INFO executor.Executor: Running task 33.0 in stage 28.0 (TID 1313)
17/06/09 20:11:10 INFO executor.Executor: Finished task 29.0 in stage 28.0 (TID 1309). 2087 bytes result sent to driver
17/06/09 20:11:10 INFO storage.BlockManager: Found block rdd_42_32 locally
17/06/09 20:11:10 INFO executor.CoarseGrainedExecutorBackend: Got assigned task 1314
17/06/09 20:11:10 INFO executor.Executor: Running task 34.0 in stage 28.0 (TID 1314)
17/06/09 20:11:10 INFO storage.BlockManager: Found block rdd_42_33 locally
17/06/09 20:11:10 INFO storage.BlockManager: Found block rdd_42_34 locally
17/06/09 20:11:10 INFO python.PythonRunner: Times: total = 40, boot = 18, init = 22, finish = 0
17/06/09 20:11:10 INFO python.PythonRunner: Times: total = 41, boot = 19, init = 22, finish = 0
17/06/09 20:11:10 INFO executor.Executor: Finished task 30.0 in stage 28.0 (TID 1310). 2087 bytes result sent to driver
17/06/09 20:11:10 INFO executor.Executor: Finished task 31.0 in stage 28.0 (TID 1311). 2087 bytes result sent to driver
17/06/09 20:11:10 INFO python.PythonRunner: Times: total = 40, boot = 15, init = 25, finish = 0
17/06/09 20:11:10 INFO executor.CoarseGrainedExecutorBackend: Got assigned task 1315
17/06/09 20:11:10 INFO executor.Executor: Running task 35.0 in stage 28.0 (TID 1315)
17/06/09 20:11:10 INFO executor.CoarseGrainedExecutorBackend: Got assigned task 1316
17/06/09 20:11:10 INFO executor.Executor: Running task 36.0 in stage 28.0 (TID 1316)
17/06/09 20:11:10 INFO executor.Executor: Finished task 32.0 in stage 28.0 (TID 1312). 2087 bytes result sent to driver
17/06/09 20:11:10 INFO python.PythonRunner: Times: total = 42, boot = 16, init = 25, finish = 1
17/06/09 20:11:10 INFO storage.BlockManager: Found block rdd_42_35 locally
17/06/09 20:11:10 INFO executor.Executor: Finished task 33.0 in stage 28.0 (TID 1313). 2087 bytes result sent to driver
17/06/09 20:11:10 INFO executor.CoarseGrainedExecutorBackend: Got assigned task 1317
17/06/09 20:11:10 INFO executor.Executor: Running task 37.0 in stage 28.0 (TID 1317)
17/06/09 20:11:10 INFO python.PythonRunner: Times: total = 40, boot = 14, init = 25, finish = 1
17/06/09 20:11:10 INFO storage.BlockManager: Found block rdd_42_36 locally
17/06/09 20:11:10 INFO executor.CoarseGrainedExecutorBackend: Got assigned task 1318
17/06/09 20:11:10 INFO executor.Executor: Finished task 34.0 in stage 28.0 (TID 1314). 2087 bytes result sent to driver
17/06/09 20:11:10 INFO executor.Executor: Running task 38.0 in stage 28.0 (TID 1318)
17/06/09 20:11:10 INFO storage.BlockManager: Found block rdd_42_37 locally
17/06/09 20:11:10 INFO executor.CoarseGrainedExecutorBackend: Got assigned task 1319
17/06/09 20:11:10 INFO executor.Executor: Running task 39.0 in stage 28.0 (TID 1319)
17/06/09 20:11:10 INFO storage.BlockManager: Found block rdd_42_38 locally
17/06/09 20:11:10 INFO storage.BlockManager: Found block rdd_42_39 locally
17/06/09 20:11:10 INFO python.PythonRunner: Times: total = 41, boot = 23, init = 18, finish = 0
17/06/09 20:11:10 INFO python.PythonRunner: Times: total = 41, boot = 19, init = 22, finish = 0
17/06/09 20:11:10 INFO executor.Executor: Finished task 35.0 in stage 28.0 (TID 1315). 2087 bytes result sent to driver
17/06/09 20:11:10 INFO executor.Executor: Finished task 36.0 in stage 28.0 (TID 1316). 2087 bytes result sent to driver
17/06/09 20:11:10 INFO python.PythonRunner: Times: total = 38, boot = 14, init = 24, finish = 0
17/06/09 20:11:10 INFO executor.Executor: Finished task 37.0 in stage 28.0 (TID 1317). 2087 bytes result sent to driver
17/06/09 20:11:10 INFO python.PythonRunner: Times: total = 42, boot = 19, init = 22, finish = 1
17/06/09 20:11:10 INFO python.PythonRunner: Times: total = 40, boot = 14, init = 26, finish = 0
17/06/09 20:11:10 INFO executor.Executor: Finished task 38.0 in stage 28.0 (TID 1318). 2087 bytes result sent to driver
17/06/09 20:11:10 INFO executor.Executor: Finished task 39.0 in stage 28.0 (TID 1319). 2087 bytes result sent to driver
17/06/09 20:11:10 INFO executor.CoarseGrainedExecutorBackend: Got assigned task 1320
17/06/09 20:11:10 INFO executor.CoarseGrainedExecutorBackend: Got assigned task 1321
17/06/09 20:11:10 INFO executor.Executor: Running task 0.0 in stage 29.0 (TID 1320)
17/06/09 20:11:10 INFO executor.Executor: Running task 1.0 in stage 29.0 (TID 1321)
17/06/09 20:11:10 INFO executor.CoarseGrainedExecutorBackend: Got assigned task 1322
17/06/09 20:11:10 INFO executor.Executor: Running task 2.0 in stage 29.0 (TID 1322)
17/06/09 20:11:10 INFO executor.CoarseGrainedExecutorBackend: Got assigned task 1323
17/06/09 20:11:10 INFO executor.Executor: Running task 3.0 in stage 29.0 (TID 1323)
17/06/09 20:11:10 INFO executor.CoarseGrainedExecutorBackend: Got assigned task 1324
17/06/09 20:11:10 INFO executor.Executor: Running task 4.0 in stage 29.0 (TID 1324)
17/06/09 20:11:10 INFO broadcast.TorrentBroadcast: Started reading broadcast variable 40
17/06/09 20:11:10 INFO storage.MemoryStore: Block broadcast_40_piece0 stored as bytes in memory (estimated size 6.0 KB, free 874.3 KB)
17/06/09 20:11:10 INFO broadcast.TorrentBroadcast: Reading broadcast variable 40 took 10 ms
17/06/09 20:11:10 INFO storage.MemoryStore: Block broadcast_40 stored as values in memory (estimated size 9.9 KB, free 884.2 KB)
17/06/09 20:11:10 INFO storage.BlockManager: Found block rdd_42_0 locally
17/06/09 20:11:10 INFO storage.BlockManager: Found block rdd_42_4 locally
17/06/09 20:11:10 INFO storage.BlockManager: Found block rdd_42_3 locally
17/06/09 20:11:10 INFO storage.BlockManager: Found block rdd_42_2 locally
17/06/09 20:11:10 INFO storage.BlockManager: Found block rdd_42_1 locally
17/06/09 20:11:10 INFO python.PythonRunner: Times: total = 40, boot = -79, init = 118, finish = 1
17/06/09 20:11:10 INFO python.PythonRunner: Times: total = 39, boot = -75, init = 113, finish = 1
17/06/09 20:11:10 INFO python.PythonRunner: Times: total = 40, boot = -80, init = 119, finish = 1
17/06/09 20:11:10 INFO python.PythonRunner: Times: total = 41, boot = -85, init = 125, finish = 1
17/06/09 20:11:10 INFO executor.Executor: Finished task 3.0 in stage 29.0 (TID 1323). 2128 bytes result sent to driver
17/06/09 20:11:10 INFO python.PythonRunner: Times: total = 42, boot = -74, init = 115, finish = 1
17/06/09 20:11:10 INFO executor.Executor: Finished task 4.0 in stage 29.0 (TID 1324). 2128 bytes result sent to driver
17/06/09 20:11:10 INFO executor.Executor: Finished task 0.0 in stage 29.0 (TID 1320). 2128 bytes result sent to driver
17/06/09 20:11:10 INFO executor.Executor: Finished task 2.0 in stage 29.0 (TID 1322). 2128 bytes result sent to driver
17/06/09 20:11:10 INFO executor.Executor: Finished task 1.0 in stage 29.0 (TID 1321). 2171 bytes result sent to driver
17/06/09 20:11:10 INFO executor.CoarseGrainedExecutorBackend: Got assigned task 1325
17/06/09 20:11:10 INFO executor.Executor: Running task 5.0 in stage 29.0 (TID 1325)
17/06/09 20:11:10 INFO executor.CoarseGrainedExecutorBackend: Got assigned task 1326
17/06/09 20:11:10 INFO executor.Executor: Running task 6.0 in stage 29.0 (TID 1326)
17/06/09 20:11:10 INFO executor.CoarseGrainedExecutorBackend: Got assigned task 1327
17/06/09 20:11:10 INFO executor.Executor: Running task 7.0 in stage 29.0 (TID 1327)
17/06/09 20:11:10 INFO executor.CoarseGrainedExecutorBackend: Got assigned task 1328
17/06/09 20:11:10 INFO executor.Executor: Running task 8.0 in stage 29.0 (TID 1328)
17/06/09 20:11:10 INFO executor.CoarseGrainedExecutorBackend: Got assigned task 1329
17/06/09 20:11:10 INFO executor.Executor: Running task 9.0 in stage 29.0 (TID 1329)
17/06/09 20:11:10 INFO storage.BlockManager: Found block rdd_42_5 locally
17/06/09 20:11:10 INFO storage.BlockManager: Found block rdd_42_7 locally
17/06/09 20:11:10 INFO storage.BlockManager: Found block rdd_42_8 locally
17/06/09 20:11:10 INFO storage.BlockManager: Found block rdd_42_6 locally
17/06/09 20:11:10 INFO storage.BlockManager: Found block rdd_42_9 locally
17/06/09 20:11:10 INFO python.PythonRunner: Times: total = 39, boot = 18, init = 20, finish = 1
17/06/09 20:11:10 INFO python.PythonRunner: Times: total = 41, boot = 16, init = 24, finish = 1
17/06/09 20:11:10 INFO python.PythonRunner: Times: total = 43, boot = 25, init = 17, finish = 1
17/06/09 20:11:10 INFO python.PythonRunner: Times: total = 41, boot = 19, init = 21, finish = 1
17/06/09 20:11:10 INFO python.PythonRunner: Times: total = 42, boot = 24, init = 17, finish = 1
17/06/09 20:11:10 INFO executor.Executor: Finished task 7.0 in stage 29.0 (TID 1327). 2171 bytes result sent to driver
17/06/09 20:11:10 INFO executor.Executor: Finished task 5.0 in stage 29.0 (TID 1325). 2171 bytes result sent to driver
17/06/09 20:11:10 INFO executor.Executor: Finished task 8.0 in stage 29.0 (TID 1328). 2128 bytes result sent to driver
17/06/09 20:11:10 INFO executor.Executor: Finished task 9.0 in stage 29.0 (TID 1329). 2128 bytes result sent to driver
17/06/09 20:11:10 INFO executor.Executor: Finished task 6.0 in stage 29.0 (TID 1326). 2171 bytes result sent to driver
17/06/09 20:11:10 INFO executor.CoarseGrainedExecutorBackend: Got assigned task 1330
17/06/09 20:11:10 INFO executor.Executor: Running task 10.0 in stage 29.0 (TID 1330)
17/06/09 20:11:10 INFO executor.CoarseGrainedExecutorBackend: Got assigned task 1331
17/06/09 20:11:10 INFO executor.Executor: Running task 11.0 in stage 29.0 (TID 1331)
17/06/09 20:11:10 INFO executor.CoarseGrainedExecutorBackend: Got assigned task 1332
17/06/09 20:11:10 INFO executor.Executor: Running task 12.0 in stage 29.0 (TID 1332)
17/06/09 20:11:10 INFO executor.CoarseGrainedExecutorBackend: Got assigned task 1333
17/06/09 20:11:10 INFO executor.Executor: Running task 13.0 in stage 29.0 (TID 1333)
17/06/09 20:11:10 INFO storage.BlockManager: Found block rdd_42_10 locally
17/06/09 20:11:10 INFO executor.CoarseGrainedExecutorBackend: Got assigned task 1334
17/06/09 20:11:10 INFO executor.Executor: Running task 14.0 in stage 29.0 (TID 1334)
17/06/09 20:11:10 INFO storage.BlockManager: Found block rdd_42_11 locally
17/06/09 20:11:10 INFO storage.BlockManager: Found block rdd_42_12 locally
17/06/09 20:11:10 INFO storage.BlockManager: Found block rdd_42_14 locally
17/06/09 20:11:10 INFO storage.BlockManager: Found block rdd_42_13 locally
17/06/09 20:11:10 INFO python.PythonRunner: Times: total = 39, boot = 19, init = 19, finish = 1
17/06/09 20:11:10 INFO python.PythonRunner: Times: total = 41, boot = 21, init = 19, finish = 1
17/06/09 20:11:10 INFO executor.Executor: Finished task 11.0 in stage 29.0 (TID 1331). 2128 bytes result sent to driver
17/06/09 20:11:10 INFO python.PythonRunner: Times: total = 39, boot = 15, init = 23, finish = 1
17/06/09 20:11:10 INFO python.PythonRunner: Times: total = 42, boot = 18, init = 23, finish = 1
17/06/09 20:11:10 INFO executor.Executor: Finished task 10.0 in stage 29.0 (TID 1330). 2128 bytes result sent to driver
17/06/09 20:11:10 INFO python.PythonRunner: Times: total = 43, boot = 15, init = 27, finish = 1
17/06/09 20:11:10 INFO executor.CoarseGrainedExecutorBackend: Got assigned task 1335
17/06/09 20:11:10 INFO executor.Executor: Running task 15.0 in stage 29.0 (TID 1335)
17/06/09 20:11:10 INFO executor.CoarseGrainedExecutorBackend: Got assigned task 1336
17/06/09 20:11:10 INFO executor.Executor: Finished task 14.0 in stage 29.0 (TID 1334). 2128 bytes result sent to driver
17/06/09 20:11:10 INFO executor.Executor: Finished task 12.0 in stage 29.0 (TID 1332). 2128 bytes result sent to driver
17/06/09 20:11:10 INFO executor.Executor: Running task 16.0 in stage 29.0 (TID 1336)
17/06/09 20:11:10 INFO executor.Executor: Finished task 13.0 in stage 29.0 (TID 1333). 2171 bytes result sent to driver
17/06/09 20:11:10 INFO executor.CoarseGrainedExecutorBackend: Got assigned task 1337
17/06/09 20:11:10 INFO executor.Executor: Running task 17.0 in stage 29.0 (TID 1337)
17/06/09 20:11:10 INFO executor.CoarseGrainedExecutorBackend: Got assigned task 1338
17/06/09 20:11:10 INFO executor.Executor: Running task 18.0 in stage 29.0 (TID 1338)
17/06/09 20:11:10 INFO storage.BlockManager: Found block rdd_42_16 locally
17/06/09 20:11:10 INFO executor.CoarseGrainedExecutorBackend: Got assigned task 1339
17/06/09 20:11:10 INFO executor.Executor: Running task 19.0 in stage 29.0 (TID 1339)
17/06/09 20:11:10 INFO storage.BlockManager: Found block rdd_42_15 locally
17/06/09 20:11:10 INFO storage.BlockManager: Found block rdd_42_17 locally
17/06/09 20:11:10 INFO storage.BlockManager: Found block rdd_42_18 locally
17/06/09 20:11:10 INFO storage.BlockManager: Found block rdd_42_19 locally
17/06/09 20:11:11 INFO python.PythonRunner: Times: total = 40, boot = 20, init = 19, finish = 1
17/06/09 20:11:11 INFO python.PythonRunner: Times: total = 40, boot = 20, init = 19, finish = 1
17/06/09 20:11:11 INFO python.PythonRunner: Times: total = 39, boot = 18, init = 20, finish = 1
17/06/09 20:11:11 INFO python.PythonRunner: Times: total = 41, boot = 27, init = 14, finish = 0
17/06/09 20:11:11 INFO executor.Executor: Finished task 15.0 in stage 29.0 (TID 1335). 2171 bytes result sent to driver
17/06/09 20:11:11 INFO executor.Executor: Finished task 16.0 in stage 29.0 (TID 1336). 2171 bytes result sent to driver
17/06/09 20:11:11 INFO executor.Executor: Finished task 18.0 in stage 29.0 (TID 1338). 2128 bytes result sent to driver
17/06/09 20:11:11 INFO python.PythonRunner: Times: total = 41, boot = 15, init = 25, finish = 1
17/06/09 20:11:11 INFO executor.Executor: Finished task 17.0 in stage 29.0 (TID 1337). 2128 bytes result sent to driver
17/06/09 20:11:11 INFO executor.CoarseGrainedExecutorBackend: Got assigned task 1340
17/06/09 20:11:11 INFO executor.Executor: Running task 20.0 in stage 29.0 (TID 1340)
17/06/09 20:11:11 INFO executor.CoarseGrainedExecutorBackend: Got assigned task 1341
17/06/09 20:11:11 INFO executor.Executor: Running task 21.0 in stage 29.0 (TID 1341)
17/06/09 20:11:11 INFO executor.Executor: Finished task 19.0 in stage 29.0 (TID 1339). 2128 bytes result sent to driver
17/06/09 20:11:11 INFO executor.CoarseGrainedExecutorBackend: Got assigned task 1342
17/06/09 20:11:11 INFO executor.Executor: Running task 22.0 in stage 29.0 (TID 1342)
17/06/09 20:11:11 INFO executor.CoarseGrainedExecutorBackend: Got assigned task 1343
17/06/09 20:11:11 INFO executor.Executor: Running task 23.0 in stage 29.0 (TID 1343)
17/06/09 20:11:11 INFO executor.CoarseGrainedExecutorBackend: Got assigned task 1344
17/06/09 20:11:11 INFO storage.BlockManager: Found block rdd_42_21 locally
17/06/09 20:11:11 INFO executor.Executor: Running task 24.0 in stage 29.0 (TID 1344)
17/06/09 20:11:11 INFO storage.BlockManager: Found block rdd_42_20 locally
17/06/09 20:11:11 INFO storage.BlockManager: Found block rdd_42_22 locally
17/06/09 20:11:11 INFO storage.BlockManager: Found block rdd_42_23 locally
17/06/09 20:11:11 INFO storage.BlockManager: Found block rdd_42_24 locally
17/06/09 20:11:11 INFO python.PythonRunner: Times: total = 39, boot = 16, init = 22, finish = 1
17/06/09 20:11:11 INFO python.PythonRunner: Times: total = 41, boot = 18, init = 22, finish = 1
17/06/09 20:11:11 INFO python.PythonRunner: Times: total = 42, boot = 20, init = 21, finish = 1
17/06/09 20:11:11 INFO executor.Executor: Finished task 21.0 in stage 29.0 (TID 1341). 2128 bytes result sent to driver
17/06/09 20:11:11 INFO python.PythonRunner: Times: total = 43, boot = 15, init = 27, finish = 1
17/06/09 20:11:11 INFO executor.Executor: Finished task 22.0 in stage 29.0 (TID 1342). 2171 bytes result sent to driver
17/06/09 20:11:11 INFO executor.Executor: Finished task 23.0 in stage 29.0 (TID 1343). 2171 bytes result sent to driver
17/06/09 20:11:11 INFO python.PythonRunner: Times: total = 41, boot = 15, init = 25, finish = 1
17/06/09 20:11:11 INFO executor.CoarseGrainedExecutorBackend: Got assigned task 1345
17/06/09 20:11:11 INFO executor.Executor: Running task 25.0 in stage 29.0 (TID 1345)
17/06/09 20:11:11 INFO executor.Executor: Finished task 20.0 in stage 29.0 (TID 1340). 2128 bytes result sent to driver
17/06/09 20:11:11 INFO executor.Executor: Finished task 24.0 in stage 29.0 (TID 1344). 2128 bytes result sent to driver
17/06/09 20:11:11 INFO executor.CoarseGrainedExecutorBackend: Got assigned task 1346
17/06/09 20:11:11 INFO executor.Executor: Running task 26.0 in stage 29.0 (TID 1346)
17/06/09 20:11:11 INFO executor.CoarseGrainedExecutorBackend: Got assigned task 1347
17/06/09 20:11:11 INFO executor.Executor: Running task 27.0 in stage 29.0 (TID 1347)
17/06/09 20:11:11 INFO executor.CoarseGrainedExecutorBackend: Got assigned task 1348
17/06/09 20:11:11 INFO storage.BlockManager: Found block rdd_42_25 locally
17/06/09 20:11:11 INFO executor.Executor: Running task 28.0 in stage 29.0 (TID 1348)
17/06/09 20:11:11 INFO executor.CoarseGrainedExecutorBackend: Got assigned task 1349
17/06/09 20:11:11 INFO executor.Executor: Running task 29.0 in stage 29.0 (TID 1349)
17/06/09 20:11:11 INFO storage.BlockManager: Found block rdd_42_26 locally
17/06/09 20:11:11 INFO storage.BlockManager: Found block rdd_42_28 locally
17/06/09 20:11:11 INFO storage.BlockManager: Found block rdd_42_27 locally
17/06/09 20:11:11 INFO storage.BlockManager: Found block rdd_42_29 locally
17/06/09 20:11:11 INFO python.PythonRunner: Times: total = 41, boot = 23, init = 17, finish = 1
17/06/09 20:11:11 INFO python.PythonRunner: Times: total = 38, boot = 18, init = 20, finish = 0
17/06/09 20:11:11 INFO python.PythonRunner: Times: total = 42, boot = 18, init = 23, finish = 1
17/06/09 20:11:11 INFO python.PythonRunner: Times: total = 39, boot = 18, init = 20, finish = 1
17/06/09 20:11:11 INFO executor.Executor: Finished task 25.0 in stage 29.0 (TID 1345). 2128 bytes result sent to driver
17/06/09 20:11:11 INFO executor.Executor: Finished task 28.0 in stage 29.0 (TID 1348). 2128 bytes result sent to driver
17/06/09 20:11:11 INFO executor.Executor: Finished task 27.0 in stage 29.0 (TID 1347). 2128 bytes result sent to driver
17/06/09 20:11:11 INFO executor.Executor: Finished task 26.0 in stage 29.0 (TID 1346). 2128 bytes result sent to driver
17/06/09 20:11:11 INFO executor.CoarseGrainedExecutorBackend: Got assigned task 1350
17/06/09 20:11:11 INFO executor.Executor: Running task 30.0 in stage 29.0 (TID 1350)
17/06/09 20:11:11 INFO python.PythonRunner: Times: total = 43, boot = 14, init = 28, finish = 1
17/06/09 20:11:11 INFO executor.CoarseGrainedExecutorBackend: Got assigned task 1351
17/06/09 20:11:11 INFO executor.Executor: Running task 31.0 in stage 29.0 (TID 1351)
17/06/09 20:11:11 INFO executor.CoarseGrainedExecutorBackend: Got assigned task 1352
17/06/09 20:11:11 INFO executor.Executor: Running task 32.0 in stage 29.0 (TID 1352)
17/06/09 20:11:11 INFO executor.CoarseGrainedExecutorBackend: Got assigned task 1353
17/06/09 20:11:11 INFO executor.Executor: Running task 33.0 in stage 29.0 (TID 1353)
17/06/09 20:11:11 INFO storage.BlockManager: Found block rdd_42_30 locally
17/06/09 20:11:11 INFO executor.Executor: Finished task 29.0 in stage 29.0 (TID 1349). 2128 bytes result sent to driver
17/06/09 20:11:11 INFO executor.CoarseGrainedExecutorBackend: Got assigned task 1354
17/06/09 20:11:11 INFO executor.Executor: Running task 34.0 in stage 29.0 (TID 1354)
17/06/09 20:11:11 INFO storage.BlockManager: Found block rdd_42_32 locally
